ARM GAS  /tmp/cc1WlS3I.s 			page 1


   1              		.cpu cortex-m0plus
   2              		.arch armv6s-m
   3              		.fpu softvfp
   4              		.eabi_attribute 20, 1
   5              		.eabi_attribute 21, 1
   6              		.eabi_attribute 23, 3
   7              		.eabi_attribute 24, 1
   8              		.eabi_attribute 25, 1
   9              		.eabi_attribute 26, 1
  10              		.eabi_attribute 30, 1
  11              		.eabi_attribute 34, 0
  12              		.eabi_attribute 18, 4
  13              		.file	"app_freertos.c"
  14              		.file 1 "/opt/arm-gnu-toolchain-14.2/arm-none-eabi/include/machine/_default_types.h"
  15              		.file 2 "/opt/arm-gnu-toolchain-14.2/arm-none-eabi/include/sys/_stdint.h"
  16              		.file 3 "Middlewares/Third_Party/FreeRTOS/Source/CMSIS_RTOS_V2/cmsis_os2.h"
  17              		.file 4 "Drivers/STM32G0xx_HAL_Driver/Inc/stm32g0xx_ll_dma.h"
  18              		.file 5 "Core/Src/app_freertos.c"
  19              		.section	.gnu.debuglto_.debug_info,"e",%progbits
  20              	.Ldebug_info0:
  21              		.hidden	app_freertos.c.285f3a38
  22              		.weak	app_freertos.c.285f3a38
  23              	app_freertos.c.285f3a38:
  24 0000 A0030000 		.4byte	0x3a0
  25 0004 0500     		.2byte	0x5
  26 0006 01       		.byte	0x1
  27 0007 04       		.byte	0x4
  28 0008 00000000 		.4byte	.Ldebug_abbrev0
  29 000c 0D       		.uleb128 0xd
  30 000d B3020000 		.4byte	.LASF96
  31 0011 1D       		.byte	0x1d
  32 0012 C6060000 		.4byte	.LASF97
  33 0016 D3050000 		.4byte	.LASF98
  34 001a 00000000 		.4byte	.Ldebug_line0
  35 001e 0E       		.uleb128 0xe
  36 001f 04       		.byte	0x4
  37 0020 05       		.byte	0x5
  38 0021 696E7400 		.ascii	"int\000"
  39 0025 02       		.uleb128 0x2
  40 0026 04       		.byte	0x4
  41 0027 07       		.byte	0x7
  42 0028 86030000 		.4byte	.LASF0
  43 002c 02       		.uleb128 0x2
  44 002d 08       		.byte	0x8
  45 002e 05       		.byte	0x5
  46 002f A3030000 		.4byte	.LASF1
  47 0033 02       		.uleb128 0x2
  48 0034 08       		.byte	0x8
  49 0035 04       		.byte	0x4
  50 0036 5A030000 		.4byte	.LASF2
  51 003a 02       		.uleb128 0x2
  52 003b 01       		.byte	0x1
  53 003c 06       		.byte	0x6
  54 003d FD040000 		.4byte	.LASF3
  55 0041 03       		.uleb128 0x3
  56 0042 23040000 		.4byte	.LASF8
  57 0046 01       		.byte	0x1
ARM GAS  /tmp/cc1WlS3I.s 			page 2


  58 0047 2B       		.byte	0x2b
  59 0048 18       		.byte	0x18
  60 0049 4D000000 		.4byte	0x4d
  61 004d 02       		.uleb128 0x2
  62 004e 01       		.byte	0x1
  63 004f 08       		.byte	0x8
  64 0050 6C040000 		.4byte	.LASF4
  65 0054 02       		.uleb128 0x2
  66 0055 02       		.byte	0x2
  67 0056 05       		.byte	0x5
  68 0057 92020000 		.4byte	.LASF5
  69 005b 02       		.uleb128 0x2
  70 005c 02       		.byte	0x2
  71 005d 07       		.byte	0x7
  72 005e 66050000 		.4byte	.LASF6
  73 0062 02       		.uleb128 0x2
  74 0063 04       		.byte	0x4
  75 0064 05       		.byte	0x5
  76 0065 D9030000 		.4byte	.LASF7
  77 0069 03       		.uleb128 0x3
  78 006a 36060000 		.4byte	.LASF9
  79 006e 01       		.byte	0x1
  80 006f 4F       		.byte	0x4f
  81 0070 19       		.byte	0x19
  82 0071 75000000 		.4byte	0x75
  83 0075 02       		.uleb128 0x2
  84 0076 04       		.byte	0x4
  85 0077 07       		.byte	0x7
  86 0078 43050000 		.4byte	.LASF10
  87 007c 02       		.uleb128 0x2
  88 007d 08       		.byte	0x8
  89 007e 07       		.byte	0x7
  90 007f 09050000 		.4byte	.LASF11
  91 0083 03       		.uleb128 0x3
  92 0084 47030000 		.4byte	.LASF12
  93 0088 02       		.byte	0x2
  94 0089 18       		.byte	0x18
  95 008a 13       		.byte	0x13
  96 008b 41000000 		.4byte	0x41
  97 008f 07       		.uleb128 0x7
  98 0090 83000000 		.4byte	0x83
  99 0094 03       		.uleb128 0x3
 100 0095 20050000 		.4byte	.LASF13
 101 0099 02       		.byte	0x2
 102 009a 30       		.byte	0x30
 103 009b 14       		.byte	0x14
 104 009c 69000000 		.4byte	0x69
 105 00a0 08       		.uleb128 0x8
 106 00a1 A5000000 		.4byte	0xa5
 107 00a5 0F       		.uleb128 0xf
 108 00a6 B0000000 		.4byte	0xb0
 109 00aa 06       		.uleb128 0x6
 110 00ab B0000000 		.4byte	0xb0
 111 00af 00       		.byte	0
 112 00b0 10       		.uleb128 0x10
 113 00b1 04       		.byte	0x4
 114 00b2 08       		.uleb128 0x8
ARM GAS  /tmp/cc1WlS3I.s 			page 3


 115 00b3 BE000000 		.4byte	0xbe
 116 00b7 02       		.uleb128 0x2
 117 00b8 01       		.byte	0x1
 118 00b9 08       		.byte	0x8
 119 00ba 79050000 		.4byte	.LASF14
 120 00be 07       		.uleb128 0x7
 121 00bf B7000000 		.4byte	0xb7
 122 00c3 11       		.uleb128 0x11
 123 00c4 8F000000 		.4byte	0x8f
 124 00c8 D3000000 		.4byte	0xd3
 125 00cc 12       		.uleb128 0x12
 126 00cd 25000000 		.4byte	0x25
 127 00d1 06       		.byte	0x6
 128 00d2 00       		.byte	0
 129 00d3 07       		.uleb128 0x7
 130 00d4 C3000000 		.4byte	0xc3
 131 00d8 13       		.uleb128 0x13
 132 00d9 A6050000 		.4byte	.LASF91
 133 00dd 04       		.byte	0x4
 134 00de 2F       		.byte	0x2f
 135 00df 16       		.byte	0x16
 136 00e0 D3000000 		.4byte	0xd3
 137 00e4 07       		.byte	0x7
 138 00e5 08       		.byte	0x8
 139 00e6 1C       		.byte	0x1c
 140 00e7 30       		.byte	0x30
 141 00e8 44       		.byte	0x44
 142 00e9 58       		.byte	0x58
 143 00ea 6C       		.byte	0x6c
 144 00eb 80       		.byte	0x80
 145 00ec 09       		.uleb128 0x9
 146 00ed 1E000000 		.4byte	0x1e
 147 00f1 52       		.byte	0x52
 148 00f2 34020000 		.4byte	0x234
 149 00f6 01       		.uleb128 0x1
 150 00f7 48040000 		.4byte	.LASF15
 151 00fb 00       		.byte	0
 152 00fc 01       		.uleb128 0x1
 153 00fd 7A060000 		.4byte	.LASF16
 154 0101 01       		.byte	0x1
 155 0102 01       		.uleb128 0x1
 156 0103 21020000 		.4byte	.LASF17
 157 0107 08       		.byte	0x8
 158 0108 01       		.uleb128 0x1
 159 0109 F9060000 		.4byte	.LASF18
 160 010d 09       		.byte	0x9
 161 010e 01       		.uleb128 0x1
 162 010f F4010000 		.4byte	.LASF19
 163 0113 0A       		.byte	0xa
 164 0114 01       		.uleb128 0x1
 165 0115 03020000 		.4byte	.LASF20
 166 0119 0B       		.byte	0xb
 167 011a 01       		.uleb128 0x1
 168 011b 12020000 		.4byte	.LASF21
 169 011f 0C       		.byte	0xc
 170 0120 01       		.uleb128 0x1
 171 0121 A1060000 		.4byte	.LASF22
ARM GAS  /tmp/cc1WlS3I.s 			page 4


 172 0125 0D       		.byte	0xd
 173 0126 01       		.uleb128 0x1
 174 0127 2F020000 		.4byte	.LASF23
 175 012b 0E       		.byte	0xe
 176 012c 01       		.uleb128 0x1
 177 012d 3E020000 		.4byte	.LASF24
 178 0131 0F       		.byte	0xf
 179 0132 01       		.uleb128 0x1
 180 0133 0F060000 		.4byte	.LASF25
 181 0137 10       		.byte	0x10
 182 0138 01       		.uleb128 0x1
 183 0139 0D000000 		.4byte	.LASF26
 184 013d 11       		.byte	0x11
 185 013e 01       		.uleb128 0x1
 186 013f 24000000 		.4byte	.LASF27
 187 0143 12       		.byte	0x12
 188 0144 01       		.uleb128 0x1
 189 0145 3B000000 		.4byte	.LASF28
 190 0149 13       		.byte	0x13
 191 014a 01       		.uleb128 0x1
 192 014b 52000000 		.4byte	.LASF29
 193 014f 14       		.byte	0x14
 194 0150 01       		.uleb128 0x1
 195 0151 69000000 		.4byte	.LASF30
 196 0155 15       		.byte	0x15
 197 0156 01       		.uleb128 0x1
 198 0157 80000000 		.4byte	.LASF31
 199 015b 16       		.byte	0x16
 200 015c 01       		.uleb128 0x1
 201 015d 9C020000 		.4byte	.LASF32
 202 0161 17       		.byte	0x17
 203 0162 01       		.uleb128 0x1
 204 0163 25060000 		.4byte	.LASF33
 205 0167 18       		.byte	0x18
 206 0168 01       		.uleb128 0x1
 207 0169 7A040000 		.4byte	.LASF34
 208 016d 19       		.byte	0x19
 209 016e 01       		.uleb128 0x1
 210 016f 8C040000 		.4byte	.LASF35
 211 0173 1A       		.byte	0x1a
 212 0174 01       		.uleb128 0x1
 213 0175 9E040000 		.4byte	.LASF36
 214 0179 1B       		.byte	0x1b
 215 017a 01       		.uleb128 0x1
 216 017b B0040000 		.4byte	.LASF37
 217 017f 1C       		.byte	0x1c
 218 0180 01       		.uleb128 0x1
 219 0181 C2040000 		.4byte	.LASF38
 220 0185 1D       		.byte	0x1d
 221 0186 01       		.uleb128 0x1
 222 0187 D4040000 		.4byte	.LASF39
 223 018b 1E       		.byte	0x1e
 224 018c 01       		.uleb128 0x1
 225 018d E6040000 		.4byte	.LASF40
 226 0191 1F       		.byte	0x1f
 227 0192 01       		.uleb128 0x1
 228 0193 0D040000 		.4byte	.LASF41
ARM GAS  /tmp/cc1WlS3I.s 			page 5


 229 0197 20       		.byte	0x20
 230 0198 01       		.uleb128 0x1
 231 0199 97000000 		.4byte	.LASF42
 232 019d 21       		.byte	0x21
 233 019e 01       		.uleb128 0x1
 234 019f 41010000 		.4byte	.LASF43
 235 01a3 22       		.byte	0x22
 236 01a4 01       		.uleb128 0x1
 237 01a5 6F010000 		.4byte	.LASF44
 238 01a9 23       		.byte	0x23
 239 01aa 01       		.uleb128 0x1
 240 01ab CE000000 		.4byte	.LASF45
 241 01af 24       		.byte	0x24
 242 01b0 01       		.uleb128 0x1
 243 01b1 E5000000 		.4byte	.LASF46
 244 01b5 25       		.byte	0x25
 245 01b6 01       		.uleb128 0x1
 246 01b7 FC000000 		.4byte	.LASF47
 247 01bb 26       		.byte	0x26
 248 01bc 01       		.uleb128 0x1
 249 01bd 13010000 		.4byte	.LASF48
 250 01c1 27       		.byte	0x27
 251 01c2 01       		.uleb128 0x1
 252 01c3 B9050000 		.4byte	.LASF49
 253 01c7 28       		.byte	0x28
 254 01c8 01       		.uleb128 0x1
 255 01c9 66030000 		.4byte	.LASF50
 256 01cd 29       		.byte	0x29
 257 01ce 01       		.uleb128 0x1
 258 01cf 76030000 		.4byte	.LASF51
 259 01d3 2A       		.byte	0x2a
 260 01d4 01       		.uleb128 0x1
 261 01d5 60020000 		.4byte	.LASF52
 262 01d9 2B       		.byte	0x2b
 263 01da 01       		.uleb128 0x1
 264 01db 93030000 		.4byte	.LASF53
 265 01df 2C       		.byte	0x2c
 266 01e0 01       		.uleb128 0x1
 267 01e1 70020000 		.4byte	.LASF54
 268 01e5 2D       		.byte	0x2d
 269 01e6 01       		.uleb128 0x1
 270 01e7 B1030000 		.4byte	.LASF55
 271 01eb 2E       		.byte	0x2e
 272 01ec 01       		.uleb128 0x1
 273 01ed C1030000 		.4byte	.LASF56
 274 01f1 2F       		.byte	0x2f
 275 01f2 01       		.uleb128 0x1
 276 01f3 4D020000 		.4byte	.LASF57
 277 01f7 30       		.byte	0x30
 278 01f8 01       		.uleb128 0x1
 279 01f9 7E050000 		.4byte	.LASF58
 280 01fd 31       		.byte	0x31
 281 01fe 01       		.uleb128 0x1
 282 01ff 92050000 		.4byte	.LASF59
 283 0203 32       		.byte	0x32
 284 0204 01       		.uleb128 0x1
 285 0205 86010000 		.4byte	.LASF60
ARM GAS  /tmp/cc1WlS3I.s 			page 6


 286 0209 33       		.byte	0x33
 287 020a 01       		.uleb128 0x1
 288 020b 9A010000 		.4byte	.LASF61
 289 020f 34       		.byte	0x34
 290 0210 01       		.uleb128 0x1
 291 0211 AE010000 		.4byte	.LASF62
 292 0215 35       		.byte	0x35
 293 0216 01       		.uleb128 0x1
 294 0217 C2010000 		.4byte	.LASF63
 295 021b 36       		.byte	0x36
 296 021c 01       		.uleb128 0x1
 297 021d D6010000 		.4byte	.LASF64
 298 0221 37       		.byte	0x37
 299 0222 01       		.uleb128 0x1
 300 0223 5D060000 		.4byte	.LASF65
 301 0227 38       		.byte	0x38
 302 0228 05       		.uleb128 0x5
 303 0229 5C040000 		.4byte	.LASF66
 304 022d 7F       		.sleb128 -1
 305 022e 0A       		.uleb128 0xa
 306 022f 35040000 		.4byte	.LASF67
 307 0233 00       		.byte	0
 308 0234 03       		.uleb128 0x3
 309 0235 B0060000 		.4byte	.LASF68
 310 0239 03       		.byte	0x3
 311 023a 88       		.byte	0x88
 312 023b 03       		.byte	0x3
 313 023c EC000000 		.4byte	0xec
 314 0240 03       		.uleb128 0x3
 315 0241 6B060000 		.4byte	.LASF69
 316 0245 03       		.byte	0x3
 317 0246 8B       		.byte	0x8b
 318 0247 10       		.byte	0x10
 319 0248 A0000000 		.4byte	0xa0
 320 024c 09       		.uleb128 0x9
 321 024d 1E000000 		.4byte	0x1e
 322 0251 B0       		.byte	0xb0
 323 0252 86020000 		.4byte	0x286
 324 0256 01       		.uleb128 0x1
 325 0257 F8040000 		.4byte	.LASF70
 326 025b 00       		.byte	0
 327 025c 05       		.uleb128 0x5
 328 025d 2D040000 		.4byte	.LASF71
 329 0261 7F       		.sleb128 -1
 330 0262 05       		.uleb128 0x5
 331 0263 BF000000 		.4byte	.LASF72
 332 0267 7E       		.sleb128 -2
 333 0268 05       		.uleb128 0x5
 334 0269 FD030000 		.4byte	.LASF73
 335 026d 7D       		.sleb128 -3
 336 026e 05       		.uleb128 0x5
 337 026f AE000000 		.4byte	.LASF74
 338 0273 7C       		.sleb128 -4
 339 0274 05       		.uleb128 0x5
 340 0275 33050000 		.4byte	.LASF75
 341 0279 7B       		.sleb128 -5
 342 027a 05       		.uleb128 0x5
ARM GAS  /tmp/cc1WlS3I.s 			page 7


 343 027b C8050000 		.4byte	.LASF76
 344 027f 7A       		.sleb128 -6
 345 0280 0A       		.uleb128 0xa
 346 0281 89060000 		.4byte	.LASF77
 347 0285 00       		.byte	0
 348 0286 03       		.uleb128 0x3
 349 0287 4F030000 		.4byte	.LASF78
 350 028b 03       		.byte	0x3
 351 028c B9       		.byte	0xb9
 352 028d 03       		.byte	0x3
 353 028e 4C020000 		.4byte	0x24c
 354 0292 03       		.uleb128 0x3
 355 0293 00000000 		.4byte	.LASF79
 356 0297 03       		.byte	0x3
 357 0298 BD       		.byte	0xbd
 358 0299 0F       		.byte	0xf
 359 029a B0000000 		.4byte	0xb0
 360 029e 03       		.uleb128 0x3
 361 029f 33010000 		.4byte	.LASF80
 362 02a3 03       		.byte	0x3
 363 02a4 D5       		.byte	0xd5
 364 02a5 12       		.byte	0x12
 365 02a6 94000000 		.4byte	0x94
 366 02aa 14       		.uleb128 0x14
 367 02ab 24       		.byte	0x24
 368 02ac 03       		.byte	0x3
 369 02ad DA       		.byte	0xda
 370 02ae 09       		.byte	0x9
 371 02af 20030000 		.4byte	0x320
 372 02b3 04       		.uleb128 0x4
 373 02b4 57040000 		.4byte	.LASF81
 374 02b8 DB       		.byte	0xdb
 375 02b9 21       		.byte	0x21
 376 02ba B2000000 		.4byte	0xb2
 377 02be 00       		.byte	0
 378 02bf 04       		.uleb128 0x4
 379 02c0 EA010000 		.4byte	.LASF82
 380 02c4 DC       		.byte	0xdc
 381 02c5 1C       		.byte	0x1c
 382 02c6 94000000 		.4byte	0x94
 383 02ca 04       		.byte	0x4
 384 02cb 04       		.uleb128 0x4
 385 02cc 9A060000 		.4byte	.LASF83
 386 02d0 DD       		.byte	0xdd
 387 02d1 1E       		.byte	0x1e
 388 02d2 B0000000 		.4byte	0xb0
 389 02d6 08       		.byte	0x8
 390 02d7 04       		.uleb128 0x4
 391 02d8 5E050000 		.4byte	.LASF84
 392 02dc DE       		.byte	0xde
 393 02dd 1E       		.byte	0x1e
 394 02de 94000000 		.4byte	0x94
 395 02e2 0C       		.byte	0xc
 396 02e3 04       		.uleb128 0x4
 397 02e4 EF060000 		.4byte	.LASF85
 398 02e8 DF       		.byte	0xdf
 399 02e9 1B       		.byte	0x1b
ARM GAS  /tmp/cc1WlS3I.s 			page 8


 400 02ea B0000000 		.4byte	0xb0
 401 02ee 10       		.byte	0x10
 402 02ef 04       		.uleb128 0x4
 403 02f0 52060000 		.4byte	.LASF86
 404 02f4 E0       		.byte	0xe0
 405 02f5 1B       		.byte	0x1b
 406 02f6 94000000 		.4byte	0x94
 407 02fa 14       		.byte	0x14
 408 02fb 04       		.uleb128 0x4
 409 02fc 2A010000 		.4byte	.LASF87
 410 0300 E1       		.byte	0xe1
 411 0301 1D       		.byte	0x1d
 412 0302 34020000 		.4byte	0x234
 413 0306 18       		.byte	0x18
 414 0307 04       		.uleb128 0x4
 415 0308 29050000 		.4byte	.LASF88
 416 030c E2       		.byte	0xe2
 417 030d 1C       		.byte	0x1c
 418 030e 9E020000 		.4byte	0x29e
 419 0312 1C       		.byte	0x1c
 420 0313 04       		.uleb128 0x4
 421 0314 BD060000 		.4byte	.LASF89
 422 0318 E3       		.byte	0xe3
 423 0319 1D       		.byte	0x1d
 424 031a 94000000 		.4byte	0x94
 425 031e 20       		.byte	0x20
 426 031f 00       		.byte	0
 427 0320 03       		.uleb128 0x3
 428 0321 EE030000 		.4byte	.LASF90
 429 0325 03       		.byte	0x3
 430 0326 E4       		.byte	0xe4
 431 0327 03       		.byte	0x3
 432 0328 AA020000 		.4byte	0x2aa
 433 032c 07       		.uleb128 0x7
 434 032d 20030000 		.4byte	0x320
 435 0331 0B       		.uleb128 0xb
 436 0332 80020000 		.4byte	.LASF92
 437 0336 33       		.byte	0x33
 438 0337 0E       		.byte	0xe
 439 0338 92020000 		.4byte	0x292
 440 033c 0B       		.uleb128 0xb
 441 033d 58010000 		.4byte	.LASF93
 442 0341 34       		.byte	0x34
 443 0342 16       		.byte	0x16
 444 0343 2C030000 		.4byte	0x32c
 445 0347 0C       		.uleb128 0xc
 446 0348 D1030000 		.4byte	.LASF94
 447 034c CB01     		.2byte	0x1cb
 448 034e 0C       		.byte	0xc
 449 034f 86020000 		.4byte	0x286
 450 0353 5D030000 		.4byte	0x35d
 451 0357 06       		.uleb128 0x6
 452 0358 94000000 		.4byte	0x94
 453 035c 00       		.byte	0
 454 035d 0C       		.uleb128 0xc
 455 035e E2030000 		.4byte	.LASF95
 456 0362 5D01     		.2byte	0x15d
ARM GAS  /tmp/cc1WlS3I.s 			page 9


 457 0364 0E       		.byte	0xe
 458 0365 92020000 		.4byte	0x292
 459 0369 7D030000 		.4byte	0x37d
 460 036d 06       		.uleb128 0x6
 461 036e 40020000 		.4byte	0x240
 462 0372 06       		.uleb128 0x6
 463 0373 B0000000 		.4byte	0xb0
 464 0377 06       		.uleb128 0x6
 465 0378 7D030000 		.4byte	0x37d
 466 037c 00       		.byte	0
 467 037d 08       		.uleb128 0x8
 468 037e 2C030000 		.4byte	0x32c
 469 0382 15       		.uleb128 0x15
 470 0383 DE060000 		.4byte	.LASF99
 471 0387 05       		.byte	0x5
 472 0388 72       		.byte	0x72
 473 0389 06       		.byte	0x6
 474 038a 9B030000 		.4byte	0x39b
 475 038e 16       		.uleb128 0x16
 476 038f 55050000 		.4byte	.LASF100
 477 0393 05       		.byte	0x5
 478 0394 72       		.byte	0x72
 479 0395 1D       		.byte	0x1d
 480 0396 B0000000 		.4byte	0xb0
 481 039a 00       		.byte	0
 482 039b 17       		.uleb128 0x17
 483 039c 41060000 		.4byte	.LASF101
 484 03a0 05       		.byte	0x5
 485 03a1 48       		.byte	0x48
 486 03a2 06       		.byte	0x6
 487 03a3 00       		.byte	0
 488              		.section	.gnu.debuglto_.debug_abbrev,"e",%progbits
 489              	.Ldebug_abbrev0:
 490 0000 01       		.uleb128 0x1
 491 0001 28       		.uleb128 0x28
 492 0002 00       		.byte	0
 493 0003 03       		.uleb128 0x3
 494 0004 0E       		.uleb128 0xe
 495 0005 1C       		.uleb128 0x1c
 496 0006 0B       		.uleb128 0xb
 497 0007 00       		.byte	0
 498 0008 00       		.byte	0
 499 0009 02       		.uleb128 0x2
 500 000a 24       		.uleb128 0x24
 501 000b 00       		.byte	0
 502 000c 0B       		.uleb128 0xb
 503 000d 0B       		.uleb128 0xb
 504 000e 3E       		.uleb128 0x3e
 505 000f 0B       		.uleb128 0xb
 506 0010 03       		.uleb128 0x3
 507 0011 0E       		.uleb128 0xe
 508 0012 00       		.byte	0
 509 0013 00       		.byte	0
 510 0014 03       		.uleb128 0x3
 511 0015 16       		.uleb128 0x16
 512 0016 00       		.byte	0
 513 0017 03       		.uleb128 0x3
ARM GAS  /tmp/cc1WlS3I.s 			page 10


 514 0018 0E       		.uleb128 0xe
 515 0019 3A       		.uleb128 0x3a
 516 001a 0B       		.uleb128 0xb
 517 001b 3B       		.uleb128 0x3b
 518 001c 0B       		.uleb128 0xb
 519 001d 39       		.uleb128 0x39
 520 001e 0B       		.uleb128 0xb
 521 001f 49       		.uleb128 0x49
 522 0020 13       		.uleb128 0x13
 523 0021 00       		.byte	0
 524 0022 00       		.byte	0
 525 0023 04       		.uleb128 0x4
 526 0024 0D       		.uleb128 0xd
 527 0025 00       		.byte	0
 528 0026 03       		.uleb128 0x3
 529 0027 0E       		.uleb128 0xe
 530 0028 3A       		.uleb128 0x3a
 531 0029 21       		.uleb128 0x21
 532 002a 03       		.sleb128 3
 533 002b 3B       		.uleb128 0x3b
 534 002c 0B       		.uleb128 0xb
 535 002d 39       		.uleb128 0x39
 536 002e 0B       		.uleb128 0xb
 537 002f 49       		.uleb128 0x49
 538 0030 13       		.uleb128 0x13
 539 0031 38       		.uleb128 0x38
 540 0032 0B       		.uleb128 0xb
 541 0033 00       		.byte	0
 542 0034 00       		.byte	0
 543 0035 05       		.uleb128 0x5
 544 0036 28       		.uleb128 0x28
 545 0037 00       		.byte	0
 546 0038 03       		.uleb128 0x3
 547 0039 0E       		.uleb128 0xe
 548 003a 1C       		.uleb128 0x1c
 549 003b 0D       		.uleb128 0xd
 550 003c 00       		.byte	0
 551 003d 00       		.byte	0
 552 003e 06       		.uleb128 0x6
 553 003f 05       		.uleb128 0x5
 554 0040 00       		.byte	0
 555 0041 49       		.uleb128 0x49
 556 0042 13       		.uleb128 0x13
 557 0043 00       		.byte	0
 558 0044 00       		.byte	0
 559 0045 07       		.uleb128 0x7
 560 0046 26       		.uleb128 0x26
 561 0047 00       		.byte	0
 562 0048 49       		.uleb128 0x49
 563 0049 13       		.uleb128 0x13
 564 004a 00       		.byte	0
 565 004b 00       		.byte	0
 566 004c 08       		.uleb128 0x8
 567 004d 0F       		.uleb128 0xf
 568 004e 00       		.byte	0
 569 004f 0B       		.uleb128 0xb
 570 0050 21       		.uleb128 0x21
ARM GAS  /tmp/cc1WlS3I.s 			page 11


 571 0051 04       		.sleb128 4
 572 0052 49       		.uleb128 0x49
 573 0053 13       		.uleb128 0x13
 574 0054 00       		.byte	0
 575 0055 00       		.byte	0
 576 0056 09       		.uleb128 0x9
 577 0057 04       		.uleb128 0x4
 578 0058 01       		.byte	0x1
 579 0059 3E       		.uleb128 0x3e
 580 005a 21       		.uleb128 0x21
 581 005b 05       		.sleb128 5
 582 005c 0B       		.uleb128 0xb
 583 005d 21       		.uleb128 0x21
 584 005e 04       		.sleb128 4
 585 005f 49       		.uleb128 0x49
 586 0060 13       		.uleb128 0x13
 587 0061 3A       		.uleb128 0x3a
 588 0062 21       		.uleb128 0x21
 589 0063 03       		.sleb128 3
 590 0064 3B       		.uleb128 0x3b
 591 0065 0B       		.uleb128 0xb
 592 0066 39       		.uleb128 0x39
 593 0067 21       		.uleb128 0x21
 594 0068 0E       		.sleb128 14
 595 0069 01       		.uleb128 0x1
 596 006a 13       		.uleb128 0x13
 597 006b 00       		.byte	0
 598 006c 00       		.byte	0
 599 006d 0A       		.uleb128 0xa
 600 006e 28       		.uleb128 0x28
 601 006f 00       		.byte	0
 602 0070 03       		.uleb128 0x3
 603 0071 0E       		.uleb128 0xe
 604 0072 1C       		.uleb128 0x1c
 605 0073 21       		.uleb128 0x21
 606 0074 FFFFFFFF 		.sleb128 2147483647
 606      07
 607 0079 00       		.byte	0
 608 007a 00       		.byte	0
 609 007b 0B       		.uleb128 0xb
 610 007c 34       		.uleb128 0x34
 611 007d 00       		.byte	0
 612 007e 03       		.uleb128 0x3
 613 007f 0E       		.uleb128 0xe
 614 0080 3A       		.uleb128 0x3a
 615 0081 21       		.uleb128 0x21
 616 0082 05       		.sleb128 5
 617 0083 3B       		.uleb128 0x3b
 618 0084 0B       		.uleb128 0xb
 619 0085 39       		.uleb128 0x39
 620 0086 0B       		.uleb128 0xb
 621 0087 49       		.uleb128 0x49
 622 0088 13       		.uleb128 0x13
 623 0089 3F       		.uleb128 0x3f
 624 008a 19       		.uleb128 0x19
 625 008b 00       		.byte	0
 626 008c 00       		.byte	0
ARM GAS  /tmp/cc1WlS3I.s 			page 12


 627 008d 0C       		.uleb128 0xc
 628 008e 2E       		.uleb128 0x2e
 629 008f 01       		.byte	0x1
 630 0090 3F       		.uleb128 0x3f
 631 0091 19       		.uleb128 0x19
 632 0092 03       		.uleb128 0x3
 633 0093 0E       		.uleb128 0xe
 634 0094 3A       		.uleb128 0x3a
 635 0095 21       		.uleb128 0x21
 636 0096 03       		.sleb128 3
 637 0097 3B       		.uleb128 0x3b
 638 0098 05       		.uleb128 0x5
 639 0099 39       		.uleb128 0x39
 640 009a 0B       		.uleb128 0xb
 641 009b 27       		.uleb128 0x27
 642 009c 19       		.uleb128 0x19
 643 009d 49       		.uleb128 0x49
 644 009e 13       		.uleb128 0x13
 645 009f 3C       		.uleb128 0x3c
 646 00a0 19       		.uleb128 0x19
 647 00a1 01       		.uleb128 0x1
 648 00a2 13       		.uleb128 0x13
 649 00a3 00       		.byte	0
 650 00a4 00       		.byte	0
 651 00a5 0D       		.uleb128 0xd
 652 00a6 11       		.uleb128 0x11
 653 00a7 01       		.byte	0x1
 654 00a8 25       		.uleb128 0x25
 655 00a9 0E       		.uleb128 0xe
 656 00aa 13       		.uleb128 0x13
 657 00ab 0B       		.uleb128 0xb
 658 00ac 03       		.uleb128 0x3
 659 00ad 0E       		.uleb128 0xe
 660 00ae 1B       		.uleb128 0x1b
 661 00af 0E       		.uleb128 0xe
 662 00b0 10       		.uleb128 0x10
 663 00b1 17       		.uleb128 0x17
 664 00b2 00       		.byte	0
 665 00b3 00       		.byte	0
 666 00b4 0E       		.uleb128 0xe
 667 00b5 24       		.uleb128 0x24
 668 00b6 00       		.byte	0
 669 00b7 0B       		.uleb128 0xb
 670 00b8 0B       		.uleb128 0xb
 671 00b9 3E       		.uleb128 0x3e
 672 00ba 0B       		.uleb128 0xb
 673 00bb 03       		.uleb128 0x3
 674 00bc 08       		.uleb128 0x8
 675 00bd 00       		.byte	0
 676 00be 00       		.byte	0
 677 00bf 0F       		.uleb128 0xf
 678 00c0 15       		.uleb128 0x15
 679 00c1 01       		.byte	0x1
 680 00c2 27       		.uleb128 0x27
 681 00c3 19       		.uleb128 0x19
 682 00c4 01       		.uleb128 0x1
 683 00c5 13       		.uleb128 0x13
ARM GAS  /tmp/cc1WlS3I.s 			page 13


 684 00c6 00       		.byte	0
 685 00c7 00       		.byte	0
 686 00c8 10       		.uleb128 0x10
 687 00c9 0F       		.uleb128 0xf
 688 00ca 00       		.byte	0
 689 00cb 0B       		.uleb128 0xb
 690 00cc 0B       		.uleb128 0xb
 691 00cd 00       		.byte	0
 692 00ce 00       		.byte	0
 693 00cf 11       		.uleb128 0x11
 694 00d0 01       		.uleb128 0x1
 695 00d1 01       		.byte	0x1
 696 00d2 49       		.uleb128 0x49
 697 00d3 13       		.uleb128 0x13
 698 00d4 01       		.uleb128 0x1
 699 00d5 13       		.uleb128 0x13
 700 00d6 00       		.byte	0
 701 00d7 00       		.byte	0
 702 00d8 12       		.uleb128 0x12
 703 00d9 21       		.uleb128 0x21
 704 00da 00       		.byte	0
 705 00db 49       		.uleb128 0x49
 706 00dc 13       		.uleb128 0x13
 707 00dd 2F       		.uleb128 0x2f
 708 00de 0B       		.uleb128 0xb
 709 00df 00       		.byte	0
 710 00e0 00       		.byte	0
 711 00e1 13       		.uleb128 0x13
 712 00e2 34       		.uleb128 0x34
 713 00e3 00       		.byte	0
 714 00e4 03       		.uleb128 0x3
 715 00e5 0E       		.uleb128 0xe
 716 00e6 3A       		.uleb128 0x3a
 717 00e7 0B       		.uleb128 0xb
 718 00e8 3B       		.uleb128 0x3b
 719 00e9 0B       		.uleb128 0xb
 720 00ea 39       		.uleb128 0x39
 721 00eb 0B       		.uleb128 0xb
 722 00ec 49       		.uleb128 0x49
 723 00ed 13       		.uleb128 0x13
 724 00ee 1C       		.uleb128 0x1c
 725 00ef 0A       		.uleb128 0xa
 726 00f0 00       		.byte	0
 727 00f1 00       		.byte	0
 728 00f2 14       		.uleb128 0x14
 729 00f3 13       		.uleb128 0x13
 730 00f4 01       		.byte	0x1
 731 00f5 0B       		.uleb128 0xb
 732 00f6 0B       		.uleb128 0xb
 733 00f7 3A       		.uleb128 0x3a
 734 00f8 0B       		.uleb128 0xb
 735 00f9 3B       		.uleb128 0x3b
 736 00fa 0B       		.uleb128 0xb
 737 00fb 39       		.uleb128 0x39
 738 00fc 0B       		.uleb128 0xb
 739 00fd 01       		.uleb128 0x1
 740 00fe 13       		.uleb128 0x13
ARM GAS  /tmp/cc1WlS3I.s 			page 14


 741 00ff 00       		.byte	0
 742 0100 00       		.byte	0
 743 0101 15       		.uleb128 0x15
 744 0102 2E       		.uleb128 0x2e
 745 0103 01       		.byte	0x1
 746 0104 3F       		.uleb128 0x3f
 747 0105 19       		.uleb128 0x19
 748 0106 03       		.uleb128 0x3
 749 0107 0E       		.uleb128 0xe
 750 0108 3A       		.uleb128 0x3a
 751 0109 0B       		.uleb128 0xb
 752 010a 3B       		.uleb128 0x3b
 753 010b 0B       		.uleb128 0xb
 754 010c 39       		.uleb128 0x39
 755 010d 0B       		.uleb128 0xb
 756 010e 27       		.uleb128 0x27
 757 010f 19       		.uleb128 0x19
 758 0110 01       		.uleb128 0x1
 759 0111 13       		.uleb128 0x13
 760 0112 00       		.byte	0
 761 0113 00       		.byte	0
 762 0114 16       		.uleb128 0x16
 763 0115 05       		.uleb128 0x5
 764 0116 00       		.byte	0
 765 0117 03       		.uleb128 0x3
 766 0118 0E       		.uleb128 0xe
 767 0119 3A       		.uleb128 0x3a
 768 011a 0B       		.uleb128 0xb
 769 011b 3B       		.uleb128 0x3b
 770 011c 0B       		.uleb128 0xb
 771 011d 39       		.uleb128 0x39
 772 011e 0B       		.uleb128 0xb
 773 011f 49       		.uleb128 0x49
 774 0120 13       		.uleb128 0x13
 775 0121 00       		.byte	0
 776 0122 00       		.byte	0
 777 0123 17       		.uleb128 0x17
 778 0124 2E       		.uleb128 0x2e
 779 0125 00       		.byte	0
 780 0126 3F       		.uleb128 0x3f
 781 0127 19       		.uleb128 0x19
 782 0128 03       		.uleb128 0x3
 783 0129 0E       		.uleb128 0xe
 784 012a 3A       		.uleb128 0x3a
 785 012b 0B       		.uleb128 0xb
 786 012c 3B       		.uleb128 0x3b
 787 012d 0B       		.uleb128 0xb
 788 012e 39       		.uleb128 0x39
 789 012f 0B       		.uleb128 0xb
 790 0130 27       		.uleb128 0x27
 791 0131 19       		.uleb128 0x19
 792 0132 00       		.byte	0
 793 0133 00       		.byte	0
 794 0134 00       		.byte	0
 795              		.section	.gnu.debuglto_.debug_line,"e",%progbits
 796              	.Ldebug_line0:
 797 0000 5A000000 		.4byte	.LELT0-.LSLT0
ARM GAS  /tmp/cc1WlS3I.s 			page 15


 798              	.LSLT0:
 799 0004 0500     		.2byte	0x5
 800 0006 04       		.byte	0x4
 801 0007 00       		.byte	0
 802 0008 52000000 		.4byte	.LELTP0-.LASLTP0
 803              	.LASLTP0:
 804 000c 01       		.byte	0x1
 805 000d 01       		.byte	0x1
 806 000e 01       		.byte	0x1
 807 000f F6       		.byte	0xf6
 808 0010 F2       		.byte	0xf2
 809 0011 0D       		.byte	0xd
 810 0012 00       		.byte	0
 811 0013 01       		.byte	0x1
 812 0014 01       		.byte	0x1
 813 0015 01       		.byte	0x1
 814 0016 01       		.byte	0x1
 815 0017 00       		.byte	0
 816 0018 00       		.byte	0
 817 0019 00       		.byte	0
 818 001a 01       		.byte	0x1
 819 001b 00       		.byte	0
 820 001c 00       		.byte	0
 821 001d 01       		.byte	0x1
 822 001e 01       		.byte	0x1
 823 001f 01       		.uleb128 0x1
 824 0020 1F       		.uleb128 0x1f
 825 0021 06       		.uleb128 0x6
 826 0022 22000000 		.4byte	.LASF102
 827 0026 AF000000 		.4byte	.LASF103
 828 002a 1B010000 		.4byte	.LASF104
 829 002e E5000000 		.4byte	.LASF105
 830 0032 64010000 		.4byte	.LASF106
 831 0036 5E000000 		.4byte	.LASF107
 832 003a 02       		.byte	0x2
 833 003b 01       		.uleb128 0x1
 834 003c 1F       		.uleb128 0x1f
 835 003d 02       		.uleb128 0x2
 836 003e 0B       		.uleb128 0xb
 837 003f 06       		.uleb128 0x6
 838 0040 0A000000 		.4byte	.LASF108
 839 0044 00       		.byte	0
 840 0045 9E000000 		.4byte	.LASF109
 841 0049 02       		.byte	0x2
 842 004a 00000000 		.4byte	.LASF110
 843 004e 03       		.byte	0x3
 844 004f 7F000000 		.4byte	.LASF111
 845 0053 01       		.byte	0x1
 846 0054 8B000000 		.4byte	.LASF112
 847 0058 05       		.byte	0x5
 848 0059 55010000 		.4byte	.LASF113
 849 005d 04       		.byte	0x4
 850              	.LELTP0:
 851              	.LELT0:
 852              		.section	.gnu.debuglto_.debug_str,"eMS",%progbits,1
 853              	.LASF79:
 854 0000 6F735468 		.ascii	"osThreadId_t\000"
ARM GAS  /tmp/cc1WlS3I.s 			page 16


 854      72656164 
 854      49645F74 
 854      00
 855              	.LASF26:
 856 000d 6F735072 		.ascii	"osPriorityBelowNormal1\000"
 856      696F7269 
 856      74794265 
 856      6C6F774E 
 856      6F726D61 
 857              	.LASF27:
 858 0024 6F735072 		.ascii	"osPriorityBelowNormal2\000"
 858      696F7269 
 858      74794265 
 858      6C6F774E 
 858      6F726D61 
 859              	.LASF28:
 860 003b 6F735072 		.ascii	"osPriorityBelowNormal3\000"
 860      696F7269 
 860      74794265 
 860      6C6F774E 
 860      6F726D61 
 861              	.LASF29:
 862 0052 6F735072 		.ascii	"osPriorityBelowNormal4\000"
 862      696F7269 
 862      74794265 
 862      6C6F774E 
 862      6F726D61 
 863              	.LASF30:
 864 0069 6F735072 		.ascii	"osPriorityBelowNormal5\000"
 864      696F7269 
 864      74794265 
 864      6C6F774E 
 864      6F726D61 
 865              	.LASF31:
 866 0080 6F735072 		.ascii	"osPriorityBelowNormal6\000"
 866      696F7269 
 866      74794265 
 866      6C6F774E 
 866      6F726D61 
 867              	.LASF42:
 868 0097 6F735072 		.ascii	"osPriorityAboveNormal1\000"
 868      696F7269 
 868      74794162 
 868      6F76654E 
 868      6F726D61 
 869              	.LASF74:
 870 00ae 6F734572 		.ascii	"osErrorParameter\000"
 870      726F7250 
 870      6172616D 
 870      65746572 
 870      00
 871              	.LASF72:
 872 00bf 6F734572 		.ascii	"osErrorTimeout\000"
 872      726F7254 
 872      696D656F 
 872      757400
 873              	.LASF45:
ARM GAS  /tmp/cc1WlS3I.s 			page 17


 874 00ce 6F735072 		.ascii	"osPriorityAboveNormal4\000"
 874      696F7269 
 874      74794162 
 874      6F76654E 
 874      6F726D61 
 875              	.LASF46:
 876 00e5 6F735072 		.ascii	"osPriorityAboveNormal5\000"
 876      696F7269 
 876      74794162 
 876      6F76654E 
 876      6F726D61 
 877              	.LASF47:
 878 00fc 6F735072 		.ascii	"osPriorityAboveNormal6\000"
 878      696F7269 
 878      74794162 
 878      6F76654E 
 878      6F726D61 
 879              	.LASF48:
 880 0113 6F735072 		.ascii	"osPriorityAboveNormal7\000"
 880      696F7269 
 880      74794162 
 880      6F76654E 
 880      6F726D61 
 881              	.LASF87:
 882 012a 7072696F 		.ascii	"priority\000"
 882      72697479 
 882      00
 883              	.LASF80:
 884 0133 545A5F4D 		.ascii	"TZ_ModuleId_t\000"
 884      6F64756C 
 884      6549645F 
 884      7400
 885              	.LASF43:
 886 0141 6F735072 		.ascii	"osPriorityAboveNormal2\000"
 886      696F7269 
 886      74794162 
 886      6F76654E 
 886      6F726D61 
 887              	.LASF93:
 888 0158 64656661 		.ascii	"defaultTask_attributes\000"
 888      756C7454 
 888      61736B5F 
 888      61747472 
 888      69627574 
 889              	.LASF44:
 890 016f 6F735072 		.ascii	"osPriorityAboveNormal3\000"
 890      696F7269 
 890      74794162 
 890      6F76654E 
 890      6F726D61 
 891              	.LASF60:
 892 0186 6F735072 		.ascii	"osPriorityRealtime3\000"
 892      696F7269 
 892      74795265 
 892      616C7469 
 892      6D653300 
 893              	.LASF61:
ARM GAS  /tmp/cc1WlS3I.s 			page 18


 894 019a 6F735072 		.ascii	"osPriorityRealtime4\000"
 894      696F7269 
 894      74795265 
 894      616C7469 
 894      6D653400 
 895              	.LASF62:
 896 01ae 6F735072 		.ascii	"osPriorityRealtime5\000"
 896      696F7269 
 896      74795265 
 896      616C7469 
 896      6D653500 
 897              	.LASF63:
 898 01c2 6F735072 		.ascii	"osPriorityRealtime6\000"
 898      696F7269 
 898      74795265 
 898      616C7469 
 898      6D653600 
 899              	.LASF64:
 900 01d6 6F735072 		.ascii	"osPriorityRealtime7\000"
 900      696F7269 
 900      74795265 
 900      616C7469 
 900      6D653700 
 901              	.LASF82:
 902 01ea 61747472 		.ascii	"attr_bits\000"
 902      5F626974 
 902      7300
 903              	.LASF19:
 904 01f4 6F735072 		.ascii	"osPriorityLow2\000"
 904      696F7269 
 904      74794C6F 
 904      773200
 905              	.LASF20:
 906 0203 6F735072 		.ascii	"osPriorityLow3\000"
 906      696F7269 
 906      74794C6F 
 906      773300
 907              	.LASF21:
 908 0212 6F735072 		.ascii	"osPriorityLow4\000"
 908      696F7269 
 908      74794C6F 
 908      773400
 909              	.LASF17:
 910 0221 6F735072 		.ascii	"osPriorityLow\000"
 910      696F7269 
 910      74794C6F 
 910      7700
 911              	.LASF23:
 912 022f 6F735072 		.ascii	"osPriorityLow6\000"
 912      696F7269 
 912      74794C6F 
 912      773600
 913              	.LASF24:
 914 023e 6F735072 		.ascii	"osPriorityLow7\000"
 914      696F7269 
 914      74794C6F 
 914      773700
ARM GAS  /tmp/cc1WlS3I.s 			page 19


 915              	.LASF57:
 916 024d 6F735072 		.ascii	"osPriorityRealtime\000"
 916      696F7269 
 916      74795265 
 916      616C7469 
 916      6D6500
 917              	.LASF52:
 918 0260 6F735072 		.ascii	"osPriorityHigh3\000"
 918      696F7269 
 918      74794869 
 918      67683300 
 919              	.LASF54:
 920 0270 6F735072 		.ascii	"osPriorityHigh5\000"
 920      696F7269 
 920      74794869 
 920      67683500 
 921              	.LASF92:
 922 0280 64656661 		.ascii	"defaultTaskHandle\000"
 922      756C7454 
 922      61736B48 
 922      616E646C 
 922      6500
 923              	.LASF5:
 924 0292 73686F72 		.ascii	"short int\000"
 924      7420696E 
 924      7400
 925              	.LASF32:
 926 029c 6F735072 		.ascii	"osPriorityBelowNormal7\000"
 926      696F7269 
 926      74794265 
 926      6C6F774E 
 926      6F726D61 
 927              	.LASF96:
 928 02b3 474E5520 		.ascii	"GNU C17 14.2.1 20241119 -mcpu=cortex-m0plus -mthumb"
 928      43313720 
 928      31342E32 
 928      2E312032 
 928      30323431 
 929 02e6 202D6D66 		.ascii	" -mfloat-abi=soft -march=armv6s-m -g -gdwarf -ggdb "
 929      6C6F6174 
 929      2D616269 
 929      3D736F66 
 929      74202D6D 
 930 0319 2D4F6720 		.ascii	"-Og -fdata-sections -ffunction-sections -flto\000"
 930      2D666461 
 930      74612D73 
 930      65637469 
 930      6F6E7320 
 931              	.LASF12:
 932 0347 75696E74 		.ascii	"uint8_t\000"
 932      385F7400 
 933              	.LASF78:
 934 034f 6F735374 		.ascii	"osStatus_t\000"
 934      61747573 
 934      5F7400
 935              	.LASF2:
 936 035a 6C6F6E67 		.ascii	"long double\000"
ARM GAS  /tmp/cc1WlS3I.s 			page 20


 936      20646F75 
 936      626C6500 
 937              	.LASF50:
 938 0366 6F735072 		.ascii	"osPriorityHigh1\000"
 938      696F7269 
 938      74794869 
 938      67683100 
 939              	.LASF51:
 940 0376 6F735072 		.ascii	"osPriorityHigh2\000"
 940      696F7269 
 940      74794869 
 940      67683200 
 941              	.LASF0:
 942 0386 756E7369 		.ascii	"unsigned int\000"
 942      676E6564 
 942      20696E74 
 942      00
 943              	.LASF53:
 944 0393 6F735072 		.ascii	"osPriorityHigh4\000"
 944      696F7269 
 944      74794869 
 944      67683400 
 945              	.LASF1:
 946 03a3 6C6F6E67 		.ascii	"long long int\000"
 946      206C6F6E 
 946      6720696E 
 946      7400
 947              	.LASF55:
 948 03b1 6F735072 		.ascii	"osPriorityHigh6\000"
 948      696F7269 
 948      74794869 
 948      67683600 
 949              	.LASF56:
 950 03c1 6F735072 		.ascii	"osPriorityHigh7\000"
 950      696F7269 
 950      74794869 
 950      67683700 
 951              	.LASF94:
 952 03d1 6F734465 		.ascii	"osDelay\000"
 952      6C617900 
 953              	.LASF7:
 954 03d9 6C6F6E67 		.ascii	"long int\000"
 954      20696E74 
 954      00
 955              	.LASF95:
 956 03e2 6F735468 		.ascii	"osThreadNew\000"
 956      72656164 
 956      4E657700 
 957              	.LASF90:
 958 03ee 6F735468 		.ascii	"osThreadAttr_t\000"
 958      72656164 
 958      41747472 
 958      5F7400
 959              	.LASF73:
 960 03fd 6F734572 		.ascii	"osErrorResource\000"
 960      726F7252 
 960      65736F75 
ARM GAS  /tmp/cc1WlS3I.s 			page 21


 960      72636500 
 961              	.LASF41:
 962 040d 6F735072 		.ascii	"osPriorityAboveNormal\000"
 962      696F7269 
 962      74794162 
 962      6F76654E 
 962      6F726D61 
 963              	.LASF8:
 964 0423 5F5F7569 		.ascii	"__uint8_t\000"
 964      6E74385F 
 964      7400
 965              	.LASF71:
 966 042d 6F734572 		.ascii	"osError\000"
 966      726F7200 
 967              	.LASF67:
 968 0435 6F735072 		.ascii	"osPriorityReserved\000"
 968      696F7269 
 968      74795265 
 968      73657276 
 968      656400
 969              	.LASF15:
 970 0448 6F735072 		.ascii	"osPriorityNone\000"
 970      696F7269 
 970      74794E6F 
 970      6E6500
 971              	.LASF81:
 972 0457 6E616D65 		.ascii	"name\000"
 972      00
 973              	.LASF66:
 974 045c 6F735072 		.ascii	"osPriorityError\000"
 974      696F7269 
 974      74794572 
 974      726F7200 
 975              	.LASF4:
 976 046c 756E7369 		.ascii	"unsigned char\000"
 976      676E6564 
 976      20636861 
 976      7200
 977              	.LASF34:
 978 047a 6F735072 		.ascii	"osPriorityNormal1\000"
 978      696F7269 
 978      74794E6F 
 978      726D616C 
 978      3100
 979              	.LASF35:
 980 048c 6F735072 		.ascii	"osPriorityNormal2\000"
 980      696F7269 
 980      74794E6F 
 980      726D616C 
 980      3200
 981              	.LASF36:
 982 049e 6F735072 		.ascii	"osPriorityNormal3\000"
 982      696F7269 
 982      74794E6F 
 982      726D616C 
 982      3300
 983              	.LASF37:
ARM GAS  /tmp/cc1WlS3I.s 			page 22


 984 04b0 6F735072 		.ascii	"osPriorityNormal4\000"
 984      696F7269 
 984      74794E6F 
 984      726D616C 
 984      3400
 985              	.LASF38:
 986 04c2 6F735072 		.ascii	"osPriorityNormal5\000"
 986      696F7269 
 986      74794E6F 
 986      726D616C 
 986      3500
 987              	.LASF39:
 988 04d4 6F735072 		.ascii	"osPriorityNormal6\000"
 988      696F7269 
 988      74794E6F 
 988      726D616C 
 988      3600
 989              	.LASF40:
 990 04e6 6F735072 		.ascii	"osPriorityNormal7\000"
 990      696F7269 
 990      74794E6F 
 990      726D616C 
 990      3700
 991              	.LASF70:
 992 04f8 6F734F4B 		.ascii	"osOK\000"
 992      00
 993              	.LASF3:
 994 04fd 7369676E 		.ascii	"signed char\000"
 994      65642063 
 994      68617200 
 995              	.LASF11:
 996 0509 6C6F6E67 		.ascii	"long long unsigned int\000"
 996      206C6F6E 
 996      6720756E 
 996      7369676E 
 996      65642069 
 997              	.LASF13:
 998 0520 75696E74 		.ascii	"uint32_t\000"
 998      33325F74 
 998      00
 999              	.LASF88:
 1000 0529 747A5F6D 		.ascii	"tz_module\000"
 1000      6F64756C 
 1000      6500
 1001              	.LASF75:
 1002 0533 6F734572 		.ascii	"osErrorNoMemory\000"
 1002      726F724E 
 1002      6F4D656D 
 1002      6F727900 
 1003              	.LASF10:
 1004 0543 6C6F6E67 		.ascii	"long unsigned int\000"
 1004      20756E73 
 1004      69676E65 
 1004      6420696E 
 1004      7400
 1005              	.LASF100:
 1006 0555 61726775 		.ascii	"argument\000"
ARM GAS  /tmp/cc1WlS3I.s 			page 23


 1006      6D656E74 
 1006      00
 1007              	.LASF84:
 1008 055e 63625F73 		.ascii	"cb_size\000"
 1008      697A6500 
 1009              	.LASF6:
 1010 0566 73686F72 		.ascii	"short unsigned int\000"
 1010      7420756E 
 1010      7369676E 
 1010      65642069 
 1010      6E7400
 1011              	.LASF14:
 1012 0579 63686172 		.ascii	"char\000"
 1012      00
 1013              	.LASF58:
 1014 057e 6F735072 		.ascii	"osPriorityRealtime1\000"
 1014      696F7269 
 1014      74795265 
 1014      616C7469 
 1014      6D653100 
 1015              	.LASF59:
 1016 0592 6F735072 		.ascii	"osPriorityRealtime2\000"
 1016      696F7269 
 1016      74795265 
 1016      616C7469 
 1016      6D653200 
 1017              	.LASF91:
 1018 05a6 4348414E 		.ascii	"CHANNEL_OFFSET_TAB\000"
 1018      4E454C5F 
 1018      4F464653 
 1018      45545F54 
 1018      414200
 1019              	.LASF49:
 1020 05b9 6F735072 		.ascii	"osPriorityHigh\000"
 1020      696F7269 
 1020      74794869 
 1020      676800
 1021              	.LASF76:
 1022 05c8 6F734572 		.ascii	"osErrorISR\000"
 1022      726F7249 
 1022      535200
 1023              	.LASF98:
 1024 05d3 2F686F6D 		.ascii	"/home/zgj/servo_project/zgj_project/ClosedLoop_Step"
 1024      652F7A67 
 1024      6A2F7365 
 1024      72766F5F 
 1024      70726F6A 
 1025 0606 7065724D 		.ascii	"perMotor\000"
 1025      6F746F72 
 1025      00
 1026              	.LASF25:
 1027 060f 6F735072 		.ascii	"osPriorityBelowNormal\000"
 1027      696F7269 
 1027      74794265 
 1027      6C6F774E 
 1027      6F726D61 
 1028              	.LASF33:
ARM GAS  /tmp/cc1WlS3I.s 			page 24


 1029 0625 6F735072 		.ascii	"osPriorityNormal\000"
 1029      696F7269 
 1029      74794E6F 
 1029      726D616C 
 1029      00
 1030              	.LASF9:
 1031 0636 5F5F7569 		.ascii	"__uint32_t\000"
 1031      6E743332 
 1031      5F7400
 1032              	.LASF101:
 1033 0641 4D585F46 		.ascii	"MX_FREERTOS_Init\000"
 1033      52454552 
 1033      544F535F 
 1033      496E6974 
 1033      00
 1034              	.LASF86:
 1035 0652 73746163 		.ascii	"stack_size\000"
 1035      6B5F7369 
 1035      7A6500
 1036              	.LASF65:
 1037 065d 6F735072 		.ascii	"osPriorityISR\000"
 1037      696F7269 
 1037      74794953 
 1037      5200
 1038              	.LASF69:
 1039 066b 6F735468 		.ascii	"osThreadFunc_t\000"
 1039      72656164 
 1039      46756E63 
 1039      5F7400
 1040              	.LASF16:
 1041 067a 6F735072 		.ascii	"osPriorityIdle\000"
 1041      696F7269 
 1041      74794964 
 1041      6C6500
 1042              	.LASF77:
 1043 0689 6F735374 		.ascii	"osStatusReserved\000"
 1043      61747573 
 1043      52657365 
 1043      72766564 
 1043      00
 1044              	.LASF83:
 1045 069a 63625F6D 		.ascii	"cb_mem\000"
 1045      656D00
 1046              	.LASF22:
 1047 06a1 6F735072 		.ascii	"osPriorityLow5\000"
 1047      696F7269 
 1047      74794C6F 
 1047      773500
 1048              	.LASF68:
 1049 06b0 6F735072 		.ascii	"osPriority_t\000"
 1049      696F7269 
 1049      74795F74 
 1049      00
 1050              	.LASF89:
 1051 06bd 72657365 		.ascii	"reserved\000"
 1051      72766564 
 1051      00
ARM GAS  /tmp/cc1WlS3I.s 			page 25


 1052              	.LASF97:
 1053 06c6 436F7265 		.ascii	"Core/Src/app_freertos.c\000"
 1053      2F537263 
 1053      2F617070 
 1053      5F667265 
 1053      6572746F 
 1054              	.LASF99:
 1055 06de 53746172 		.ascii	"StartDefaultTask\000"
 1055      74446566 
 1055      61756C74 
 1055      5461736B 
 1055      00
 1056              	.LASF85:
 1057 06ef 73746163 		.ascii	"stack_mem\000"
 1057      6B5F6D65 
 1057      6D00
 1058              	.LASF18:
 1059 06f9 6F735072 		.ascii	"osPriorityLow1\000"
 1059      696F7269 
 1059      74794C6F 
 1059      773100
 1060              		.section	.gnu.debuglto_.debug_line_str,"eMS",%progbits,1
 1061              	.LASF110:
 1062 0000 5F737464 		.ascii	"_stdint.h\000"
 1062      696E742E 
 1062      6800
 1063              	.LASF108:
 1064 000a 436F7265 		.ascii	"Core/Src/app_freertos.c\000"
 1064      2F537263 
 1064      2F617070 
 1064      5F667265 
 1064      6572746F 
 1065              	.LASF102:
 1066 0022 2F686F6D 		.ascii	"/home/zgj/servo_project/zgj_project/ClosedLoop_Step"
 1066      652F7A67 
 1066      6A2F7365 
 1066      72766F5F 
 1066      70726F6A 
 1067 0055 7065724D 		.ascii	"perMotor\000"
 1067      6F746F72 
 1067      00
 1068              	.LASF107:
 1069 005e 44726976 		.ascii	"Drivers/STM32G0xx_HAL_Driver/Inc\000"
 1069      6572732F 
 1069      53544D33 
 1069      32473078 
 1069      785F4841 
 1070              	.LASF111:
 1071 007f 636D7369 		.ascii	"cmsis_os2.h\000"
 1071      735F6F73 
 1071      322E6800 
 1072              	.LASF112:
 1073 008b 73746D33 		.ascii	"stm32g0xx_ll_dma.h\000"
 1073      32673078 
 1073      785F6C6C 
 1073      5F646D61 
 1073      2E6800
ARM GAS  /tmp/cc1WlS3I.s 			page 26


 1074              	.LASF109:
 1075 009e 5F646566 		.ascii	"_default_types.h\000"
 1075      61756C74 
 1075      5F747970 
 1075      65732E68 
 1075      00
 1076              	.LASF103:
 1077 00af 4D696464 		.ascii	"Middlewares/Third_Party/FreeRTOS/Source/CMSIS_RTOS_"
 1077      6C657761 
 1077      7265732F 
 1077      54686972 
 1077      645F5061 
 1078 00e2 563200   		.ascii	"V2\000"
 1079              	.LASF105:
 1080 00e5 2F6F7074 		.ascii	"/opt/arm-gnu-toolchain-14.2/arm-none-eabi/include/s"
 1080      2F61726D 
 1080      2D676E75 
 1080      2D746F6F 
 1080      6C636861 
 1081 0118 797300   		.ascii	"ys\000"
 1082              	.LASF104:
 1083 011b 2F6F7074 		.ascii	"/opt/arm-gnu-toolchain-14.2/arm-none-eabi/include/m"
 1083      2F61726D 
 1083      2D676E75 
 1083      2D746F6F 
 1083      6C636861 
 1084 014e 61636869 		.ascii	"achine\000"
 1084      6E6500
 1085              	.LASF113:
 1086 0155 6170705F 		.ascii	"app_freertos.c\000"
 1086      66726565 
 1086      72746F73 
 1086      2E6300
 1087              	.LASF106:
 1088 0164 436F7265 		.ascii	"Core/Src\000"
 1088      2F537263 
 1088      00
 1089              		.text
 1090              		.section	.gnu.lto_.profile.5fd192d7fc80cbf7,"e",%progbits
 1091 0000 28B52FFD 		.ascii	"(\265/\375 \0061\000\000\002\000\000\000\000\000"
 1091      20063100 
 1091      00020000 
 1091      000000
 1092              		.text
 1093              		.section	.gnu.lto_.inline.5fd192d7fc80cbf7,"e",%progbits
 1094 0000 28B52FFD 		.ascii	"(\265/\375 je\002\000\002\304\015\031\260'\035\014\025"
 1094      206A6502 
 1094      0002C40D 
 1094      19B0271D 
 1094      0C15
 1095 0012 80248953 		.ascii	"\200$\211SP0A!\005\021%I\222\002F\2435ir\247\226\245"
 1095      50304121 
 1095      05112549 
 1095      920246A3 
 1095      356972A7 
 1096 0028 026A1120 		.ascii	"\002j\021 \202\036\373\337\264\2225\377\240EL\227t\371"
 1096      821EFBDF 
ARM GAS  /tmp/cc1WlS3I.s 			page 27


 1096      B49235FF 
 1096      A0454C97 
 1096      74F9
 1097 003a 9952E640 		.ascii	"\231R\346@\321\223t\032\001\007\000O\245\310\322\230"
 1097      D193741A 
 1097      0107004F 
 1097      A5C8D298 
 1098 004a 4ECC66B8 		.ascii	"N\314f\270,\303a^\277\001,"
 1098      2CC3615E 
 1098      BF012C
 1099              		.text
 1100              		.section	.gnu.lto_.jmpfuncs.5fd192d7fc80cbf7,"e",%progbits
 1101 0000 28B52FFD 		.ascii	"(\265/\375 \026\205\000\000@\012\000\002\001\000\000"
 1101      20168500 
 1101      00400A00 
 1101      02010000 
 1102 0010 00000200 		.ascii	"\000\000\002\000-Al\000\013"
 1102      2D416C00 
 1102      0B
 1103              		.text
 1104              		.section	.gnu.lto_.pureconst.5fd192d7fc80cbf7,"e",%progbits
 1105 0000 28B52FFD 		.ascii	"(\265/\375 \013Y\000\000\007\000\000\000\002\000\264"
 1105      200B5900 
 1105      00070000 
 1105      000200B4 
 1106 0010 04019804 		.ascii	"\004\001\230\004"
 1107              		.text
 1108              		.section	.gnu.lto_.ipa_modref.5fd192d7fc80cbf7,"e",%progbits
 1109 0000 28B52FFD 		.ascii	"(\265/\375 \016E\000\000\020\002\000\001\000\034\300"
 1109      200E4500 
 1109      00100200 
 1109      01001CC0 
 1110 0010 02       		.ascii	"\002"
 1111              		.text
 1112              		.section	.gnu.lto_.lto.5fd192d7fc80cbf7,"e",%progbits
 1113 0000 0E000000 		.ascii	"\016\000\000\000\001\000\001\000"
 1113      01000100 
 1114              		.text
 1115              		.section	.gnu.lto_defaultTask_attributes.459.5fd192d7fc80cbf7,"e",%progbits
 1116 0000 28B52FFD 		.ascii	"(\265/\375 \245\005\005\000d\0115\000\000\000d\000\005"
 1116      20A50505 
 1116      00640935 
 1116      00000064 
 1116      0005
 1117 0012 01067F01 		.ascii	"\001\006\177\001\030\005\001\006(\001\200\004\005\001"
 1117      18050106 
 1117      28018004 
 1117      0501
 1118 0020 28028608 		.ascii	"(\002\206\010}\005\001\213\001\206\200\200\374\277\360"
 1118      7D05018B 
 1118      01868080 
 1118      FCBFF0
 1119 002f 8CDA0D00 		.ascii	"\214\332\015\000{\273\001\000@\202\210\200`yw\274\001"
 1119      7BBB0100 
 1119      40828880 
 1119      607977BC 
 1119      01
ARM GAS  /tmp/cc1WlS3I.s 			page 28


 1120 0040 75BA0173 		.ascii	"u\272\001s\271\001\000\014defaultTask\000</home/zgj"
 1120      B901000C 
 1120      64656661 
 1120      756C7454 
 1120      61736B00 
 1121 005e 2F736572 		.ascii	"/servo_project/zgjClosedLoop_StepperMotor\000\030Co"
 1121      766F5F70 
 1121      726F6A65 
 1121      63742F7A 
 1121      676A436C 
 1122 008b 72652F53 		.ascii	"re/Src/app_freertos.c\000\002\000\337K\211\003(\002"
 1122      72632F61 
 1122      70705F66 
 1122      72656572 
 1122      746F732E 
 1123              		.text
 1124              		.section	.gnu.lto_MX_FREERTOS_Init.460.5fd192d7fc80cbf7,"e",%progbits
 1125 0000 28B52FFD 		.ascii	"(\265/\375`\\\000U\011\000\226RC90\221\322\001(\274"
 1125      605C0055 
 1125      09009652 
 1125      43393091 
 1125      D20128BC 
 1126 0014 45A0528D 		.ascii	"E\240R\215\343\250L,\333\326\203f%/D\003f\275=\251\""
 1126      E3A84C2C 
 1126      DBD68366 
 1126      252F4403 
 1126      66BD3DA9 
 1127 0029 6F439A0D 		.ascii	"oC\232\015\302f\306\340\375\306\316\232\241-\010\374"
 1127      C266C6E0 
 1127      FDC6CE9A 
 1127      A12D08FC 
 1128 0039 77334082 		.ascii	"w3@\202\263\006\004#\253\376\204\354\235R2\0001\000"
 1128      B3060423 
 1128      ABFE84EC 
 1128      9D523200 
 1128      3100
 1129 004b 33005B72 		.ascii	"3\000[r3[\331\346\202b\373\002.\3313\017#\273\220\362"
 1129      335BD9E6 
 1129      8262FB02 
 1129      2ED9330F 
 1129      23BB90F2 
 1130 005f 8ACD7617 		.ascii	"\212\315v\027A\256^z,\371W\371\000*ez\004P\330]GTJ\344"
 1130      41AE5E7A 
 1130      2CF957F9 
 1130      002A657A 
 1130      0450D85D 
 1131 0077 96B75D60 		.ascii	"\226\267]`\333\301\366K\017\277\371\036\347\033\367"
 1131      DBC1F64B 
 1131      0FBFF91E 
 1131      E71BF7
 1132 0086 B730343A 		.ascii	"\26704:\273\340C{\243#>\274\274\313\344$A\313\017\233"
 1132      BBE0437B 
 1132      A3233EBC 
 1132      BCCBE424 
 1132      41CB0F9B 
 1133 009a 988D3586 		.ascii	"\230\2155\206\231\242<\361\265\335]K\225\375\350o\221"
 1133      99A23CF1 
ARM GAS  /tmp/cc1WlS3I.s 			page 29


 1133      B5DD5D4B 
 1133      95FDE86F 
 1133      91
 1134 00ab 24F690D5 		.ascii	"$\366\220\325\006\011\266a{m\245\312\006\221\221\201"
 1134      0609B661 
 1134      7B6DA5CA 
 1134      06919181 
 1135 00bb D2C3973E 		.ascii	"\322\303\227>\313[D>\313\024\244H\342|3\200A\321\200"
 1135      CB5B443E 
 1135      CB14A448 
 1135      E27C3380 
 1135      41D180
 1136 00ce 721D10DF 		.ascii	"r\035\020\337\372\313\353\354\236\036\372\256\257P\355"
 1136      FACBEBEC 
 1136      9E1EFAAE 
 1136      AF50ED
 1137 00dd AC6FBEF0 		.ascii	"\254o\276\3608\001\016\035x\364\253sV\011P\327Ap\241"
 1137      38010E1D 
 1137      78F4AB73 
 1137      560950D7 
 1137      4170A1
 1138 00f0 FAE166A5 		.ascii	"\372\341f\245\036\002W\372\321\206:\273n~\037PG)C\304"
 1138      1E0257FA 
 1138      D1863ABB 
 1138      6E7E1F50 
 1138      472943C4 
 1139 0104 F46885E7 		.ascii	"\364h\205\347\013\315\021\255\035\210f\324\351q#\021"
 1139      0BCD11AD 
 1139      1D8866D4 
 1139      E9712311 
 1140 0114 07372DE8 		.ascii	"\0077-\350\004\027\011\000/\005P\023o\373A\224Lh,\252"
 1140      04170900 
 1140      2F055013 
 1140      6FFB4194 
 1140      4C682CAA 
 1141 0128 61D032F4 		.ascii	"a\3202\364\313\020\342r,\332I\006"
 1141      CB10E272 
 1141      2CDA4906 
 1142              		.text
 1143              		.section	.gnu.lto_StartDefaultTask.461.5fd192d7fc80cbf7,"e",%progbits
 1144 0000 28B52FFD 		.ascii	"(\265/\375`\216\000e\012\000\226\323I?\020\005+\035"
 1144      608E0065 
 1144      0A0096D3 
 1144      493F1005 
 1144      2B1D
 1145 0012 000C5477 		.ascii	"\000\014Tw\261\001x\021\030\202\0169\005K\003XaPB\021"
 1145      B1017811 
 1145      18820E39 
 1145      054B0358 
 1145      61504211 
 1146 0026 C0E367B7 		.ascii	"\300\343g\267\346x\372\221\206\310\335\031[\372\177"
 1146      E678FA91 
 1146      86C8DD19 
 1146      5BFA7F
 1147 0035 7F2C7320 		.ascii	"\177,s \351\372%\265\243\204[\\u\324A\334\253 \374\266"
 1147      E9FA25B5 
 1147      A3845B5C 
ARM GAS  /tmp/cc1WlS3I.s 			page 30


 1147      75D441DC 
 1147      AB20FCB6 
 1148 0049 C9DE3205 		.ascii	"\311\3362\0056\0008\0008\000\240\016\323\213\177\316"
 1148      36003800 
 1148      3800A00E 
 1148      D38B7FCE 
 1149 0059 04AD1D68 		.ascii	"\004\255\035hn0\271\356>\230(\227R\344NN\361\\\240B"
 1149      6E30B9EE 
 1149      3E982897 
 1149      52E44E4E 
 1149      F15CA042 
 1150 006d C21DDB38 		.ascii	"\302\035\3338\342\006\022\233\321X\032\360\3640t\367"
 1150      E206129B 
 1150      D1581AF0 
 1150      F43074F7 
 1151 007d 656C56C2 		.ascii	"elV\302\247\374\277\341?\354\277K<\347x\246!\001^>\307"
 1151      A7FCBFE1 
 1151      3FECBF4B 
 1151      3CE778A6 
 1151      21015E3E 
 1152 0092 BF630231 		.ascii	"\277c\00213\005\000\335&\005r]CgR\3763\301\357\031\371"
 1152      330500DD 
 1152      2605725D 
 1152      436752FE 
 1152      33C1EF19 
 1153 00a7 58FECCC2 		.ascii	"X\376\314\3025\221[\216\363\201\356\234\000\231n\034"
 1153      35915B8E 
 1153      F381EE9C 
 1153      00996E1C 
 1154 00b7 E9121FA6 		.ascii	"\351\022\037\246#\016u\230v\034)\233q\353\313k\2616"
 1154      230E7598 
 1154      761C299B 
 1154      71EBCB6B 
 1154      B136
 1155 00c9 BCEAB215 		.ascii	"\274\352\262\025\336\302\177\317y\216\334\315\361\377"
 1155      DEC27FCF 
 1155      798EDCCD 
 1155      F1FF
 1156 00d7 94D5A864 		.ascii	"\224\325\250d\326\350\3740\016\311\"\037}L\217\207d"
 1156      D6E8FC30 
 1156      0EC9221F 
 1156      7D4C8F87 
 1156      64
 1157 00e8 376C6390 		.ascii	"7lc\220l\305\246\345\200\343:\270\353\356\226\363$7"
 1157      6CC5A6E5 
 1157      80E33AB8 
 1157      EBEE96F3 
 1157      2437
 1158 00fa 95BED22A 		.ascii	"\225\276\322*\301\204@\022\205\027\325\205\301\272\337"
 1158      C1844012 
 1158      8517D585 
 1158      C1BADF
 1159 0109 E72AD2CB 		.ascii	"\347*\322\313\206\267\326\273J\201\340\347\251.\312"
 1159      86B7D6BB 
 1159      4A81E0E7 
 1159      A92ECA
 1160 0118 ABD79E44 		.ascii	"\253\327\236D\2776\264\020\267\202`\015Q)\320\332\007"
ARM GAS  /tmp/cc1WlS3I.s 			page 31


 1160      BF36B410 
 1160      B782600D 
 1160      5129D0DA 
 1160      07
 1161 0129 8AFAB216 		.ascii	"\212\372\262\026\247PU[\366\202\001\015\000\313S\302"
 1161      A750555B 
 1161      F682010D 
 1161      00CB53C2 
 1162 0139 8B86D4B4 		.ascii	"\213\206\324\264\357\2539|^\353\322\332X\304\373VS\202"
 1162      EFAB397C 
 1162      5EEBD2DA 
 1162      58C4FB56 
 1162      5382
 1163 014b 6B717B1A 		.ascii	"kq{\0325o\346\315\326\226<"
 1163      356FE6CD 
 1163      D6963C
 1164              		.text
 1165              		.section	.gnu.lto_.symbol_nodes.5fd192d7fc80cbf7,"e",%progbits
 1166 0000 28B52FFD 		.ascii	"(\265/\375 \227-\003\0002\205\022\036\240'\351\017\376"
 1166      20972D03 
 1166      00328512 
 1166      1EA027E9 
 1166      0FFE
 1167 0012 E3D9EFB7 		.ascii	"\343\331\357\267\303\343\372\177\261*\305\222k?\370"
 1167      C3E3FA7F 
 1167      B12AC592 
 1167      6B3FF8
 1168 0021 7FAB0A05 		.ascii	"\177\253\012\005\260\263\267$;\005\003\250\332\326\210"
 1168      B0B3B724 
 1168      3B0503A8 
 1168      DAD688
 1169 0030 819A764C 		.ascii	"\201\232vL\250\247\217<\352\310 \022a\002Ca\302\376"
 1169      A8A78F3C 
 1169      EAC82012 
 1169      61024361 
 1169      C2FE
 1170 0042 624EB52D 		.ascii	"bN\265-\035\025d\032\205\277O\016\331\300q\370\270("
 1170      1D15641A 
 1170      85BF4F0E 
 1170      D9C071F8 
 1170      B828
 1171 0054 FF840900 		.ascii	"\377\204\011\000f\030\306\317\322S1\245J0\\\206-\223"
 1171      6618C6CF 
 1171      D25331A5 
 1171      4A305C86 
 1171      2D93
 1172 0066 8D0A8967 		.ascii	"\215\012\211g\0357\230c"
 1172      1D379863 
 1173              		.text
 1174              		.section	.gnu.lto_.refs.5fd192d7fc80cbf7,"e",%progbits
 1175 0000 28B52FFD 		.ascii	"(\265/\375 \023\231\000\000\017\000\000\000\003\001"
 1175      20139900 
 1175      000F0000 
 1175      000301
 1176 000f 02000200 		.ascii	"\002\000\002\000\002\002\002\000\001\003\003\000\000"
 1176      02020200 
 1176      01030300 
ARM GAS  /tmp/cc1WlS3I.s 			page 32


 1176      00
 1177              		.text
 1178              		.section	.gnu.lto_.decls.5fd192d7fc80cbf7,"e",%progbits
 1179 0000 28B52FFD 		.ascii	"(\265/\375`\217\011E7\000zd\030\026CP\350M\007\305\320"
 1179      608F0945 
 1179      37007A64 
 1179      18164350 
 1179      E84D07C5 
 1180 0015 FE8B302C 		.ascii	"\376\2130,kz\326\243\351eh\0001yD\035*\305\330\301\212"
 1180      6B7AD6A3 
 1180      E9656800 
 1180      3179441D 
 1180      2AC5D8C1 
 1181 002a 520A22C2 		.ascii	"R\012\"\302\240x*\332\333e\342F\320\356D\353\275\333"
 1181      A0782ADA 
 1181      DB65E246 
 1181      D0EE44EB 
 1181      BDDB
 1182 003c 4830BB41 		.ascii	"H0\273A\257p\276\007l\236uq\216\345\177\244\250}s#\231"
 1182      AF70BE07 
 1182      6C9E7571 
 1182      8EE57FA4 
 1182      A87D7323 
 1183 0051 522C014D 		.ascii	"R,\001M\001Y\001\276\243\357\346\260lr8%\335\321\327"
 1183      015901BE 
 1183      A3EFE6B0 
 1183      6C723825 
 1183      DDD1D7
 1184 0064 B10E9D8C 		.ascii	"\261\016\235\214\366\323?\322X\364\375\377\362?~\237"
 1184      F6D33FD2 
 1184      58F4FDFF 
 1184      F23F7E9F 
 1185 0074 B2F94BE5 		.ascii	"\262\371K\345\037\021\2422\217de\363\213\3137\026\325"
 1185      1F11A232 
 1185      8F6465F3 
 1185      8BCB3716 
 1185      D5
 1186 0085 8FBFFCDF 		.ascii	"\217\277\374\337\370\337<\362%\000\371\217\304\214\337"
 1186      F8DF3CF2 
 1186      2500F98F 
 1186      C48CDF
 1187 0094 97BFF95F 		.ascii	"\227\277\371_K\344\177\271\022i|U\216\216\303\027\227"
 1187      4BE47FB9 
 1187      12697C55 
 1187      8E8EC317 
 1187      97
 1188 00a5 CCF8FD99 		.ascii	"\314\370\375\231O\367\315\177\237\222i\374\374\257\034"
 1188      4FF7CD7F 
 1188      9F9269FC 
 1188      FCAF1C
 1189 00b4 13C3FAA6 		.ascii	"\023\303\372\246q\253\250D\2069}\222\371\237\214\303"
 1189      71ABA844 
 1189      86397D92 
 1189      F99F8CC3 
 1190 00c4 FC93FF45 		.ascii	"\374\223\377E\345\037\237\226{\214B~O\321\251\244U\224"
 1190      E51F9F96 
 1190      7B8C427E 
ARM GAS  /tmp/cc1WlS3I.s 			page 33


 1190      4FD1A9A4 
 1190      5594
 1191 00d6 2B2EFFFF 		.ascii	"+.\377\377\305\377'\221\304\256\346\221_d\236!\305\236"
 1191      C5FF2791 
 1191      C4AEE691 
 1191      5F649E21 
 1191      C59E
 1192 00e8 FED18EFF 		.ascii	"\376\321\216\377h\257\364\377E\217\267\222c\357\264"
 1192      68AFF4FF 
 1192      458FB792 
 1192      63EFB4
 1193 00f7 F55FFC7F 		.ascii	"\365_\374\177\261\024\031#pdX\031\363\210$NJ\036c\255"
 1193      B1141923 
 1193      70645819 
 1193      F388244E 
 1193      4A1E63AD 
 1194 010b 472BF3FF 		.ascii	"G+\363\377\377/e3.z\034\266\007O\274\274\362a^l~\362"
 1194      FF2F6533 
 1194      2E7A1CB6 
 1194      074FBCBC 
 1194      F2615E6C 
 1195 0121 B990475E 		.ascii	"\271\220G^m\026\231J\344\377\273\023\251k\354\020[F"
 1195      6D16994A 
 1195      E4FFBB13 
 1195      A96BEC10 
 1195      5B46
 1196 0133 BB3B5177 		.ascii	"\273;Qw\267y\223\037\273\273\220\023\350\366#g\362\324"
 1196      B779931F 
 1196      BBBB9013 
 1196      E8F62367 
 1196      F2D4
 1197 0145 0774F70C 		.ascii	"\007t\367\014\245n\337\321\335\177\272;Pw\323uw]\267"
 1197      A56EDFD1 
 1197      DD7FBA3B 
 1197      5077D375 
 1197      775DB7
 1198 0158 0BE8765F 		.ascii	"\013\350v_w\273\351n\243n\347\323\355H\335\375\354n"
 1198      77BBE96E 
 1198      A36EE7D3 
 1198      ED48DDFD 
 1198      EC6E
 1199 016a BBEE6E76 		.ascii	"\273\356nv\267\227\356N\273\033Nw\243yyyy\335\235\244"
 1199      B797EE4E 
 1199      BB1B4E77 
 1199      A3797979 
 1199      79DD9DA4 
 1200 017e DBEFBA8D 		.ascii	"\333\357\272\215\354\004~\246\333\321\250\371\032?\026"
 1200      EC047EA6 
 1200      DBD1A8F9 
 1200      1A3F16
 1201 018d 970BC8BC 		.ascii	"\227\013\310\274\200\264\205n\2173\347sz.'\215\361\223"
 1201      80B4856E 
 1201      8F33E773 
 1201      7A2E278D 
 1201      F193
 1202 019f 29584B64 		.ascii	")XKd\346\214p B\204\214\366v(I\000\355\334F\355v=\355"
 1202      E68C7020 
ARM GAS  /tmp/cc1WlS3I.s 			page 34


 1202      42848CF6 
 1202      76284900 
 1202      EDDC46ED 
 1203 01b6 72B96C39 		.ascii	"r\271l9\240\250M\334RO\354D#\245\015NF=\217\343i\217"
 1203      A0A84DDC 
 1203      524FEC44 
 1203      23A50D4E 
 1203      463D8FE3 
 1204 01cc F33B1D75 		.ascii	"\363;\035u\241\235i\347\235\377L\217c\200\367o\364\270"
 1204      A19D69E7 
 1204      9DFF4C8F 
 1204      6380F76F 
 1204      F4B8
 1205 01de BCE40D7C 		.ascii	"\274\344\015|\007\221@e)\332yM\355\\F\355\334E\355|"
 1205      07914065 
 1205      29DA794D 
 1205      ED5C46ED 
 1205      DC45ED7C 
 1206 01f2 45ED7CA6 		.ascii	"E\355|\246\252YI[F\"\262\363*\242v\366\241\372\234)"
 1206      AA59495B 
 1206      4622B2F3 
 1206      2AA276F6 
 1206      A1FA9C29 
 1207 0206 75B6252D 		.ascii	"u\266%-..6\031\355\254C\3656\356\246\375M\277\345\262"
 1207      2E2E3619 
 1207      EDAC43F5 
 1207      36EEA6FD 
 1207      4DBFE5B2 
 1208 021a 25F2F9FF 		.ascii	"%\362\371\377JI^U\314\234d\364\206Q\277\245\355x\252"
 1208      4A495E55 
 1208      CC9C64F4 
 1208      8651BFA5 
 1208      ED78AA
 1209 022d AF799A7E 		.ascii	"\257y\232~\340j\332\315\370\231F\277\304\377\374g.y"
 1209      E06ADACD 
 1209      F89946BF 
 1209      C4FFFC67 
 1209      2E79
 1210 023f 17B9F809 		.ascii	"\027\271\370\011 \265\375A\272\344\017\322\366<\252"
 1210      20B5FD41 
 1210      BAE40FD2 
 1210      F63CAA
 1211 024e 53538A3A 		.ascii	"SS\212:S\372\344Li\216\275)u\340j\252\021\0210`\274"
 1211      53FAE44C 
 1211      698EBD29 
 1211      75E06AAA 
 1211      11113060 
 1212 0263 69F4BD57 		.ascii	"i\364\275W\362\354\354\303\302 $\035Rk\"\226Qo\366\344"
 1212      F2ECECC3 
 1212      C220241D 
 1212      526B2296 
 1212      516FF6E4 
 1213 0277 AC191B92 		.ascii	"\254\031\033\222\321\366-\252\221\021\350X<K\273\226"
 1213      D1F62DAA 
 1213      9111E858 
 1213      3C4BBB96 
 1214 0287 34D7E25E 		.ascii	"4\327\342^\332\231\274\026\323N\226\2163]Z\236\037v"
ARM GAS  /tmp/cc1WlS3I.s 			page 35


 1214      DA99BC16 
 1214      D34E968E 
 1214      335D5A9E 
 1214      1F76
 1215 0299 0542D19C 		.ascii	"\005B\321\234@?\236\316\245\275\2133\333\017\201\177"
 1215      403F9ECE 
 1215      A5BD8B33 
 1215      DB0F817F 
 1216 02a9 BBFF5750 		.ascii	"\273\377WP\304\266\206\215\226\214\372\274)\315\316"
 1216      C4B6868D 
 1216      968CFABC 
 1216      29CDCE
 1217 02b8 94765DCF 		.ascii	"\224v]\317uw/\303\305T\3242\232\004\334\322P^\036CK"
 1217      75772FC3 
 1217      C554D432 
 1217      9A04DCD2 
 1217      505E1E43 
 1218 02cd 503B811A 		.ascii	"P;\201\032_\335\331+/=\256\302\277\023j(\017O\234\321"
 1218      5FDDD92B 
 1218      2F3DAEC2 
 1218      BF136A28 
 1218      0F4F9CD1 
 1219 02e1 86F3A634 		.ascii	"\206\363\2464\211\013\252sW3-)]i\033\204\314(\2223\245"
 1219      890BAA73 
 1219      57332D29 
 1219      5D691B84 
 1219      CC289233 
 1220 02f6 291D6031 		.ascii	")\035`1\027s\217\024\376d^`w\316\377%p[2\217\316=\236"
 1220      17738F14 
 1220      FE645E60 
 1220      77CEFF25 
 1220      705B328F 
 1221 030d BD3F6954 		.ascii	"\275?iT\346d4'\363\216\245\245 :B\031\315\312\245\265"
 1221      E6643427 
 1221      F38EA5A5 
 1221      203A4219 
 1221      CDCAA5B5 
 1222 0321 3841DAFC 		.ascii	"8A\332\374\250\335Y\313\275\034)A\202f$\243YG\317y\331"
 1222      A8DD59CB 
 1222      BD1C2941 
 1222      826624A3 
 1222      5947CF79 
 1223 0336 9BD75A46 		.ascii	"\233\327ZF\"\2459\002z\313\310\316G\245g\262\010\030"
 1223      22A53902 
 1223      7ACBC8CE 
 1223      47A567B2 
 1223      0818
 1224 0348 AF8BD330 		.ascii	"\257\213\3230o\234pe4\033\273\231\377\257$G\027f\016"
 1224      6F9C7065 
 1224      341BBB99 
 1224      FFAF2447 
 1224      17660E
 1225 035b 4E4DC700 		.ascii	"NM\307\000\357\356<\317\313\236,\000Y\0253\347\363?"
 1225      EFEE3CCF 
 1225      CB9E2C00 
 1225      591533E7 
 1225      F33F
ARM GAS  /tmp/cc1WlS3I.s 			page 36


 1226 036d 0C029218 		.ascii	"\014\002\222\030\036\032.?\324\236\347\211\224\336\356"
 1226      1E1A2E3F 
 1226      D49EE789 
 1226      94DEEE
 1227 037c B895513C 		.ascii	"\270\225Q<GT\307\354\371\346\015^\327\271[w\367\000"
 1227      4754C7EC 
 1227      F9E60D5E 
 1227      D7B95B77 
 1227      F700
 1228 038e C46EC08C 		.ascii	"\304n\300\214jj:\005\330N(\315\011\371\223\204;\015"
 1228      6A6A3A05 
 1228      D84E28CD 
 1228      09F99384 
 1228      3B0D
 1229 03a0 B1397F19 		.ascii	"\2619\177\031G\002\372_g\236\314y\241\366\323\333b\323"
 1229      4702FA5F 
 1229      679ECC79 
 1229      A1F6D3DB 
 1229      62D3
 1230 03b2 E68EA976 		.ascii	"\346\216\251vQ\0245\335\002t+\356b<\315\305\270]\216"
 1230      511435DD 
 1230      02742BEE 
 1230      623CCDC5 
 1230      B85D8E
 1231 03c5 BFE858E2 		.ascii	"\277\350X\342\200Ay\376rL\002j\305l\207\220\214z]|@"
 1231      804179FE 
 1231      724C026A 
 1231      C56C8790 
 1231      8C7A5D7C 
 1232 03da 3533F407 		.ascii	"53\364\007MF\273\310\210\012e\307\365$Y#Tf\217\273\201"
 1232      4D46BBC8 
 1232      880A65C7 
 1232      F5245923 
 1232      54668FBB 
 1233 03ef C971B722 		.ascii	"\311q\267\"i\226uz\356\216\215\303I\343\303I\347\315"
 1233      6996757A 
 1233      EE8E8DC3 
 1233      49E3C349 
 1233      E7CD
 1234 0401 DD8C74E1 		.ascii	"\335\214t\341A\301\271\033\272\205\364\275W\327\363"
 1234      41C1B91B 
 1234      BA85F4BD 
 1234      57D7F3
 1235 0410 ACDBE9BC 		.ascii	"\254\333\351\274\217\003r\247\363\361?\036\310\375\270"
 1235      8F0372A7 
 1235      F3F13F1E 
 1235      C8FDB8
 1236 041f A0F6B96E 		.ascii	"\240\366\271n\037\343d\032e\376w\360*\274\312\022a\203"
 1236      1FE3641A 
 1236      65FE77F0 
 1236      2ABCCA12 
 1236      6183
 1237 0431 3D8104AF 		.ascii	"=\201\004\257o\026\034\204\245\336\366\010G\260\212"
 1237      6F161C84 
 1237      A5DEF608 
 1237      47B08A
 1238 0440 05F1B646 		.ascii	"\005\361\266FIl\325\360*HB\000\334a\030d]\252\251\267"
ARM GAS  /tmp/cc1WlS3I.s 			page 37


 1238      496CD5F0 
 1238      2A484200 
 1238      DC611864 
 1238      5DAAA9B7 
 1239 0454 0DD05414 		.ascii	"\015\320T\024\242\336v}\211\257\225\360\027\305b]\245"
 1239      A2DE767D 
 1239      89AF95F0 
 1239      17C5625D 
 1239      A5
 1240 0465 4A48013F 		.ascii	"JH\001?\374X\241\233\325J\375X\326\025\361\303\001\273"
 1240      FC58A19B 
 1240      D54AFD58 
 1240      D615F1C3 
 1240      01BB
 1241 0477 C114EBD0 		.ascii	"\301\024\353\320%RM\375^\326\015\332`\253\206C\"\320"
 1241      25524DFD 
 1241      5ED60DDA 
 1241      60AB8643 
 1241      22D0
 1242 0489 C390655D 		.ascii	"\303\220e]\325\015R\011Q\326*x\205\2760\021\306\352"
 1242      D50D5209 
 1242      51D62A78 
 1242      85BE3011 
 1242      C6EA
 1243 049b C270B007 		.ascii	"\302p\260\007C\230\302\020\032Y\261V=x\215\262\000_"
 1243      4398C210 
 1243      1A59B156 
 1243      3D788DB2 
 1243      005F
 1244 04ad 11B35436 		.ascii	"\021\263T6\007\361]i\010\203\360{\004\257)\3366\011"
 1244      07F15D69 
 1244      0883F07B 
 1244      04AF29DE 
 1244      3609
 1245 04bf 074C745B 		.ascii	"\007Lt[\242\213\245\302\353\260\004pu1\245\304Ve\015"
 1245      A28BA5C2 
 1245      EBB00470 
 1245      7531A5C4 
 1245      56650D
 1246 04d2 5BAB3507 		.ascii	"[\2535\007\334{Y8\013\006\321\205\341\340:,\000\023"
 1246      DC7B5938 
 1246      0B06D185 
 1246      E1E03A2C 
 1246      0013
 1247 04e4 AF4AAC52 		.ascii	"\257J\254R(\246T\204\010\241B\304\332\002\350k\247v"
 1247      28A65484 
 1247      08A142C4 
 1247      DA02E86B 
 1247      A776
 1248 04f6 5BB805BA 		.ascii	"[\270\005\272,\026\026\013K\255Xmkb\310\276m\325\007"
 1248      2C16160B 
 1248      4BAD586D 
 1248      6B62C8BE 
 1248      6DD507
 1249 0509 58C8CE68 		.ascii	"X\310\316h]\254\265\255\341\262\357o\206\214\034?\326"
 1249      5DACB5AD 
 1249      E1B2EF6F 
ARM GAS  /tmp/cc1WlS3I.s 			page 38


 1249      868C1C3F 
 1249      D6
 1250 051a AAA5FA6D 		.ascii	"\252\245\372mh\015\026\202\026b\\\320\020E\301\2513"
 1250      680D1682 
 1250      16625CD0 
 1250      1045C1A9 
 1250      33
 1251 052b 407D785A 		.ascii	"@}xZqb\204*\244\360\266\260\313\262n\214\025\013+\370"
 1251      7162842A 
 1251      A4F0B6B0 
 1251      CBB26E8C 
 1251      150B2BF8 
 1252 053f 13BA523F 		.ascii	"\023\272R?\326m?\030\240\361\006\247\340\252\254`\014"
 1252      D66D3F18 
 1252      A0F106A7 
 1252      E0AAAC60 
 1252      0C
 1253 0550 1604EC06 		.ascii	"\026\004\354\006a)_\277YUX\025\254&\334`a\267\025\006"
 1253      61295FBF 
 1253      59555815 
 1253      AC26DC60 
 1253      61B71506 
 1254 0564 68AB092F 		.ascii	"h\253\011/\206\032Vn\260\007\226\207\324\325\226\205"
 1254      861A566E 
 1254      B0079687 
 1254      D4D59685 
 1255 0574 4C90673E 		.ascii	"L\220g>K#\302\006\304\355zN*D\304~\3640bk.u\370\370"
 1255      4B23C206 
 1255      C4ED7A4E 
 1255      2A44C47E 
 1255      F430626B 
 1256 058c 623B54B7 		.ascii	"b;T\267&\243\235\003\200\251\250a$\350\014D\210\004"
 1256      26A39D03 
 1256      80A9A861 
 1256      24E80C44 
 1256      8804
 1257 059e 22322322 		.ascii	"\"2#\"\244i:p\002\0312+n\021p-\204\346\244 I\262q\320"
 1257      A4693A70 
 1257      0219322B 
 1257      6E11702D 
 1257      84E6A420 
 1258 05b6 F00C7654 		.ascii	"\360\014vT\215 (EV\320\225Q\265r\334\371\321\177\213"
 1258      8D202845 
 1258      56D09551 
 1258      B572DCF9 
 1258      D17F8B
 1259 05c9 41BF84AF 		.ascii	"A\277\204\257\3277n,j\004vI\246\263\316\003\250\356"
 1259      D7376E2C 
 1259      6A047649 
 1259      A6B3CE03 
 1259      A8EE
 1260 05db 52CC76B7 		.ascii	"R\314v\267?K-\003\363\342\22760\230\030_\3577\015\217"
 1260      3F4B2D03 
 1260      F3E29736 
 1260      3098185F 
 1260      EF370D8F 
 1261 05ef 509460B2 		.ascii	"P\224`\262n#\027\177\022\357\365\022V8\237Y\303\341"
ARM GAS  /tmp/cc1WlS3I.s 			page 39


 1261      6E23177F 
 1261      12EFF512 
 1261      56389F59 
 1261      C3E1
 1262 0601 94AC77F2 		.ascii	"\224\254w\362g CB\315\317J\030k,J\011\011\265N\247X"
 1262      67204342 
 1262      CDCF4A18 
 1262      6B2C4A09 
 1262      09B54EA7 
 1263 0616 4B71A10D 		.ascii	"Kq\241\015\000QF\017}\265M\374\023I\337?Cv\366`\002"
 1263      0051460F 
 1263      7DB54DFC 
 1263      1349DF3F 
 1263      4376F660 
 1264 062b 2DF4D254 		.ascii	"-\364\322T~5\275\024aA\371$u\3305\"\337>\007a\030\265"
 1264      7E35BD14 
 1264      6141F924 
 1264      75D83522 
 1264      DF3E0761 
 1265 0641 247595BA 		.ascii	"$u\225\272\323e\221;|\250\341\024\334\341+\241\010\014"
 1265      D365913B 
 1265      7CA8E114 
 1265      DCE12BA1 
 1265      080C
 1266 0653 9821D06D 		.ascii	"\230!\320m\240\367\2567\000\337\333\276sX\304A\340y"
 1266      A0F7AE37 
 1266      00DFDBBE 
 1266      7358C441 
 1266      E079
 1267 0665 24161C34 		.ascii	"$\026\0344\350Vz;\363\331\200,\302\022%g\322\2466af"
 1267      E8567A3B 
 1267      F3D9802C 
 1267      C2122567 
 1267      D2A63661 
 1268 067a F5312E19 		.ascii	"\3651.\031[\015\350_0W\005\022\202\\[eS\252^\015.J\031"
 1268      5B0DE85F 
 1268      30570512 
 1268      825C5B65 
 1268      53AA5E0D 
 1269 0691 E0F2BC0F 		.ascii	"\340\362\274\017G\255Y\"XG\022\203M\3142\361\007^O\032"
 1269      47AD5922 
 1269      58471283 
 1269      4DCC32F1 
 1269      075E4F1A 
 1270 06a5 0D3A7537 		.ascii	"\015:u7\367\343\017C\324\274P\267\253\303C\327<>\255"
 1270      F7E30F43 
 1270      D4BC50B7 
 1270      ABC343D7 
 1270      3C3EAD
 1271 06b8 865773F0 		.ascii	"\206Ws\360\"(9\273\327\"C$#H_O:\364]\3169\360\336\326"
 1271      222839BB 
 1271      D7224324 
 1271      23485F4F 
 1271      3AF45DCE 
 1272 06d0 C11E94EE 		.ascii	"\301\036\224\356s*K\231\200\216\256h\321\237\366\213"
 1272      732A4B99 
 1272      808EAE68 
ARM GAS  /tmp/cc1WlS3I.s 			page 40


 1272      D19FF68B 
 1273 06e0 850114CE 		.ascii	"\205\001\024\316\343\246\010c+\352\317B\030\256f\260"
 1273      E3A60863 
 1273      2BEACF42 
 1273      18AE66B0 
 1274 06f0 F40F     		.ascii	"\364\017"
 1275              		.text
 1276              		.section	.gnu.lto_.symtab.5fd192d7fc80cbf7,"e",%progbits
 1277 0000 53746172 		.ascii	"StartDefaultTask\000"
 1277      74446566 
 1277      61756C74 
 1277      5461736B 
 1277      00
 1278 0011 00       		.ascii	"\000"
 1279 0012 00       		.ascii	"\000"
 1280 0013 00       		.ascii	"\000"
 1281 0014 00000000 		.ascii	"\000\000\000\000\000\000\000\000"
 1281      00000000 
 1282 001c C1000000 		.ascii	"\301\000\000\000"
 1283 0020 4D585F46 		.ascii	"MX_FREERTOS_Init\000"
 1283      52454552 
 1283      544F535F 
 1283      496E6974 
 1283      00
 1284 0031 00       		.ascii	"\000"
 1285 0032 00       		.ascii	"\000"
 1286 0033 00       		.ascii	"\000"
 1287 0034 00000000 		.ascii	"\000\000\000\000\000\000\000\000"
 1287      00000000 
 1288 003c C4000000 		.ascii	"\304\000\000\000"
 1289 0040 64656661 		.ascii	"defaultTask_attributes\000"
 1289      756C7454 
 1289      61736B5F 
 1289      61747472 
 1289      69627574 
 1290 0057 00       		.ascii	"\000"
 1291 0058 00       		.ascii	"\000"
 1292 0059 00       		.ascii	"\000"
 1293 005a 00000000 		.ascii	"\000\000\000\000\000\000\000\000"
 1293      00000000 
 1294 0062 F4000000 		.ascii	"\364\000\000\000"
 1295 0066 64656661 		.ascii	"defaultTaskHandle\000"
 1295      756C7454 
 1295      61736B48 
 1295      616E646C 
 1295      6500
 1296 0078 00       		.ascii	"\000"
 1297 0079 00       		.ascii	"\000"
 1298 007a 00       		.ascii	"\000"
 1299 007b 00000000 		.ascii	"\000\000\000\000\000\000\000\000"
 1299      00000000 
 1300 0083 F8000000 		.ascii	"\370\000\000\000"
 1301 0087 6F734465 		.ascii	"osDelay\000"
 1301      6C617900 
 1302 008f 00       		.ascii	"\000"
 1303 0090 02       		.ascii	"\002"
 1304 0091 00       		.ascii	"\000"
ARM GAS  /tmp/cc1WlS3I.s 			page 41


 1305 0092 00000000 		.ascii	"\000\000\000\000\000\000\000\000"
 1305      00000000 
 1306 009a FF000000 		.ascii	"\377\000\000\000"
 1307 009e 6F735468 		.ascii	"osThreadNew\000"
 1307      72656164 
 1307      4E657700 
 1308 00aa 00       		.ascii	"\000"
 1309 00ab 02       		.ascii	"\002"
 1310 00ac 00       		.ascii	"\000"
 1311 00ad 00000000 		.ascii	"\000\000\000\000\000\000\000\000"
 1311      00000000 
 1312 00b5 0B010000 		.ascii	"\013\001\000\000"
 1313              		.text
 1314              		.section	.gnu.lto_.ext_symtab.5fd192d7fc80cbf7,"e",%progbits
 1315 0000 01       		.ascii	"\001"
 1316 0001 01       		.ascii	"\001"
 1317 0002 00       		.ascii	"\000"
 1318 0003 01       		.ascii	"\001"
 1319 0004 00       		.ascii	"\000"
 1320 0005 02       		.ascii	"\002"
 1321 0006 00       		.ascii	"\000"
 1322 0007 02       		.ascii	"\002"
 1323 0008 01       		.ascii	"\001"
 1324 0009 01       		.ascii	"\001"
 1325 000a 00       		.ascii	"\000"
 1326 000b 01       		.ascii	"\001"
 1327 000c 00       		.ascii	"\000"
 1328              		.text
 1329              		.section	.gnu.lto_.opts,"e",%progbits
 1330 0000 272D666E 		.ascii	"'-fno-openmp' '-fno-openacc' '-fno-pie' '-fcf-prote"
 1330      6F2D6F70 
 1330      656E6D70 
 1330      2720272D 
 1330      666E6F2D 
 1331 0033 6374696F 		.ascii	"ction=none' '-g' '-mcpu=cortex-m0plus' '-mthumb' '-"
 1331      6E3D6E6F 
 1331      6E652720 
 1331      272D6727 
 1331      20272D6D 
 1332 0066 6D666C6F 		.ascii	"mfloat-abi=soft' '-mlibarch=armv6s-m' '-march=armv6"
 1332      61742D61 
 1332      62693D73 
 1332      6F667427 
 1332      20272D6D 
 1333 0099 732D6D27 		.ascii	"s-m' '-Og' '-fdata-sections' '-ffunction-sections' "
 1333      20272D4F 
 1333      67272027 
 1333      2D666461 
 1333      74612D73 
 1334 00cc 272D666C 		.ascii	"'-flto' '-Xassembler' '-a' '-Xassembler' '-ad' '-Xa"
 1334      746F2720 
 1334      272D5861 
 1334      7373656D 
 1334      626C6572 
 1335 00ff 7373656D 		.ascii	"ssembler' '-alms=build/debug/app_freertos.lst'\000"
 1335      626C6572 
 1335      2720272D 
ARM GAS  /tmp/cc1WlS3I.s 			page 42


 1335      616C6D73 
 1335      3D627569 
 1336              		.text
 1337              		.comm	__gnu_lto_slim,1,1
 1338              		.ident	"GCC: (Arm GNU Toolchain 14.2.Rel1 (Build arm-14.52)) 14.2.1 20241119"
ARM GAS  /tmp/cc1WlS3I.s 			page 43


DEFINED SYMBOLS
                            *ABS*:00000000 app_freertos.c
     /tmp/cc1WlS3I.s:23     .gnu.debuglto_.debug_info:00000000 app_freertos.c.285f3a38
                            *COM*:00000001 __gnu_lto_slim

NO UNDEFINED SYMBOLS
