ARM GAS  /tmp/cc8PldF7.s 			page 1


   1              		.cpu cortex-m0plus
   2              		.arch armv6s-m
   3              		.fpu softvfp
   4              		.eabi_attribute 20, 1
   5              		.eabi_attribute 21, 1
   6              		.eabi_attribute 23, 3
   7              		.eabi_attribute 24, 1
   8              		.eabi_attribute 25, 1
   9              		.eabi_attribute 26, 1
  10              		.eabi_attribute 30, 1
  11              		.eabi_attribute 34, 0
  12              		.eabi_attribute 18, 4
  13              		.file	"croutine.c"
  14              		.section	.gnu.debuglto_.debug_info,"e",%progbits
  15              	.Ldebug_info0:
  16              		.hidden	croutine.c.4cdaa5e5
  17              		.weak	croutine.c.4cdaa5e5
  18              	croutine.c.4cdaa5e5:
  19 0000 6F000000 		.4byte	0x6f
  20 0004 0500     		.2byte	0x5
  21 0006 01       		.byte	0x1
  22 0007 04       		.byte	0x4
  23 0008 00000000 		.4byte	.Ldebug_abbrev0
  24 000c 02       		.uleb128 0x2
  25 000d A9000000 		.4byte	.LASF11
  26 0011 1D       		.byte	0x1d
  27 0012 3D010000 		.4byte	.LASF12
  28 0016 0D000000 		.4byte	.LASF13
  29 001a 00000000 		.4byte	.Ldebug_line0
  30 001e 03       		.uleb128 0x3
  31 001f 04       		.byte	0x4
  32 0020 05       		.byte	0x5
  33 0021 696E7400 		.ascii	"int\000"
  34 0025 01       		.uleb128 0x1
  35 0026 04       		.byte	0x4
  36 0027 07       		.byte	0x7
  37 0028 00000000 		.4byte	.LASF0
  38 002c 01       		.uleb128 0x1
  39 002d 08       		.byte	0x8
  40 002e 05       		.byte	0x5
  41 002f 8A010000 		.4byte	.LASF1
  42 0033 01       		.uleb128 0x1
  43 0034 08       		.byte	0x8
  44 0035 04       		.byte	0x4
  45 0036 79010000 		.4byte	.LASF2
  46 003a 01       		.uleb128 0x1
  47 003b 01       		.byte	0x1
  48 003c 06       		.byte	0x6
  49 003d 69000000 		.4byte	.LASF3
  50 0041 01       		.uleb128 0x1
  51 0042 01       		.byte	0x1
  52 0043 08       		.byte	0x8
  53 0044 5B000000 		.4byte	.LASF4
  54 0048 01       		.uleb128 0x1
  55 0049 02       		.byte	0x2
  56 004a 05       		.byte	0x5
  57 004b 88000000 		.4byte	.LASF5
ARM GAS  /tmp/cc8PldF7.s 			page 2


  58 004f 01       		.uleb128 0x1
  59 0050 02       		.byte	0x2
  60 0051 07       		.byte	0x7
  61 0052 75000000 		.4byte	.LASF6
  62 0056 01       		.uleb128 0x1
  63 0057 04       		.byte	0x4
  64 0058 05       		.byte	0x5
  65 0059 70010000 		.4byte	.LASF7
  66 005d 01       		.uleb128 0x1
  67 005e 04       		.byte	0x4
  68 005f 07       		.byte	0x7
  69 0060 49000000 		.4byte	.LASF8
  70 0064 01       		.uleb128 0x1
  71 0065 08       		.byte	0x8
  72 0066 07       		.byte	0x7
  73 0067 92000000 		.4byte	.LASF9
  74 006b 01       		.uleb128 0x1
  75 006c 01       		.byte	0x1
  76 006d 08       		.byte	0x8
  77 006e 85010000 		.4byte	.LASF10
  78 0072 00       		.byte	0
  79              		.section	.gnu.debuglto_.debug_abbrev,"e",%progbits
  80              	.Ldebug_abbrev0:
  81 0000 01       		.uleb128 0x1
  82 0001 24       		.uleb128 0x24
  83 0002 00       		.byte	0
  84 0003 0B       		.uleb128 0xb
  85 0004 0B       		.uleb128 0xb
  86 0005 3E       		.uleb128 0x3e
  87 0006 0B       		.uleb128 0xb
  88 0007 03       		.uleb128 0x3
  89 0008 0E       		.uleb128 0xe
  90 0009 00       		.byte	0
  91 000a 00       		.byte	0
  92 000b 02       		.uleb128 0x2
  93 000c 11       		.uleb128 0x11
  94 000d 01       		.byte	0x1
  95 000e 25       		.uleb128 0x25
  96 000f 0E       		.uleb128 0xe
  97 0010 13       		.uleb128 0x13
  98 0011 0B       		.uleb128 0xb
  99 0012 03       		.uleb128 0x3
 100 0013 0E       		.uleb128 0xe
 101 0014 1B       		.uleb128 0x1b
 102 0015 0E       		.uleb128 0xe
 103 0016 10       		.uleb128 0x10
 104 0017 17       		.uleb128 0x17
 105 0018 00       		.byte	0
 106 0019 00       		.byte	0
 107 001a 03       		.uleb128 0x3
 108 001b 24       		.uleb128 0x24
 109 001c 00       		.byte	0
 110 001d 0B       		.uleb128 0xb
 111 001e 0B       		.uleb128 0xb
 112 001f 3E       		.uleb128 0x3e
 113 0020 0B       		.uleb128 0xb
 114 0021 03       		.uleb128 0x3
ARM GAS  /tmp/cc8PldF7.s 			page 3


 115 0022 08       		.uleb128 0x8
 116 0023 00       		.byte	0
 117 0024 00       		.byte	0
 118 0025 00       		.byte	0
 119              		.section	.gnu.debuglto_.debug_line,"e",%progbits
 120              	.Ldebug_line0:
 121 0000 2D000000 		.4byte	.LELT0-.LSLT0
 122              	.LSLT0:
 123 0004 0500     		.2byte	0x5
 124 0006 04       		.byte	0x4
 125 0007 00       		.byte	0
 126 0008 25000000 		.4byte	.LELTP0-.LASLTP0
 127              	.LASLTP0:
 128 000c 01       		.byte	0x1
 129 000d 01       		.byte	0x1
 130 000e 01       		.byte	0x1
 131 000f F6       		.byte	0xf6
 132 0010 F2       		.byte	0xf2
 133 0011 0D       		.byte	0xd
 134 0012 00       		.byte	0
 135 0013 01       		.byte	0x1
 136 0014 01       		.byte	0x1
 137 0015 01       		.byte	0x1
 138 0016 01       		.byte	0x1
 139 0017 00       		.byte	0
 140 0018 00       		.byte	0
 141 0019 00       		.byte	0
 142 001a 01       		.byte	0x1
 143 001b 00       		.byte	0
 144 001c 00       		.byte	0
 145 001d 01       		.byte	0x1
 146 001e 01       		.byte	0x1
 147 001f 01       		.uleb128 0x1
 148 0020 1F       		.uleb128 0x1f
 149 0021 01       		.uleb128 0x1
 150 0022 33000000 		.4byte	.LASF14
 151 0026 02       		.byte	0x2
 152 0027 01       		.uleb128 0x1
 153 0028 1F       		.uleb128 0x1f
 154 0029 02       		.uleb128 0x2
 155 002a 0B       		.uleb128 0xb
 156 002b 01       		.uleb128 0x1
 157 002c 00000000 		.4byte	.LASF15
 158 0030 00       		.byte	0
 159              	.LELTP0:
 160              	.LELT0:
 161              		.section	.gnu.debuglto_.debug_str,"eMS",%progbits,1
 162              	.LASF0:
 163 0000 756E7369 		.ascii	"unsigned int\000"
 163      676E6564 
 163      20696E74 
 163      00
 164              	.LASF13:
 165 000d 2F686F6D 		.ascii	"/home/zgj/servo_project/zgj_project/ClosedLoop_Step"
 165      652F7A67 
 165      6A2F7365 
 165      72766F5F 
ARM GAS  /tmp/cc8PldF7.s 			page 4


 165      70726F6A 
 166 0040 7065724D 		.ascii	"perMotor\000"
 166      6F746F72 
 166      00
 167              	.LASF8:
 168 0049 6C6F6E67 		.ascii	"long unsigned int\000"
 168      20756E73 
 168      69676E65 
 168      6420696E 
 168      7400
 169              	.LASF4:
 170 005b 756E7369 		.ascii	"unsigned char\000"
 170      676E6564 
 170      20636861 
 170      7200
 171              	.LASF3:
 172 0069 7369676E 		.ascii	"signed char\000"
 172      65642063 
 172      68617200 
 173              	.LASF6:
 174 0075 73686F72 		.ascii	"short unsigned int\000"
 174      7420756E 
 174      7369676E 
 174      65642069 
 174      6E7400
 175              	.LASF5:
 176 0088 73686F72 		.ascii	"short int\000"
 176      7420696E 
 176      7400
 177              	.LASF9:
 178 0092 6C6F6E67 		.ascii	"long long unsigned int\000"
 178      206C6F6E 
 178      6720756E 
 178      7369676E 
 178      65642069 
 179              	.LASF11:
 180 00a9 474E5520 		.ascii	"GNU C17 14.2.1 20241119 -mcpu=cortex-m0plus -mthumb"
 180      43313720 
 180      31342E32 
 180      2E312032 
 180      30323431 
 181 00dc 202D6D66 		.ascii	" -mfloat-abi=soft -march=armv6s-m -g -gdwarf -ggdb "
 181      6C6F6174 
 181      2D616269 
 181      3D736F66 
 181      74202D6D 
 182 010f 2D4F6720 		.ascii	"-Og -fdata-sections -ffunction-sections -flto\000"
 182      2D666461 
 182      74612D73 
 182      65637469 
 182      6F6E7320 
 183              	.LASF12:
 184 013d 4D696464 		.ascii	"Middlewares/Third_Party/FreeRTOS/Source/croutine.c\000"
 184      6C657761 
 184      7265732F 
 184      54686972 
 184      645F5061 
ARM GAS  /tmp/cc8PldF7.s 			page 5


 185              	.LASF7:
 186 0170 6C6F6E67 		.ascii	"long int\000"
 186      20696E74 
 186      00
 187              	.LASF2:
 188 0179 6C6F6E67 		.ascii	"long double\000"
 188      20646F75 
 188      626C6500 
 189              	.LASF10:
 190 0185 63686172 		.ascii	"char\000"
 190      00
 191              	.LASF1:
 192 018a 6C6F6E67 		.ascii	"long long int\000"
 192      206C6F6E 
 192      6720696E 
 192      7400
 193              		.section	.gnu.debuglto_.debug_line_str,"eMS",%progbits,1
 194              	.LASF15:
 195 0000 4D696464 		.ascii	"Middlewares/Third_Party/FreeRTOS/Source/croutine.c\000"
 195      6C657761 
 195      7265732F 
 195      54686972 
 195      645F5061 
 196              	.LASF14:
 197 0033 2F686F6D 		.ascii	"/home/zgj/servo_project/zgj_project/ClosedLoop_Step"
 197      652F7A67 
 197      6A2F7365 
 197      72766F5F 
 197      70726F6A 
 198 0066 7065724D 		.ascii	"perMotor\000"
 198      6F746F72 
 198      00
 199              		.text
 200              		.section	.gnu.lto_.profile.e091c081d7ddcb39,"e",%progbits
 201 0000 28B52FFD 		.ascii	"(\265/\375 \0061\000\000\002\000\000\000\000\000"
 201      20063100 
 201      00020000 
 201      000000
 202              		.text
 203              		.section	.gnu.lto_.inline.e091c081d7ddcb39,"e",%progbits
 204 0000 28B52FFD 		.ascii	"(\265/\375 \016E\000\000\020\002\000\001\000\034\300"
 204      200E4500 
 204      00100200 
 204      01001CC0 
 205 0010 02       		.ascii	"\002"
 206              		.text
 207              		.section	.gnu.lto_.jmpfuncs.e091c081d7ddcb39,"e",%progbits
 208 0000 28B52FFD 		.ascii	"(\265/\375 \016E\000\000\020\002\000\001\000\034\300"
 208      200E4500 
 208      00100200 
 208      01001CC0 
 209 0010 02       		.ascii	"\002"
 210              		.text
 211              		.section	.gnu.lto_.pureconst.e091c081d7ddcb39,"e",%progbits
 212 0000 28B52FFD 		.ascii	"(\265/\375 \005)\000\000\001\000\000\000\000"
 212      20052900 
 212      00010000 
ARM GAS  /tmp/cc8PldF7.s 			page 6


 212      0000
 213              		.text
 214              		.section	.gnu.lto_.ipa_modref.e091c081d7ddcb39,"e",%progbits
 215 0000 28B52FFD 		.ascii	"(\265/\375 \016E\000\000\020\002\000\001\000\034\300"
 215      200E4500 
 215      00100200 
 215      01001CC0 
 216 0010 02       		.ascii	"\002"
 217              		.text
 218              		.section	.gnu.lto_.lto.e091c081d7ddcb39,"e",%progbits
 219 0000 0E000000 		.ascii	"\016\000\000\000\001\000\001\000"
 219      01000100 
 220              		.text
 221              		.section	.gnu.lto_.symbol_nodes.e091c081d7ddcb39,"e",%progbits
 222 0000 28B52FFD 		.ascii	"(\265/\375 \0061\000\000\002\000\000\000\000\000"
 222      20063100 
 222      00020000 
 222      000000
 223              		.text
 224              		.section	.gnu.lto_.refs.e091c081d7ddcb39,"e",%progbits
 225 0000 28B52FFD 		.ascii	"(\265/\375 \005)\000\000\001\000\000\000\000"
 225      20052900 
 225      00010000 
 225      0000
 226              		.text
 227              		.section	.gnu.lto_.decls.e091c081d7ddcb39,"e",%progbits
 228 0000 28B52FFD 		.ascii	"(\265/\375 \035\351\000\000\000\000\000\000\001\000"
 228      201DE900 
 228      00000000 
 228      000100
 229 000f 00000C00 		.ascii	"\000\000\014\000\000\000\377\377\377\377\001\000\000"
 229      0000FFFF 
 229      FFFF0100 
 229      00
 230 001c 00D70000 		.ascii	"\000\327\000\000\000\000\000\000\000\000"
 230      00000000 
 230      0000
 231              		.text
 232              		.section	.gnu.lto_.symtab.e091c081d7ddcb39,"e",%progbits
 233              		.text
 234              		.section	.gnu.lto_.ext_symtab.e091c081d7ddcb39,"e",%progbits
 235 0000 01       		.ascii	"\001"
 236              		.text
 237              		.section	.gnu.lto_.opts,"e",%progbits
 238 0000 272D666E 		.ascii	"'-fno-openmp' '-fno-openacc' '-fno-pie' '-fcf-prote"
 238      6F2D6F70 
 238      656E6D70 
 238      2720272D 
 238      666E6F2D 
 239 0033 6374696F 		.ascii	"ction=none' '-g' '-mcpu=cortex-m0plus' '-mthumb' '-"
 239      6E3D6E6F 
 239      6E652720 
 239      272D6727 
 239      20272D6D 
 240 0066 6D666C6F 		.ascii	"mfloat-abi=soft' '-mlibarch=armv6s-m' '-march=armv6"
 240      61742D61 
 240      62693D73 
ARM GAS  /tmp/cc8PldF7.s 			page 7


 240      6F667427 
 240      20272D6D 
 241 0099 732D6D27 		.ascii	"s-m' '-Og' '-fdata-sections' '-ffunction-sections' "
 241      20272D4F 
 241      67272027 
 241      2D666461 
 241      74612D73 
 242 00cc 272D666C 		.ascii	"'-flto' '-Xassembler' '-a' '-Xassembler' '-ad' '-Xa"
 242      746F2720 
 242      272D5861 
 242      7373656D 
 242      626C6572 
 243 00ff 7373656D 		.ascii	"ssembler' '-alms=build/debug/croutine.lst'\000"
 243      626C6572 
 243      2720272D 
 243      616C6D73 
 243      3D627569 
 244              		.text
 245              		.comm	__gnu_lto_slim,1,1
 246              		.ident	"GCC: (Arm GNU Toolchain 14.2.Rel1 (Build arm-14.52)) 14.2.1 20241119"
ARM GAS  /tmp/cc8PldF7.s 			page 8


DEFINED SYMBOLS
                            *ABS*:00000000 croutine.c
     /tmp/cc8PldF7.s:18     .gnu.debuglto_.debug_info:00000000 croutine.c.4cdaa5e5
                            *COM*:00000001 __gnu_lto_slim

NO UNDEFINED SYMBOLS
