ARM GAS  /tmp/ccMbQ9WL.s 			page 1


   1              		.cpu cortex-m0plus
   2              		.arch armv6s-m
   3              		.fpu softvfp
   4              		.eabi_attribute 20, 1
   5              		.eabi_attribute 21, 1
   6              		.eabi_attribute 23, 3
   7              		.eabi_attribute 24, 1
   8              		.eabi_attribute 25, 1
   9              		.eabi_attribute 26, 1
  10              		.eabi_attribute 30, 1
  11              		.eabi_attribute 34, 0
  12              		.eabi_attribute 18, 4
  13              		.file	"HAL_System.cpp"
  14              		.text
  15              	.Ltext0:
  16              		.cfi_sections	.debug_frame
  17              		.file 1 "My_Top/System/HAL_System.cpp"
  18              		.align	1
  19              		.global	_ZN10HAL_System23period_elapsed_callbackEP19__TIM_HandleTypeDef
  20              		.syntax unified
  21              		.code	16
  22              		.thumb_func
  24              	_ZN10HAL_System23period_elapsed_callbackEP19__TIM_HandleTypeDef:
  25              	.LVL0:
  26              	.LFB461:
   1:My_Top/System/HAL_System.cpp **** #include "HAL_System.hpp"
   2:My_Top/System/HAL_System.cpp **** #include "FreeRTOS.h"
   3:My_Top/System/HAL_System.cpp **** #include "task.h"
   4:My_Top/System/HAL_System.cpp **** 
   5:My_Top/System/HAL_System.cpp **** // ============================================================
   6:My_Top/System/HAL_System.cpp **** // 静态成员变量定义
   7:My_Top/System/HAL_System.cpp **** // STM32 的 TIM 计数器是 32 位的，最大值 0xFFFFFFFF
   8:My_Top/System/HAL_System.cpp **** // 当计数器溢出（从 0xFFFFFFFF 回到 0）时，需要累加高 32 位
   9:My_Top/System/HAL_System.cpp **** // ============================================================
  10:My_Top/System/HAL_System.cpp **** uint64_t HAL_System::tick_us = 0;     // 64 位微秒计时器（高 32 位 + TIM 计数器）
  11:My_Top/System/HAL_System.cpp **** uint32_t HAL_System::tick_ms = 0;     // 32 毫秒计时器（由 tick_us 计算得到）
  12:My_Top/System/HAL_System.cpp **** 
  13:My_Top/System/HAL_System.cpp **** // ============================================================
  14:My_Top/System/HAL_System.cpp **** // 初始化函数
  15:My_Top/System/HAL_System.cpp **** // ============================================================
  16:My_Top/System/HAL_System.cpp **** void HAL_System::init(void)
  17:My_Top/System/HAL_System.cpp **** {
  18:My_Top/System/HAL_System.cpp ****     // 启动定时器中断（计数器开始计数）
  19:My_Top/System/HAL_System.cpp ****     HAL_TIM_Base_Start_IT(System_htim);
  20:My_Top/System/HAL_System.cpp **** 
  21:My_Top/System/HAL_System.cpp ****     // 注册 PeriodElapsed 回调函数
  22:My_Top/System/HAL_System.cpp ****     // 作用：当 TIM 计数器溢出时，自动调用 period_elapsed_callback()
  23:My_Top/System/HAL_System.cpp ****     // 这样可以累加高 32 位，实现 64 位精度的长时间计时stm32g4xx_hal_tim
  24:My_Top/System/HAL_System.cpp ****     HAL_TIM_RegisterCallback(System_htim, HAL_TIM_PERIOD_ELAPSED_CB_ID, period_elapsed_callback);
  25:My_Top/System/HAL_System.cpp **** }
  26:My_Top/System/HAL_System.cpp **** 
  27:My_Top/System/HAL_System.cpp **** 
  28:My_Top/System/HAL_System.cpp **** // ============================================================
  29:My_Top/System/HAL_System.cpp **** // 获取当前微秒数（64 位，精度由 TIM 决定）
  30:My_Top/System/HAL_System.cpp **** // ============================================================
  31:My_Top/System/HAL_System.cpp **** uint64_t HAL_System::get_tick_us(void)
  32:My_Top/System/HAL_System.cpp **** {
ARM GAS  /tmp/ccMbQ9WL.s 			page 2


  33:My_Top/System/HAL_System.cpp ****     // 读取当前 TIM 计数器的低 32 位
  34:My_Top/System/HAL_System.cpp ****     uint32_t current_cnt = __HAL_TIM_GET_COUNTER(System_htim);
  35:My_Top/System/HAL_System.cpp **** 
  36:My_Top/System/HAL_System.cpp ****     // 拼装 64 位计时器：
  37:My_Top/System/HAL_System.cpp ****     // tick_us 的高 32 位 = 之前的累加值（elapse_cnt × 2^32）
  38:My_Top/System/HAL_System.cpp ****     // tick_us 的低 32 位 = 当前 TIM 计数器值
  39:My_Top/System/HAL_System.cpp ****     // 先把当前的低 32 位清零（& ~0xFFFFFFFF），再或上新的计数器值
  40:My_Top/System/HAL_System.cpp ****     tick_us = (tick_us & (uint64_t)0xFFFFFFFF00000000) | current_cnt;
  41:My_Top/System/HAL_System.cpp **** 
  42:My_Top/System/HAL_System.cpp ****     return tick_us;
  43:My_Top/System/HAL_System.cpp **** }
  44:My_Top/System/HAL_System.cpp **** 
  45:My_Top/System/HAL_System.cpp **** // ============================================================
  46:My_Top/System/HAL_System.cpp **** // 获取当前毫秒数（32 位，由微秒计算得出）
  47:My_Top/System/HAL_System.cpp **** // ============================================================
  48:My_Top/System/HAL_System.cpp **** uint32_t HAL_System::get_tick_ms(void)
  49:My_Top/System/HAL_System.cpp **** {
  50:My_Top/System/HAL_System.cpp ****     // 微秒转毫秒（除以 1000）
  51:My_Top/System/HAL_System.cpp ****     tick_ms = get_tick_us() / 1000;
  52:My_Top/System/HAL_System.cpp ****     return tick_ms;
  53:My_Top/System/HAL_System.cpp **** }
  54:My_Top/System/HAL_System.cpp **** 
  55:My_Top/System/HAL_System.cpp **** // ============================================================
  56:My_Top/System/HAL_System.cpp **** // 延时函数（使用 FreeRTOS 的任务延时，释放 CPU）
  57:My_Top/System/HAL_System.cpp **** // ============================================================
  58:My_Top/System/HAL_System.cpp **** void HAL_System::delay_ms(uint32_t ms)
  59:My_Top/System/HAL_System.cpp **** {
  60:My_Top/System/HAL_System.cpp ****     vTaskDelay(pdMS_TO_TICKS(ms));
  61:My_Top/System/HAL_System.cpp **** }
  62:My_Top/System/HAL_System.cpp **** 
  63:My_Top/System/HAL_System.cpp **** // ============================================================
  64:My_Top/System/HAL_System.cpp **** // 定时器溢出回调函数（每当 TIM 计数器从 0xFFFFFFFF 回到 0 时触发）
  65:My_Top/System/HAL_System.cpp **** // ============================================================
  66:My_Top/System/HAL_System.cpp **** // 注意：此函数运行在中断上下文中！
  67:My_Top/System/HAL_System.cpp **** void HAL_System::period_elapsed_callback(TIM_HandleTypeDef *htim)
  68:My_Top/System/HAL_System.cpp **** {
  27              		.loc 1 68 1 view -0
  28              		.cfi_startproc
  29              		@ args = 0, pretend = 0, frame = 0
  30              		@ frame_needed = 0, uses_anonymous_args = 0
  31              		.loc 1 68 1 is_stmt 0 view .LVU1
  32 0000 30B5     		push	{r4, r5, lr}
  33              		.cfi_def_cfa_offset 12
  34              		.cfi_offset 4, -12
  35              		.cfi_offset 5, -8
  36              		.cfi_offset 14, -4
  69:My_Top/System/HAL_System.cpp ****     // TIM 溢出一次 = 增加了 2^32 个计数单位
  70:My_Top/System/HAL_System.cpp ****     // 1 << 32 = 0x100000000 = 4294967296
  71:My_Top/System/HAL_System.cpp ****     // tick_us 高 32 位自动加 1（因为累加到这个数）
  72:My_Top/System/HAL_System.cpp ****     tick_us += (uint64_t)1 << 32;
  37              		.loc 1 72 5 is_stmt 1 view .LVU2
  38              		.loc 1 72 13 is_stmt 0 view .LVU3
  39 0002 0549     		ldr	r1, .L2
  40 0004 0A68     		ldr	r2, [r1]
  41 0006 4B68     		ldr	r3, [r1, #4]
  42 0008 0024     		movs	r4, #0
  43 000a 0125     		movs	r5, #1
ARM GAS  /tmp/ccMbQ9WL.s 			page 3


  44 000c 1219     		adds	r2, r2, r4
  45 000e 6B41     		adcs	r3, r3, r5
  46 0010 0A60     		str	r2, [r1]
  47 0012 4B60     		str	r3, [r1, #4]
  73:My_Top/System/HAL_System.cpp **** }
  48              		.loc 1 73 1 view .LVU4
  49              		@ sp needed
  50 0014 30BD     		pop	{r4, r5, pc}
  51              	.L3:
  52 0016 C046     		.align	2
  53              	.L2:
  54 0018 00000000 		.word	.LANCHOR0
  55              		.cfi_endproc
  56              	.LFE461:
  58              		.align	1
  59              		.global	_ZN10HAL_System4initEv
  60              		.syntax unified
  61              		.code	16
  62              		.thumb_func
  64              	_ZN10HAL_System4initEv:
  65              	.LFB457:
  17:My_Top/System/HAL_System.cpp ****     // 启动定时器中断（计数器开始计数）
  66              		.loc 1 17 1 is_stmt 1 view -0
  67              		.cfi_startproc
  68              		@ args = 0, pretend = 0, frame = 0
  69              		@ frame_needed = 0, uses_anonymous_args = 0
  70 001c 10B5     		push	{r4, lr}
  71              		.cfi_def_cfa_offset 8
  72              		.cfi_offset 4, -8
  73              		.cfi_offset 14, -4
  19:My_Top/System/HAL_System.cpp **** 
  74              		.loc 1 19 5 view .LVU6
  19:My_Top/System/HAL_System.cpp **** 
  75              		.loc 1 19 26 is_stmt 0 view .LVU7
  76 001e 054C     		ldr	r4, .L5
  77 0020 2000     		movs	r0, r4
  78 0022 FFF7FEFF 		bl	HAL_TIM_Base_Start_IT
  79              	.LVL1:
  24:My_Top/System/HAL_System.cpp **** }
  80              		.loc 1 24 5 is_stmt 1 view .LVU8
  24:My_Top/System/HAL_System.cpp **** }
  81              		.loc 1 24 29 is_stmt 0 view .LVU9
  82 0026 044A     		ldr	r2, .L5+4
  83 0028 0E21     		movs	r1, #14
  84 002a 2000     		movs	r0, r4
  85 002c FFF7FEFF 		bl	HAL_TIM_RegisterCallback
  86              	.LVL2:
  25:My_Top/System/HAL_System.cpp **** 
  87              		.loc 1 25 1 view .LVU10
  88              		@ sp needed
  89 0030 10BD     		pop	{r4, pc}
  90              	.L6:
  91 0032 C046     		.align	2
  92              	.L5:
  93 0034 00000000 		.word	htim15
  94 0038 00000000 		.word	_ZN10HAL_System23period_elapsed_callbackEP19__TIM_HandleTypeDef
  95              		.cfi_endproc
ARM GAS  /tmp/ccMbQ9WL.s 			page 4


  96              	.LFE457:
  98              		.align	1
  99              		.global	_ZN10HAL_System11get_tick_usEv
 100              		.syntax unified
 101              		.code	16
 102              		.thumb_func
 104              	_ZN10HAL_System11get_tick_usEv:
 105              	.LFB458:
  32:My_Top/System/HAL_System.cpp ****     // 读取当前 TIM 计数器的低 32 位
 106              		.loc 1 32 1 is_stmt 1 view -0
 107              		.cfi_startproc
 108              		@ args = 0, pretend = 0, frame = 0
 109              		@ frame_needed = 0, uses_anonymous_args = 0
 110              		@ link register save eliminated.
  34:My_Top/System/HAL_System.cpp **** 
 111              		.loc 1 34 5 view .LVU12
  34:My_Top/System/HAL_System.cpp **** 
 112              		.loc 1 34 28 is_stmt 0 view .LVU13
 113 003c 034B     		ldr	r3, .L8
 114 003e 1B68     		ldr	r3, [r3]
 115 0040 586A     		ldr	r0, [r3, #36]
 116              	.LVL3:
  40:My_Top/System/HAL_System.cpp **** 
 117              		.loc 1 40 5 is_stmt 1 view .LVU14
  40:My_Top/System/HAL_System.cpp **** 
 118              		.loc 1 40 24 is_stmt 0 view .LVU15
 119 0042 034B     		ldr	r3, .L8+4
 120 0044 5968     		ldr	r1, [r3, #4]
  40:My_Top/System/HAL_System.cpp **** 
 121              		.loc 1 40 13 view .LVU16
 122 0046 1860     		str	r0, [r3]
  42:My_Top/System/HAL_System.cpp **** }
 123              		.loc 1 42 5 is_stmt 1 view .LVU17
  43:My_Top/System/HAL_System.cpp **** 
 124              		.loc 1 43 1 is_stmt 0 view .LVU18
 125              		@ sp needed
 126 0048 7047     		bx	lr
 127              	.L9:
 128 004a C046     		.align	2
 129              	.L8:
 130 004c 00000000 		.word	htim15
 131 0050 00000000 		.word	.LANCHOR0
 132              		.cfi_endproc
 133              	.LFE458:
 135              		.align	1
 136              		.global	_ZN10HAL_System11get_tick_msEv
 137              		.syntax unified
 138              		.code	16
 139              		.thumb_func
 141              	_ZN10HAL_System11get_tick_msEv:
 142              	.LFB459:
  49:My_Top/System/HAL_System.cpp ****     // 微秒转毫秒（除以 1000）
 143              		.loc 1 49 1 is_stmt 1 view -0
 144              		.cfi_startproc
 145              		@ args = 0, pretend = 0, frame = 0
 146              		@ frame_needed = 0, uses_anonymous_args = 0
 147 0054 10B5     		push	{r4, lr}
ARM GAS  /tmp/ccMbQ9WL.s 			page 5


 148              		.cfi_def_cfa_offset 8
 149              		.cfi_offset 4, -8
 150              		.cfi_offset 14, -4
  51:My_Top/System/HAL_System.cpp ****     return tick_ms;
 151              		.loc 1 51 5 view .LVU20
  51:My_Top/System/HAL_System.cpp ****     return tick_ms;
 152              		.loc 1 51 26 is_stmt 0 view .LVU21
 153 0056 FFF7FEFF 		bl	_ZN10HAL_System11get_tick_usEv
 154              	.LVL4:
  51:My_Top/System/HAL_System.cpp ****     return tick_ms;
 155              		.loc 1 51 29 discriminator 1 view .LVU22
 156 005a FA22     		movs	r2, #250
 157 005c 9200     		lsls	r2, r2, #2
 158 005e 0023     		movs	r3, #0
 159 0060 FFF7FEFF 		bl	__aeabi_uldivmod
 160              	.LVL5:
  51:My_Top/System/HAL_System.cpp ****     return tick_ms;
 161              		.loc 1 51 13 discriminator 1 view .LVU23
 162 0064 014B     		ldr	r3, .L11
 163 0066 9860     		str	r0, [r3, #8]
  52:My_Top/System/HAL_System.cpp **** }
 164              		.loc 1 52 5 is_stmt 1 view .LVU24
  53:My_Top/System/HAL_System.cpp **** 
 165              		.loc 1 53 1 is_stmt 0 view .LVU25
 166              		@ sp needed
 167 0068 10BD     		pop	{r4, pc}
 168              	.L12:
 169 006a C046     		.align	2
 170              	.L11:
 171 006c 00000000 		.word	.LANCHOR0
 172              		.cfi_endproc
 173              	.LFE459:
 175              		.align	1
 176              		.global	_ZN10HAL_System8delay_msEm
 177              		.syntax unified
 178              		.code	16
 179              		.thumb_func
 181              	_ZN10HAL_System8delay_msEm:
 182              	.LVL6:
 183              	.LFB460:
  59:My_Top/System/HAL_System.cpp ****     vTaskDelay(pdMS_TO_TICKS(ms));
 184              		.loc 1 59 1 is_stmt 1 view -0
 185              		.cfi_startproc
 186              		@ args = 0, pretend = 0, frame = 0
 187              		@ frame_needed = 0, uses_anonymous_args = 0
  59:My_Top/System/HAL_System.cpp ****     vTaskDelay(pdMS_TO_TICKS(ms));
 188              		.loc 1 59 1 is_stmt 0 view .LVU27
 189 0070 10B5     		push	{r4, lr}
 190              		.cfi_def_cfa_offset 8
 191              		.cfi_offset 4, -8
 192              		.cfi_offset 14, -4
  60:My_Top/System/HAL_System.cpp **** }
 193              		.loc 1 60 5 is_stmt 1 view .LVU28
  60:My_Top/System/HAL_System.cpp **** }
 194              		.loc 1 60 16 is_stmt 0 view .LVU29
 195 0072 4301     		lsls	r3, r0, #5
 196 0074 1B1A     		subs	r3, r3, r0
ARM GAS  /tmp/ccMbQ9WL.s 			page 6


 197 0076 9B00     		lsls	r3, r3, #2
 198 0078 1818     		adds	r0, r3, r0
 199              	.LVL7:
  60:My_Top/System/HAL_System.cpp **** }
 200              		.loc 1 60 16 view .LVU30
 201 007a C000     		lsls	r0, r0, #3
 202 007c FA21     		movs	r1, #250
 203 007e 8900     		lsls	r1, r1, #2
 204 0080 FFF7FEFF 		bl	__aeabi_uidiv
 205              	.LVL8:
  60:My_Top/System/HAL_System.cpp **** }
 206              		.loc 1 60 15 view .LVU31
 207 0084 FFF7FEFF 		bl	vTaskDelay
 208              	.LVL9:
  61:My_Top/System/HAL_System.cpp **** 
 209              		.loc 1 61 1 view .LVU32
 210              		@ sp needed
 211 0088 10BD     		pop	{r4, pc}
 212              		.cfi_endproc
 213              	.LFE460:
 215              		.global	_ZN10HAL_System7tick_msE
 216              		.global	_ZN10HAL_System7tick_usE
 217              		.bss
 218              		.align	3
 219              		.set	.LANCHOR0,. + 0
 222              	_ZN10HAL_System7tick_usE:
 223 0000 00000000 		.space	8
 223      00000000 
 226              	_ZN10HAL_System7tick_msE:
 227 0008 00000000 		.space	4
 228              		.text
 229              	.Letext0:
 230              		.file 2 "/opt/arm-gnu-toolchain-14.2/arm-none-eabi/include/machine/_default_types.h"
 231              		.file 3 "/opt/arm-gnu-toolchain-14.2/arm-none-eabi/include/sys/_stdint.h"
 232              		.file 4 "Drivers/CMSIS/Device/ST/STM32G0xx/Include/stm32g071xx.h"
 233              		.file 5 "Drivers/STM32G0xx_HAL_Driver/Inc/stm32g0xx_hal_def.h"
 234              		.file 6 "Drivers/STM32G0xx_HAL_Driver/Inc/stm32g0xx_hal_dma.h"
 235              		.file 7 "Drivers/STM32G0xx_HAL_Driver/Inc/stm32g0xx_hal_tim.h"
 236              		.file 8 "Drivers/STM32G0xx_HAL_Driver/Inc/stm32g0xx_hal.h"
 237              		.file 9 "My_Top/System/HAL_System.hpp"
 238              		.file 10 "Middlewares/Third_Party/FreeRTOS/Source/portable/GCC/ARM_CM0/portmacro.h"
 239              		.file 11 "Middlewares/Third_Party/FreeRTOS/Source/include/task.h"
 240              		.file 12 "Core/Inc/tim.h"
 241              		.file 13 "Drivers/STM32G0xx_HAL_Driver/Inc/stm32g0xx_ll_dma.h"
ARM GAS  /tmp/ccMbQ9WL.s 			page 7


DEFINED SYMBOLS
                            *ABS*:00000000 HAL_System.cpp
     /tmp/ccMbQ9WL.s:18     .text:00000000 $t
     /tmp/ccMbQ9WL.s:24     .text:00000000 _ZN10HAL_System23period_elapsed_callbackEP19__TIM_HandleTypeDef
     /tmp/ccMbQ9WL.s:54     .text:00000018 $d
     /tmp/ccMbQ9WL.s:58     .text:0000001c $t
     /tmp/ccMbQ9WL.s:64     .text:0000001c _ZN10HAL_System4initEv
     /tmp/ccMbQ9WL.s:93     .text:00000034 $d
     /tmp/ccMbQ9WL.s:98     .text:0000003c $t
     /tmp/ccMbQ9WL.s:104    .text:0000003c _ZN10HAL_System11get_tick_usEv
     /tmp/ccMbQ9WL.s:130    .text:0000004c $d
     /tmp/ccMbQ9WL.s:135    .text:00000054 $t
     /tmp/ccMbQ9WL.s:141    .text:00000054 _ZN10HAL_System11get_tick_msEv
     /tmp/ccMbQ9WL.s:171    .text:0000006c $d
     /tmp/ccMbQ9WL.s:175    .text:00000070 $t
     /tmp/ccMbQ9WL.s:181    .text:00000070 _ZN10HAL_System8delay_msEm
     /tmp/ccMbQ9WL.s:226    .bss:00000008 _ZN10HAL_System7tick_msE
     /tmp/ccMbQ9WL.s:222    .bss:00000000 _ZN10HAL_System7tick_usE
     /tmp/ccMbQ9WL.s:218    .bss:00000000 $d

UNDEFINED SYMBOLS
HAL_TIM_Base_Start_IT
HAL_TIM_RegisterCallback
htim15
__aeabi_uldivmod
__aeabi_uidiv
vTaskDelay
