ARM GAS  /tmp/cctOarfT.s 			page 1


   1              		.cpu cortex-m0plus
   2              		.arch armv6s-m
   3              		.fpu softvfp
   4              		.eabi_attribute 20, 1
   5              		.eabi_attribute 21, 1
   6              		.eabi_attribute 23, 3
   7              		.eabi_attribute 24, 1
   8              		.eabi_attribute 25, 1
   9              		.eabi_attribute 26, 1
  10              		.eabi_attribute 30, 1
  11              		.eabi_attribute 34, 0
  12              		.eabi_attribute 18, 4
  13              		.file	"i2c.c"
  14              		.text
  15              	.Ltext0:
  16              		.cfi_sections	.debug_frame
  17              		.file 1 "Core/Src/i2c.c"
  18              		.section	.text.MX_I2C2_Init,"ax",%progbits
  19              		.align	1
  20              		.global	MX_I2C2_Init
  21              		.syntax unified
  22              		.code	16
  23              		.thumb_func
  25              	MX_I2C2_Init:
  26              	.LFB457:
   1:Core/Src/i2c.c **** /* USER CODE BEGIN Header */
   2:Core/Src/i2c.c **** /**
   3:Core/Src/i2c.c ****   ******************************************************************************
   4:Core/Src/i2c.c ****   * @file    i2c.c
   5:Core/Src/i2c.c ****   * @brief   This file provides code for the configuration
   6:Core/Src/i2c.c ****   *          of the I2C instances.
   7:Core/Src/i2c.c ****   ******************************************************************************
   8:Core/Src/i2c.c ****   * @attention
   9:Core/Src/i2c.c ****   *
  10:Core/Src/i2c.c ****   * Copyright (c) 2026 STMicroelectronics.
  11:Core/Src/i2c.c ****   * All rights reserved.
  12:Core/Src/i2c.c ****   *
  13:Core/Src/i2c.c ****   * This software is licensed under terms that can be found in the LICENSE file
  14:Core/Src/i2c.c ****   * in the root directory of this software component.
  15:Core/Src/i2c.c ****   * If no LICENSE file comes with this software, it is provided AS-IS.
  16:Core/Src/i2c.c ****   *
  17:Core/Src/i2c.c ****   ******************************************************************************
  18:Core/Src/i2c.c ****   */
  19:Core/Src/i2c.c **** /* USER CODE END Header */
  20:Core/Src/i2c.c **** /* Includes ------------------------------------------------------------------*/
  21:Core/Src/i2c.c **** #include "i2c.h"
  22:Core/Src/i2c.c **** 
  23:Core/Src/i2c.c **** /* USER CODE BEGIN 0 */
  24:Core/Src/i2c.c **** 
  25:Core/Src/i2c.c **** /* USER CODE END 0 */
  26:Core/Src/i2c.c **** 
  27:Core/Src/i2c.c **** I2C_HandleTypeDef hi2c2;
  28:Core/Src/i2c.c **** 
  29:Core/Src/i2c.c **** /* I2C2 init function */
  30:Core/Src/i2c.c **** void MX_I2C2_Init(void)
  31:Core/Src/i2c.c **** {
  27              		.loc 1 31 1 view -0
ARM GAS  /tmp/cctOarfT.s 			page 2


  28              		.cfi_startproc
  29              		@ args = 0, pretend = 0, frame = 0
  30              		@ frame_needed = 0, uses_anonymous_args = 0
  31 0000 10B5     		push	{r4, lr}
  32              		.cfi_def_cfa_offset 8
  33              		.cfi_offset 4, -8
  34              		.cfi_offset 14, -4
  32:Core/Src/i2c.c **** 
  33:Core/Src/i2c.c ****   /* USER CODE BEGIN I2C2_Init 0 */
  34:Core/Src/i2c.c **** 
  35:Core/Src/i2c.c ****   /* USER CODE END I2C2_Init 0 */
  36:Core/Src/i2c.c **** 
  37:Core/Src/i2c.c ****   /* USER CODE BEGIN I2C2_Init 1 */
  38:Core/Src/i2c.c **** 
  39:Core/Src/i2c.c ****   /* USER CODE END I2C2_Init 1 */
  40:Core/Src/i2c.c ****   hi2c2.Instance = I2C2;
  35              		.loc 1 40 3 view .LVU1
  36              		.loc 1 40 18 is_stmt 0 view .LVU2
  37 0002 1448     		ldr	r0, .L8
  38 0004 144B     		ldr	r3, .L8+4
  39 0006 0360     		str	r3, [r0]
  41:Core/Src/i2c.c ****   hi2c2.Init.Timing = 0x00C12166;
  40              		.loc 1 41 3 is_stmt 1 view .LVU3
  41              		.loc 1 41 21 is_stmt 0 view .LVU4
  42 0008 144B     		ldr	r3, .L8+8
  43 000a 4360     		str	r3, [r0, #4]
  42:Core/Src/i2c.c ****   hi2c2.Init.OwnAddress1 = 0;
  44              		.loc 1 42 3 is_stmt 1 view .LVU5
  45              		.loc 1 42 26 is_stmt 0 view .LVU6
  46 000c 0023     		movs	r3, #0
  47 000e 8360     		str	r3, [r0, #8]
  43:Core/Src/i2c.c ****   hi2c2.Init.AddressingMode = I2C_ADDRESSINGMODE_7BIT;
  48              		.loc 1 43 3 is_stmt 1 view .LVU7
  49              		.loc 1 43 29 is_stmt 0 view .LVU8
  50 0010 0122     		movs	r2, #1
  51 0012 C260     		str	r2, [r0, #12]
  44:Core/Src/i2c.c ****   hi2c2.Init.DualAddressMode = I2C_DUALADDRESS_DISABLE;
  52              		.loc 1 44 3 is_stmt 1 view .LVU9
  53              		.loc 1 44 30 is_stmt 0 view .LVU10
  54 0014 0361     		str	r3, [r0, #16]
  45:Core/Src/i2c.c ****   hi2c2.Init.OwnAddress2 = 0;
  55              		.loc 1 45 3 is_stmt 1 view .LVU11
  56              		.loc 1 45 26 is_stmt 0 view .LVU12
  57 0016 4361     		str	r3, [r0, #20]
  46:Core/Src/i2c.c ****   hi2c2.Init.OwnAddress2Masks = I2C_OA2_NOMASK;
  58              		.loc 1 46 3 is_stmt 1 view .LVU13
  59              		.loc 1 46 31 is_stmt 0 view .LVU14
  60 0018 8361     		str	r3, [r0, #24]
  47:Core/Src/i2c.c ****   hi2c2.Init.GeneralCallMode = I2C_GENERALCALL_DISABLE;
  61              		.loc 1 47 3 is_stmt 1 view .LVU15
  62              		.loc 1 47 30 is_stmt 0 view .LVU16
  63 001a C361     		str	r3, [r0, #28]
  48:Core/Src/i2c.c ****   hi2c2.Init.NoStretchMode = I2C_NOSTRETCH_DISABLE;
  64              		.loc 1 48 3 is_stmt 1 view .LVU17
  65              		.loc 1 48 28 is_stmt 0 view .LVU18
  66 001c 0362     		str	r3, [r0, #32]
  49:Core/Src/i2c.c ****   if (HAL_I2C_Init(&hi2c2) != HAL_OK)
ARM GAS  /tmp/cctOarfT.s 			page 3


  67              		.loc 1 49 3 is_stmt 1 view .LVU19
  68              		.loc 1 49 7 is_stmt 0 view .LVU20
  69 001e FFF7FEFF 		bl	HAL_I2C_Init
  70              	.LVL0:
  71              		.loc 1 49 6 discriminator 1 view .LVU21
  72 0022 0028     		cmp	r0, #0
  73 0024 0CD1     		bne	.L5
  74              	.L2:
  50:Core/Src/i2c.c ****   {
  51:Core/Src/i2c.c ****     Error_Handler();
  52:Core/Src/i2c.c ****   }
  53:Core/Src/i2c.c **** 
  54:Core/Src/i2c.c ****   /** Configure Analogue filter
  55:Core/Src/i2c.c ****   */
  56:Core/Src/i2c.c ****   if (HAL_I2CEx_ConfigAnalogFilter(&hi2c2, I2C_ANALOGFILTER_ENABLE) != HAL_OK)
  75              		.loc 1 56 3 is_stmt 1 view .LVU22
  76              		.loc 1 56 7 is_stmt 0 view .LVU23
  77 0026 0B48     		ldr	r0, .L8
  78 0028 0021     		movs	r1, #0
  79 002a FFF7FEFF 		bl	HAL_I2CEx_ConfigAnalogFilter
  80              	.LVL1:
  81              		.loc 1 56 6 discriminator 1 view .LVU24
  82 002e 0028     		cmp	r0, #0
  83 0030 09D1     		bne	.L6
  84              	.L3:
  57:Core/Src/i2c.c ****   {
  58:Core/Src/i2c.c ****     Error_Handler();
  59:Core/Src/i2c.c ****   }
  60:Core/Src/i2c.c **** 
  61:Core/Src/i2c.c ****   /** Configure Digital filter
  62:Core/Src/i2c.c ****   */
  63:Core/Src/i2c.c ****   if (HAL_I2CEx_ConfigDigitalFilter(&hi2c2, 0) != HAL_OK)
  85              		.loc 1 63 3 is_stmt 1 view .LVU25
  86              		.loc 1 63 7 is_stmt 0 view .LVU26
  87 0032 0848     		ldr	r0, .L8
  88 0034 0021     		movs	r1, #0
  89 0036 FFF7FEFF 		bl	HAL_I2CEx_ConfigDigitalFilter
  90              	.LVL2:
  91              		.loc 1 63 6 discriminator 1 view .LVU27
  92 003a 0028     		cmp	r0, #0
  93 003c 06D1     		bne	.L7
  94              	.L1:
  64:Core/Src/i2c.c ****   {
  65:Core/Src/i2c.c ****     Error_Handler();
  66:Core/Src/i2c.c ****   }
  67:Core/Src/i2c.c ****   /* USER CODE BEGIN I2C2_Init 2 */
  68:Core/Src/i2c.c **** 
  69:Core/Src/i2c.c ****   /* USER CODE END I2C2_Init 2 */
  70:Core/Src/i2c.c **** 
  71:Core/Src/i2c.c **** }
  95              		.loc 1 71 1 view .LVU28
  96              		@ sp needed
  97 003e 10BD     		pop	{r4, pc}
  98              	.L5:
  51:Core/Src/i2c.c ****   }
  99              		.loc 1 51 5 is_stmt 1 view .LVU29
 100 0040 FFF7FEFF 		bl	Error_Handler
ARM GAS  /tmp/cctOarfT.s 			page 4


 101              	.LVL3:
 102 0044 EFE7     		b	.L2
 103              	.L6:
  58:Core/Src/i2c.c ****   }
 104              		.loc 1 58 5 view .LVU30
 105 0046 FFF7FEFF 		bl	Error_Handler
 106              	.LVL4:
 107 004a F2E7     		b	.L3
 108              	.L7:
  65:Core/Src/i2c.c ****   }
 109              		.loc 1 65 5 view .LVU31
 110 004c FFF7FEFF 		bl	Error_Handler
 111              	.LVL5:
 112              		.loc 1 71 1 is_stmt 0 view .LVU32
 113 0050 F5E7     		b	.L1
 114              	.L9:
 115 0052 C046     		.align	2
 116              	.L8:
 117 0054 00000000 		.word	hi2c2
 118 0058 00580040 		.word	1073764352
 119 005c 6621C100 		.word	12656998
 120              		.cfi_endproc
 121              	.LFE457:
 123              		.section	.text.HAL_I2C_MspInit,"ax",%progbits
 124              		.align	1
 125              		.global	HAL_I2C_MspInit
 126              		.syntax unified
 127              		.code	16
 128              		.thumb_func
 130              	HAL_I2C_MspInit:
 131              	.LVL6:
 132              	.LFB458:
  72:Core/Src/i2c.c **** 
  73:Core/Src/i2c.c **** void HAL_I2C_MspInit(I2C_HandleTypeDef* i2cHandle)
  74:Core/Src/i2c.c **** {
 133              		.loc 1 74 1 is_stmt 1 view -0
 134              		.cfi_startproc
 135              		@ args = 0, pretend = 0, frame = 32
 136              		@ frame_needed = 0, uses_anonymous_args = 0
 137              		.loc 1 74 1 is_stmt 0 view .LVU34
 138 0000 10B5     		push	{r4, lr}
 139              		.cfi_def_cfa_offset 8
 140              		.cfi_offset 4, -8
 141              		.cfi_offset 14, -4
 142 0002 88B0     		sub	sp, sp, #32
 143              		.cfi_def_cfa_offset 40
 144 0004 0400     		movs	r4, r0
  75:Core/Src/i2c.c **** 
  76:Core/Src/i2c.c ****   GPIO_InitTypeDef GPIO_InitStruct = {0};
 145              		.loc 1 76 3 is_stmt 1 view .LVU35
 146              		.loc 1 76 20 is_stmt 0 view .LVU36
 147 0006 1422     		movs	r2, #20
 148 0008 0021     		movs	r1, #0
 149 000a 03A8     		add	r0, sp, #12
 150              	.LVL7:
 151              		.loc 1 76 20 view .LVU37
 152 000c FFF7FEFF 		bl	memset
ARM GAS  /tmp/cctOarfT.s 			page 5


 153              	.LVL8:
  77:Core/Src/i2c.c ****   if(i2cHandle->Instance==I2C2)
 154              		.loc 1 77 3 is_stmt 1 view .LVU38
 155              		.loc 1 77 15 is_stmt 0 view .LVU39
 156 0010 2268     		ldr	r2, [r4]
 157              		.loc 1 77 5 view .LVU40
 158 0012 124B     		ldr	r3, .L13
 159 0014 9A42     		cmp	r2, r3
 160 0016 01D0     		beq	.L12
 161              	.LVL9:
 162              	.L10:
  78:Core/Src/i2c.c ****   {
  79:Core/Src/i2c.c ****   /* USER CODE BEGIN I2C2_MspInit 0 */
  80:Core/Src/i2c.c **** 
  81:Core/Src/i2c.c ****   /* USER CODE END I2C2_MspInit 0 */
  82:Core/Src/i2c.c **** 
  83:Core/Src/i2c.c ****     __HAL_RCC_GPIOA_CLK_ENABLE();
  84:Core/Src/i2c.c ****     /**I2C2 GPIO Configuration
  85:Core/Src/i2c.c ****     PA11 [PA9]     ------> I2C2_SCL
  86:Core/Src/i2c.c ****     PA12 [PA10]     ------> I2C2_SDA
  87:Core/Src/i2c.c ****     */
  88:Core/Src/i2c.c ****     GPIO_InitStruct.Pin = GPIO_PIN_11|GPIO_PIN_12;
  89:Core/Src/i2c.c ****     GPIO_InitStruct.Mode = GPIO_MODE_AF_OD;
  90:Core/Src/i2c.c ****     GPIO_InitStruct.Pull = GPIO_NOPULL;
  91:Core/Src/i2c.c ****     GPIO_InitStruct.Speed = GPIO_SPEED_FREQ_LOW;
  92:Core/Src/i2c.c ****     GPIO_InitStruct.Alternate = GPIO_AF6_I2C2;
  93:Core/Src/i2c.c ****     HAL_GPIO_Init(GPIOA, &GPIO_InitStruct);
  94:Core/Src/i2c.c **** 
  95:Core/Src/i2c.c ****     /* I2C2 clock enable */
  96:Core/Src/i2c.c ****     __HAL_RCC_I2C2_CLK_ENABLE();
  97:Core/Src/i2c.c ****   /* USER CODE BEGIN I2C2_MspInit 1 */
  98:Core/Src/i2c.c **** 
  99:Core/Src/i2c.c ****   /* USER CODE END I2C2_MspInit 1 */
 100:Core/Src/i2c.c ****   }
 101:Core/Src/i2c.c **** }
 163              		.loc 1 101 1 view .LVU41
 164 0018 08B0     		add	sp, sp, #32
 165              		@ sp needed
 166 001a 10BD     		pop	{r4, pc}
 167              	.LVL10:
 168              	.L12:
  83:Core/Src/i2c.c ****     /**I2C2 GPIO Configuration
 169              		.loc 1 83 5 is_stmt 1 view .LVU42
 170              	.LBB2:
  83:Core/Src/i2c.c ****     /**I2C2 GPIO Configuration
 171              		.loc 1 83 5 view .LVU43
  83:Core/Src/i2c.c ****     /**I2C2 GPIO Configuration
 172              		.loc 1 83 5 view .LVU44
 173 001c 104C     		ldr	r4, .L13+4
 174              	.LVL11:
  83:Core/Src/i2c.c ****     /**I2C2 GPIO Configuration
 175              		.loc 1 83 5 is_stmt 0 view .LVU45
 176 001e 626B     		ldr	r2, [r4, #52]
 177 0020 0123     		movs	r3, #1
 178 0022 1A43     		orrs	r2, r3
 179 0024 6263     		str	r2, [r4, #52]
  83:Core/Src/i2c.c ****     /**I2C2 GPIO Configuration
ARM GAS  /tmp/cctOarfT.s 			page 6


 180              		.loc 1 83 5 is_stmt 1 view .LVU46
 181 0026 626B     		ldr	r2, [r4, #52]
 182 0028 1340     		ands	r3, r2
 183 002a 0193     		str	r3, [sp, #4]
  83:Core/Src/i2c.c ****     /**I2C2 GPIO Configuration
 184              		.loc 1 83 5 view .LVU47
 185 002c 019B     		ldr	r3, [sp, #4]
 186              	.LBE2:
  83:Core/Src/i2c.c ****     /**I2C2 GPIO Configuration
 187              		.loc 1 83 5 view .LVU48
  88:Core/Src/i2c.c ****     GPIO_InitStruct.Mode = GPIO_MODE_AF_OD;
 188              		.loc 1 88 5 view .LVU49
  88:Core/Src/i2c.c ****     GPIO_InitStruct.Mode = GPIO_MODE_AF_OD;
 189              		.loc 1 88 25 is_stmt 0 view .LVU50
 190 002e 03A9     		add	r1, sp, #12
 191 0030 C023     		movs	r3, #192
 192 0032 5B01     		lsls	r3, r3, #5
 193 0034 0393     		str	r3, [sp, #12]
  89:Core/Src/i2c.c ****     GPIO_InitStruct.Pull = GPIO_NOPULL;
 194              		.loc 1 89 5 is_stmt 1 view .LVU51
  89:Core/Src/i2c.c ****     GPIO_InitStruct.Pull = GPIO_NOPULL;
 195              		.loc 1 89 26 is_stmt 0 view .LVU52
 196 0036 1223     		movs	r3, #18
 197 0038 4B60     		str	r3, [r1, #4]
  90:Core/Src/i2c.c ****     GPIO_InitStruct.Speed = GPIO_SPEED_FREQ_LOW;
 198              		.loc 1 90 5 is_stmt 1 view .LVU53
  91:Core/Src/i2c.c ****     GPIO_InitStruct.Alternate = GPIO_AF6_I2C2;
 199              		.loc 1 91 5 view .LVU54
  92:Core/Src/i2c.c ****     HAL_GPIO_Init(GPIOA, &GPIO_InitStruct);
 200              		.loc 1 92 5 view .LVU55
  92:Core/Src/i2c.c ****     HAL_GPIO_Init(GPIOA, &GPIO_InitStruct);
 201              		.loc 1 92 31 is_stmt 0 view .LVU56
 202 003a 0C3B     		subs	r3, r3, #12
 203 003c 0B61     		str	r3, [r1, #16]
  93:Core/Src/i2c.c **** 
 204              		.loc 1 93 5 is_stmt 1 view .LVU57
 205 003e A020     		movs	r0, #160
 206 0040 C005     		lsls	r0, r0, #23
 207 0042 FFF7FEFF 		bl	HAL_GPIO_Init
 208              	.LVL12:
  96:Core/Src/i2c.c ****   /* USER CODE BEGIN I2C2_MspInit 1 */
 209              		.loc 1 96 5 view .LVU58
 210              	.LBB3:
  96:Core/Src/i2c.c ****   /* USER CODE BEGIN I2C2_MspInit 1 */
 211              		.loc 1 96 5 view .LVU59
  96:Core/Src/i2c.c ****   /* USER CODE BEGIN I2C2_MspInit 1 */
 212              		.loc 1 96 5 view .LVU60
 213 0046 E36B     		ldr	r3, [r4, #60]
 214 0048 8022     		movs	r2, #128
 215 004a D203     		lsls	r2, r2, #15
 216 004c 1343     		orrs	r3, r2
 217 004e E363     		str	r3, [r4, #60]
  96:Core/Src/i2c.c ****   /* USER CODE BEGIN I2C2_MspInit 1 */
 218              		.loc 1 96 5 view .LVU61
 219 0050 E36B     		ldr	r3, [r4, #60]
 220 0052 1340     		ands	r3, r2
 221 0054 0293     		str	r3, [sp, #8]
ARM GAS  /tmp/cctOarfT.s 			page 7


  96:Core/Src/i2c.c ****   /* USER CODE BEGIN I2C2_MspInit 1 */
 222              		.loc 1 96 5 view .LVU62
 223 0056 029B     		ldr	r3, [sp, #8]
 224              	.LBE3:
  96:Core/Src/i2c.c ****   /* USER CODE BEGIN I2C2_MspInit 1 */
 225              		.loc 1 96 5 discriminator 1 view .LVU63
 226              		.loc 1 101 1 is_stmt 0 view .LVU64
 227 0058 DEE7     		b	.L10
 228              	.L14:
 229 005a C046     		.align	2
 230              	.L13:
 231 005c 00580040 		.word	1073764352
 232 0060 00100240 		.word	1073876992
 233              		.cfi_endproc
 234              	.LFE458:
 236              		.section	.text.HAL_I2C_MspDeInit,"ax",%progbits
 237              		.align	1
 238              		.global	HAL_I2C_MspDeInit
 239              		.syntax unified
 240              		.code	16
 241              		.thumb_func
 243              	HAL_I2C_MspDeInit:
 244              	.LVL13:
 245              	.LFB459:
 102:Core/Src/i2c.c **** 
 103:Core/Src/i2c.c **** void HAL_I2C_MspDeInit(I2C_HandleTypeDef* i2cHandle)
 104:Core/Src/i2c.c **** {
 246              		.loc 1 104 1 is_stmt 1 view -0
 247              		.cfi_startproc
 248              		@ args = 0, pretend = 0, frame = 0
 249              		@ frame_needed = 0, uses_anonymous_args = 0
 250              		.loc 1 104 1 is_stmt 0 view .LVU66
 251 0000 10B5     		push	{r4, lr}
 252              		.cfi_def_cfa_offset 8
 253              		.cfi_offset 4, -8
 254              		.cfi_offset 14, -4
 105:Core/Src/i2c.c **** 
 106:Core/Src/i2c.c ****   if(i2cHandle->Instance==I2C2)
 255              		.loc 1 106 3 is_stmt 1 view .LVU67
 256              		.loc 1 106 15 is_stmt 0 view .LVU68
 257 0002 0268     		ldr	r2, [r0]
 258              		.loc 1 106 5 view .LVU69
 259 0004 0A4B     		ldr	r3, .L18
 260 0006 9A42     		cmp	r2, r3
 261 0008 00D0     		beq	.L17
 262              	.LVL14:
 263              	.L15:
 107:Core/Src/i2c.c ****   {
 108:Core/Src/i2c.c ****   /* USER CODE BEGIN I2C2_MspDeInit 0 */
 109:Core/Src/i2c.c **** 
 110:Core/Src/i2c.c ****   /* USER CODE END I2C2_MspDeInit 0 */
 111:Core/Src/i2c.c ****     /* Peripheral clock disable */
 112:Core/Src/i2c.c ****     __HAL_RCC_I2C2_CLK_DISABLE();
 113:Core/Src/i2c.c **** 
 114:Core/Src/i2c.c ****     /**I2C2 GPIO Configuration
 115:Core/Src/i2c.c ****     PA11 [PA9]     ------> I2C2_SCL
 116:Core/Src/i2c.c ****     PA12 [PA10]     ------> I2C2_SDA
ARM GAS  /tmp/cctOarfT.s 			page 8


 117:Core/Src/i2c.c ****     */
 118:Core/Src/i2c.c ****     HAL_GPIO_DeInit(GPIOA, GPIO_PIN_11);
 119:Core/Src/i2c.c **** 
 120:Core/Src/i2c.c ****     HAL_GPIO_DeInit(GPIOA, GPIO_PIN_12);
 121:Core/Src/i2c.c **** 
 122:Core/Src/i2c.c ****   /* USER CODE BEGIN I2C2_MspDeInit 1 */
 123:Core/Src/i2c.c **** 
 124:Core/Src/i2c.c ****   /* USER CODE END I2C2_MspDeInit 1 */
 125:Core/Src/i2c.c ****   }
 126:Core/Src/i2c.c **** }
 264              		.loc 1 126 1 view .LVU70
 265              		@ sp needed
 266 000a 10BD     		pop	{r4, pc}
 267              	.LVL15:
 268              	.L17:
 112:Core/Src/i2c.c **** 
 269              		.loc 1 112 5 is_stmt 1 view .LVU71
 270 000c 094A     		ldr	r2, .L18+4
 271 000e D36B     		ldr	r3, [r2, #60]
 272 0010 0949     		ldr	r1, .L18+8
 273 0012 0B40     		ands	r3, r1
 274 0014 D363     		str	r3, [r2, #60]
 118:Core/Src/i2c.c **** 
 275              		.loc 1 118 5 view .LVU72
 276 0016 8021     		movs	r1, #128
 277 0018 A024     		movs	r4, #160
 278 001a E405     		lsls	r4, r4, #23
 279 001c 0901     		lsls	r1, r1, #4
 280 001e 2000     		movs	r0, r4
 281              	.LVL16:
 118:Core/Src/i2c.c **** 
 282              		.loc 1 118 5 is_stmt 0 view .LVU73
 283 0020 FFF7FEFF 		bl	HAL_GPIO_DeInit
 284              	.LVL17:
 120:Core/Src/i2c.c **** 
 285              		.loc 1 120 5 is_stmt 1 view .LVU74
 286 0024 8021     		movs	r1, #128
 287 0026 4901     		lsls	r1, r1, #5
 288 0028 2000     		movs	r0, r4
 289 002a FFF7FEFF 		bl	HAL_GPIO_DeInit
 290              	.LVL18:
 291              		.loc 1 126 1 is_stmt 0 view .LVU75
 292 002e ECE7     		b	.L15
 293              	.L19:
 294              		.align	2
 295              	.L18:
 296 0030 00580040 		.word	1073764352
 297 0034 00100240 		.word	1073876992
 298 0038 FFFFBFFF 		.word	-4194305
 299              		.cfi_endproc
 300              	.LFE459:
 302              		.global	hi2c2
 303              		.section	.bss.hi2c2,"aw",%nobits
 304              		.align	2
 307              	hi2c2:
 308 0000 00000000 		.space	84
 308      00000000 
ARM GAS  /tmp/cctOarfT.s 			page 9


 308      00000000 
 308      00000000 
 308      00000000 
 309              		.text
 310              	.Letext0:
 311              		.file 2 "/opt/arm-gnu-toolchain-14.2/arm-none-eabi/include/machine/_default_types.h"
 312              		.file 3 "/opt/arm-gnu-toolchain-14.2/arm-none-eabi/include/sys/_stdint.h"
 313              		.file 4 "Drivers/CMSIS/Device/ST/STM32G0xx/Include/stm32g071xx.h"
 314              		.file 5 "Drivers/STM32G0xx_HAL_Driver/Inc/stm32g0xx_hal_def.h"
 315              		.file 6 "Drivers/STM32G0xx_HAL_Driver/Inc/stm32g0xx_hal_gpio.h"
 316              		.file 7 "Drivers/STM32G0xx_HAL_Driver/Inc/stm32g0xx_hal_dma.h"
 317              		.file 8 "Drivers/STM32G0xx_HAL_Driver/Inc/stm32g0xx_hal_i2c.h"
 318              		.file 9 "Drivers/STM32G0xx_HAL_Driver/Inc/stm32g0xx_hal_i2c_ex.h"
 319              		.file 10 "Drivers/STM32G0xx_HAL_Driver/Inc/stm32g0xx_ll_dma.h"
 320              		.file 11 "Core/Inc/i2c.h"
 321              		.file 12 "Core/Inc/main.h"
 322              		.file 13 "<built-in>"
ARM GAS  /tmp/cctOarfT.s 			page 10


DEFINED SYMBOLS
                            *ABS*:00000000 i2c.c
     /tmp/cctOarfT.s:19     .text.MX_I2C2_Init:00000000 $t
     /tmp/cctOarfT.s:25     .text.MX_I2C2_Init:00000000 MX_I2C2_Init
     /tmp/cctOarfT.s:117    .text.MX_I2C2_Init:00000054 $d
     /tmp/cctOarfT.s:307    .bss.hi2c2:00000000 hi2c2
     /tmp/cctOarfT.s:124    .text.HAL_I2C_MspInit:00000000 $t
     /tmp/cctOarfT.s:130    .text.HAL_I2C_MspInit:00000000 HAL_I2C_MspInit
     /tmp/cctOarfT.s:231    .text.HAL_I2C_MspInit:0000005c $d
     /tmp/cctOarfT.s:237    .text.HAL_I2C_MspDeInit:00000000 $t
     /tmp/cctOarfT.s:243    .text.HAL_I2C_MspDeInit:00000000 HAL_I2C_MspDeInit
     /tmp/cctOarfT.s:296    .text.HAL_I2C_MspDeInit:00000030 $d
     /tmp/cctOarfT.s:304    .bss.hi2c2:00000000 $d

UNDEFINED SYMBOLS
HAL_I2C_Init
HAL_I2CEx_ConfigAnalogFilter
HAL_I2CEx_ConfigDigitalFilter
Error_Handler
memset
HAL_GPIO_Init
HAL_GPIO_DeInit
