ARM GAS  /tmp/ccgqDAK1.s 			page 1


   1              		.cpu cortex-m0plus
   2              		.arch armv6s-m
   3              		.fpu softvfp
   4              		.eabi_attribute 20, 1
   5              		.eabi_attribute 21, 1
   6              		.eabi_attribute 23, 3
   7              		.eabi_attribute 24, 1
   8              		.eabi_attribute 25, 1
   9              		.eabi_attribute 26, 1
  10              		.eabi_attribute 30, 1
  11              		.eabi_attribute 34, 0
  12              		.eabi_attribute 18, 4
  13              		.file	"lowpass_filter.cpp"
  14              		.text
  15              	.Ltext0:
  16              		.cfi_sections	.debug_frame
  17              		.file 1 "Lib/compute/filter/lowpass_filter.cpp"
  18              		.align	1
  19              		.global	_ZN13LowpassFilter4initEf
  20              		.syntax unified
  21              		.code	16
  22              		.thumb_func
  24              	_ZN13LowpassFilter4initEf:
  25              	.LVL0:
  26              	.LFB978:
   1:Lib/compute/filter/lowpass_filter.cpp **** #include "ex_math.hpp"
   2:Lib/compute/filter/lowpass_filter.cpp **** 
   3:Lib/compute/filter/lowpass_filter.cpp **** void LowpassFilter::init(float alpha)
   4:Lib/compute/filter/lowpass_filter.cpp **** {
  27              		.loc 1 4 1 view -0
  28              		.cfi_startproc
  29              		@ args = 0, pretend = 0, frame = 0
  30              		@ frame_needed = 0, uses_anonymous_args = 0
  31              		.loc 1 4 1 is_stmt 0 view .LVU1
  32 0000 70B5     		push	{r4, r5, r6, lr}
  33              		.cfi_def_cfa_offset 16
  34              		.cfi_offset 4, -16
  35              		.cfi_offset 5, -12
  36              		.cfi_offset 6, -8
  37              		.cfi_offset 14, -4
  38 0002 0500     		movs	r5, r0
  39 0004 0C1C     		adds	r4, r1, #0
   5:Lib/compute/filter/lowpass_filter.cpp ****     _alpha = constraint_value(alpha, 0.0f, 1.0f);
  40              		.loc 1 5 5 is_stmt 1 view .LVU2
  41              		.loc 1 5 14 is_stmt 0 view .LVU3
  42 0006 0021     		movs	r1, #0
  43              	.LVL1:
  44              		.loc 1 5 14 view .LVU4
  45 0008 201C     		adds	r0, r4, #0
  46              	.LVL2:
  47              		.loc 1 5 14 view .LVU5
  48 000a FFF7FEFF 		bl	__aeabi_fcmplt
  49              	.LVL3:
  50 000e 0028     		cmp	r0, #0
  51 0010 09D1     		bne	.L4
  52              		.loc 1 5 14 discriminator 2 view .LVU6
  53 0012 FE21     		movs	r1, #254
ARM GAS  /tmp/ccgqDAK1.s 			page 2


  54 0014 8905     		lsls	r1, r1, #22
  55 0016 201C     		adds	r0, r4, #0
  56 0018 FFF7FEFF 		bl	__aeabi_fcmpgt
  57              	.LVL4:
  58 001c 0028     		cmp	r0, #0
  59 001e 03D0     		beq	.L2
  60              		.loc 1 5 14 discriminator 4 view .LVU7
  61 0020 FE24     		movs	r4, #254
  62              	.LVL5:
  63              		.loc 1 5 14 discriminator 4 view .LVU8
  64 0022 A405     		lsls	r4, r4, #22
  65 0024 00E0     		b	.L2
  66              	.LVL6:
  67              	.L4:
  68              		.loc 1 5 14 discriminator 1 view .LVU9
  69 0026 0024     		movs	r4, #0
  70              	.LVL7:
  71              	.L2:
  72              		.loc 1 5 12 discriminator 8 view .LVU10
  73 0028 2C60     		str	r4, [r5]
   6:Lib/compute/filter/lowpass_filter.cpp ****     _prev_value = 0.0f;
  74              		.loc 1 6 5 is_stmt 1 view .LVU11
  75              		.loc 1 6 17 is_stmt 0 view .LVU12
  76 002a 0023     		movs	r3, #0
  77 002c 6B60     		str	r3, [r5, #4]
   7:Lib/compute/filter/lowpass_filter.cpp **** }
  78              		.loc 1 7 1 view .LVU13
  79              		@ sp needed
  80              	.LVL8:
  81              		.loc 1 7 1 view .LVU14
  82 002e 70BD     		pop	{r4, r5, r6, pc}
  83              		.cfi_endproc
  84              	.LFE978:
  86              		.align	1
  87              		.global	_ZN13LowpassFilter6filterEf
  88              		.syntax unified
  89              		.code	16
  90              		.thumb_func
  92              	_ZN13LowpassFilter6filterEf:
  93              	.LVL9:
  94              	.LFB979:
   8:Lib/compute/filter/lowpass_filter.cpp **** 
   9:Lib/compute/filter/lowpass_filter.cpp **** float LowpassFilter::filter(float value) // 低通滤波器算法
  10:Lib/compute/filter/lowpass_filter.cpp **** {
  95              		.loc 1 10 1 is_stmt 1 view -0
  96              		.cfi_startproc
  97              		@ args = 0, pretend = 0, frame = 0
  98              		@ frame_needed = 0, uses_anonymous_args = 0
  99              		.loc 1 10 1 is_stmt 0 view .LVU16
 100 0030 70B5     		push	{r4, r5, r6, lr}
 101              		.cfi_def_cfa_offset 16
 102              		.cfi_offset 4, -16
 103              		.cfi_offset 5, -12
 104              		.cfi_offset 6, -8
 105              		.cfi_offset 14, -4
 106 0032 0400     		movs	r4, r0
 107 0034 081C     		adds	r0, r1, #0
ARM GAS  /tmp/ccgqDAK1.s 			page 3


 108              	.LVL10:
  11:Lib/compute/filter/lowpass_filter.cpp ****     /* y=ax+(1-a)*y0 -> y=y0+a(x-y0) */
  12:Lib/compute/filter/lowpass_filter.cpp ****     /* x 是当前输入值（value），y0 是上一个输出值（prev_value）, 
  13:Lib/compute/filter/lowpass_filter.cpp ****     a 是滤波系数（alpha） ,y 是当前输出值（ret） */
  14:Lib/compute/filter/lowpass_filter.cpp ****     float ret = _prev_value + _alpha * (value - _prev_value);
 109              		.loc 1 14 5 is_stmt 1 view .LVU17
 110              		.loc 1 14 17 is_stmt 0 view .LVU18
 111 0036 6568     		ldr	r5, [r4, #4]
 112              		.loc 1 14 31 view .LVU19
 113 0038 2668     		ldr	r6, [r4]
 114              		.loc 1 14 47 view .LVU20
 115 003a 291C     		adds	r1, r5, #0
 116              	.LVL11:
 117              		.loc 1 14 47 view .LVU21
 118 003c FFF7FEFF 		bl	__aeabi_fsub
 119              	.LVL12:
 120              		.loc 1 14 47 view .LVU22
 121 0040 011C     		adds	r1, r0, #0
 122              		.loc 1 14 38 view .LVU23
 123 0042 301C     		adds	r0, r6, #0
 124 0044 FFF7FEFF 		bl	__aeabi_fmul
 125              	.LVL13:
 126 0048 011C     		adds	r1, r0, #0
 127              		.loc 1 14 11 view .LVU24
 128 004a 281C     		adds	r0, r5, #0
 129 004c FFF7FEFF 		bl	__aeabi_fadd
 130              	.LVL14:
  15:Lib/compute/filter/lowpass_filter.cpp ****     _prev_value = ret;
 131              		.loc 1 15 5 is_stmt 1 view .LVU25
 132              		.loc 1 15 17 is_stmt 0 view .LVU26
 133 0050 6060     		str	r0, [r4, #4]
  16:Lib/compute/filter/lowpass_filter.cpp ****     return ret;
 134              		.loc 1 16 5 is_stmt 1 view .LVU27
  17:Lib/compute/filter/lowpass_filter.cpp **** }
 135              		.loc 1 17 1 is_stmt 0 view .LVU28
 136              		@ sp needed
 137              	.LVL15:
 138              		.loc 1 17 1 view .LVU29
 139 0052 70BD     		pop	{r4, r5, r6, pc}
 140              		.cfi_endproc
 141              	.LFE979:
 143              		.align	1
 144              		.global	_ZN13LowpassFilter17filter_with_alphaEff
 145              		.syntax unified
 146              		.code	16
 147              		.thumb_func
 149              	_ZN13LowpassFilter17filter_with_alphaEff:
 150              	.LVL16:
 151              	.LFB980:
  18:Lib/compute/filter/lowpass_filter.cpp **** 
  19:Lib/compute/filter/lowpass_filter.cpp **** float LowpassFilter::filter_with_alpha(float value, float alpha)
  20:Lib/compute/filter/lowpass_filter.cpp **** {
 152              		.loc 1 20 1 is_stmt 1 view -0
 153              		.cfi_startproc
 154              		@ args = 0, pretend = 0, frame = 0
 155              		@ frame_needed = 0, uses_anonymous_args = 0
 156              		.loc 1 20 1 is_stmt 0 view .LVU31
ARM GAS  /tmp/ccgqDAK1.s 			page 4


 157 0054 70B5     		push	{r4, r5, r6, lr}
 158              		.cfi_def_cfa_offset 16
 159              		.cfi_offset 4, -16
 160              		.cfi_offset 5, -12
 161              		.cfi_offset 6, -8
 162              		.cfi_offset 14, -4
 163 0056 0400     		movs	r4, r0
 164 0058 081C     		adds	r0, r1, #0
 165              	.LVL17:
 166              		.loc 1 20 1 view .LVU32
 167 005a 151C     		adds	r5, r2, #0
  21:Lib/compute/filter/lowpass_filter.cpp ****     float ret = _prev_value + alpha * (value - _prev_value);
 168              		.loc 1 21 5 is_stmt 1 view .LVU33
 169              		.loc 1 21 17 is_stmt 0 view .LVU34
 170 005c 6668     		ldr	r6, [r4, #4]
 171              		.loc 1 21 46 view .LVU35
 172 005e 311C     		adds	r1, r6, #0
 173              	.LVL18:
 174              		.loc 1 21 46 view .LVU36
 175 0060 FFF7FEFF 		bl	__aeabi_fsub
 176              	.LVL19:
 177              		.loc 1 21 37 view .LVU37
 178 0064 291C     		adds	r1, r5, #0
 179 0066 FFF7FEFF 		bl	__aeabi_fmul
 180              	.LVL20:
 181 006a 011C     		adds	r1, r0, #0
 182              		.loc 1 21 11 view .LVU38
 183 006c 301C     		adds	r0, r6, #0
 184 006e FFF7FEFF 		bl	__aeabi_fadd
 185              	.LVL21:
  22:Lib/compute/filter/lowpass_filter.cpp ****     _prev_value = ret;
 186              		.loc 1 22 5 is_stmt 1 view .LVU39
 187              		.loc 1 22 17 is_stmt 0 view .LVU40
 188 0072 6060     		str	r0, [r4, #4]
  23:Lib/compute/filter/lowpass_filter.cpp ****     return ret;
 189              		.loc 1 23 5 is_stmt 1 view .LVU41
  24:Lib/compute/filter/lowpass_filter.cpp **** }
 190              		.loc 1 24 1 is_stmt 0 view .LVU42
 191              		@ sp needed
 192              	.LVL22:
 193              	.LVL23:
 194              		.loc 1 24 1 view .LVU43
 195 0074 70BD     		pop	{r4, r5, r6, pc}
 196              		.cfi_endproc
 197              	.LFE980:
 199              		.align	1
 200              		.global	_ZN13LowpassFilter5clearEv
 201              		.syntax unified
 202              		.code	16
 203              		.thumb_func
 205              	_ZN13LowpassFilter5clearEv:
 206              	.LVL24:
 207              	.LFB981:
  25:Lib/compute/filter/lowpass_filter.cpp **** 
  26:Lib/compute/filter/lowpass_filter.cpp **** void LowpassFilter::clear(void)
  27:Lib/compute/filter/lowpass_filter.cpp **** {
 208              		.loc 1 27 1 is_stmt 1 view -0
ARM GAS  /tmp/ccgqDAK1.s 			page 5


 209              		.cfi_startproc
 210              		@ args = 0, pretend = 0, frame = 0
 211              		@ frame_needed = 0, uses_anonymous_args = 0
 212              		@ link register save eliminated.
  28:Lib/compute/filter/lowpass_filter.cpp ****     _prev_value = 0.0f;
 213              		.loc 1 28 5 view .LVU45
 214              		.loc 1 28 17 is_stmt 0 view .LVU46
 215 0076 0023     		movs	r3, #0
 216 0078 4360     		str	r3, [r0, #4]
  29:Lib/compute/filter/lowpass_filter.cpp **** }...
 217              		.loc 1 29 1 view .LVU47
 218              		@ sp needed
 219 007a 7047     		bx	lr
 220              		.cfi_endproc
 221              	.LFE981:
 223              	.Letext0:
 224              		.file 2 "/opt/arm-gnu-toolchain-14.2/arm-none-eabi/include/c++/14.2.1/cmath"
 225              		.file 3 "/opt/arm-gnu-toolchain-14.2/arm-none-eabi/include/c++/14.2.1/type_traits"
 226              		.file 4 "/opt/arm-gnu-toolchain-14.2/arm-none-eabi/include/c++/14.2.1/debug/debug.h"
 227              		.file 5 "/opt/arm-gnu-toolchain-14.2/arm-none-eabi/include/c++/14.2.1/bits/std_abs.h"
 228              		.file 6 "/opt/arm-gnu-toolchain-14.2/arm-none-eabi/include/c++/14.2.1/bits/predefined_ops.h"
 229              		.file 7 "/opt/arm-gnu-toolchain-14.2/arm-none-eabi/include/math.h"
 230              		.file 8 "/opt/arm-gnu-toolchain-14.2/arm-none-eabi/include/c++/14.2.1/arm-none-eabi/thumb/v6-m/nof
 231              		.file 9 "/opt/arm-gnu-toolchain-14.2/arm-none-eabi/include/c++/14.2.1/math.h"
 232              		.file 10 "Lib/compute/ex_math.hpp"
ARM GAS  /tmp/ccgqDAK1.s 			page 6


DEFINED SYMBOLS
                            *ABS*:00000000 lowpass_filter.cpp
     /tmp/ccgqDAK1.s:18     .text:00000000 $t
     /tmp/ccgqDAK1.s:24     .text:00000000 _ZN13LowpassFilter4initEf
     /tmp/ccgqDAK1.s:92     .text:00000030 _ZN13LowpassFilter6filterEf
     /tmp/ccgqDAK1.s:149    .text:00000054 _ZN13LowpassFilter17filter_with_alphaEff
     /tmp/ccgqDAK1.s:205    .text:00000076 _ZN13LowpassFilter5clearEv

UNDEFINED SYMBOLS
__aeabi_fcmplt
__aeabi_fcmpgt
__aeabi_fsub
__aeabi_fmul
__aeabi_fadd
