ARM GAS  /tmp/ccidHBpo.s 			page 1


   1              		.cpu cortex-m0plus
   2              		.arch armv6s-m
   3              		.fpu softvfp
   4              		.eabi_attribute 20, 1
   5              		.eabi_attribute 21, 1
   6              		.eabi_attribute 23, 3
   7              		.eabi_attribute 24, 1
   8              		.eabi_attribute 25, 1
   9              		.eabi_attribute 26, 1
  10              		.eabi_attribute 30, 1
  11              		.eabi_attribute 34, 0
  12              		.eabi_attribute 18, 4
  13              		.file	"main.c"
  14              		.text
  15              	.Ltext0:
  16              		.cfi_sections	.debug_frame
  17              		.file 1 "Core/Src/main.c"
  18              		.section	.text.HAL_TIM_PeriodElapsedCallback,"ax",%progbits
  19              		.align	1
  20              		.global	HAL_TIM_PeriodElapsedCallback
  21              		.syntax unified
  22              		.code	16
  23              		.thumb_func
  25              	HAL_TIM_PeriodElapsedCallback:
  26              	.LVL0:
  27              	.LFB459:
   1:Core/Src/main.c **** /* USER CODE BEGIN Header */
   2:Core/Src/main.c **** /**
   3:Core/Src/main.c ****   ******************************************************************************
   4:Core/Src/main.c ****   * @file           : main.c
   5:Core/Src/main.c ****   * @brief          : Main program body
   6:Core/Src/main.c ****   ******************************************************************************
   7:Core/Src/main.c ****   * @attention
   8:Core/Src/main.c ****   *
   9:Core/Src/main.c ****   * Copyright (c) 2026 STMicroelectronics.
  10:Core/Src/main.c ****   * All rights reserved.
  11:Core/Src/main.c ****   *
  12:Core/Src/main.c ****   * This software is licensed under terms that can be found in the LICENSE file
  13:Core/Src/main.c ****   * in the root directory of this software component.
  14:Core/Src/main.c ****   * If no LICENSE file comes with this software, it is provided AS-IS.
  15:Core/Src/main.c ****   *
  16:Core/Src/main.c ****   ******************************************************************************
  17:Core/Src/main.c ****   */
  18:Core/Src/main.c **** /* USER CODE END Header */
  19:Core/Src/main.c **** /* Includes ------------------------------------------------------------------*/
  20:Core/Src/main.c **** #include "main.h"
  21:Core/Src/main.c **** #include "cmsis_os.h"
  22:Core/Src/main.c **** #include "adc.h"
  23:Core/Src/main.c **** #include "dma.h"
  24:Core/Src/main.c **** #include "i2c.h"
  25:Core/Src/main.c **** #include "spi.h"
  26:Core/Src/main.c **** #include "tim.h"
  27:Core/Src/main.c **** #include "usart.h"
  28:Core/Src/main.c **** #include "gpio.h"
  29:Core/Src/main.c **** 
  30:Core/Src/main.c **** /* Private includes ----------------------------------------------------------*/
  31:Core/Src/main.c **** /* USER CODE BEGIN Includes */
ARM GAS  /tmp/ccidHBpo.s 			page 2


  32:Core/Src/main.c **** 
  33:Core/Src/main.c **** /* USER CODE END Includes */
  34:Core/Src/main.c **** 
  35:Core/Src/main.c **** /* Private typedef -----------------------------------------------------------*/
  36:Core/Src/main.c **** /* USER CODE BEGIN PTD */
  37:Core/Src/main.c **** 
  38:Core/Src/main.c **** /* USER CODE END PTD */
  39:Core/Src/main.c **** 
  40:Core/Src/main.c **** /* Private define ------------------------------------------------------------*/
  41:Core/Src/main.c **** /* USER CODE BEGIN PD */
  42:Core/Src/main.c **** 
  43:Core/Src/main.c **** /* USER CODE END PD */
  44:Core/Src/main.c **** 
  45:Core/Src/main.c **** /* Private macro -------------------------------------------------------------*/
  46:Core/Src/main.c **** /* USER CODE BEGIN PM */
  47:Core/Src/main.c **** 
  48:Core/Src/main.c **** /* USER CODE END PM */
  49:Core/Src/main.c **** 
  50:Core/Src/main.c **** /* Private variables ---------------------------------------------------------*/
  51:Core/Src/main.c **** 
  52:Core/Src/main.c **** /* USER CODE BEGIN PV */
  53:Core/Src/main.c **** 
  54:Core/Src/main.c **** /* USER CODE END PV */
  55:Core/Src/main.c **** 
  56:Core/Src/main.c **** /* Private function prototypes -----------------------------------------------*/
  57:Core/Src/main.c **** void SystemClock_Config(void);
  58:Core/Src/main.c **** void MX_FREERTOS_Init(void);
  59:Core/Src/main.c **** /* USER CODE BEGIN PFP */
  60:Core/Src/main.c **** 
  61:Core/Src/main.c **** /* USER CODE END PFP */
  62:Core/Src/main.c **** 
  63:Core/Src/main.c **** /* Private user code ---------------------------------------------------------*/
  64:Core/Src/main.c **** /* USER CODE BEGIN 0 */
  65:Core/Src/main.c **** 
  66:Core/Src/main.c **** /* USER CODE END 0 */
  67:Core/Src/main.c **** 
  68:Core/Src/main.c **** /**
  69:Core/Src/main.c ****   * @brief  The application entry point.
  70:Core/Src/main.c ****   * @retval int
  71:Core/Src/main.c ****   */
  72:Core/Src/main.c **** int main(void)
  73:Core/Src/main.c **** {
  74:Core/Src/main.c **** 
  75:Core/Src/main.c ****   /* USER CODE BEGIN 1 */
  76:Core/Src/main.c **** 
  77:Core/Src/main.c ****   /* USER CODE END 1 */
  78:Core/Src/main.c **** 
  79:Core/Src/main.c ****   /* MCU Configuration--------------------------------------------------------*/
  80:Core/Src/main.c **** 
  81:Core/Src/main.c ****   /* Reset of all peripherals, Initializes the Flash interface and the Systick. */
  82:Core/Src/main.c ****   HAL_Init();
  83:Core/Src/main.c **** 
  84:Core/Src/main.c ****   /* USER CODE BEGIN Init */
  85:Core/Src/main.c **** 
  86:Core/Src/main.c ****   /* USER CODE END Init */
  87:Core/Src/main.c **** 
  88:Core/Src/main.c ****   /* Configure the system clock */
ARM GAS  /tmp/ccidHBpo.s 			page 3


  89:Core/Src/main.c ****   SystemClock_Config();
  90:Core/Src/main.c **** 
  91:Core/Src/main.c ****   /* USER CODE BEGIN SysInit */
  92:Core/Src/main.c **** 
  93:Core/Src/main.c ****   /* USER CODE END SysInit */
  94:Core/Src/main.c **** 
  95:Core/Src/main.c ****   /* Initialize all configured peripherals */
  96:Core/Src/main.c ****   MX_GPIO_Init();
  97:Core/Src/main.c ****   MX_DMA_Init();
  98:Core/Src/main.c ****   MX_ADC1_Init();
  99:Core/Src/main.c ****   MX_SPI1_Init();
 100:Core/Src/main.c ****   MX_USART2_UART_Init();
 101:Core/Src/main.c ****   MX_USART3_UART_Init();
 102:Core/Src/main.c ****   MX_I2C2_Init();
 103:Core/Src/main.c ****   MX_TIM1_Init();
 104:Core/Src/main.c ****   MX_SPI2_Init();
 105:Core/Src/main.c ****   MX_TIM15_Init();
 106:Core/Src/main.c ****   MX_TIM2_Init();
 107:Core/Src/main.c ****   MX_TIM3_Init();
 108:Core/Src/main.c ****   /* USER CODE BEGIN 2 */
 109:Core/Src/main.c **** 
 110:Core/Src/main.c ****   /* USER CODE END 2 */
 111:Core/Src/main.c **** 
 112:Core/Src/main.c ****   /* Init scheduler */
 113:Core/Src/main.c ****   osKernelInitialize();  /* Call init function for freertos objects (in cmsis_os2.c) */
 114:Core/Src/main.c ****   MX_FREERTOS_Init();
 115:Core/Src/main.c **** 
 116:Core/Src/main.c ****   /* Start scheduler */
 117:Core/Src/main.c ****   osKernelStart();
 118:Core/Src/main.c **** 
 119:Core/Src/main.c ****   /* We should never get here as control is now taken by the scheduler */
 120:Core/Src/main.c **** 
 121:Core/Src/main.c ****   /* Infinite loop */
 122:Core/Src/main.c ****   /* USER CODE BEGIN WHILE */
 123:Core/Src/main.c ****   while (1)
 124:Core/Src/main.c ****   {
 125:Core/Src/main.c ****     /* USER CODE END WHILE */
 126:Core/Src/main.c **** 
 127:Core/Src/main.c ****     /* USER CODE BEGIN 3 */
 128:Core/Src/main.c ****   }
 129:Core/Src/main.c ****   /* USER CODE END 3 */
 130:Core/Src/main.c **** }
 131:Core/Src/main.c **** 
 132:Core/Src/main.c **** /**
 133:Core/Src/main.c ****   * @brief System Clock Configuration
 134:Core/Src/main.c ****   * @retval None
 135:Core/Src/main.c ****   */
 136:Core/Src/main.c **** void SystemClock_Config(void)
 137:Core/Src/main.c **** {
 138:Core/Src/main.c ****   RCC_OscInitTypeDef RCC_OscInitStruct = {0};
 139:Core/Src/main.c ****   RCC_ClkInitTypeDef RCC_ClkInitStruct = {0};
 140:Core/Src/main.c **** 
 141:Core/Src/main.c ****   /** Configure the main internal regulator output voltage
 142:Core/Src/main.c ****   */
 143:Core/Src/main.c ****   HAL_PWREx_ControlVoltageScaling(PWR_REGULATOR_VOLTAGE_SCALE1);
 144:Core/Src/main.c **** 
 145:Core/Src/main.c ****   /** Initializes the RCC Oscillators according to the specified parameters
ARM GAS  /tmp/ccidHBpo.s 			page 4


 146:Core/Src/main.c ****   * in the RCC_OscInitTypeDef structure.
 147:Core/Src/main.c ****   */
 148:Core/Src/main.c ****   RCC_OscInitStruct.OscillatorType = RCC_OSCILLATORTYPE_HSI;
 149:Core/Src/main.c ****   RCC_OscInitStruct.HSIState = RCC_HSI_ON;
 150:Core/Src/main.c ****   RCC_OscInitStruct.HSIDiv = RCC_HSI_DIV1;
 151:Core/Src/main.c ****   RCC_OscInitStruct.HSICalibrationValue = RCC_HSICALIBRATION_DEFAULT;
 152:Core/Src/main.c ****   RCC_OscInitStruct.PLL.PLLState = RCC_PLL_ON;
 153:Core/Src/main.c ****   RCC_OscInitStruct.PLL.PLLSource = RCC_PLLSOURCE_HSI;
 154:Core/Src/main.c ****   RCC_OscInitStruct.PLL.PLLM = RCC_PLLM_DIV1;
 155:Core/Src/main.c ****   RCC_OscInitStruct.PLL.PLLN = 8;
 156:Core/Src/main.c ****   RCC_OscInitStruct.PLL.PLLP = RCC_PLLP_DIV2;
 157:Core/Src/main.c ****   RCC_OscInitStruct.PLL.PLLQ = RCC_PLLQ_DIV4;
 158:Core/Src/main.c ****   RCC_OscInitStruct.PLL.PLLR = RCC_PLLR_DIV2;
 159:Core/Src/main.c ****   if (HAL_RCC_OscConfig(&RCC_OscInitStruct) != HAL_OK)
 160:Core/Src/main.c ****   {
 161:Core/Src/main.c ****     Error_Handler();
 162:Core/Src/main.c ****   }
 163:Core/Src/main.c **** 
 164:Core/Src/main.c ****   /** Initializes the CPU, AHB and APB buses clocks
 165:Core/Src/main.c ****   */
 166:Core/Src/main.c ****   RCC_ClkInitStruct.ClockType = RCC_CLOCKTYPE_HCLK|RCC_CLOCKTYPE_SYSCLK
 167:Core/Src/main.c ****                               |RCC_CLOCKTYPE_PCLK1;
 168:Core/Src/main.c ****   RCC_ClkInitStruct.SYSCLKSource = RCC_SYSCLKSOURCE_PLLCLK;
 169:Core/Src/main.c ****   RCC_ClkInitStruct.AHBCLKDivider = RCC_SYSCLK_DIV1;
 170:Core/Src/main.c ****   RCC_ClkInitStruct.APB1CLKDivider = RCC_HCLK_DIV1;
 171:Core/Src/main.c **** 
 172:Core/Src/main.c ****   if (HAL_RCC_ClockConfig(&RCC_ClkInitStruct, FLASH_LATENCY_2) != HAL_OK)
 173:Core/Src/main.c ****   {
 174:Core/Src/main.c ****     Error_Handler();
 175:Core/Src/main.c ****   }
 176:Core/Src/main.c **** }
 177:Core/Src/main.c **** 
 178:Core/Src/main.c **** /* USER CODE BEGIN 4 */
 179:Core/Src/main.c **** 
 180:Core/Src/main.c **** /* USER CODE END 4 */
 181:Core/Src/main.c **** 
 182:Core/Src/main.c **** /**
 183:Core/Src/main.c ****   * @brief  Period elapsed callback in non blocking mode
 184:Core/Src/main.c ****   * @note   This function is called  when TIM17 interrupt took place, inside
 185:Core/Src/main.c ****   * HAL_TIM_IRQHandler(). It makes a direct call to HAL_IncTick() to increment
 186:Core/Src/main.c ****   * a global variable "uwTick" used as application time base.
 187:Core/Src/main.c ****   * @param  htim : TIM handle
 188:Core/Src/main.c ****   * @retval None
 189:Core/Src/main.c ****   */
 190:Core/Src/main.c **** void HAL_TIM_PeriodElapsedCallback(TIM_HandleTypeDef *htim)
 191:Core/Src/main.c **** {
  28              		.loc 1 191 1 view -0
  29              		.cfi_startproc
  30              		@ args = 0, pretend = 0, frame = 0
  31              		@ frame_needed = 0, uses_anonymous_args = 0
  32              		.loc 1 191 1 is_stmt 0 view .LVU1
  33 0000 10B5     		push	{r4, lr}
  34              		.cfi_def_cfa_offset 8
  35              		.cfi_offset 4, -8
  36              		.cfi_offset 14, -4
 192:Core/Src/main.c ****   /* USER CODE BEGIN Callback 0 */
 193:Core/Src/main.c **** 
ARM GAS  /tmp/ccidHBpo.s 			page 5


 194:Core/Src/main.c ****   /* USER CODE END Callback 0 */
 195:Core/Src/main.c ****   if (htim->Instance == TIM17)
  37              		.loc 1 195 3 is_stmt 1 view .LVU2
  38              		.loc 1 195 11 is_stmt 0 view .LVU3
  39 0002 0268     		ldr	r2, [r0]
  40              		.loc 1 195 6 view .LVU4
  41 0004 034B     		ldr	r3, .L4
  42 0006 9A42     		cmp	r2, r3
  43 0008 00D0     		beq	.L3
  44              	.LVL1:
  45              	.L1:
 196:Core/Src/main.c ****   {
 197:Core/Src/main.c ****     HAL_IncTick();
 198:Core/Src/main.c ****   }
 199:Core/Src/main.c ****   /* USER CODE BEGIN Callback 1 */
 200:Core/Src/main.c **** 
 201:Core/Src/main.c ****   /* USER CODE END Callback 1 */
 202:Core/Src/main.c **** }
  46              		.loc 1 202 1 view .LVU5
  47              		@ sp needed
  48 000a 10BD     		pop	{r4, pc}
  49              	.LVL2:
  50              	.L3:
 197:Core/Src/main.c ****   }
  51              		.loc 1 197 5 is_stmt 1 view .LVU6
  52 000c FFF7FEFF 		bl	HAL_IncTick
  53              	.LVL3:
  54              		.loc 1 202 1 is_stmt 0 view .LVU7
  55 0010 FBE7     		b	.L1
  56              	.L5:
  57 0012 C046     		.align	2
  58              	.L4:
  59 0014 00480140 		.word	1073825792
  60              		.cfi_endproc
  61              	.LFE459:
  63              		.section	.text.Error_Handler,"ax",%progbits
  64              		.align	1
  65              		.global	Error_Handler
  66              		.syntax unified
  67              		.code	16
  68              		.thumb_func
  70              	Error_Handler:
  71              	.LFB460:
 203:Core/Src/main.c **** 
 204:Core/Src/main.c **** /**
 205:Core/Src/main.c ****   * @brief  This function is executed in case of error occurrence.
 206:Core/Src/main.c ****   * @retval None
 207:Core/Src/main.c ****   */
 208:Core/Src/main.c **** void Error_Handler(void)
 209:Core/Src/main.c **** {
  72              		.loc 1 209 1 is_stmt 1 view -0
  73              		.cfi_startproc
  74              		@ Volatile: function does not return.
  75              		@ args = 0, pretend = 0, frame = 0
  76              		@ frame_needed = 0, uses_anonymous_args = 0
  77              		@ link register save eliminated.
 210:Core/Src/main.c ****   /* USER CODE BEGIN Error_Handler_Debug */
ARM GAS  /tmp/ccidHBpo.s 			page 6


 211:Core/Src/main.c ****   /* User can add his own implementation to report the HAL error return state */
 212:Core/Src/main.c ****   __disable_irq();
  78              		.loc 1 212 3 view .LVU9
  79              	.LBB4:
  80              	.LBI4:
  81              		.file 2 "Drivers/CMSIS/Include/cmsis_gcc.h"
   1:Drivers/CMSIS/Include/cmsis_gcc.h **** /**************************************************************************//**
   2:Drivers/CMSIS/Include/cmsis_gcc.h ****  * @file     cmsis_gcc.h
   3:Drivers/CMSIS/Include/cmsis_gcc.h ****  * @brief    CMSIS compiler GCC header file
   4:Drivers/CMSIS/Include/cmsis_gcc.h ****  * @version  V5.2.0
   5:Drivers/CMSIS/Include/cmsis_gcc.h ****  * @date     08. May 2019
   6:Drivers/CMSIS/Include/cmsis_gcc.h ****  ******************************************************************************/
   7:Drivers/CMSIS/Include/cmsis_gcc.h **** /*
   8:Drivers/CMSIS/Include/cmsis_gcc.h ****  * Copyright (c) 2009-2019 Arm Limited. All rights reserved.
   9:Drivers/CMSIS/Include/cmsis_gcc.h ****  *
  10:Drivers/CMSIS/Include/cmsis_gcc.h ****  * SPDX-License-Identifier: Apache-2.0
  11:Drivers/CMSIS/Include/cmsis_gcc.h ****  *
  12:Drivers/CMSIS/Include/cmsis_gcc.h ****  * Licensed under the Apache License, Version 2.0 (the License); you may
  13:Drivers/CMSIS/Include/cmsis_gcc.h ****  * not use this file except in compliance with the License.
  14:Drivers/CMSIS/Include/cmsis_gcc.h ****  * You may obtain a copy of the License at
  15:Drivers/CMSIS/Include/cmsis_gcc.h ****  *
  16:Drivers/CMSIS/Include/cmsis_gcc.h ****  * www.apache.org/licenses/LICENSE-2.0
  17:Drivers/CMSIS/Include/cmsis_gcc.h ****  *
  18:Drivers/CMSIS/Include/cmsis_gcc.h ****  * Unless required by applicable law or agreed to in writing, software
  19:Drivers/CMSIS/Include/cmsis_gcc.h ****  * distributed under the License is distributed on an AS IS BASIS, WITHOUT
  20:Drivers/CMSIS/Include/cmsis_gcc.h ****  * WARRANTIES OR CONDITIONS OF ANY KIND, either express or implied.
  21:Drivers/CMSIS/Include/cmsis_gcc.h ****  * See the License for the specific language governing permissions and
  22:Drivers/CMSIS/Include/cmsis_gcc.h ****  * limitations under the License.
  23:Drivers/CMSIS/Include/cmsis_gcc.h ****  */
  24:Drivers/CMSIS/Include/cmsis_gcc.h **** 
  25:Drivers/CMSIS/Include/cmsis_gcc.h **** #ifndef __CMSIS_GCC_H
  26:Drivers/CMSIS/Include/cmsis_gcc.h **** #define __CMSIS_GCC_H
  27:Drivers/CMSIS/Include/cmsis_gcc.h **** 
  28:Drivers/CMSIS/Include/cmsis_gcc.h **** /* ignore some GCC warnings */
  29:Drivers/CMSIS/Include/cmsis_gcc.h **** #pragma GCC diagnostic push
  30:Drivers/CMSIS/Include/cmsis_gcc.h **** #pragma GCC diagnostic ignored "-Wsign-conversion"
  31:Drivers/CMSIS/Include/cmsis_gcc.h **** #pragma GCC diagnostic ignored "-Wconversion"
  32:Drivers/CMSIS/Include/cmsis_gcc.h **** #pragma GCC diagnostic ignored "-Wunused-parameter"
  33:Drivers/CMSIS/Include/cmsis_gcc.h **** 
  34:Drivers/CMSIS/Include/cmsis_gcc.h **** /* Fallback for __has_builtin */
  35:Drivers/CMSIS/Include/cmsis_gcc.h **** #ifndef __has_builtin
  36:Drivers/CMSIS/Include/cmsis_gcc.h ****   #define __has_builtin(x) (0)
  37:Drivers/CMSIS/Include/cmsis_gcc.h **** #endif
  38:Drivers/CMSIS/Include/cmsis_gcc.h **** 
  39:Drivers/CMSIS/Include/cmsis_gcc.h **** /* CMSIS compiler specific defines */
  40:Drivers/CMSIS/Include/cmsis_gcc.h **** #ifndef   __ASM
  41:Drivers/CMSIS/Include/cmsis_gcc.h ****   #define __ASM                                  __asm
  42:Drivers/CMSIS/Include/cmsis_gcc.h **** #endif
  43:Drivers/CMSIS/Include/cmsis_gcc.h **** #ifndef   __INLINE
  44:Drivers/CMSIS/Include/cmsis_gcc.h ****   #define __INLINE                               inline
  45:Drivers/CMSIS/Include/cmsis_gcc.h **** #endif
  46:Drivers/CMSIS/Include/cmsis_gcc.h **** #ifndef   __STATIC_INLINE
  47:Drivers/CMSIS/Include/cmsis_gcc.h ****   #define __STATIC_INLINE                        static inline
  48:Drivers/CMSIS/Include/cmsis_gcc.h **** #endif
  49:Drivers/CMSIS/Include/cmsis_gcc.h **** #ifndef   __STATIC_FORCEINLINE                 
  50:Drivers/CMSIS/Include/cmsis_gcc.h ****   #define __STATIC_FORCEINLINE                   __attribute__((always_inline)) static inline
  51:Drivers/CMSIS/Include/cmsis_gcc.h **** #endif                                           
ARM GAS  /tmp/ccidHBpo.s 			page 7


  52:Drivers/CMSIS/Include/cmsis_gcc.h **** #ifndef   __NO_RETURN
  53:Drivers/CMSIS/Include/cmsis_gcc.h ****   #define __NO_RETURN                            __attribute__((__noreturn__))
  54:Drivers/CMSIS/Include/cmsis_gcc.h **** #endif
  55:Drivers/CMSIS/Include/cmsis_gcc.h **** #ifndef   __USED
  56:Drivers/CMSIS/Include/cmsis_gcc.h ****   #define __USED                                 __attribute__((used))
  57:Drivers/CMSIS/Include/cmsis_gcc.h **** #endif
  58:Drivers/CMSIS/Include/cmsis_gcc.h **** #ifndef   __WEAK
  59:Drivers/CMSIS/Include/cmsis_gcc.h ****   #define __WEAK                                 __attribute__((weak))
  60:Drivers/CMSIS/Include/cmsis_gcc.h **** #endif
  61:Drivers/CMSIS/Include/cmsis_gcc.h **** #ifndef   __PACKED
  62:Drivers/CMSIS/Include/cmsis_gcc.h ****   #define __PACKED                               __attribute__((packed, aligned(1)))
  63:Drivers/CMSIS/Include/cmsis_gcc.h **** #endif
  64:Drivers/CMSIS/Include/cmsis_gcc.h **** #ifndef   __PACKED_STRUCT
  65:Drivers/CMSIS/Include/cmsis_gcc.h ****   #define __PACKED_STRUCT                        struct __attribute__((packed, aligned(1)))
  66:Drivers/CMSIS/Include/cmsis_gcc.h **** #endif
  67:Drivers/CMSIS/Include/cmsis_gcc.h **** #ifndef   __PACKED_UNION
  68:Drivers/CMSIS/Include/cmsis_gcc.h ****   #define __PACKED_UNION                         union __attribute__((packed, aligned(1)))
  69:Drivers/CMSIS/Include/cmsis_gcc.h **** #endif
  70:Drivers/CMSIS/Include/cmsis_gcc.h **** #ifndef   __UNALIGNED_UINT32        /* deprecated */
  71:Drivers/CMSIS/Include/cmsis_gcc.h ****   #pragma GCC diagnostic push
  72:Drivers/CMSIS/Include/cmsis_gcc.h ****   #pragma GCC diagnostic ignored "-Wpacked"
  73:Drivers/CMSIS/Include/cmsis_gcc.h ****   #pragma GCC diagnostic ignored "-Wattributes"
  74:Drivers/CMSIS/Include/cmsis_gcc.h ****   struct __attribute__((packed)) T_UINT32 { uint32_t v; };
  75:Drivers/CMSIS/Include/cmsis_gcc.h ****   #pragma GCC diagnostic pop
  76:Drivers/CMSIS/Include/cmsis_gcc.h ****   #define __UNALIGNED_UINT32(x)                  (((struct T_UINT32 *)(x))->v)
  77:Drivers/CMSIS/Include/cmsis_gcc.h **** #endif
  78:Drivers/CMSIS/Include/cmsis_gcc.h **** #ifndef   __UNALIGNED_UINT16_WRITE
  79:Drivers/CMSIS/Include/cmsis_gcc.h ****   #pragma GCC diagnostic push
  80:Drivers/CMSIS/Include/cmsis_gcc.h ****   #pragma GCC diagnostic ignored "-Wpacked"
  81:Drivers/CMSIS/Include/cmsis_gcc.h ****   #pragma GCC diagnostic ignored "-Wattributes"
  82:Drivers/CMSIS/Include/cmsis_gcc.h ****   __PACKED_STRUCT T_UINT16_WRITE { uint16_t v; };
  83:Drivers/CMSIS/Include/cmsis_gcc.h ****   #pragma GCC diagnostic pop
  84:Drivers/CMSIS/Include/cmsis_gcc.h ****   #define __UNALIGNED_UINT16_WRITE(addr, val)    (void)((((struct T_UINT16_WRITE *)(void *)(addr))-
  85:Drivers/CMSIS/Include/cmsis_gcc.h **** #endif
  86:Drivers/CMSIS/Include/cmsis_gcc.h **** #ifndef   __UNALIGNED_UINT16_READ
  87:Drivers/CMSIS/Include/cmsis_gcc.h ****   #pragma GCC diagnostic push
  88:Drivers/CMSIS/Include/cmsis_gcc.h ****   #pragma GCC diagnostic ignored "-Wpacked"
  89:Drivers/CMSIS/Include/cmsis_gcc.h ****   #pragma GCC diagnostic ignored "-Wattributes"
  90:Drivers/CMSIS/Include/cmsis_gcc.h ****   __PACKED_STRUCT T_UINT16_READ { uint16_t v; };
  91:Drivers/CMSIS/Include/cmsis_gcc.h ****   #pragma GCC diagnostic pop
  92:Drivers/CMSIS/Include/cmsis_gcc.h ****   #define __UNALIGNED_UINT16_READ(addr)          (((const struct T_UINT16_READ *)(const void *)(add
  93:Drivers/CMSIS/Include/cmsis_gcc.h **** #endif
  94:Drivers/CMSIS/Include/cmsis_gcc.h **** #ifndef   __UNALIGNED_UINT32_WRITE
  95:Drivers/CMSIS/Include/cmsis_gcc.h ****   #pragma GCC diagnostic push
  96:Drivers/CMSIS/Include/cmsis_gcc.h ****   #pragma GCC diagnostic ignored "-Wpacked"
  97:Drivers/CMSIS/Include/cmsis_gcc.h ****   #pragma GCC diagnostic ignored "-Wattributes"
  98:Drivers/CMSIS/Include/cmsis_gcc.h ****   __PACKED_STRUCT T_UINT32_WRITE { uint32_t v; };
  99:Drivers/CMSIS/Include/cmsis_gcc.h ****   #pragma GCC diagnostic pop
 100:Drivers/CMSIS/Include/cmsis_gcc.h ****   #define __UNALIGNED_UINT32_WRITE(addr, val)    (void)((((struct T_UINT32_WRITE *)(void *)(addr))-
 101:Drivers/CMSIS/Include/cmsis_gcc.h **** #endif
 102:Drivers/CMSIS/Include/cmsis_gcc.h **** #ifndef   __UNALIGNED_UINT32_READ
 103:Drivers/CMSIS/Include/cmsis_gcc.h ****   #pragma GCC diagnostic push
 104:Drivers/CMSIS/Include/cmsis_gcc.h ****   #pragma GCC diagnostic ignored "-Wpacked"
 105:Drivers/CMSIS/Include/cmsis_gcc.h ****   #pragma GCC diagnostic ignored "-Wattributes"
 106:Drivers/CMSIS/Include/cmsis_gcc.h ****   __PACKED_STRUCT T_UINT32_READ { uint32_t v; };
 107:Drivers/CMSIS/Include/cmsis_gcc.h ****   #pragma GCC diagnostic pop
 108:Drivers/CMSIS/Include/cmsis_gcc.h ****   #define __UNALIGNED_UINT32_READ(addr)          (((const struct T_UINT32_READ *)(const void *)(add
ARM GAS  /tmp/ccidHBpo.s 			page 8


 109:Drivers/CMSIS/Include/cmsis_gcc.h **** #endif
 110:Drivers/CMSIS/Include/cmsis_gcc.h **** #ifndef   __ALIGNED
 111:Drivers/CMSIS/Include/cmsis_gcc.h ****   #define __ALIGNED(x)                           __attribute__((aligned(x)))
 112:Drivers/CMSIS/Include/cmsis_gcc.h **** #endif
 113:Drivers/CMSIS/Include/cmsis_gcc.h **** #ifndef   __RESTRICT
 114:Drivers/CMSIS/Include/cmsis_gcc.h ****   #define __RESTRICT                             __restrict
 115:Drivers/CMSIS/Include/cmsis_gcc.h **** #endif
 116:Drivers/CMSIS/Include/cmsis_gcc.h **** #ifndef   __COMPILER_BARRIER
 117:Drivers/CMSIS/Include/cmsis_gcc.h ****   #define __COMPILER_BARRIER()                   __ASM volatile("":::"memory")
 118:Drivers/CMSIS/Include/cmsis_gcc.h **** #endif
 119:Drivers/CMSIS/Include/cmsis_gcc.h **** 
 120:Drivers/CMSIS/Include/cmsis_gcc.h **** /* #########################  Startup and Lowlevel Init  ######################## */
 121:Drivers/CMSIS/Include/cmsis_gcc.h **** 
 122:Drivers/CMSIS/Include/cmsis_gcc.h **** #ifndef __PROGRAM_START
 123:Drivers/CMSIS/Include/cmsis_gcc.h **** 
 124:Drivers/CMSIS/Include/cmsis_gcc.h **** /**
 125:Drivers/CMSIS/Include/cmsis_gcc.h ****   \brief   Initializes data and bss sections
 126:Drivers/CMSIS/Include/cmsis_gcc.h ****   \details This default implementations initialized all data and additional bss
 127:Drivers/CMSIS/Include/cmsis_gcc.h ****            sections relying on .copy.table and .zero.table specified properly
 128:Drivers/CMSIS/Include/cmsis_gcc.h ****            in the used linker script.
 129:Drivers/CMSIS/Include/cmsis_gcc.h ****   
 130:Drivers/CMSIS/Include/cmsis_gcc.h ****  */
 131:Drivers/CMSIS/Include/cmsis_gcc.h **** __STATIC_FORCEINLINE __NO_RETURN void __cmsis_start(void)
 132:Drivers/CMSIS/Include/cmsis_gcc.h **** {
 133:Drivers/CMSIS/Include/cmsis_gcc.h ****   extern void _start(void) __NO_RETURN;
 134:Drivers/CMSIS/Include/cmsis_gcc.h ****   
 135:Drivers/CMSIS/Include/cmsis_gcc.h ****   typedef struct {
 136:Drivers/CMSIS/Include/cmsis_gcc.h ****     uint32_t const* src;
 137:Drivers/CMSIS/Include/cmsis_gcc.h ****     uint32_t* dest;
 138:Drivers/CMSIS/Include/cmsis_gcc.h ****     uint32_t  wlen;
 139:Drivers/CMSIS/Include/cmsis_gcc.h ****   } __copy_table_t;
 140:Drivers/CMSIS/Include/cmsis_gcc.h ****   
 141:Drivers/CMSIS/Include/cmsis_gcc.h ****   typedef struct {
 142:Drivers/CMSIS/Include/cmsis_gcc.h ****     uint32_t* dest;
 143:Drivers/CMSIS/Include/cmsis_gcc.h ****     uint32_t  wlen;
 144:Drivers/CMSIS/Include/cmsis_gcc.h ****   } __zero_table_t;
 145:Drivers/CMSIS/Include/cmsis_gcc.h ****   
 146:Drivers/CMSIS/Include/cmsis_gcc.h ****   extern const __copy_table_t __copy_table_start__;
 147:Drivers/CMSIS/Include/cmsis_gcc.h ****   extern const __copy_table_t __copy_table_end__;
 148:Drivers/CMSIS/Include/cmsis_gcc.h ****   extern const __zero_table_t __zero_table_start__;
 149:Drivers/CMSIS/Include/cmsis_gcc.h ****   extern const __zero_table_t __zero_table_end__;
 150:Drivers/CMSIS/Include/cmsis_gcc.h **** 
 151:Drivers/CMSIS/Include/cmsis_gcc.h ****   for (__copy_table_t const* pTable = &__copy_table_start__; pTable < &__copy_table_end__; ++pTable
 152:Drivers/CMSIS/Include/cmsis_gcc.h ****     for(uint32_t i=0u; i<pTable->wlen; ++i) {
 153:Drivers/CMSIS/Include/cmsis_gcc.h ****       pTable->dest[i] = pTable->src[i];
 154:Drivers/CMSIS/Include/cmsis_gcc.h ****     }
 155:Drivers/CMSIS/Include/cmsis_gcc.h ****   }
 156:Drivers/CMSIS/Include/cmsis_gcc.h ****  
 157:Drivers/CMSIS/Include/cmsis_gcc.h ****   for (__zero_table_t const* pTable = &__zero_table_start__; pTable < &__zero_table_end__; ++pTable
 158:Drivers/CMSIS/Include/cmsis_gcc.h ****     for(uint32_t i=0u; i<pTable->wlen; ++i) {
 159:Drivers/CMSIS/Include/cmsis_gcc.h ****       pTable->dest[i] = 0u;
 160:Drivers/CMSIS/Include/cmsis_gcc.h ****     }
 161:Drivers/CMSIS/Include/cmsis_gcc.h ****   }
 162:Drivers/CMSIS/Include/cmsis_gcc.h ****  
 163:Drivers/CMSIS/Include/cmsis_gcc.h ****   _start();
 164:Drivers/CMSIS/Include/cmsis_gcc.h **** }
 165:Drivers/CMSIS/Include/cmsis_gcc.h ****   
ARM GAS  /tmp/ccidHBpo.s 			page 9


 166:Drivers/CMSIS/Include/cmsis_gcc.h **** #define __PROGRAM_START           __cmsis_start
 167:Drivers/CMSIS/Include/cmsis_gcc.h **** #endif
 168:Drivers/CMSIS/Include/cmsis_gcc.h **** 
 169:Drivers/CMSIS/Include/cmsis_gcc.h **** #ifndef __INITIAL_SP
 170:Drivers/CMSIS/Include/cmsis_gcc.h **** #define __INITIAL_SP              __StackTop
 171:Drivers/CMSIS/Include/cmsis_gcc.h **** #endif
 172:Drivers/CMSIS/Include/cmsis_gcc.h **** 
 173:Drivers/CMSIS/Include/cmsis_gcc.h **** #ifndef __STACK_LIMIT
 174:Drivers/CMSIS/Include/cmsis_gcc.h **** #define __STACK_LIMIT             __StackLimit
 175:Drivers/CMSIS/Include/cmsis_gcc.h **** #endif
 176:Drivers/CMSIS/Include/cmsis_gcc.h **** 
 177:Drivers/CMSIS/Include/cmsis_gcc.h **** #ifndef __VECTOR_TABLE
 178:Drivers/CMSIS/Include/cmsis_gcc.h **** #define __VECTOR_TABLE            __Vectors
 179:Drivers/CMSIS/Include/cmsis_gcc.h **** #endif
 180:Drivers/CMSIS/Include/cmsis_gcc.h **** 
 181:Drivers/CMSIS/Include/cmsis_gcc.h **** #ifndef __VECTOR_TABLE_ATTRIBUTE
 182:Drivers/CMSIS/Include/cmsis_gcc.h **** #define __VECTOR_TABLE_ATTRIBUTE  __attribute((used, section(".vectors")))
 183:Drivers/CMSIS/Include/cmsis_gcc.h **** #endif
 184:Drivers/CMSIS/Include/cmsis_gcc.h **** 
 185:Drivers/CMSIS/Include/cmsis_gcc.h **** /* ###########################  Core Function Access  ########################### */
 186:Drivers/CMSIS/Include/cmsis_gcc.h **** /** \ingroup  CMSIS_Core_FunctionInterface
 187:Drivers/CMSIS/Include/cmsis_gcc.h ****     \defgroup CMSIS_Core_RegAccFunctions CMSIS Core Register Access Functions
 188:Drivers/CMSIS/Include/cmsis_gcc.h ****   @{
 189:Drivers/CMSIS/Include/cmsis_gcc.h ****  */
 190:Drivers/CMSIS/Include/cmsis_gcc.h **** 
 191:Drivers/CMSIS/Include/cmsis_gcc.h **** /**
 192:Drivers/CMSIS/Include/cmsis_gcc.h ****   \brief   Enable IRQ Interrupts
 193:Drivers/CMSIS/Include/cmsis_gcc.h ****   \details Enables IRQ interrupts by clearing the I-bit in the CPSR.
 194:Drivers/CMSIS/Include/cmsis_gcc.h ****            Can only be executed in Privileged modes.
 195:Drivers/CMSIS/Include/cmsis_gcc.h ****  */
 196:Drivers/CMSIS/Include/cmsis_gcc.h **** __STATIC_FORCEINLINE void __enable_irq(void)
 197:Drivers/CMSIS/Include/cmsis_gcc.h **** {
 198:Drivers/CMSIS/Include/cmsis_gcc.h ****   __ASM volatile ("cpsie i" : : : "memory");
 199:Drivers/CMSIS/Include/cmsis_gcc.h **** }
 200:Drivers/CMSIS/Include/cmsis_gcc.h **** 
 201:Drivers/CMSIS/Include/cmsis_gcc.h **** 
 202:Drivers/CMSIS/Include/cmsis_gcc.h **** /**
 203:Drivers/CMSIS/Include/cmsis_gcc.h ****   \brief   Disable IRQ Interrupts
 204:Drivers/CMSIS/Include/cmsis_gcc.h ****   \details Disables IRQ interrupts by setting the I-bit in the CPSR.
 205:Drivers/CMSIS/Include/cmsis_gcc.h ****            Can only be executed in Privileged modes.
 206:Drivers/CMSIS/Include/cmsis_gcc.h ****  */
 207:Drivers/CMSIS/Include/cmsis_gcc.h **** __STATIC_FORCEINLINE void __disable_irq(void)
  82              		.loc 2 207 27 view .LVU10
  83              	.LBB5:
 208:Drivers/CMSIS/Include/cmsis_gcc.h **** {
 209:Drivers/CMSIS/Include/cmsis_gcc.h ****   __ASM volatile ("cpsid i" : : : "memory");
  84              		.loc 2 209 3 view .LVU11
  85              		.syntax divided
  86              	@ 209 "Drivers/CMSIS/Include/cmsis_gcc.h" 1
  87 0000 72B6     		cpsid i
  88              	@ 0 "" 2
  89              		.thumb
  90              		.syntax unified
  91              	.L7:
  92              	.LBE5:
  93              	.LBE4:
 213:Core/Src/main.c ****   while (1)
ARM GAS  /tmp/ccidHBpo.s 			page 10


  94              		.loc 1 213 3 view .LVU12
 214:Core/Src/main.c ****   {
 215:Core/Src/main.c ****   }
  95              		.loc 1 215 3 view .LVU13
 213:Core/Src/main.c ****   while (1)
  96              		.loc 1 213 9 view .LVU14
  97 0002 FEE7     		b	.L7
  98              		.cfi_endproc
  99              	.LFE460:
 101              		.section	.text.SystemClock_Config,"ax",%progbits
 102              		.align	1
 103              		.global	SystemClock_Config
 104              		.syntax unified
 105              		.code	16
 106              		.thumb_func
 108              	SystemClock_Config:
 109              	.LFB458:
 137:Core/Src/main.c ****   RCC_OscInitTypeDef RCC_OscInitStruct = {0};
 110              		.loc 1 137 1 view -0
 111              		.cfi_startproc
 112              		@ args = 0, pretend = 0, frame = 72
 113              		@ frame_needed = 0, uses_anonymous_args = 0
 114 0000 10B5     		push	{r4, lr}
 115              		.cfi_def_cfa_offset 8
 116              		.cfi_offset 4, -8
 117              		.cfi_offset 14, -4
 118 0002 92B0     		sub	sp, sp, #72
 119              		.cfi_def_cfa_offset 80
 138:Core/Src/main.c ****   RCC_ClkInitTypeDef RCC_ClkInitStruct = {0};
 120              		.loc 1 138 3 view .LVU16
 138:Core/Src/main.c ****   RCC_ClkInitTypeDef RCC_ClkInitStruct = {0};
 121              		.loc 1 138 22 is_stmt 0 view .LVU17
 122 0004 04AC     		add	r4, sp, #16
 123 0006 3822     		movs	r2, #56
 124 0008 0021     		movs	r1, #0
 125 000a 2000     		movs	r0, r4
 126 000c FFF7FEFF 		bl	memset
 127              	.LVL4:
 139:Core/Src/main.c **** 
 128              		.loc 1 139 3 is_stmt 1 view .LVU18
 139:Core/Src/main.c **** 
 129              		.loc 1 139 22 is_stmt 0 view .LVU19
 130 0010 1022     		movs	r2, #16
 131 0012 0021     		movs	r1, #0
 132 0014 6846     		mov	r0, sp
 133 0016 FFF7FEFF 		bl	memset
 134              	.LVL5:
 143:Core/Src/main.c **** 
 135              		.loc 1 143 3 is_stmt 1 view .LVU20
 136 001a 8020     		movs	r0, #128
 137 001c 8000     		lsls	r0, r0, #2
 138 001e FFF7FEFF 		bl	HAL_PWREx_ControlVoltageScaling
 139              	.LVL6:
 148:Core/Src/main.c ****   RCC_OscInitStruct.HSIState = RCC_HSI_ON;
 140              		.loc 1 148 3 view .LVU21
 148:Core/Src/main.c ****   RCC_OscInitStruct.HSIState = RCC_HSI_ON;
 141              		.loc 1 148 36 is_stmt 0 view .LVU22
ARM GAS  /tmp/ccidHBpo.s 			page 11


 142 0022 0223     		movs	r3, #2
 143 0024 0493     		str	r3, [sp, #16]
 149:Core/Src/main.c ****   RCC_OscInitStruct.HSIDiv = RCC_HSI_DIV1;
 144              		.loc 1 149 3 is_stmt 1 view .LVU23
 149:Core/Src/main.c ****   RCC_OscInitStruct.HSIDiv = RCC_HSI_DIV1;
 145              		.loc 1 149 30 is_stmt 0 view .LVU24
 146 0026 8022     		movs	r2, #128
 147 0028 5200     		lsls	r2, r2, #1
 148 002a 0792     		str	r2, [sp, #28]
 150:Core/Src/main.c ****   RCC_OscInitStruct.HSICalibrationValue = RCC_HSICALIBRATION_DEFAULT;
 149              		.loc 1 150 3 is_stmt 1 view .LVU25
 150:Core/Src/main.c ****   RCC_OscInitStruct.HSICalibrationValue = RCC_HSICALIBRATION_DEFAULT;
 150              		.loc 1 150 28 is_stmt 0 view .LVU26
 151 002c 0022     		movs	r2, #0
 152 002e 0892     		str	r2, [sp, #32]
 151:Core/Src/main.c ****   RCC_OscInitStruct.PLL.PLLState = RCC_PLL_ON;
 153              		.loc 1 151 3 is_stmt 1 view .LVU27
 151:Core/Src/main.c ****   RCC_OscInitStruct.PLL.PLLState = RCC_PLL_ON;
 154              		.loc 1 151 41 is_stmt 0 view .LVU28
 155 0030 4021     		movs	r1, #64
 156 0032 0991     		str	r1, [sp, #36]
 152:Core/Src/main.c ****   RCC_OscInitStruct.PLL.PLLSource = RCC_PLLSOURCE_HSI;
 157              		.loc 1 152 3 is_stmt 1 view .LVU29
 152:Core/Src/main.c ****   RCC_OscInitStruct.PLL.PLLSource = RCC_PLLSOURCE_HSI;
 158              		.loc 1 152 34 is_stmt 0 view .LVU30
 159 0034 0B93     		str	r3, [sp, #44]
 153:Core/Src/main.c ****   RCC_OscInitStruct.PLL.PLLM = RCC_PLLM_DIV1;
 160              		.loc 1 153 3 is_stmt 1 view .LVU31
 153:Core/Src/main.c ****   RCC_OscInitStruct.PLL.PLLM = RCC_PLLM_DIV1;
 161              		.loc 1 153 35 is_stmt 0 view .LVU32
 162 0036 0C93     		str	r3, [sp, #48]
 154:Core/Src/main.c ****   RCC_OscInitStruct.PLL.PLLN = 8;
 163              		.loc 1 154 3 is_stmt 1 view .LVU33
 154:Core/Src/main.c ****   RCC_OscInitStruct.PLL.PLLN = 8;
 164              		.loc 1 154 30 is_stmt 0 view .LVU34
 165 0038 0D92     		str	r2, [sp, #52]
 155:Core/Src/main.c ****   RCC_OscInitStruct.PLL.PLLP = RCC_PLLP_DIV2;
 166              		.loc 1 155 3 is_stmt 1 view .LVU35
 155:Core/Src/main.c ****   RCC_OscInitStruct.PLL.PLLP = RCC_PLLP_DIV2;
 167              		.loc 1 155 30 is_stmt 0 view .LVU36
 168 003a 0633     		adds	r3, r3, #6
 169 003c 0E93     		str	r3, [sp, #56]
 156:Core/Src/main.c ****   RCC_OscInitStruct.PLL.PLLQ = RCC_PLLQ_DIV4;
 170              		.loc 1 156 3 is_stmt 1 view .LVU37
 156:Core/Src/main.c ****   RCC_OscInitStruct.PLL.PLLQ = RCC_PLLQ_DIV4;
 171              		.loc 1 156 30 is_stmt 0 view .LVU38
 172 003e 8023     		movs	r3, #128
 173 0040 9B02     		lsls	r3, r3, #10
 174 0042 0F93     		str	r3, [sp, #60]
 157:Core/Src/main.c ****   RCC_OscInitStruct.PLL.PLLR = RCC_PLLR_DIV2;
 175              		.loc 1 157 3 is_stmt 1 view .LVU39
 157:Core/Src/main.c ****   RCC_OscInitStruct.PLL.PLLR = RCC_PLLR_DIV2;
 176              		.loc 1 157 30 is_stmt 0 view .LVU40
 177 0044 C023     		movs	r3, #192
 178 0046 DB04     		lsls	r3, r3, #19
 179 0048 1093     		str	r3, [sp, #64]
 158:Core/Src/main.c ****   if (HAL_RCC_OscConfig(&RCC_OscInitStruct) != HAL_OK)
ARM GAS  /tmp/ccidHBpo.s 			page 12


 180              		.loc 1 158 3 is_stmt 1 view .LVU41
 158:Core/Src/main.c ****   if (HAL_RCC_OscConfig(&RCC_OscInitStruct) != HAL_OK)
 181              		.loc 1 158 30 is_stmt 0 view .LVU42
 182 004a 8023     		movs	r3, #128
 183 004c 9B05     		lsls	r3, r3, #22
 184 004e 1193     		str	r3, [sp, #68]
 159:Core/Src/main.c ****   {
 185              		.loc 1 159 3 is_stmt 1 view .LVU43
 159:Core/Src/main.c ****   {
 186              		.loc 1 159 7 is_stmt 0 view .LVU44
 187 0050 2000     		movs	r0, r4
 188 0052 FFF7FEFF 		bl	HAL_RCC_OscConfig
 189              	.LVL7:
 159:Core/Src/main.c ****   {
 190              		.loc 1 159 6 discriminator 1 view .LVU45
 191 0056 0028     		cmp	r0, #0
 192 0058 0ED1     		bne	.L11
 166:Core/Src/main.c ****                               |RCC_CLOCKTYPE_PCLK1;
 193              		.loc 1 166 3 is_stmt 1 view .LVU46
 166:Core/Src/main.c ****                               |RCC_CLOCKTYPE_PCLK1;
 194              		.loc 1 166 31 is_stmt 0 view .LVU47
 195 005a 6846     		mov	r0, sp
 196 005c 0723     		movs	r3, #7
 197 005e 0093     		str	r3, [sp]
 168:Core/Src/main.c ****   RCC_ClkInitStruct.AHBCLKDivider = RCC_SYSCLK_DIV1;
 198              		.loc 1 168 3 is_stmt 1 view .LVU48
 168:Core/Src/main.c ****   RCC_ClkInitStruct.AHBCLKDivider = RCC_SYSCLK_DIV1;
 199              		.loc 1 168 34 is_stmt 0 view .LVU49
 200 0060 053B     		subs	r3, r3, #5
 201 0062 0193     		str	r3, [sp, #4]
 169:Core/Src/main.c ****   RCC_ClkInitStruct.APB1CLKDivider = RCC_HCLK_DIV1;
 202              		.loc 1 169 3 is_stmt 1 view .LVU50
 169:Core/Src/main.c ****   RCC_ClkInitStruct.APB1CLKDivider = RCC_HCLK_DIV1;
 203              		.loc 1 169 35 is_stmt 0 view .LVU51
 204 0064 0023     		movs	r3, #0
 205 0066 0293     		str	r3, [sp, #8]
 170:Core/Src/main.c **** 
 206              		.loc 1 170 3 is_stmt 1 view .LVU52
 170:Core/Src/main.c **** 
 207              		.loc 1 170 36 is_stmt 0 view .LVU53
 208 0068 0393     		str	r3, [sp, #12]
 172:Core/Src/main.c ****   {
 209              		.loc 1 172 3 is_stmt 1 view .LVU54
 172:Core/Src/main.c ****   {
 210              		.loc 1 172 7 is_stmt 0 view .LVU55
 211 006a 0221     		movs	r1, #2
 212 006c FFF7FEFF 		bl	HAL_RCC_ClockConfig
 213              	.LVL8:
 172:Core/Src/main.c ****   {
 214              		.loc 1 172 6 discriminator 1 view .LVU56
 215 0070 0028     		cmp	r0, #0
 216 0072 03D1     		bne	.L12
 176:Core/Src/main.c **** 
 217              		.loc 1 176 1 view .LVU57
 218 0074 12B0     		add	sp, sp, #72
 219              		@ sp needed
 220 0076 10BD     		pop	{r4, pc}
ARM GAS  /tmp/ccidHBpo.s 			page 13


 221              	.L11:
 161:Core/Src/main.c ****   }
 222              		.loc 1 161 5 is_stmt 1 view .LVU58
 223 0078 FFF7FEFF 		bl	Error_Handler
 224              	.LVL9:
 225              	.L12:
 174:Core/Src/main.c ****   }
 226              		.loc 1 174 5 view .LVU59
 227 007c FFF7FEFF 		bl	Error_Handler
 228              	.LVL10:
 229              		.cfi_endproc
 230              	.LFE458:
 232              		.section	.text.main,"ax",%progbits
 233              		.align	1
 234              		.global	main
 235              		.syntax unified
 236              		.code	16
 237              		.thumb_func
 239              	main:
 240              	.LFB457:
  73:Core/Src/main.c **** 
 241              		.loc 1 73 1 view -0
 242              		.cfi_startproc
 243              		@ Volatile: function does not return.
 244              		@ args = 0, pretend = 0, frame = 0
 245              		@ frame_needed = 0, uses_anonymous_args = 0
 246 0000 10B5     		push	{r4, lr}
 247              		.cfi_def_cfa_offset 8
 248              		.cfi_offset 4, -8
 249              		.cfi_offset 14, -4
  82:Core/Src/main.c **** 
 250              		.loc 1 82 3 view .LVU61
 251 0002 FFF7FEFF 		bl	HAL_Init
 252              	.LVL11:
  89:Core/Src/main.c **** 
 253              		.loc 1 89 3 view .LVU62
 254 0006 FFF7FEFF 		bl	SystemClock_Config
 255              	.LVL12:
  96:Core/Src/main.c ****   MX_DMA_Init();
 256              		.loc 1 96 3 view .LVU63
 257 000a FFF7FEFF 		bl	MX_GPIO_Init
 258              	.LVL13:
  97:Core/Src/main.c ****   MX_ADC1_Init();
 259              		.loc 1 97 3 view .LVU64
 260 000e FFF7FEFF 		bl	MX_DMA_Init
 261              	.LVL14:
  98:Core/Src/main.c ****   MX_SPI1_Init();
 262              		.loc 1 98 3 view .LVU65
 263 0012 FFF7FEFF 		bl	MX_ADC1_Init
 264              	.LVL15:
  99:Core/Src/main.c ****   MX_USART2_UART_Init();
 265              		.loc 1 99 3 view .LVU66
 266 0016 FFF7FEFF 		bl	MX_SPI1_Init
 267              	.LVL16:
 100:Core/Src/main.c ****   MX_USART3_UART_Init();
 268              		.loc 1 100 3 view .LVU67
 269 001a FFF7FEFF 		bl	MX_USART2_UART_Init
ARM GAS  /tmp/ccidHBpo.s 			page 14


 270              	.LVL17:
 101:Core/Src/main.c ****   MX_I2C2_Init();
 271              		.loc 1 101 3 view .LVU68
 272 001e FFF7FEFF 		bl	MX_USART3_UART_Init
 273              	.LVL18:
 102:Core/Src/main.c ****   MX_TIM1_Init();
 274              		.loc 1 102 3 view .LVU69
 275 0022 FFF7FEFF 		bl	MX_I2C2_Init
 276              	.LVL19:
 103:Core/Src/main.c ****   MX_SPI2_Init();
 277              		.loc 1 103 3 view .LVU70
 278 0026 FFF7FEFF 		bl	MX_TIM1_Init
 279              	.LVL20:
 104:Core/Src/main.c ****   MX_TIM15_Init();
 280              		.loc 1 104 3 view .LVU71
 281 002a FFF7FEFF 		bl	MX_SPI2_Init
 282              	.LVL21:
 105:Core/Src/main.c ****   MX_TIM2_Init();
 283              		.loc 1 105 3 view .LVU72
 284 002e FFF7FEFF 		bl	MX_TIM15_Init
 285              	.LVL22:
 106:Core/Src/main.c ****   MX_TIM3_Init();
 286              		.loc 1 106 3 view .LVU73
 287 0032 FFF7FEFF 		bl	MX_TIM2_Init
 288              	.LVL23:
 107:Core/Src/main.c ****   /* USER CODE BEGIN 2 */
 289              		.loc 1 107 3 view .LVU74
 290 0036 FFF7FEFF 		bl	MX_TIM3_Init
 291              	.LVL24:
 113:Core/Src/main.c ****   MX_FREERTOS_Init();
 292              		.loc 1 113 3 view .LVU75
 293 003a FFF7FEFF 		bl	osKernelInitialize
 294              	.LVL25:
 114:Core/Src/main.c **** 
 295              		.loc 1 114 3 view .LVU76
 296 003e FFF7FEFF 		bl	MX_FREERTOS_Init
 297              	.LVL26:
 117:Core/Src/main.c **** 
 298              		.loc 1 117 3 view .LVU77
 299 0042 FFF7FEFF 		bl	osKernelStart
 300              	.LVL27:
 301              	.L14:
 123:Core/Src/main.c ****   {
 302              		.loc 1 123 3 view .LVU78
 128:Core/Src/main.c ****   /* USER CODE END 3 */
 303              		.loc 1 128 3 view .LVU79
 123:Core/Src/main.c ****   {
 304              		.loc 1 123 9 view .LVU80
 305 0046 FEE7     		b	.L14
 306              		.cfi_endproc
 307              	.LFE457:
 309              		.text
 310              	.Letext0:
 311              		.file 3 "/opt/arm-gnu-toolchain-14.2/arm-none-eabi/include/machine/_default_types.h"
 312              		.file 4 "/opt/arm-gnu-toolchain-14.2/arm-none-eabi/include/sys/_stdint.h"
 313              		.file 5 "Drivers/CMSIS/Device/ST/STM32G0xx/Include/stm32g071xx.h"
 314              		.file 6 "Drivers/STM32G0xx_HAL_Driver/Inc/stm32g0xx_hal_def.h"
ARM GAS  /tmp/ccidHBpo.s 			page 15


 315              		.file 7 "Drivers/STM32G0xx_HAL_Driver/Inc/stm32g0xx_hal_rcc.h"
 316              		.file 8 "Drivers/STM32G0xx_HAL_Driver/Inc/stm32g0xx_hal_dma.h"
 317              		.file 9 "Drivers/STM32G0xx_HAL_Driver/Inc/stm32g0xx_hal_tim.h"
 318              		.file 10 "Middlewares/Third_Party/FreeRTOS/Source/CMSIS_RTOS_V2/cmsis_os2.h"
 319              		.file 11 "Drivers/STM32G0xx_HAL_Driver/Inc/stm32g0xx_hal_pwr_ex.h"
 320              		.file 12 "Drivers/STM32G0xx_HAL_Driver/Inc/stm32g0xx_hal.h"
 321              		.file 13 "Core/Inc/tim.h"
 322              		.file 14 "Core/Inc/spi.h"
 323              		.file 15 "Core/Inc/i2c.h"
 324              		.file 16 "Core/Inc/usart.h"
 325              		.file 17 "Core/Inc/adc.h"
 326              		.file 18 "Core/Inc/dma.h"
 327              		.file 19 "Core/Inc/gpio.h"
 328              		.file 20 "Drivers/STM32G0xx_HAL_Driver/Inc/stm32g0xx_ll_dma.h"
 329              		.file 21 "<built-in>"
ARM GAS  /tmp/ccidHBpo.s 			page 16


DEFINED SYMBOLS
                            *ABS*:00000000 main.c
     /tmp/ccidHBpo.s:19     .text.HAL_TIM_PeriodElapsedCallback:00000000 $t
     /tmp/ccidHBpo.s:25     .text.HAL_TIM_PeriodElapsedCallback:00000000 HAL_TIM_PeriodElapsedCallback
     /tmp/ccidHBpo.s:59     .text.HAL_TIM_PeriodElapsedCallback:00000014 $d
     /tmp/ccidHBpo.s:64     .text.Error_Handler:00000000 $t
     /tmp/ccidHBpo.s:70     .text.Error_Handler:00000000 Error_Handler
     /tmp/ccidHBpo.s:102    .text.SystemClock_Config:00000000 $t
     /tmp/ccidHBpo.s:108    .text.SystemClock_Config:00000000 SystemClock_Config
     /tmp/ccidHBpo.s:233    .text.main:00000000 $t
     /tmp/ccidHBpo.s:239    .text.main:00000000 main

UNDEFINED SYMBOLS
HAL_IncTick
memset
HAL_PWREx_ControlVoltageScaling
HAL_RCC_OscConfig
HAL_RCC_ClockConfig
HAL_Init
MX_GPIO_Init
MX_DMA_Init
MX_ADC1_Init
MX_SPI1_Init
MX_USART2_UART_Init
MX_USART3_UART_Init
MX_I2C2_Init
MX_TIM1_Init
MX_SPI2_Init
MX_TIM15_Init
MX_TIM2_Init
MX_TIM3_Init
osKernelInitialize
MX_FREERTOS_Init
osKernelStart
