ARM GAS  /tmp/ccTg7ul2.s 			page 1


   1              		.cpu cortex-m0plus
   2              		.arch armv6s-m
   3              		.fpu softvfp
   4              		.eabi_attribute 20, 1
   5              		.eabi_attribute 21, 1
   6              		.eabi_attribute 23, 3
   7              		.eabi_attribute 24, 1
   8              		.eabi_attribute 25, 1
   9              		.eabi_attribute 26, 1
  10              		.eabi_attribute 30, 1
  11              		.eabi_attribute 34, 0
  12              		.eabi_attribute 18, 4
  13              		.file	"pid_Increment.cpp"
  14              		.section	.gnu.debuglto_.debug_info,"e",%progbits
  15              	.Ldebug_info0:
  16              		.hidden	pid_Increment.cpp.df0a4d1c
  17              		.weak	pid_Increment.cpp.df0a4d1c
  18              	pid_Increment.cpp.df0a4d1c:
  19 0000 22000000 		.4byte	0x22
  20 0004 0500     		.2byte	0x5
  21 0006 01       		.byte	0x1
  22 0007 04       		.byte	0x4
  23 0008 00000000 		.4byte	.Ldebug_abbrev0
  24 000c 01       		.uleb128 0x1
  25 000d 20000000 		.4byte	.LASF0
  26 0011 21       		.byte	0x21
  27 0012 00000000 		.4byte	.LASF1
  28 0016 B2000000 		.4byte	.LASF2
  29 001a 00000000 		.4byte	.Ldebug_line0
  30 001e 02       		.uleb128 0x2
  31 001f 04       		.byte	0x4
  32 0020 04       		.byte	0x4
  33 0021 AC000000 		.4byte	.LASF3
  34 0025 00       		.byte	0
  35              		.section	.gnu.debuglto_.debug_abbrev,"e",%progbits
  36              	.Ldebug_abbrev0:
  37 0000 01       		.uleb128 0x1
  38 0001 11       		.uleb128 0x11
  39 0002 01       		.byte	0x1
  40 0003 25       		.uleb128 0x25
  41 0004 0E       		.uleb128 0xe
  42 0005 13       		.uleb128 0x13
  43 0006 0B       		.uleb128 0xb
  44 0007 03       		.uleb128 0x3
  45 0008 0E       		.uleb128 0xe
  46 0009 1B       		.uleb128 0x1b
  47 000a 0E       		.uleb128 0xe
  48 000b 10       		.uleb128 0x10
  49 000c 17       		.uleb128 0x17
  50 000d 00       		.byte	0
  51 000e 00       		.byte	0
  52 000f 02       		.uleb128 0x2
  53 0010 24       		.uleb128 0x24
  54 0011 00       		.byte	0
  55 0012 0B       		.uleb128 0xb
  56 0013 0B       		.uleb128 0xb
  57 0014 3E       		.uleb128 0x3e
ARM GAS  /tmp/ccTg7ul2.s 			page 2


  58 0015 0B       		.uleb128 0xb
  59 0016 03       		.uleb128 0x3
  60 0017 0E       		.uleb128 0xe
  61 0018 00       		.byte	0
  62 0019 00       		.byte	0
  63 001a 00       		.byte	0
  64              		.section	.gnu.debuglto_.debug_line,"e",%progbits
  65              	.Ldebug_line0:
  66 0000 2D000000 		.4byte	.LELT0-.LSLT0
  67              	.LSLT0:
  68 0004 0500     		.2byte	0x5
  69 0006 04       		.byte	0x4
  70 0007 00       		.byte	0
  71 0008 25000000 		.4byte	.LELTP0-.LASLTP0
  72              	.LASLTP0:
  73 000c 01       		.byte	0x1
  74 000d 01       		.byte	0x1
  75 000e 01       		.byte	0x1
  76 000f F6       		.byte	0xf6
  77 0010 F2       		.byte	0xf2
  78 0011 0D       		.byte	0xd
  79 0012 00       		.byte	0
  80 0013 01       		.byte	0x1
  81 0014 01       		.byte	0x1
  82 0015 01       		.byte	0x1
  83 0016 01       		.byte	0x1
  84 0017 00       		.byte	0
  85 0018 00       		.byte	0
  86 0019 00       		.byte	0
  87 001a 01       		.byte	0x1
  88 001b 00       		.byte	0
  89 001c 00       		.byte	0
  90 001d 01       		.byte	0x1
  91 001e 01       		.byte	0x1
  92 001f 01       		.uleb128 0x1
  93 0020 1F       		.uleb128 0x1f
  94 0021 01       		.uleb128 0x1
  95 0022 20000000 		.4byte	.LASF4
  96 0026 02       		.byte	0x2
  97 0027 01       		.uleb128 0x1
  98 0028 1F       		.uleb128 0x1f
  99 0029 02       		.uleb128 0x2
 100 002a 0B       		.uleb128 0xb
 101 002b 01       		.uleb128 0x1
 102 002c 00000000 		.4byte	.LASF5
 103 0030 00       		.byte	0
 104              	.LELTP0:
 105              	.LELT0:
 106              		.section	.gnu.debuglto_.debug_str,"eMS",%progbits,1
 107              	.LASF1:
 108 0000 4D795F54 		.ascii	"My_Top/System/pid_Increment.cpp\000"
 108      6F702F53 
 108      79737465 
 108      6D2F7069 
 108      645F496E 
 109              	.LASF0:
 110 0020 474E5520 		.ascii	"GNU C++17 14.2.1 20241119 -mcpu=cortex-m0plus -mthu"
ARM GAS  /tmp/ccTg7ul2.s 			page 3


 110      432B2B31 
 110      37203134 
 110      2E322E31 
 110      20323032 
 111 0053 6D62202D 		.ascii	"mb -mfloat-abi=soft -march=armv6s-m -g -gdwarf -ggd"
 111      6D666C6F 
 111      61742D61 
 111      62693D73 
 111      6F667420 
 112 0086 62202D4F 		.ascii	"b -Og -flto -fno-exceptions -fno-rtti\000"
 112      67202D66 
 112      6C746F20 
 112      2D666E6F 
 112      2D657863 
 113              	.LASF3:
 114 00ac 666C6F61 		.ascii	"float\000"
 114      7400
 115              	.LASF2:
 116 00b2 2F686F6D 		.ascii	"/home/zgj/servo_project/zgj_project/ClosedLoop_Step"
 116      652F7A67 
 116      6A2F7365 
 116      72766F5F 
 116      70726F6A 
 117 00e5 7065724D 		.ascii	"perMotor\000"
 117      6F746F72 
 117      00
 118              		.section	.gnu.debuglto_.debug_line_str,"eMS",%progbits,1
 119              	.LASF5:
 120 0000 4D795F54 		.ascii	"My_Top/System/pid_Increment.cpp\000"
 120      6F702F53 
 120      79737465 
 120      6D2F7069 
 120      645F496E 
 121              	.LASF4:
 122 0020 2F686F6D 		.ascii	"/home/zgj/servo_project/zgj_project/ClosedLoop_Step"
 122      652F7A67 
 122      6A2F7365 
 122      72766F5F 
 122      70726F6A 
 123 0053 7065724D 		.ascii	"perMotor\000"
 123      6F746F72 
 123      00
 124              		.text
 125              		.section	.gnu.lto_.profile.d1289b09f54a77bf,"e",%progbits
 126 0000 28B52FFD 		.ascii	"(\265/\375 \0061\000\000\002\000\000\000\000\000"
 126      20063100 
 126      00020000 
 126      000000
 127              		.text
 128              		.section	.gnu.lto_.inline.d1289b09f54a77bf,"e",%progbits
 129 0000 28B52FFD 		.ascii	"(\265/\375 \016E\000\000\020\002\000\001\000\034\300"
 129      200E4500 
 129      00100200 
 129      01001CC0 
 130 0010 02       		.ascii	"\002"
 131              		.text
 132              		.section	.gnu.lto_.jmpfuncs.d1289b09f54a77bf,"e",%progbits
ARM GAS  /tmp/ccTg7ul2.s 			page 4


 133 0000 28B52FFD 		.ascii	"(\265/\375 \016E\000\000\020\002\000\001\000\034\300"
 133      200E4500 
 133      00100200 
 133      01001CC0 
 134 0010 02       		.ascii	"\002"
 135              		.text
 136              		.section	.gnu.lto_.pureconst.d1289b09f54a77bf,"e",%progbits
 137 0000 28B52FFD 		.ascii	"(\265/\375 \005)\000\000\001\000\000\000\000"
 137      20052900 
 137      00010000 
 137      0000
 138              		.text
 139              		.section	.gnu.lto_.ipa_modref.d1289b09f54a77bf,"e",%progbits
 140 0000 28B52FFD 		.ascii	"(\265/\375 \016E\000\000\020\002\000\001\000\034\300"
 140      200E4500 
 140      00100200 
 140      01001CC0 
 141 0010 02       		.ascii	"\002"
 142              		.text
 143              		.section	.gnu.lto_.lto.d1289b09f54a77bf,"e",%progbits
 144 0000 0E000000 		.ascii	"\016\000\000\000\001\000\001\000"
 144      01000100 
 145              		.text
 146              		.section	.gnu.lto_.symbol_nodes.d1289b09f54a77bf,"e",%progbits
 147 0000 28B52FFD 		.ascii	"(\265/\375 \0061\000\000\002\000\000\000\000\000"
 147      20063100 
 147      00020000 
 147      000000
 148              		.text
 149              		.section	.gnu.lto_.refs.d1289b09f54a77bf,"e",%progbits
 150 0000 28B52FFD 		.ascii	"(\265/\375 \005)\000\000\001\000\000\000\000"
 150      20052900 
 150      00010000 
 150      0000
 151              		.text
 152              		.section	.gnu.lto_.decls.d1289b09f54a77bf,"e",%progbits
 153 0000 28B52FFD 		.ascii	"(\265/\375 \035\351\000\000\000\000\000\000\001\000"
 153      201DE900 
 153      00000000 
 153      000100
 154 000f 00000C00 		.ascii	"\000\000\014\000\000\000\377\377\377\377\001\000\000"
 154      0000FFFF 
 154      FFFF0100 
 154      00
 155 001c 00D70000 		.ascii	"\000\327\000\000\000\000\000\000\000\000"
 155      00000000 
 155      0000
 156              		.text
 157              		.section	.gnu.lto_.symtab.d1289b09f54a77bf,"e",%progbits
 158              		.text
 159              		.section	.gnu.lto_.ext_symtab.d1289b09f54a77bf,"e",%progbits
 160 0000 01       		.ascii	"\001"
 161              		.text
 162              		.section	.gnu.lto_.opts,"e",%progbits
 163 0000 272D666E 		.ascii	"'-fno-openmp' '-fno-openacc' '-fno-pie' '-fcf-prote"
 163      6F2D6F70 
 163      656E6D70 
ARM GAS  /tmp/ccTg7ul2.s 			page 5


 163      2720272D 
 163      666E6F2D 
 164 0033 6374696F 		.ascii	"ction=none' '-g' '-mcpu=cortex-m0plus' '-mthumb' '-"
 164      6E3D6E6F 
 164      6E652720 
 164      272D6727 
 164      20272D6D 
 165 0066 6D666C6F 		.ascii	"mfloat-abi=soft' '-mlibarch=armv6s-m' '-march=armv6"
 165      61742D61 
 165      62693D73 
 165      6F667427 
 165      20272D6D 
 166 0099 732D6D27 		.ascii	"s-m' '-Og' '-flto' '-fno-exceptions' '-Xassembler' "
 166      20272D4F 
 166      67272027 
 166      2D666C74 
 166      6F272027 
 167 00cc 272D6127 		.ascii	"'-a' '-Xassembler' '-ad' '-Xassembler' '-alms=build"
 167      20272D58 
 167      61737365 
 167      6D626C65 
 167      72272027 
 168 00ff 2F646562 		.ascii	"/debug/pid_Increment.lst'\000"
 168      75672F70 
 168      69645F49 
 168      6E637265 
 168      6D656E74 
 169              		.text
 170              		.comm	__gnu_lto_slim,1,1
 171              		.ident	"GCC: (Arm GNU Toolchain 14.2.Rel1 (Build arm-14.52)) 14.2.1 20241119"
ARM GAS  /tmp/ccTg7ul2.s 			page 6


DEFINED SYMBOLS
                            *ABS*:00000000 pid_Increment.cpp
     /tmp/ccTg7ul2.s:18     .gnu.debuglto_.debug_info:00000000 pid_Increment.cpp.df0a4d1c
                            *COM*:00000001 __gnu_lto_slim

NO UNDEFINED SYMBOLS
