ARM GAS  /tmp/cc3ZjH30.s 			page 1


   1              		.cpu cortex-m0plus
   2              		.arch armv6s-m
   3              		.fpu softvfp
   4              		.eabi_attribute 20, 1
   5              		.eabi_attribute 21, 1
   6              		.eabi_attribute 23, 3
   7              		.eabi_attribute 24, 1
   8              		.eabi_attribute 25, 1
   9              		.eabi_attribute 26, 1
  10              		.eabi_attribute 30, 1
  11              		.eabi_attribute 34, 0
  12              		.eabi_attribute 18, 4
  13              		.file	"port.c"
  14              		.text
  15              	.Ltext0:
  16              		.cfi_sections	.debug_frame
  17              		.file 1 "Middlewares/Third_Party/FreeRTOS/Source/portable/GCC/ARM_CM0/port.c"
  18              		.section	.text.prvTaskExitError,"ax",%progbits
  19              		.align	1
  20              		.syntax unified
  21              		.code	16
  22              		.thumb_func
  24              	prvTaskExitError:
  25              	.LFB1:
   1:Middlewares/Third_Party/FreeRTOS/Source/portable/GCC/ARM_CM0/port.c **** /*
   2:Middlewares/Third_Party/FreeRTOS/Source/portable/GCC/ARM_CM0/port.c ****  * FreeRTOS Kernel V10.3.1
   3:Middlewares/Third_Party/FreeRTOS/Source/portable/GCC/ARM_CM0/port.c ****  * Copyright (C) 2020 Amazon.com, Inc. or its affiliates.  All Rights Reserved.
   4:Middlewares/Third_Party/FreeRTOS/Source/portable/GCC/ARM_CM0/port.c ****  *
   5:Middlewares/Third_Party/FreeRTOS/Source/portable/GCC/ARM_CM0/port.c ****  * Permission is hereby granted, free of charge, to any person obtaining a copy of
   6:Middlewares/Third_Party/FreeRTOS/Source/portable/GCC/ARM_CM0/port.c ****  * this software and associated documentation files (the "Software"), to deal in
   7:Middlewares/Third_Party/FreeRTOS/Source/portable/GCC/ARM_CM0/port.c ****  * the Software without restriction, including without limitation the rights to
   8:Middlewares/Third_Party/FreeRTOS/Source/portable/GCC/ARM_CM0/port.c ****  * use, copy, modify, merge, publish, distribute, sublicense, and/or sell copies of
   9:Middlewares/Third_Party/FreeRTOS/Source/portable/GCC/ARM_CM0/port.c ****  * the Software, and to permit persons to whom the Software is furnished to do so,
  10:Middlewares/Third_Party/FreeRTOS/Source/portable/GCC/ARM_CM0/port.c ****  * subject to the following conditions:
  11:Middlewares/Third_Party/FreeRTOS/Source/portable/GCC/ARM_CM0/port.c ****  *
  12:Middlewares/Third_Party/FreeRTOS/Source/portable/GCC/ARM_CM0/port.c ****  * The above copyright notice and this permission notice shall be included in all
  13:Middlewares/Third_Party/FreeRTOS/Source/portable/GCC/ARM_CM0/port.c ****  * copies or substantial portions of the Software.
  14:Middlewares/Third_Party/FreeRTOS/Source/portable/GCC/ARM_CM0/port.c ****  *
  15:Middlewares/Third_Party/FreeRTOS/Source/portable/GCC/ARM_CM0/port.c ****  * THE SOFTWARE IS PROVIDED "AS IS", WITHOUT WARRANTY OF ANY KIND, EXPRESS OR
  16:Middlewares/Third_Party/FreeRTOS/Source/portable/GCC/ARM_CM0/port.c ****  * IMPLIED, INCLUDING BUT NOT LIMITED TO THE WARRANTIES OF MERCHANTABILITY, FITNESS
  17:Middlewares/Third_Party/FreeRTOS/Source/portable/GCC/ARM_CM0/port.c ****  * FOR A PARTICULAR PURPOSE AND NONINFRINGEMENT. IN NO EVENT SHALL THE AUTHORS OR
  18:Middlewares/Third_Party/FreeRTOS/Source/portable/GCC/ARM_CM0/port.c ****  * COPYRIGHT HOLDERS BE LIABLE FOR ANY CLAIM, DAMAGES OR OTHER LIABILITY, WHETHER
  19:Middlewares/Third_Party/FreeRTOS/Source/portable/GCC/ARM_CM0/port.c ****  * IN AN ACTION OF CONTRACT, TORT OR OTHERWISE, ARISING FROM, OUT OF OR IN
  20:Middlewares/Third_Party/FreeRTOS/Source/portable/GCC/ARM_CM0/port.c ****  * CONNECTION WITH THE SOFTWARE OR THE USE OR OTHER DEALINGS IN THE SOFTWARE.
  21:Middlewares/Third_Party/FreeRTOS/Source/portable/GCC/ARM_CM0/port.c ****  *
  22:Middlewares/Third_Party/FreeRTOS/Source/portable/GCC/ARM_CM0/port.c ****  * http://www.FreeRTOS.org
  23:Middlewares/Third_Party/FreeRTOS/Source/portable/GCC/ARM_CM0/port.c ****  * http://aws.amazon.com/freertos
  24:Middlewares/Third_Party/FreeRTOS/Source/portable/GCC/ARM_CM0/port.c ****  *
  25:Middlewares/Third_Party/FreeRTOS/Source/portable/GCC/ARM_CM0/port.c ****  * 1 tab == 4 spaces!
  26:Middlewares/Third_Party/FreeRTOS/Source/portable/GCC/ARM_CM0/port.c ****  */
  27:Middlewares/Third_Party/FreeRTOS/Source/portable/GCC/ARM_CM0/port.c **** 
  28:Middlewares/Third_Party/FreeRTOS/Source/portable/GCC/ARM_CM0/port.c **** /*-----------------------------------------------------------
  29:Middlewares/Third_Party/FreeRTOS/Source/portable/GCC/ARM_CM0/port.c ****  * Implementation of functions defined in portable.h for the ARM CM0 port.
  30:Middlewares/Third_Party/FreeRTOS/Source/portable/GCC/ARM_CM0/port.c ****  *----------------------------------------------------------*/
  31:Middlewares/Third_Party/FreeRTOS/Source/portable/GCC/ARM_CM0/port.c **** 
  32:Middlewares/Third_Party/FreeRTOS/Source/portable/GCC/ARM_CM0/port.c **** /* Scheduler includes. */
  33:Middlewares/Third_Party/FreeRTOS/Source/portable/GCC/ARM_CM0/port.c **** #include "FreeRTOS.h"
ARM GAS  /tmp/cc3ZjH30.s 			page 2


  34:Middlewares/Third_Party/FreeRTOS/Source/portable/GCC/ARM_CM0/port.c **** #include "task.h"
  35:Middlewares/Third_Party/FreeRTOS/Source/portable/GCC/ARM_CM0/port.c **** 
  36:Middlewares/Third_Party/FreeRTOS/Source/portable/GCC/ARM_CM0/port.c **** /* Constants required to manipulate the NVIC. */
  37:Middlewares/Third_Party/FreeRTOS/Source/portable/GCC/ARM_CM0/port.c **** #define portNVIC_SYSTICK_CTRL_REG			( * ( ( volatile uint32_t * ) 0xe000e010 ) )
  38:Middlewares/Third_Party/FreeRTOS/Source/portable/GCC/ARM_CM0/port.c **** #define portNVIC_SYSTICK_LOAD_REG			( * ( ( volatile uint32_t * ) 0xe000e014 ) )
  39:Middlewares/Third_Party/FreeRTOS/Source/portable/GCC/ARM_CM0/port.c **** #define portNVIC_SYSTICK_CURRENT_VALUE_REG	( * ( ( volatile uint32_t * ) 0xe000e018 ) )
  40:Middlewares/Third_Party/FreeRTOS/Source/portable/GCC/ARM_CM0/port.c **** #define portNVIC_INT_CTRL_REG				( * ( ( volatile uint32_t * ) 0xe000ed04 ) )
  41:Middlewares/Third_Party/FreeRTOS/Source/portable/GCC/ARM_CM0/port.c **** #define portNVIC_SYSPRI2_REG				( * ( ( volatile uint32_t * ) 0xe000ed20 ) )
  42:Middlewares/Third_Party/FreeRTOS/Source/portable/GCC/ARM_CM0/port.c **** #define portNVIC_SYSTICK_CLK_BIT			( 1UL << 2UL )
  43:Middlewares/Third_Party/FreeRTOS/Source/portable/GCC/ARM_CM0/port.c **** #define portNVIC_SYSTICK_INT_BIT			( 1UL << 1UL )
  44:Middlewares/Third_Party/FreeRTOS/Source/portable/GCC/ARM_CM0/port.c **** #define portNVIC_SYSTICK_ENABLE_BIT			( 1UL << 0UL )
  45:Middlewares/Third_Party/FreeRTOS/Source/portable/GCC/ARM_CM0/port.c **** #define portNVIC_SYSTICK_COUNT_FLAG_BIT		( 1UL << 16UL )
  46:Middlewares/Third_Party/FreeRTOS/Source/portable/GCC/ARM_CM0/port.c **** #define portNVIC_PENDSVSET_BIT				( 1UL << 28UL )
  47:Middlewares/Third_Party/FreeRTOS/Source/portable/GCC/ARM_CM0/port.c **** #define portMIN_INTERRUPT_PRIORITY		( 255UL )
  48:Middlewares/Third_Party/FreeRTOS/Source/portable/GCC/ARM_CM0/port.c **** #define portNVIC_PENDSV_PRI				( portMIN_INTERRUPT_PRIORITY << 16UL )
  49:Middlewares/Third_Party/FreeRTOS/Source/portable/GCC/ARM_CM0/port.c **** #define portNVIC_SYSTICK_PRI			( portMIN_INTERRUPT_PRIORITY << 24UL )
  50:Middlewares/Third_Party/FreeRTOS/Source/portable/GCC/ARM_CM0/port.c **** 
  51:Middlewares/Third_Party/FreeRTOS/Source/portable/GCC/ARM_CM0/port.c **** /* Constants required to set up the initial stack. */
  52:Middlewares/Third_Party/FreeRTOS/Source/portable/GCC/ARM_CM0/port.c **** #define portINITIAL_XPSR			( 0x01000000 )
  53:Middlewares/Third_Party/FreeRTOS/Source/portable/GCC/ARM_CM0/port.c **** 
  54:Middlewares/Third_Party/FreeRTOS/Source/portable/GCC/ARM_CM0/port.c **** /* The systick is a 24-bit counter. */
  55:Middlewares/Third_Party/FreeRTOS/Source/portable/GCC/ARM_CM0/port.c **** #define portMAX_24_BIT_NUMBER				( 0xffffffUL )
  56:Middlewares/Third_Party/FreeRTOS/Source/portable/GCC/ARM_CM0/port.c **** 
  57:Middlewares/Third_Party/FreeRTOS/Source/portable/GCC/ARM_CM0/port.c **** /* A fiddle factor to estimate the number of SysTick counts that would have
  58:Middlewares/Third_Party/FreeRTOS/Source/portable/GCC/ARM_CM0/port.c **** occurred while the SysTick counter is stopped during tickless idle
  59:Middlewares/Third_Party/FreeRTOS/Source/portable/GCC/ARM_CM0/port.c **** calculations. */
  60:Middlewares/Third_Party/FreeRTOS/Source/portable/GCC/ARM_CM0/port.c **** #ifndef portMISSED_COUNTS_FACTOR
  61:Middlewares/Third_Party/FreeRTOS/Source/portable/GCC/ARM_CM0/port.c **** 	#define portMISSED_COUNTS_FACTOR			( 45UL )
  62:Middlewares/Third_Party/FreeRTOS/Source/portable/GCC/ARM_CM0/port.c **** #endif
  63:Middlewares/Third_Party/FreeRTOS/Source/portable/GCC/ARM_CM0/port.c **** 
  64:Middlewares/Third_Party/FreeRTOS/Source/portable/GCC/ARM_CM0/port.c **** /* Let the user override the pre-loading of the initial LR with the address of
  65:Middlewares/Third_Party/FreeRTOS/Source/portable/GCC/ARM_CM0/port.c **** prvTaskExitError() in case it messes up unwinding of the stack in the
  66:Middlewares/Third_Party/FreeRTOS/Source/portable/GCC/ARM_CM0/port.c **** debugger. */
  67:Middlewares/Third_Party/FreeRTOS/Source/portable/GCC/ARM_CM0/port.c **** #ifdef configTASK_RETURN_ADDRESS
  68:Middlewares/Third_Party/FreeRTOS/Source/portable/GCC/ARM_CM0/port.c **** 	#define portTASK_RETURN_ADDRESS	configTASK_RETURN_ADDRESS
  69:Middlewares/Third_Party/FreeRTOS/Source/portable/GCC/ARM_CM0/port.c **** #else
  70:Middlewares/Third_Party/FreeRTOS/Source/portable/GCC/ARM_CM0/port.c **** 	#define portTASK_RETURN_ADDRESS	prvTaskExitError
  71:Middlewares/Third_Party/FreeRTOS/Source/portable/GCC/ARM_CM0/port.c **** #endif
  72:Middlewares/Third_Party/FreeRTOS/Source/portable/GCC/ARM_CM0/port.c **** 
  73:Middlewares/Third_Party/FreeRTOS/Source/portable/GCC/ARM_CM0/port.c **** /*
  74:Middlewares/Third_Party/FreeRTOS/Source/portable/GCC/ARM_CM0/port.c ****  * Setup the timer to generate the tick interrupts.  The implementation in this
  75:Middlewares/Third_Party/FreeRTOS/Source/portable/GCC/ARM_CM0/port.c ****  * file is weak to allow application writers to change the timer used to
  76:Middlewares/Third_Party/FreeRTOS/Source/portable/GCC/ARM_CM0/port.c ****  * generate the tick interrupt.
  77:Middlewares/Third_Party/FreeRTOS/Source/portable/GCC/ARM_CM0/port.c ****  */
  78:Middlewares/Third_Party/FreeRTOS/Source/portable/GCC/ARM_CM0/port.c **** void vPortSetupTimerInterrupt( void );
  79:Middlewares/Third_Party/FreeRTOS/Source/portable/GCC/ARM_CM0/port.c **** 
  80:Middlewares/Third_Party/FreeRTOS/Source/portable/GCC/ARM_CM0/port.c **** /*
  81:Middlewares/Third_Party/FreeRTOS/Source/portable/GCC/ARM_CM0/port.c ****  * Exception handlers.
  82:Middlewares/Third_Party/FreeRTOS/Source/portable/GCC/ARM_CM0/port.c ****  */
  83:Middlewares/Third_Party/FreeRTOS/Source/portable/GCC/ARM_CM0/port.c **** void xPortPendSVHandler( void ) __attribute__ (( naked ));
  84:Middlewares/Third_Party/FreeRTOS/Source/portable/GCC/ARM_CM0/port.c **** void xPortSysTickHandler( void );
  85:Middlewares/Third_Party/FreeRTOS/Source/portable/GCC/ARM_CM0/port.c **** void vPortSVCHandler( void );
  86:Middlewares/Third_Party/FreeRTOS/Source/portable/GCC/ARM_CM0/port.c **** 
  87:Middlewares/Third_Party/FreeRTOS/Source/portable/GCC/ARM_CM0/port.c **** /*
  88:Middlewares/Third_Party/FreeRTOS/Source/portable/GCC/ARM_CM0/port.c ****  * Start first task is a separate function so it can be tested in isolation.
  89:Middlewares/Third_Party/FreeRTOS/Source/portable/GCC/ARM_CM0/port.c ****  */
  90:Middlewares/Third_Party/FreeRTOS/Source/portable/GCC/ARM_CM0/port.c **** static void vPortStartFirstTask( void ) __attribute__ (( naked ));
ARM GAS  /tmp/cc3ZjH30.s 			page 3


  91:Middlewares/Third_Party/FreeRTOS/Source/portable/GCC/ARM_CM0/port.c **** 
  92:Middlewares/Third_Party/FreeRTOS/Source/portable/GCC/ARM_CM0/port.c **** /*
  93:Middlewares/Third_Party/FreeRTOS/Source/portable/GCC/ARM_CM0/port.c ****  * Used to catch tasks that attempt to return from their implementing function.
  94:Middlewares/Third_Party/FreeRTOS/Source/portable/GCC/ARM_CM0/port.c ****  */
  95:Middlewares/Third_Party/FreeRTOS/Source/portable/GCC/ARM_CM0/port.c **** static void prvTaskExitError( void );
  96:Middlewares/Third_Party/FreeRTOS/Source/portable/GCC/ARM_CM0/port.c **** 
  97:Middlewares/Third_Party/FreeRTOS/Source/portable/GCC/ARM_CM0/port.c **** /*-----------------------------------------------------------*/
  98:Middlewares/Third_Party/FreeRTOS/Source/portable/GCC/ARM_CM0/port.c **** 
  99:Middlewares/Third_Party/FreeRTOS/Source/portable/GCC/ARM_CM0/port.c **** /* Each task maintains its own interrupt status in the critical nesting
 100:Middlewares/Third_Party/FreeRTOS/Source/portable/GCC/ARM_CM0/port.c **** variable. */
 101:Middlewares/Third_Party/FreeRTOS/Source/portable/GCC/ARM_CM0/port.c **** static UBaseType_t uxCriticalNesting = 0xaaaaaaaa;
 102:Middlewares/Third_Party/FreeRTOS/Source/portable/GCC/ARM_CM0/port.c **** 
 103:Middlewares/Third_Party/FreeRTOS/Source/portable/GCC/ARM_CM0/port.c **** /*-----------------------------------------------------------*/
 104:Middlewares/Third_Party/FreeRTOS/Source/portable/GCC/ARM_CM0/port.c **** 
 105:Middlewares/Third_Party/FreeRTOS/Source/portable/GCC/ARM_CM0/port.c **** /*
 106:Middlewares/Third_Party/FreeRTOS/Source/portable/GCC/ARM_CM0/port.c **** * The number of SysTick increments that make up one tick period.
 107:Middlewares/Third_Party/FreeRTOS/Source/portable/GCC/ARM_CM0/port.c **** */
 108:Middlewares/Third_Party/FreeRTOS/Source/portable/GCC/ARM_CM0/port.c **** #if( configUSE_TICKLESS_IDLE == 1 )
 109:Middlewares/Third_Party/FreeRTOS/Source/portable/GCC/ARM_CM0/port.c **** 	static uint32_t ulTimerCountsForOneTick = 0;
 110:Middlewares/Third_Party/FreeRTOS/Source/portable/GCC/ARM_CM0/port.c **** #endif /* configUSE_TICKLESS_IDLE */
 111:Middlewares/Third_Party/FreeRTOS/Source/portable/GCC/ARM_CM0/port.c **** 
 112:Middlewares/Third_Party/FreeRTOS/Source/portable/GCC/ARM_CM0/port.c **** /*
 113:Middlewares/Third_Party/FreeRTOS/Source/portable/GCC/ARM_CM0/port.c ****  * The maximum number of tick periods that can be suppressed is limited by the
 114:Middlewares/Third_Party/FreeRTOS/Source/portable/GCC/ARM_CM0/port.c ****  * 24 bit resolution of the SysTick timer.
 115:Middlewares/Third_Party/FreeRTOS/Source/portable/GCC/ARM_CM0/port.c ****  */
 116:Middlewares/Third_Party/FreeRTOS/Source/portable/GCC/ARM_CM0/port.c **** #if( configUSE_TICKLESS_IDLE == 1 )
 117:Middlewares/Third_Party/FreeRTOS/Source/portable/GCC/ARM_CM0/port.c **** 	static uint32_t xMaximumPossibleSuppressedTicks = 0;
 118:Middlewares/Third_Party/FreeRTOS/Source/portable/GCC/ARM_CM0/port.c **** #endif /* configUSE_TICKLESS_IDLE */
 119:Middlewares/Third_Party/FreeRTOS/Source/portable/GCC/ARM_CM0/port.c **** 
 120:Middlewares/Third_Party/FreeRTOS/Source/portable/GCC/ARM_CM0/port.c **** /*
 121:Middlewares/Third_Party/FreeRTOS/Source/portable/GCC/ARM_CM0/port.c ****  * Compensate for the CPU cycles that pass while the SysTick is stopped (low
 122:Middlewares/Third_Party/FreeRTOS/Source/portable/GCC/ARM_CM0/port.c ****  * power functionality only.
 123:Middlewares/Third_Party/FreeRTOS/Source/portable/GCC/ARM_CM0/port.c ****  */
 124:Middlewares/Third_Party/FreeRTOS/Source/portable/GCC/ARM_CM0/port.c **** #if( configUSE_TICKLESS_IDLE == 1 )
 125:Middlewares/Third_Party/FreeRTOS/Source/portable/GCC/ARM_CM0/port.c **** 	static uint32_t ulStoppedTimerCompensation = 0;
 126:Middlewares/Third_Party/FreeRTOS/Source/portable/GCC/ARM_CM0/port.c **** #endif /* configUSE_TICKLESS_IDLE */
 127:Middlewares/Third_Party/FreeRTOS/Source/portable/GCC/ARM_CM0/port.c **** 
 128:Middlewares/Third_Party/FreeRTOS/Source/portable/GCC/ARM_CM0/port.c **** /*-----------------------------------------------------------*/
 129:Middlewares/Third_Party/FreeRTOS/Source/portable/GCC/ARM_CM0/port.c **** 
 130:Middlewares/Third_Party/FreeRTOS/Source/portable/GCC/ARM_CM0/port.c **** /*
 131:Middlewares/Third_Party/FreeRTOS/Source/portable/GCC/ARM_CM0/port.c ****  * See header file for description.
 132:Middlewares/Third_Party/FreeRTOS/Source/portable/GCC/ARM_CM0/port.c ****  */
 133:Middlewares/Third_Party/FreeRTOS/Source/portable/GCC/ARM_CM0/port.c **** StackType_t *pxPortInitialiseStack( StackType_t *pxTopOfStack, TaskFunction_t pxCode, void *pvParam
 134:Middlewares/Third_Party/FreeRTOS/Source/portable/GCC/ARM_CM0/port.c **** {
 135:Middlewares/Third_Party/FreeRTOS/Source/portable/GCC/ARM_CM0/port.c **** 	/* Simulate the stack frame as it would be created by a context switch
 136:Middlewares/Third_Party/FreeRTOS/Source/portable/GCC/ARM_CM0/port.c **** 	interrupt. */
 137:Middlewares/Third_Party/FreeRTOS/Source/portable/GCC/ARM_CM0/port.c **** 	pxTopOfStack--; /* Offset added to account for the way the MCU uses the stack on entry/exit of int
 138:Middlewares/Third_Party/FreeRTOS/Source/portable/GCC/ARM_CM0/port.c **** 	*pxTopOfStack = portINITIAL_XPSR;	/* xPSR */
 139:Middlewares/Third_Party/FreeRTOS/Source/portable/GCC/ARM_CM0/port.c **** 	pxTopOfStack--;
 140:Middlewares/Third_Party/FreeRTOS/Source/portable/GCC/ARM_CM0/port.c **** 	*pxTopOfStack = ( StackType_t ) pxCode;	/* PC */
 141:Middlewares/Third_Party/FreeRTOS/Source/portable/GCC/ARM_CM0/port.c **** 	pxTopOfStack--;
 142:Middlewares/Third_Party/FreeRTOS/Source/portable/GCC/ARM_CM0/port.c **** 	*pxTopOfStack = ( StackType_t ) portTASK_RETURN_ADDRESS;	/* LR */
 143:Middlewares/Third_Party/FreeRTOS/Source/portable/GCC/ARM_CM0/port.c **** 	pxTopOfStack -= 5;	/* R12, R3, R2 and R1. */
 144:Middlewares/Third_Party/FreeRTOS/Source/portable/GCC/ARM_CM0/port.c **** 	*pxTopOfStack = ( StackType_t ) pvParameters;	/* R0 */
 145:Middlewares/Third_Party/FreeRTOS/Source/portable/GCC/ARM_CM0/port.c **** 	pxTopOfStack -= 8; /* R11..R4. */
 146:Middlewares/Third_Party/FreeRTOS/Source/portable/GCC/ARM_CM0/port.c **** 
 147:Middlewares/Third_Party/FreeRTOS/Source/portable/GCC/ARM_CM0/port.c **** 	return pxTopOfStack;
ARM GAS  /tmp/cc3ZjH30.s 			page 4


 148:Middlewares/Third_Party/FreeRTOS/Source/portable/GCC/ARM_CM0/port.c **** }
 149:Middlewares/Third_Party/FreeRTOS/Source/portable/GCC/ARM_CM0/port.c **** /*-----------------------------------------------------------*/
 150:Middlewares/Third_Party/FreeRTOS/Source/portable/GCC/ARM_CM0/port.c **** 
 151:Middlewares/Third_Party/FreeRTOS/Source/portable/GCC/ARM_CM0/port.c **** static void prvTaskExitError( void )
 152:Middlewares/Third_Party/FreeRTOS/Source/portable/GCC/ARM_CM0/port.c **** {
  26              		.loc 1 152 1 view -0
  27              		.cfi_startproc
  28              		@ args = 0, pretend = 0, frame = 8
  29              		@ frame_needed = 0, uses_anonymous_args = 0
  30              		@ link register save eliminated.
  31 0000 82B0     		sub	sp, sp, #8
  32              		.cfi_def_cfa_offset 8
 153:Middlewares/Third_Party/FreeRTOS/Source/portable/GCC/ARM_CM0/port.c **** volatile uint32_t ulDummy = 0UL;
  33              		.loc 1 153 1 view .LVU1
  34              		.loc 1 153 19 is_stmt 0 view .LVU2
  35 0002 0023     		movs	r3, #0
  36 0004 0193     		str	r3, [sp, #4]
 154:Middlewares/Third_Party/FreeRTOS/Source/portable/GCC/ARM_CM0/port.c **** 
 155:Middlewares/Third_Party/FreeRTOS/Source/portable/GCC/ARM_CM0/port.c **** 	/* A function that implements a task must not exit or attempt to return to
 156:Middlewares/Third_Party/FreeRTOS/Source/portable/GCC/ARM_CM0/port.c **** 	its caller as there is nothing to return to.  If a task wants to exit it
 157:Middlewares/Third_Party/FreeRTOS/Source/portable/GCC/ARM_CM0/port.c **** 	should instead call vTaskDelete( NULL ).
 158:Middlewares/Third_Party/FreeRTOS/Source/portable/GCC/ARM_CM0/port.c **** 
 159:Middlewares/Third_Party/FreeRTOS/Source/portable/GCC/ARM_CM0/port.c **** 	Artificially force an assert() to be triggered if configASSERT() is
 160:Middlewares/Third_Party/FreeRTOS/Source/portable/GCC/ARM_CM0/port.c **** 	defined, then stop here so application writers can catch the error. */
 161:Middlewares/Third_Party/FreeRTOS/Source/portable/GCC/ARM_CM0/port.c **** 	configASSERT( uxCriticalNesting == ~0UL );
  37              		.loc 1 161 2 is_stmt 1 view .LVU3
  38 0006 064B     		ldr	r3, .L5
  39 0008 1B68     		ldr	r3, [r3]
  40 000a 0133     		adds	r3, r3, #1
  41 000c 01D0     		beq	.L2
  42              		.loc 1 161 2 discriminator 1 view .LVU4
  43              		.syntax divided
  44              	@ 161 "Middlewares/Third_Party/FreeRTOS/Source/portable/GCC/ARM_CM0/port.c" 1
  45 000e 72B6     		 cpsid i 
  46              	@ 0 "" 2
  47              		.thumb
  48              		.syntax unified
  49              	.L3:
  50              		.loc 1 161 2 discriminator 3 view .LVU5
  51              		.loc 1 161 2 discriminator 3 view .LVU6
  52 0010 FEE7     		b	.L3
  53              	.L2:
  54              		.loc 1 161 43 discriminator 2 view .LVU7
 162:Middlewares/Third_Party/FreeRTOS/Source/portable/GCC/ARM_CM0/port.c **** 	portDISABLE_INTERRUPTS();
  55              		.loc 1 162 2 view .LVU8
  56              		.syntax divided
  57              	@ 162 "Middlewares/Third_Party/FreeRTOS/Source/portable/GCC/ARM_CM0/port.c" 1
  58 0012 72B6     		 cpsid i 
  59              	@ 0 "" 2
 163:Middlewares/Third_Party/FreeRTOS/Source/portable/GCC/ARM_CM0/port.c **** 	while( ulDummy == 0 )
  60              		.loc 1 163 2 view .LVU9
  61              		.thumb
  62              		.syntax unified
  63              	.L4:
 164:Middlewares/Third_Party/FreeRTOS/Source/portable/GCC/ARM_CM0/port.c **** 	{
 165:Middlewares/Third_Party/FreeRTOS/Source/portable/GCC/ARM_CM0/port.c **** 		/* This file calls prvTaskExitError() after the scheduler has been
 166:Middlewares/Third_Party/FreeRTOS/Source/portable/GCC/ARM_CM0/port.c **** 		started to remove a compiler warning about the function being defined
ARM GAS  /tmp/cc3ZjH30.s 			page 5


 167:Middlewares/Third_Party/FreeRTOS/Source/portable/GCC/ARM_CM0/port.c **** 		but never called.  ulDummy is used purely to quieten other warnings
 168:Middlewares/Third_Party/FreeRTOS/Source/portable/GCC/ARM_CM0/port.c **** 		about code appearing after this function is called - making ulDummy
 169:Middlewares/Third_Party/FreeRTOS/Source/portable/GCC/ARM_CM0/port.c **** 		volatile makes the compiler think the function could return and
 170:Middlewares/Third_Party/FreeRTOS/Source/portable/GCC/ARM_CM0/port.c **** 		therefore not output an 'unreachable code' warning for code that appears
 171:Middlewares/Third_Party/FreeRTOS/Source/portable/GCC/ARM_CM0/port.c **** 		after it. */
 172:Middlewares/Third_Party/FreeRTOS/Source/portable/GCC/ARM_CM0/port.c **** 	}
  64              		.loc 1 172 2 view .LVU10
 163:Middlewares/Third_Party/FreeRTOS/Source/portable/GCC/ARM_CM0/port.c **** 	while( ulDummy == 0 )
  65              		.loc 1 163 17 discriminator 1 view .LVU11
  66 0014 019B     		ldr	r3, [sp, #4]
  67 0016 002B     		cmp	r3, #0
  68 0018 FCD0     		beq	.L4
 173:Middlewares/Third_Party/FreeRTOS/Source/portable/GCC/ARM_CM0/port.c **** }
  69              		.loc 1 173 1 is_stmt 0 view .LVU12
  70 001a 02B0     		add	sp, sp, #8
  71              		@ sp needed
  72 001c 7047     		bx	lr
  73              	.L6:
  74 001e C046     		.align	2
  75              	.L5:
  76 0020 00000000 		.word	uxCriticalNesting
  77              		.cfi_endproc
  78              	.LFE1:
  80              		.section	.text.vPortStartFirstTask,"ax",%progbits
  81              		.align	1
  82              		.syntax unified
  83              		.code	16
  84              		.thumb_func
  86              	vPortStartFirstTask:
  87              	.LFB3:
 174:Middlewares/Third_Party/FreeRTOS/Source/portable/GCC/ARM_CM0/port.c **** /*-----------------------------------------------------------*/
 175:Middlewares/Third_Party/FreeRTOS/Source/portable/GCC/ARM_CM0/port.c **** 
 176:Middlewares/Third_Party/FreeRTOS/Source/portable/GCC/ARM_CM0/port.c **** void vPortSVCHandler( void )
 177:Middlewares/Third_Party/FreeRTOS/Source/portable/GCC/ARM_CM0/port.c **** {
 178:Middlewares/Third_Party/FreeRTOS/Source/portable/GCC/ARM_CM0/port.c **** 	/* This function is no longer used, but retained for backward
 179:Middlewares/Third_Party/FreeRTOS/Source/portable/GCC/ARM_CM0/port.c **** 	compatibility. */
 180:Middlewares/Third_Party/FreeRTOS/Source/portable/GCC/ARM_CM0/port.c **** }
 181:Middlewares/Third_Party/FreeRTOS/Source/portable/GCC/ARM_CM0/port.c **** /*-----------------------------------------------------------*/
 182:Middlewares/Third_Party/FreeRTOS/Source/portable/GCC/ARM_CM0/port.c **** 
 183:Middlewares/Third_Party/FreeRTOS/Source/portable/GCC/ARM_CM0/port.c **** void vPortStartFirstTask( void )
 184:Middlewares/Third_Party/FreeRTOS/Source/portable/GCC/ARM_CM0/port.c **** {
  88              		.loc 1 184 1 is_stmt 1 view -0
  89              		.cfi_startproc
  90              		@ Naked Function: prologue and epilogue provided by programmer.
  91              		@ args = 0, pretend = 0, frame = 0
  92              		@ frame_needed = 0, uses_anonymous_args = 0
 185:Middlewares/Third_Party/FreeRTOS/Source/portable/GCC/ARM_CM0/port.c **** 	/* The MSP stack is not reset as, unlike on M3/4 parts, there is no vector
 186:Middlewares/Third_Party/FreeRTOS/Source/portable/GCC/ARM_CM0/port.c **** 	table offset register that can be used to locate the initial stack value.
 187:Middlewares/Third_Party/FreeRTOS/Source/portable/GCC/ARM_CM0/port.c **** 	Not all M0 parts have the application vector table at address 0. */
 188:Middlewares/Third_Party/FreeRTOS/Source/portable/GCC/ARM_CM0/port.c **** 	__asm volatile(
  93              		.loc 1 188 2 view .LVU14
  94              		.syntax divided
  95              	@ 188 "Middlewares/Third_Party/FreeRTOS/Source/portable/GCC/ARM_CM0/port.c" 1
  96              			.syntax unified				
  97 0000 0B4A     		ldr  r2, pxCurrentTCBConst2	
  98 0002 1368     		ldr  r3, [r2]				
  99 0004 1868     		ldr  r0, [r3]				
ARM GAS  /tmp/cc3ZjH30.s 			page 6


 100 0006 2030     		adds r0, #32					
 101 0008 80F30988 		msr  psp, r0					
 102 000c 0220     		movs r0, #2					
 103 000e 80F31488 		msr  CONTROL, r0				
 104 0012 BFF36F8F 		isb							
 105 0016 3FBC     		pop  {r0-r5}					
 106 0018 AE46     		mov  lr, r5					
 107 001a 08BC     		pop  {r3}					
 108 001c 04BC     		pop  {r2}					
 109 001e 62B6     		cpsie i						
 110 0020 1847     		bx   r3						
 111              									
 112 0022 C046C046 		.align 4					
 112      C046C046 
 112      C046C046 
 112      C046
 113 0030 00000000 	pxCurrentTCBConst2: .word pxCurrentTCB	  
 114              	@ 0 "" 2
 189:Middlewares/Third_Party/FreeRTOS/Source/portable/GCC/ARM_CM0/port.c **** 	"	.syntax unified				\n"
 190:Middlewares/Third_Party/FreeRTOS/Source/portable/GCC/ARM_CM0/port.c **** 	"	ldr  r2, pxCurrentTCBConst2	\n" /* Obtain location of pxCurrentTCB. */
 191:Middlewares/Third_Party/FreeRTOS/Source/portable/GCC/ARM_CM0/port.c **** 	"	ldr  r3, [r2]				\n"
 192:Middlewares/Third_Party/FreeRTOS/Source/portable/GCC/ARM_CM0/port.c **** 	"	ldr  r0, [r3]				\n" /* The first item in pxCurrentTCB is the task top of stack. */
 193:Middlewares/Third_Party/FreeRTOS/Source/portable/GCC/ARM_CM0/port.c **** 	"	adds r0, #32					\n" /* Discard everything up to r0. */
 194:Middlewares/Third_Party/FreeRTOS/Source/portable/GCC/ARM_CM0/port.c **** 	"	msr  psp, r0					\n" /* This is now the new top of stack to use in the task. */
 195:Middlewares/Third_Party/FreeRTOS/Source/portable/GCC/ARM_CM0/port.c **** 	"	movs r0, #2					\n" /* Switch to the psp stack. */
 196:Middlewares/Third_Party/FreeRTOS/Source/portable/GCC/ARM_CM0/port.c **** 	"	msr  CONTROL, r0				\n"
 197:Middlewares/Third_Party/FreeRTOS/Source/portable/GCC/ARM_CM0/port.c **** 	"	isb							\n"
 198:Middlewares/Third_Party/FreeRTOS/Source/portable/GCC/ARM_CM0/port.c **** 	"	pop  {r0-r5}					\n" /* Pop the registers that are saved automatically. */
 199:Middlewares/Third_Party/FreeRTOS/Source/portable/GCC/ARM_CM0/port.c **** 	"	mov  lr, r5					\n" /* lr is now in r5. */
 200:Middlewares/Third_Party/FreeRTOS/Source/portable/GCC/ARM_CM0/port.c **** 	"	pop  {r3}					\n" /* Return address is now in r3. */
 201:Middlewares/Third_Party/FreeRTOS/Source/portable/GCC/ARM_CM0/port.c **** 	"	pop  {r2}					\n" /* Pop and discard XPSR. */
 202:Middlewares/Third_Party/FreeRTOS/Source/portable/GCC/ARM_CM0/port.c **** 	"	cpsie i						\n" /* The first task has its context and interrupts can be enabled. */
 203:Middlewares/Third_Party/FreeRTOS/Source/portable/GCC/ARM_CM0/port.c **** 	"	bx   r3						\n" /* Finally, jump to the user defined task code. */
 204:Middlewares/Third_Party/FreeRTOS/Source/portable/GCC/ARM_CM0/port.c **** 	"								\n"
 205:Middlewares/Third_Party/FreeRTOS/Source/portable/GCC/ARM_CM0/port.c **** 	"	.align 4					\n"
 206:Middlewares/Third_Party/FreeRTOS/Source/portable/GCC/ARM_CM0/port.c **** 	"pxCurrentTCBConst2: .word pxCurrentTCB	  "
 207:Middlewares/Third_Party/FreeRTOS/Source/portable/GCC/ARM_CM0/port.c **** 				  );
 208:Middlewares/Third_Party/FreeRTOS/Source/portable/GCC/ARM_CM0/port.c **** }
 115              		.loc 1 208 1 is_stmt 0 view .LVU15
 116              		.thumb
 117              		.syntax unified
 118              		.cfi_endproc
 119              	.LFE3:
 121              		.section	.text.pxPortInitialiseStack,"ax",%progbits
 122              		.align	1
 123              		.global	pxPortInitialiseStack
 124              		.syntax unified
 125              		.code	16
 126              		.thumb_func
 128              	pxPortInitialiseStack:
 129              	.LVL0:
 130              	.LFB0:
 134:Middlewares/Third_Party/FreeRTOS/Source/portable/GCC/ARM_CM0/port.c **** 	/* Simulate the stack frame as it would be created by a context switch
 131              		.loc 1 134 1 is_stmt 1 view -0
 132              		.cfi_startproc
 133              		@ args = 0, pretend = 0, frame = 0
 134              		@ frame_needed = 0, uses_anonymous_args = 0
ARM GAS  /tmp/cc3ZjH30.s 			page 7


 134:Middlewares/Third_Party/FreeRTOS/Source/portable/GCC/ARM_CM0/port.c **** 	/* Simulate the stack frame as it would be created by a context switch
 135              		.loc 1 134 1 is_stmt 0 view .LVU17
 136 0000 10B5     		push	{r4, lr}
 137              		.cfi_def_cfa_offset 8
 138              		.cfi_offset 4, -8
 139              		.cfi_offset 14, -4
 137:Middlewares/Third_Party/FreeRTOS/Source/portable/GCC/ARM_CM0/port.c **** 	*pxTopOfStack = portINITIAL_XPSR;	/* xPSR */
 140              		.loc 1 137 2 is_stmt 1 view .LVU18
 141              	.LVL1:
 138:Middlewares/Third_Party/FreeRTOS/Source/portable/GCC/ARM_CM0/port.c **** 	pxTopOfStack--;
 142              		.loc 1 138 2 view .LVU19
 138:Middlewares/Third_Party/FreeRTOS/Source/portable/GCC/ARM_CM0/port.c **** 	pxTopOfStack--;
 143              		.loc 1 138 16 is_stmt 0 view .LVU20
 144 0002 031F     		subs	r3, r0, #4
 145              	.LVL2:
 138:Middlewares/Third_Party/FreeRTOS/Source/portable/GCC/ARM_CM0/port.c **** 	pxTopOfStack--;
 146              		.loc 1 138 16 view .LVU21
 147 0004 8024     		movs	r4, #128
 148 0006 6404     		lsls	r4, r4, #17
 149 0008 1C60     		str	r4, [r3]
 139:Middlewares/Third_Party/FreeRTOS/Source/portable/GCC/ARM_CM0/port.c **** 	*pxTopOfStack = ( StackType_t ) pxCode;	/* PC */
 150              		.loc 1 139 2 is_stmt 1 view .LVU22
 151              	.LVL3:
 140:Middlewares/Third_Party/FreeRTOS/Source/portable/GCC/ARM_CM0/port.c **** 	pxTopOfStack--;
 152              		.loc 1 140 2 view .LVU23
 140:Middlewares/Third_Party/FreeRTOS/Source/portable/GCC/ARM_CM0/port.c **** 	pxTopOfStack--;
 153              		.loc 1 140 16 is_stmt 0 view .LVU24
 154 000a 043B     		subs	r3, r3, #4
 155 000c 1960     		str	r1, [r3]
 141:Middlewares/Third_Party/FreeRTOS/Source/portable/GCC/ARM_CM0/port.c **** 	*pxTopOfStack = ( StackType_t ) portTASK_RETURN_ADDRESS;	/* LR */
 156              		.loc 1 141 2 is_stmt 1 view .LVU25
 157              	.LVL4:
 142:Middlewares/Third_Party/FreeRTOS/Source/portable/GCC/ARM_CM0/port.c **** 	pxTopOfStack -= 5;	/* R12, R3, R2 and R1. */
 158              		.loc 1 142 2 view .LVU26
 142:Middlewares/Third_Party/FreeRTOS/Source/portable/GCC/ARM_CM0/port.c **** 	pxTopOfStack -= 5;	/* R12, R3, R2 and R1. */
 159              		.loc 1 142 18 is_stmt 0 view .LVU27
 160 000e 044B     		ldr	r3, .L9
 142:Middlewares/Third_Party/FreeRTOS/Source/portable/GCC/ARM_CM0/port.c **** 	pxTopOfStack -= 5;	/* R12, R3, R2 and R1. */
 161              		.loc 1 142 16 view .LVU28
 162 0010 0100     		movs	r1, r0
 163              	.LVL5:
 142:Middlewares/Third_Party/FreeRTOS/Source/portable/GCC/ARM_CM0/port.c **** 	pxTopOfStack -= 5;	/* R12, R3, R2 and R1. */
 164              		.loc 1 142 16 view .LVU29
 165 0012 0C39     		subs	r1, r1, #12
 166              	.LVL6:
 142:Middlewares/Third_Party/FreeRTOS/Source/portable/GCC/ARM_CM0/port.c **** 	pxTopOfStack -= 5;	/* R12, R3, R2 and R1. */
 167              		.loc 1 142 16 view .LVU30
 168 0014 0B60     		str	r3, [r1]
 143:Middlewares/Third_Party/FreeRTOS/Source/portable/GCC/ARM_CM0/port.c **** 	*pxTopOfStack = ( StackType_t ) pvParameters;	/* R0 */
 169              		.loc 1 143 2 is_stmt 1 view .LVU31
 170              	.LVL7:
 144:Middlewares/Third_Party/FreeRTOS/Source/portable/GCC/ARM_CM0/port.c **** 	pxTopOfStack -= 8; /* R11..R4. */
 171              		.loc 1 144 2 view .LVU32
 144:Middlewares/Third_Party/FreeRTOS/Source/portable/GCC/ARM_CM0/port.c **** 	pxTopOfStack -= 8; /* R11..R4. */
 172              		.loc 1 144 16 is_stmt 0 view .LVU33
 173 0016 0300     		movs	r3, r0
 174 0018 203B     		subs	r3, r3, #32
ARM GAS  /tmp/cc3ZjH30.s 			page 8


 175              	.LVL8:
 144:Middlewares/Third_Party/FreeRTOS/Source/portable/GCC/ARM_CM0/port.c **** 	pxTopOfStack -= 8; /* R11..R4. */
 176              		.loc 1 144 16 view .LVU34
 177 001a 1A60     		str	r2, [r3]
 145:Middlewares/Third_Party/FreeRTOS/Source/portable/GCC/ARM_CM0/port.c **** 
 178              		.loc 1 145 2 is_stmt 1 view .LVU35
 145:Middlewares/Third_Party/FreeRTOS/Source/portable/GCC/ARM_CM0/port.c **** 
 179              		.loc 1 145 15 is_stmt 0 view .LVU36
 180 001c 4038     		subs	r0, r0, #64
 181              	.LVL9:
 147:Middlewares/Third_Party/FreeRTOS/Source/portable/GCC/ARM_CM0/port.c **** }
 182              		.loc 1 147 2 is_stmt 1 view .LVU37
 148:Middlewares/Third_Party/FreeRTOS/Source/portable/GCC/ARM_CM0/port.c **** /*-----------------------------------------------------------*/
 183              		.loc 1 148 1 is_stmt 0 view .LVU38
 184              		@ sp needed
 185 001e 10BD     		pop	{r4, pc}
 186              	.L10:
 187              		.align	2
 188              	.L9:
 189 0020 00000000 		.word	prvTaskExitError
 190              		.cfi_endproc
 191              	.LFE0:
 193              		.section	.text.SVC_Handler,"ax",%progbits
 194              		.align	1
 195              		.global	SVC_Handler
 196              		.syntax unified
 197              		.code	16
 198              		.thumb_func
 200              	SVC_Handler:
 201              	.LFB2:
 177:Middlewares/Third_Party/FreeRTOS/Source/portable/GCC/ARM_CM0/port.c **** 	/* This function is no longer used, but retained for backward
 202              		.loc 1 177 1 is_stmt 1 view -0
 203              		.cfi_startproc
 204              		@ args = 0, pretend = 0, frame = 0
 205              		@ frame_needed = 0, uses_anonymous_args = 0
 206              		@ link register save eliminated.
 180:Middlewares/Third_Party/FreeRTOS/Source/portable/GCC/ARM_CM0/port.c **** /*-----------------------------------------------------------*/
 207              		.loc 1 180 1 view .LVU40
 208              		@ sp needed
 209 0000 7047     		bx	lr
 210              		.cfi_endproc
 211              	.LFE2:
 213              		.section	.text.vPortEndScheduler,"ax",%progbits
 214              		.align	1
 215              		.global	vPortEndScheduler
 216              		.syntax unified
 217              		.code	16
 218              		.thumb_func
 220              	vPortEndScheduler:
 221              	.LFB5:
 209:Middlewares/Third_Party/FreeRTOS/Source/portable/GCC/ARM_CM0/port.c **** /*-----------------------------------------------------------*/
 210:Middlewares/Third_Party/FreeRTOS/Source/portable/GCC/ARM_CM0/port.c **** 
 211:Middlewares/Third_Party/FreeRTOS/Source/portable/GCC/ARM_CM0/port.c **** /*
 212:Middlewares/Third_Party/FreeRTOS/Source/portable/GCC/ARM_CM0/port.c ****  * See header file for description.
 213:Middlewares/Third_Party/FreeRTOS/Source/portable/GCC/ARM_CM0/port.c ****  */
 214:Middlewares/Third_Party/FreeRTOS/Source/portable/GCC/ARM_CM0/port.c **** BaseType_t xPortStartScheduler( void )
 215:Middlewares/Third_Party/FreeRTOS/Source/portable/GCC/ARM_CM0/port.c **** {
ARM GAS  /tmp/cc3ZjH30.s 			page 9


 216:Middlewares/Third_Party/FreeRTOS/Source/portable/GCC/ARM_CM0/port.c **** 	/* Make PendSV, CallSV and SysTick the same priority as the kernel. */
 217:Middlewares/Third_Party/FreeRTOS/Source/portable/GCC/ARM_CM0/port.c **** 	portNVIC_SYSPRI2_REG |= portNVIC_PENDSV_PRI;
 218:Middlewares/Third_Party/FreeRTOS/Source/portable/GCC/ARM_CM0/port.c **** 	portNVIC_SYSPRI2_REG |= portNVIC_SYSTICK_PRI;
 219:Middlewares/Third_Party/FreeRTOS/Source/portable/GCC/ARM_CM0/port.c **** 
 220:Middlewares/Third_Party/FreeRTOS/Source/portable/GCC/ARM_CM0/port.c **** 	/* Start the timer that generates the tick ISR.  Interrupts are disabled
 221:Middlewares/Third_Party/FreeRTOS/Source/portable/GCC/ARM_CM0/port.c **** 	here already. */
 222:Middlewares/Third_Party/FreeRTOS/Source/portable/GCC/ARM_CM0/port.c **** 	vPortSetupTimerInterrupt();
 223:Middlewares/Third_Party/FreeRTOS/Source/portable/GCC/ARM_CM0/port.c **** 
 224:Middlewares/Third_Party/FreeRTOS/Source/portable/GCC/ARM_CM0/port.c **** 	/* Initialise the critical nesting count ready for the first task. */
 225:Middlewares/Third_Party/FreeRTOS/Source/portable/GCC/ARM_CM0/port.c **** 	uxCriticalNesting = 0;
 226:Middlewares/Third_Party/FreeRTOS/Source/portable/GCC/ARM_CM0/port.c **** 
 227:Middlewares/Third_Party/FreeRTOS/Source/portable/GCC/ARM_CM0/port.c **** 	/* Start the first task. */
 228:Middlewares/Third_Party/FreeRTOS/Source/portable/GCC/ARM_CM0/port.c **** 	vPortStartFirstTask();
 229:Middlewares/Third_Party/FreeRTOS/Source/portable/GCC/ARM_CM0/port.c **** 
 230:Middlewares/Third_Party/FreeRTOS/Source/portable/GCC/ARM_CM0/port.c **** 	/* Should never get here as the tasks will now be executing!  Call the task
 231:Middlewares/Third_Party/FreeRTOS/Source/portable/GCC/ARM_CM0/port.c **** 	exit error function to prevent compiler warnings about a static function
 232:Middlewares/Third_Party/FreeRTOS/Source/portable/GCC/ARM_CM0/port.c **** 	not being called in the case that the application writer overrides this
 233:Middlewares/Third_Party/FreeRTOS/Source/portable/GCC/ARM_CM0/port.c **** 	functionality by defining configTASK_RETURN_ADDRESS.  Call
 234:Middlewares/Third_Party/FreeRTOS/Source/portable/GCC/ARM_CM0/port.c **** 	vTaskSwitchContext() so link time optimisation does not remove the
 235:Middlewares/Third_Party/FreeRTOS/Source/portable/GCC/ARM_CM0/port.c **** 	symbol. */
 236:Middlewares/Third_Party/FreeRTOS/Source/portable/GCC/ARM_CM0/port.c **** 	vTaskSwitchContext();
 237:Middlewares/Third_Party/FreeRTOS/Source/portable/GCC/ARM_CM0/port.c **** 	prvTaskExitError();
 238:Middlewares/Third_Party/FreeRTOS/Source/portable/GCC/ARM_CM0/port.c **** 
 239:Middlewares/Third_Party/FreeRTOS/Source/portable/GCC/ARM_CM0/port.c **** 	/* Should not get here! */
 240:Middlewares/Third_Party/FreeRTOS/Source/portable/GCC/ARM_CM0/port.c **** 	return 0;
 241:Middlewares/Third_Party/FreeRTOS/Source/portable/GCC/ARM_CM0/port.c **** }
 242:Middlewares/Third_Party/FreeRTOS/Source/portable/GCC/ARM_CM0/port.c **** /*-----------------------------------------------------------*/
 243:Middlewares/Third_Party/FreeRTOS/Source/portable/GCC/ARM_CM0/port.c **** 
 244:Middlewares/Third_Party/FreeRTOS/Source/portable/GCC/ARM_CM0/port.c **** void vPortEndScheduler( void )
 245:Middlewares/Third_Party/FreeRTOS/Source/portable/GCC/ARM_CM0/port.c **** {
 222              		.loc 1 245 1 view -0
 223              		.cfi_startproc
 224              		@ args = 0, pretend = 0, frame = 0
 225              		@ frame_needed = 0, uses_anonymous_args = 0
 226              		@ link register save eliminated.
 246:Middlewares/Third_Party/FreeRTOS/Source/portable/GCC/ARM_CM0/port.c **** 	/* Not implemented in ports where there is nothing to return to.
 247:Middlewares/Third_Party/FreeRTOS/Source/portable/GCC/ARM_CM0/port.c **** 	Artificially force an assert. */
 248:Middlewares/Third_Party/FreeRTOS/Source/portable/GCC/ARM_CM0/port.c **** 	configASSERT( uxCriticalNesting == 1000UL );
 227              		.loc 1 248 2 view .LVU42
 228 0000 044B     		ldr	r3, .L15
 229 0002 1A68     		ldr	r2, [r3]
 230 0004 FA23     		movs	r3, #250
 231 0006 9B00     		lsls	r3, r3, #2
 232 0008 9A42     		cmp	r2, r3
 233 000a 01D0     		beq	.L12
 234              		.loc 1 248 2 discriminator 1 view .LVU43
 235              		.syntax divided
 236              	@ 248 "Middlewares/Third_Party/FreeRTOS/Source/portable/GCC/ARM_CM0/port.c" 1
 237 000c 72B6     		 cpsid i 
 238              	@ 0 "" 2
 239              		.thumb
 240              		.syntax unified
 241              	.L14:
 242              		.loc 1 248 2 discriminator 3 view .LVU44
 243              		.loc 1 248 2 discriminator 3 view .LVU45
 244 000e FEE7     		b	.L14
 245              	.L12:
ARM GAS  /tmp/cc3ZjH30.s 			page 10


 249:Middlewares/Third_Party/FreeRTOS/Source/portable/GCC/ARM_CM0/port.c **** }
 246              		.loc 1 249 1 is_stmt 0 view .LVU46
 247              		@ sp needed
 248 0010 7047     		bx	lr
 249              	.L16:
 250 0012 C046     		.align	2
 251              	.L15:
 252 0014 00000000 		.word	uxCriticalNesting
 253              		.cfi_endproc
 254              	.LFE5:
 256              		.section	.text.vPortYield,"ax",%progbits
 257              		.align	1
 258              		.global	vPortYield
 259              		.syntax unified
 260              		.code	16
 261              		.thumb_func
 263              	vPortYield:
 264              	.LFB6:
 250:Middlewares/Third_Party/FreeRTOS/Source/portable/GCC/ARM_CM0/port.c **** /*-----------------------------------------------------------*/
 251:Middlewares/Third_Party/FreeRTOS/Source/portable/GCC/ARM_CM0/port.c **** 
 252:Middlewares/Third_Party/FreeRTOS/Source/portable/GCC/ARM_CM0/port.c **** void vPortYield( void )
 253:Middlewares/Third_Party/FreeRTOS/Source/portable/GCC/ARM_CM0/port.c **** {
 265              		.loc 1 253 1 is_stmt 1 view -0
 266              		.cfi_startproc
 267              		@ args = 0, pretend = 0, frame = 0
 268              		@ frame_needed = 0, uses_anonymous_args = 0
 269              		@ link register save eliminated.
 254:Middlewares/Third_Party/FreeRTOS/Source/portable/GCC/ARM_CM0/port.c **** 	/* Set a PendSV to request a context switch. */
 255:Middlewares/Third_Party/FreeRTOS/Source/portable/GCC/ARM_CM0/port.c **** 	portNVIC_INT_CTRL_REG = portNVIC_PENDSVSET_BIT;
 270              		.loc 1 255 2 view .LVU48
 271              		.loc 1 255 24 is_stmt 0 view .LVU49
 272 0000 044B     		ldr	r3, .L18
 273 0002 8022     		movs	r2, #128
 274 0004 5205     		lsls	r2, r2, #21
 275 0006 1A60     		str	r2, [r3]
 256:Middlewares/Third_Party/FreeRTOS/Source/portable/GCC/ARM_CM0/port.c **** 
 257:Middlewares/Third_Party/FreeRTOS/Source/portable/GCC/ARM_CM0/port.c **** 	/* Barriers are normally not required but do ensure the code is completely
 258:Middlewares/Third_Party/FreeRTOS/Source/portable/GCC/ARM_CM0/port.c **** 	within the specified behaviour for the architecture. */
 259:Middlewares/Third_Party/FreeRTOS/Source/portable/GCC/ARM_CM0/port.c **** 	__asm volatile( "dsb" ::: "memory" );
 276              		.loc 1 259 2 is_stmt 1 view .LVU50
 277              		.syntax divided
 278              	@ 259 "Middlewares/Third_Party/FreeRTOS/Source/portable/GCC/ARM_CM0/port.c" 1
 279 0008 BFF34F8F 		dsb
 280              	@ 0 "" 2
 260:Middlewares/Third_Party/FreeRTOS/Source/portable/GCC/ARM_CM0/port.c **** 	__asm volatile( "isb" );
 281              		.loc 1 260 2 view .LVU51
 282              	@ 260 "Middlewares/Third_Party/FreeRTOS/Source/portable/GCC/ARM_CM0/port.c" 1
 283 000c BFF36F8F 		isb
 284              	@ 0 "" 2
 261:Middlewares/Third_Party/FreeRTOS/Source/portable/GCC/ARM_CM0/port.c **** }
 285              		.loc 1 261 1 is_stmt 0 view .LVU52
 286              		.thumb
 287              		.syntax unified
 288              		@ sp needed
 289 0010 7047     		bx	lr
 290              	.L19:
 291 0012 C046     		.align	2
ARM GAS  /tmp/cc3ZjH30.s 			page 11


 292              	.L18:
 293 0014 04ED00E0 		.word	-536810236
 294              		.cfi_endproc
 295              	.LFE6:
 297              		.section	.text.vPortEnterCritical,"ax",%progbits
 298              		.align	1
 299              		.global	vPortEnterCritical
 300              		.syntax unified
 301              		.code	16
 302              		.thumb_func
 304              	vPortEnterCritical:
 305              	.LFB7:
 262:Middlewares/Third_Party/FreeRTOS/Source/portable/GCC/ARM_CM0/port.c **** /*-----------------------------------------------------------*/
 263:Middlewares/Third_Party/FreeRTOS/Source/portable/GCC/ARM_CM0/port.c **** 
 264:Middlewares/Third_Party/FreeRTOS/Source/portable/GCC/ARM_CM0/port.c **** void vPortEnterCritical( void )
 265:Middlewares/Third_Party/FreeRTOS/Source/portable/GCC/ARM_CM0/port.c **** {
 306              		.loc 1 265 1 is_stmt 1 view -0
 307              		.cfi_startproc
 308              		@ args = 0, pretend = 0, frame = 0
 309              		@ frame_needed = 0, uses_anonymous_args = 0
 310              		@ link register save eliminated.
 266:Middlewares/Third_Party/FreeRTOS/Source/portable/GCC/ARM_CM0/port.c **** 	portDISABLE_INTERRUPTS();
 311              		.loc 1 266 2 view .LVU54
 312              		.syntax divided
 313              	@ 266 "Middlewares/Third_Party/FreeRTOS/Source/portable/GCC/ARM_CM0/port.c" 1
 314 0000 72B6     		 cpsid i 
 315              	@ 0 "" 2
 267:Middlewares/Third_Party/FreeRTOS/Source/portable/GCC/ARM_CM0/port.c **** 	uxCriticalNesting++;
 316              		.loc 1 267 2 view .LVU55
 317              		.loc 1 267 19 is_stmt 0 view .LVU56
 318              		.thumb
 319              		.syntax unified
 320 0002 044A     		ldr	r2, .L21
 321 0004 1368     		ldr	r3, [r2]
 322 0006 0133     		adds	r3, r3, #1
 323 0008 1360     		str	r3, [r2]
 268:Middlewares/Third_Party/FreeRTOS/Source/portable/GCC/ARM_CM0/port.c **** 	__asm volatile( "dsb" ::: "memory" );
 324              		.loc 1 268 2 is_stmt 1 view .LVU57
 325              		.syntax divided
 326              	@ 268 "Middlewares/Third_Party/FreeRTOS/Source/portable/GCC/ARM_CM0/port.c" 1
 327 000a BFF34F8F 		dsb
 328              	@ 0 "" 2
 269:Middlewares/Third_Party/FreeRTOS/Source/portable/GCC/ARM_CM0/port.c **** 	__asm volatile( "isb" );
 329              		.loc 1 269 2 view .LVU58
 330              	@ 269 "Middlewares/Third_Party/FreeRTOS/Source/portable/GCC/ARM_CM0/port.c" 1
 331 000e BFF36F8F 		isb
 332              	@ 0 "" 2
 270:Middlewares/Third_Party/FreeRTOS/Source/portable/GCC/ARM_CM0/port.c **** }
 333              		.loc 1 270 1 is_stmt 0 view .LVU59
 334              		.thumb
 335              		.syntax unified
 336              		@ sp needed
 337 0012 7047     		bx	lr
 338              	.L22:
 339              		.align	2
 340              	.L21:
 341 0014 00000000 		.word	uxCriticalNesting
ARM GAS  /tmp/cc3ZjH30.s 			page 12


 342              		.cfi_endproc
 343              	.LFE7:
 345              		.section	.text.vPortExitCritical,"ax",%progbits
 346              		.align	1
 347              		.global	vPortExitCritical
 348              		.syntax unified
 349              		.code	16
 350              		.thumb_func
 352              	vPortExitCritical:
 353              	.LFB8:
 271:Middlewares/Third_Party/FreeRTOS/Source/portable/GCC/ARM_CM0/port.c **** /*-----------------------------------------------------------*/
 272:Middlewares/Third_Party/FreeRTOS/Source/portable/GCC/ARM_CM0/port.c **** 
 273:Middlewares/Third_Party/FreeRTOS/Source/portable/GCC/ARM_CM0/port.c **** void vPortExitCritical( void )
 274:Middlewares/Third_Party/FreeRTOS/Source/portable/GCC/ARM_CM0/port.c **** {
 354              		.loc 1 274 1 is_stmt 1 view -0
 355              		.cfi_startproc
 356              		@ args = 0, pretend = 0, frame = 0
 357              		@ frame_needed = 0, uses_anonymous_args = 0
 358              		@ link register save eliminated.
 275:Middlewares/Third_Party/FreeRTOS/Source/portable/GCC/ARM_CM0/port.c **** 	configASSERT( uxCriticalNesting );
 359              		.loc 1 275 2 view .LVU61
 360 0000 064B     		ldr	r3, .L27
 361 0002 1B68     		ldr	r3, [r3]
 362 0004 002B     		cmp	r3, #0
 363 0006 01D1     		bne	.L24
 364              		.loc 1 275 2 discriminator 1 view .LVU62
 365              		.syntax divided
 366              	@ 275 "Middlewares/Third_Party/FreeRTOS/Source/portable/GCC/ARM_CM0/port.c" 1
 367 0008 72B6     		 cpsid i 
 368              	@ 0 "" 2
 369              		.thumb
 370              		.syntax unified
 371              	.L25:
 372              		.loc 1 275 2 discriminator 3 view .LVU63
 373              		.loc 1 275 2 discriminator 3 view .LVU64
 374 000a FEE7     		b	.L25
 375              	.L24:
 376              		.loc 1 275 35 discriminator 2 view .LVU65
 276:Middlewares/Third_Party/FreeRTOS/Source/portable/GCC/ARM_CM0/port.c **** 	uxCriticalNesting--;
 377              		.loc 1 276 2 view .LVU66
 378              		.loc 1 276 19 is_stmt 0 view .LVU67
 379 000c 013B     		subs	r3, r3, #1
 380 000e 034A     		ldr	r2, .L27
 381 0010 1360     		str	r3, [r2]
 277:Middlewares/Third_Party/FreeRTOS/Source/portable/GCC/ARM_CM0/port.c **** 	if( uxCriticalNesting == 0 )
 382              		.loc 1 277 2 is_stmt 1 view .LVU68
 383              		.loc 1 277 4 is_stmt 0 view .LVU69
 384 0012 002B     		cmp	r3, #0
 385 0014 00D1     		bne	.L23
 278:Middlewares/Third_Party/FreeRTOS/Source/portable/GCC/ARM_CM0/port.c **** 	{
 279:Middlewares/Third_Party/FreeRTOS/Source/portable/GCC/ARM_CM0/port.c **** 		portENABLE_INTERRUPTS();
 386              		.loc 1 279 3 is_stmt 1 view .LVU70
 387              		.syntax divided
 388              	@ 279 "Middlewares/Third_Party/FreeRTOS/Source/portable/GCC/ARM_CM0/port.c" 1
 389 0016 62B6     		 cpsie i 
 390              	@ 0 "" 2
 391              		.thumb
ARM GAS  /tmp/cc3ZjH30.s 			page 13


 392              		.syntax unified
 393              	.L23:
 280:Middlewares/Third_Party/FreeRTOS/Source/portable/GCC/ARM_CM0/port.c **** 	}
 281:Middlewares/Third_Party/FreeRTOS/Source/portable/GCC/ARM_CM0/port.c **** }
 394              		.loc 1 281 1 is_stmt 0 view .LVU71
 395              		@ sp needed
 396 0018 7047     		bx	lr
 397              	.L28:
 398 001a C046     		.align	2
 399              	.L27:
 400 001c 00000000 		.word	uxCriticalNesting
 401              		.cfi_endproc
 402              	.LFE8:
 404              		.section	.text.ulSetInterruptMaskFromISR,"ax",%progbits
 405              		.align	1
 406              		.global	ulSetInterruptMaskFromISR
 407              		.syntax unified
 408              		.code	16
 409              		.thumb_func
 411              	ulSetInterruptMaskFromISR:
 412              	.LFB9:
 282:Middlewares/Third_Party/FreeRTOS/Source/portable/GCC/ARM_CM0/port.c **** /*-----------------------------------------------------------*/
 283:Middlewares/Third_Party/FreeRTOS/Source/portable/GCC/ARM_CM0/port.c **** 
 284:Middlewares/Third_Party/FreeRTOS/Source/portable/GCC/ARM_CM0/port.c **** uint32_t ulSetInterruptMaskFromISR( void )
 285:Middlewares/Third_Party/FreeRTOS/Source/portable/GCC/ARM_CM0/port.c **** {
 413              		.loc 1 285 1 is_stmt 1 view -0
 414              		.cfi_startproc
 415              		@ Naked Function: prologue and epilogue provided by programmer.
 416              		@ args = 0, pretend = 0, frame = 0
 417              		@ frame_needed = 0, uses_anonymous_args = 0
 286:Middlewares/Third_Party/FreeRTOS/Source/portable/GCC/ARM_CM0/port.c **** 	__asm volatile(
 418              		.loc 1 286 2 view .LVU73
 419              		.syntax divided
 420              	@ 286 "Middlewares/Third_Party/FreeRTOS/Source/portable/GCC/ARM_CM0/port.c" 1
 421 0000 EFF31080 		 mrs r0, PRIMASK	
 422 0004 72B6     	 cpsid i			
 423 0006 7047     	 bx lr				  
 424              	@ 0 "" 2
 287:Middlewares/Third_Party/FreeRTOS/Source/portable/GCC/ARM_CM0/port.c **** 					" mrs r0, PRIMASK	\n"
 288:Middlewares/Third_Party/FreeRTOS/Source/portable/GCC/ARM_CM0/port.c **** 					" cpsid i			\n"
 289:Middlewares/Third_Party/FreeRTOS/Source/portable/GCC/ARM_CM0/port.c **** 					" bx lr				  "
 290:Middlewares/Third_Party/FreeRTOS/Source/portable/GCC/ARM_CM0/port.c **** 					::: "memory"
 291:Middlewares/Third_Party/FreeRTOS/Source/portable/GCC/ARM_CM0/port.c **** 				  );
 292:Middlewares/Third_Party/FreeRTOS/Source/portable/GCC/ARM_CM0/port.c **** }
 425              		.loc 1 292 1 is_stmt 0 view .LVU74
 426              		.thumb
 427              		.syntax unified
 428              		.cfi_endproc
 429              	.LFE9:
 431              		.section	.text.vClearInterruptMaskFromISR,"ax",%progbits
 432              		.align	1
 433              		.global	vClearInterruptMaskFromISR
 434              		.syntax unified
 435              		.code	16
 436              		.thumb_func
 438              	vClearInterruptMaskFromISR:
 439              	.LVL10:
ARM GAS  /tmp/cc3ZjH30.s 			page 14


 440              	.LFB10:
 293:Middlewares/Third_Party/FreeRTOS/Source/portable/GCC/ARM_CM0/port.c **** /*-----------------------------------------------------------*/
 294:Middlewares/Third_Party/FreeRTOS/Source/portable/GCC/ARM_CM0/port.c **** 
 295:Middlewares/Third_Party/FreeRTOS/Source/portable/GCC/ARM_CM0/port.c **** void vClearInterruptMaskFromISR( __attribute__( ( unused ) ) uint32_t ulMask )
 296:Middlewares/Third_Party/FreeRTOS/Source/portable/GCC/ARM_CM0/port.c **** {
 441              		.loc 1 296 1 is_stmt 1 view -0
 442              		.cfi_startproc
 443              		@ Naked Function: prologue and epilogue provided by programmer.
 444              		@ args = 0, pretend = 0, frame = 0
 445              		@ frame_needed = 0, uses_anonymous_args = 0
 297:Middlewares/Third_Party/FreeRTOS/Source/portable/GCC/ARM_CM0/port.c **** 	__asm volatile(
 446              		.loc 1 297 2 view .LVU76
 447              		.syntax divided
 448              	@ 297 "Middlewares/Third_Party/FreeRTOS/Source/portable/GCC/ARM_CM0/port.c" 1
 449 0000 80F31088 		 msr PRIMASK, r0	
 450 0004 7047     	 bx lr				  
 451              	@ 0 "" 2
 298:Middlewares/Third_Party/FreeRTOS/Source/portable/GCC/ARM_CM0/port.c **** 					" msr PRIMASK, r0	\n"
 299:Middlewares/Third_Party/FreeRTOS/Source/portable/GCC/ARM_CM0/port.c **** 					" bx lr				  "
 300:Middlewares/Third_Party/FreeRTOS/Source/portable/GCC/ARM_CM0/port.c **** 					::: "memory"
 301:Middlewares/Third_Party/FreeRTOS/Source/portable/GCC/ARM_CM0/port.c **** 				  );
 302:Middlewares/Third_Party/FreeRTOS/Source/portable/GCC/ARM_CM0/port.c **** }
 452              		.loc 1 302 1 is_stmt 0 view .LVU77
 453              		.thumb
 454              		.syntax unified
 455              		.cfi_endproc
 456              	.LFE10:
 458              		.section	.text.PendSV_Handler,"ax",%progbits
 459              		.align	1
 460              		.global	PendSV_Handler
 461              		.syntax unified
 462              		.code	16
 463              		.thumb_func
 465              	PendSV_Handler:
 466              	.LFB11:
 303:Middlewares/Third_Party/FreeRTOS/Source/portable/GCC/ARM_CM0/port.c **** /*-----------------------------------------------------------*/
 304:Middlewares/Third_Party/FreeRTOS/Source/portable/GCC/ARM_CM0/port.c **** 
 305:Middlewares/Third_Party/FreeRTOS/Source/portable/GCC/ARM_CM0/port.c **** void xPortPendSVHandler( void )
 306:Middlewares/Third_Party/FreeRTOS/Source/portable/GCC/ARM_CM0/port.c **** {
 467              		.loc 1 306 1 is_stmt 1 view -0
 468              		.cfi_startproc
 469              		@ Naked Function: prologue and epilogue provided by programmer.
 470              		@ args = 0, pretend = 0, frame = 0
 471              		@ frame_needed = 0, uses_anonymous_args = 0
 307:Middlewares/Third_Party/FreeRTOS/Source/portable/GCC/ARM_CM0/port.c **** 	/* This is a naked function. */
 308:Middlewares/Third_Party/FreeRTOS/Source/portable/GCC/ARM_CM0/port.c **** 
 309:Middlewares/Third_Party/FreeRTOS/Source/portable/GCC/ARM_CM0/port.c **** 	__asm volatile
 472              		.loc 1 309 2 view .LVU79
 473              		.syntax divided
 474              	@ 309 "Middlewares/Third_Party/FreeRTOS/Source/portable/GCC/ARM_CM0/port.c" 1
 475              			.syntax unified						
 476 0000 EFF30980 		mrs r0, psp							
 477              											
 478 0004 0E4B     		ldr	r3, pxCurrentTCBConst			
 479 0006 1A68     		ldr	r2, [r3]						
 480              											
 481 0008 2038     		subs r0, r0, #32					
ARM GAS  /tmp/cc3ZjH30.s 			page 15


 482 000a 1060     		str r0, [r2]						
 483 000c F0C0     		stmia r0!, {r4-r7}					
 484 000e 4446     	 	mov r4, r8							
 485 0010 4D46     	 	mov r5, r9							
 486 0012 5646     	 	mov r6, r10							
 487 0014 5F46     	 	mov r7, r11							
 488 0016 F0C0     	 	stmia r0!, {r4-r7}					
 489              											
 490 0018 08B5     		push {r3, r14}						
 491 001a 72B6     		cpsid i								
 492 001c FFF7FEFF 		bl vTaskSwitchContext				
 493 0020 62B6     		cpsie i								
 494 0022 0CBC     		pop {r2, r3}						
 495              											
 496 0024 1168     		ldr r1, [r2]						
 497 0026 0868     		ldr r0, [r1]						
 498 0028 1030     		adds r0, r0, #16					
 499 002a F0C8     		ldmia r0!, {r4-r7}					
 500 002c A046     	 	mov r8, r4							
 501 002e A946     	 	mov r9, r5							
 502 0030 B246     	 	mov r10, r6							
 503 0032 BB46     	 	mov r11, r7							
 504              											
 505 0034 80F30988 		msr psp, r0							
 506              											
 507 0038 2038     		subs r0, r0, #32					
 508 003a F0C8     	 	ldmia r0!, {r4-r7}					
 509              											
 510 003c 1847     		bx r3								
 511              											
 512 003e C046     		.align 4							
 513 0040 00000000 	pxCurrentTCBConst: .word pxCurrentTCB	  
 514              	@ 0 "" 2
 310:Middlewares/Third_Party/FreeRTOS/Source/portable/GCC/ARM_CM0/port.c **** 	(
 311:Middlewares/Third_Party/FreeRTOS/Source/portable/GCC/ARM_CM0/port.c **** 	"	.syntax unified						\n"
 312:Middlewares/Third_Party/FreeRTOS/Source/portable/GCC/ARM_CM0/port.c **** 	"	mrs r0, psp							\n"
 313:Middlewares/Third_Party/FreeRTOS/Source/portable/GCC/ARM_CM0/port.c **** 	"										\n"
 314:Middlewares/Third_Party/FreeRTOS/Source/portable/GCC/ARM_CM0/port.c **** 	"	ldr	r3, pxCurrentTCBConst			\n" /* Get the location of the current TCB. */
 315:Middlewares/Third_Party/FreeRTOS/Source/portable/GCC/ARM_CM0/port.c **** 	"	ldr	r2, [r3]						\n"
 316:Middlewares/Third_Party/FreeRTOS/Source/portable/GCC/ARM_CM0/port.c **** 	"										\n"
 317:Middlewares/Third_Party/FreeRTOS/Source/portable/GCC/ARM_CM0/port.c **** 	"	subs r0, r0, #32					\n" /* Make space for the remaining low registers. */
 318:Middlewares/Third_Party/FreeRTOS/Source/portable/GCC/ARM_CM0/port.c **** 	"	str r0, [r2]						\n" /* Save the new top of stack. */
 319:Middlewares/Third_Party/FreeRTOS/Source/portable/GCC/ARM_CM0/port.c **** 	"	stmia r0!, {r4-r7}					\n" /* Store the low registers that are not saved automatically. */
 320:Middlewares/Third_Party/FreeRTOS/Source/portable/GCC/ARM_CM0/port.c **** 	" 	mov r4, r8							\n" /* Store the high registers. */
 321:Middlewares/Third_Party/FreeRTOS/Source/portable/GCC/ARM_CM0/port.c **** 	" 	mov r5, r9							\n"
 322:Middlewares/Third_Party/FreeRTOS/Source/portable/GCC/ARM_CM0/port.c **** 	" 	mov r6, r10							\n"
 323:Middlewares/Third_Party/FreeRTOS/Source/portable/GCC/ARM_CM0/port.c **** 	" 	mov r7, r11							\n"
 324:Middlewares/Third_Party/FreeRTOS/Source/portable/GCC/ARM_CM0/port.c **** 	" 	stmia r0!, {r4-r7}					\n"
 325:Middlewares/Third_Party/FreeRTOS/Source/portable/GCC/ARM_CM0/port.c **** 	"										\n"
 326:Middlewares/Third_Party/FreeRTOS/Source/portable/GCC/ARM_CM0/port.c **** 	"	push {r3, r14}						\n"
 327:Middlewares/Third_Party/FreeRTOS/Source/portable/GCC/ARM_CM0/port.c **** 	"	cpsid i								\n"
 328:Middlewares/Third_Party/FreeRTOS/Source/portable/GCC/ARM_CM0/port.c **** 	"	bl vTaskSwitchContext				\n"
 329:Middlewares/Third_Party/FreeRTOS/Source/portable/GCC/ARM_CM0/port.c **** 	"	cpsie i								\n"
 330:Middlewares/Third_Party/FreeRTOS/Source/portable/GCC/ARM_CM0/port.c **** 	"	pop {r2, r3}						\n" /* lr goes in r3. r2 now holds tcb pointer. */
 331:Middlewares/Third_Party/FreeRTOS/Source/portable/GCC/ARM_CM0/port.c **** 	"										\n"
 332:Middlewares/Third_Party/FreeRTOS/Source/portable/GCC/ARM_CM0/port.c **** 	"	ldr r1, [r2]						\n"
 333:Middlewares/Third_Party/FreeRTOS/Source/portable/GCC/ARM_CM0/port.c **** 	"	ldr r0, [r1]						\n" /* The first item in pxCurrentTCB is the task top of stack. */
ARM GAS  /tmp/cc3ZjH30.s 			page 16


 334:Middlewares/Third_Party/FreeRTOS/Source/portable/GCC/ARM_CM0/port.c **** 	"	adds r0, r0, #16					\n" /* Move to the high registers. */
 335:Middlewares/Third_Party/FreeRTOS/Source/portable/GCC/ARM_CM0/port.c **** 	"	ldmia r0!, {r4-r7}					\n" /* Pop the high registers. */
 336:Middlewares/Third_Party/FreeRTOS/Source/portable/GCC/ARM_CM0/port.c **** 	" 	mov r8, r4							\n"
 337:Middlewares/Third_Party/FreeRTOS/Source/portable/GCC/ARM_CM0/port.c **** 	" 	mov r9, r5							\n"
 338:Middlewares/Third_Party/FreeRTOS/Source/portable/GCC/ARM_CM0/port.c **** 	" 	mov r10, r6							\n"
 339:Middlewares/Third_Party/FreeRTOS/Source/portable/GCC/ARM_CM0/port.c **** 	" 	mov r11, r7							\n"
 340:Middlewares/Third_Party/FreeRTOS/Source/portable/GCC/ARM_CM0/port.c **** 	"										\n"
 341:Middlewares/Third_Party/FreeRTOS/Source/portable/GCC/ARM_CM0/port.c **** 	"	msr psp, r0							\n" /* Remember the new top of stack for the task. */
 342:Middlewares/Third_Party/FreeRTOS/Source/portable/GCC/ARM_CM0/port.c **** 	"										\n"
 343:Middlewares/Third_Party/FreeRTOS/Source/portable/GCC/ARM_CM0/port.c **** 	"	subs r0, r0, #32					\n" /* Go back for the low registers that are not automatically restored. *
 344:Middlewares/Third_Party/FreeRTOS/Source/portable/GCC/ARM_CM0/port.c **** 	" 	ldmia r0!, {r4-r7}					\n" /* Pop low registers.  */
 345:Middlewares/Third_Party/FreeRTOS/Source/portable/GCC/ARM_CM0/port.c **** 	"										\n"
 346:Middlewares/Third_Party/FreeRTOS/Source/portable/GCC/ARM_CM0/port.c **** 	"	bx r3								\n"
 347:Middlewares/Third_Party/FreeRTOS/Source/portable/GCC/ARM_CM0/port.c **** 	"										\n"
 348:Middlewares/Third_Party/FreeRTOS/Source/portable/GCC/ARM_CM0/port.c **** 	"	.align 4							\n"
 349:Middlewares/Third_Party/FreeRTOS/Source/portable/GCC/ARM_CM0/port.c **** 	"pxCurrentTCBConst: .word pxCurrentTCB	  "
 350:Middlewares/Third_Party/FreeRTOS/Source/portable/GCC/ARM_CM0/port.c **** 	);
 351:Middlewares/Third_Party/FreeRTOS/Source/portable/GCC/ARM_CM0/port.c **** }
 515              		.loc 1 351 1 is_stmt 0 view .LVU80
 516              		.thumb
 517              		.syntax unified
 518              		.cfi_endproc
 519              	.LFE11:
 521              		.section	.text.xPortSysTickHandler,"ax",%progbits
 522              		.align	1
 523              		.global	xPortSysTickHandler
 524              		.syntax unified
 525              		.code	16
 526              		.thumb_func
 528              	xPortSysTickHandler:
 529              	.LFB12:
 352:Middlewares/Third_Party/FreeRTOS/Source/portable/GCC/ARM_CM0/port.c **** /*-----------------------------------------------------------*/
 353:Middlewares/Third_Party/FreeRTOS/Source/portable/GCC/ARM_CM0/port.c **** 
 354:Middlewares/Third_Party/FreeRTOS/Source/portable/GCC/ARM_CM0/port.c **** void xPortSysTickHandler( void )
 355:Middlewares/Third_Party/FreeRTOS/Source/portable/GCC/ARM_CM0/port.c **** {
 530              		.loc 1 355 1 is_stmt 1 view -0
 531              		.cfi_startproc
 532              		@ args = 0, pretend = 0, frame = 0
 533              		@ frame_needed = 0, uses_anonymous_args = 0
 534 0000 10B5     		push	{r4, lr}
 535              		.cfi_def_cfa_offset 8
 536              		.cfi_offset 4, -8
 537              		.cfi_offset 14, -4
 356:Middlewares/Third_Party/FreeRTOS/Source/portable/GCC/ARM_CM0/port.c **** uint32_t ulPreviousMask;
 538              		.loc 1 356 1 view .LVU82
 357:Middlewares/Third_Party/FreeRTOS/Source/portable/GCC/ARM_CM0/port.c **** 
 358:Middlewares/Third_Party/FreeRTOS/Source/portable/GCC/ARM_CM0/port.c **** 	ulPreviousMask = portSET_INTERRUPT_MASK_FROM_ISR();
 539              		.loc 1 358 2 view .LVU83
 540              		.loc 1 358 19 is_stmt 0 view .LVU84
 541 0002 FFF7FEFF 		bl	ulSetInterruptMaskFromISR
 542              	.LVL11:
 543 0006 0400     		movs	r4, r0
 544              	.LVL12:
 359:Middlewares/Third_Party/FreeRTOS/Source/portable/GCC/ARM_CM0/port.c **** 	{
 360:Middlewares/Third_Party/FreeRTOS/Source/portable/GCC/ARM_CM0/port.c **** 		/* Increment the RTOS tick. */
 361:Middlewares/Third_Party/FreeRTOS/Source/portable/GCC/ARM_CM0/port.c **** 		if( xTaskIncrementTick() != pdFALSE )
 545              		.loc 1 361 3 is_stmt 1 view .LVU85
ARM GAS  /tmp/cc3ZjH30.s 			page 17


 546              		.loc 1 361 7 is_stmt 0 view .LVU86
 547 0008 FFF7FEFF 		bl	xTaskIncrementTick
 548              	.LVL13:
 549              		.loc 1 361 5 discriminator 1 view .LVU87
 550 000c 0028     		cmp	r0, #0
 551 000e 03D0     		beq	.L33
 362:Middlewares/Third_Party/FreeRTOS/Source/portable/GCC/ARM_CM0/port.c **** 		{
 363:Middlewares/Third_Party/FreeRTOS/Source/portable/GCC/ARM_CM0/port.c **** 			/* Pend a context switch. */
 364:Middlewares/Third_Party/FreeRTOS/Source/portable/GCC/ARM_CM0/port.c **** 			portNVIC_INT_CTRL_REG = portNVIC_PENDSVSET_BIT;
 552              		.loc 1 364 4 is_stmt 1 view .LVU88
 553              		.loc 1 364 26 is_stmt 0 view .LVU89
 554 0010 034B     		ldr	r3, .L34
 555 0012 8022     		movs	r2, #128
 556 0014 5205     		lsls	r2, r2, #21
 557 0016 1A60     		str	r2, [r3]
 558              	.L33:
 365:Middlewares/Third_Party/FreeRTOS/Source/portable/GCC/ARM_CM0/port.c **** 		}
 366:Middlewares/Third_Party/FreeRTOS/Source/portable/GCC/ARM_CM0/port.c **** 	}
 367:Middlewares/Third_Party/FreeRTOS/Source/portable/GCC/ARM_CM0/port.c **** 	portCLEAR_INTERRUPT_MASK_FROM_ISR( ulPreviousMask );
 559              		.loc 1 367 2 is_stmt 1 view .LVU90
 560 0018 2000     		movs	r0, r4
 561 001a FFF7FEFF 		bl	vClearInterruptMaskFromISR
 562              	.LVL14:
 368:Middlewares/Third_Party/FreeRTOS/Source/portable/GCC/ARM_CM0/port.c **** }
 563              		.loc 1 368 1 is_stmt 0 view .LVU91
 564              		@ sp needed
 565              	.LVL15:
 566              		.loc 1 368 1 view .LVU92
 567 001e 10BD     		pop	{r4, pc}
 568              	.L35:
 569              		.align	2
 570              	.L34:
 571 0020 04ED00E0 		.word	-536810236
 572              		.cfi_endproc
 573              	.LFE12:
 575              		.section	.text.vPortSetupTimerInterrupt,"ax",%progbits
 576              		.align	1
 577              		.weak	vPortSetupTimerInterrupt
 578              		.syntax unified
 579              		.code	16
 580              		.thumb_func
 582              	vPortSetupTimerInterrupt:
 583              	.LFB13:
 369:Middlewares/Third_Party/FreeRTOS/Source/portable/GCC/ARM_CM0/port.c **** /*-----------------------------------------------------------*/
 370:Middlewares/Third_Party/FreeRTOS/Source/portable/GCC/ARM_CM0/port.c **** 
 371:Middlewares/Third_Party/FreeRTOS/Source/portable/GCC/ARM_CM0/port.c **** /*
 372:Middlewares/Third_Party/FreeRTOS/Source/portable/GCC/ARM_CM0/port.c ****  * Setup the systick timer to generate the tick interrupts at the required
 373:Middlewares/Third_Party/FreeRTOS/Source/portable/GCC/ARM_CM0/port.c ****  * frequency.
 374:Middlewares/Third_Party/FreeRTOS/Source/portable/GCC/ARM_CM0/port.c ****  */
 375:Middlewares/Third_Party/FreeRTOS/Source/portable/GCC/ARM_CM0/port.c **** __attribute__(( weak )) void vPortSetupTimerInterrupt( void )
 376:Middlewares/Third_Party/FreeRTOS/Source/portable/GCC/ARM_CM0/port.c **** {
 584              		.loc 1 376 1 is_stmt 1 view -0
 585              		.cfi_startproc
 586              		@ args = 0, pretend = 0, frame = 0
 587              		@ frame_needed = 0, uses_anonymous_args = 0
 588 0000 10B5     		push	{r4, lr}
 589              		.cfi_def_cfa_offset 8
ARM GAS  /tmp/cc3ZjH30.s 			page 18


 590              		.cfi_offset 4, -8
 591              		.cfi_offset 14, -4
 377:Middlewares/Third_Party/FreeRTOS/Source/portable/GCC/ARM_CM0/port.c **** 	/* Calculate the constants required to configure the tick interrupt. */
 378:Middlewares/Third_Party/FreeRTOS/Source/portable/GCC/ARM_CM0/port.c **** 	#if( configUSE_TICKLESS_IDLE == 1 )
 379:Middlewares/Third_Party/FreeRTOS/Source/portable/GCC/ARM_CM0/port.c **** 	{
 380:Middlewares/Third_Party/FreeRTOS/Source/portable/GCC/ARM_CM0/port.c **** 		ulTimerCountsForOneTick = ( configCPU_CLOCK_HZ / configTICK_RATE_HZ );
 381:Middlewares/Third_Party/FreeRTOS/Source/portable/GCC/ARM_CM0/port.c **** 		xMaximumPossibleSuppressedTicks = portMAX_24_BIT_NUMBER / ulTimerCountsForOneTick;
 382:Middlewares/Third_Party/FreeRTOS/Source/portable/GCC/ARM_CM0/port.c **** 		ulStoppedTimerCompensation = portMISSED_COUNTS_FACTOR;
 383:Middlewares/Third_Party/FreeRTOS/Source/portable/GCC/ARM_CM0/port.c **** 	}
 384:Middlewares/Third_Party/FreeRTOS/Source/portable/GCC/ARM_CM0/port.c **** 	#endif /* configUSE_TICKLESS_IDLE */
 385:Middlewares/Third_Party/FreeRTOS/Source/portable/GCC/ARM_CM0/port.c **** 
 386:Middlewares/Third_Party/FreeRTOS/Source/portable/GCC/ARM_CM0/port.c **** 	/* Stop and reset the SysTick. */
 387:Middlewares/Third_Party/FreeRTOS/Source/portable/GCC/ARM_CM0/port.c **** 	portNVIC_SYSTICK_CTRL_REG = 0UL;
 592              		.loc 1 387 2 view .LVU94
 593              		.loc 1 387 28 is_stmt 0 view .LVU95
 594 0002 084C     		ldr	r4, .L37
 595 0004 0023     		movs	r3, #0
 596 0006 2360     		str	r3, [r4]
 388:Middlewares/Third_Party/FreeRTOS/Source/portable/GCC/ARM_CM0/port.c **** 	portNVIC_SYSTICK_CURRENT_VALUE_REG = 0UL;
 597              		.loc 1 388 2 is_stmt 1 view .LVU96
 598              		.loc 1 388 37 is_stmt 0 view .LVU97
 599 0008 074A     		ldr	r2, .L37+4
 600 000a 1360     		str	r3, [r2]
 389:Middlewares/Third_Party/FreeRTOS/Source/portable/GCC/ARM_CM0/port.c **** 
 390:Middlewares/Third_Party/FreeRTOS/Source/portable/GCC/ARM_CM0/port.c **** 	/* Configure SysTick to interrupt at the requested rate. */
 391:Middlewares/Third_Party/FreeRTOS/Source/portable/GCC/ARM_CM0/port.c **** 	portNVIC_SYSTICK_LOAD_REG = ( configCPU_CLOCK_HZ / configTICK_RATE_HZ ) - 1UL;
 601              		.loc 1 391 2 is_stmt 1 view .LVU98
 602              		.loc 1 391 51 is_stmt 0 view .LVU99
 603 000c 074B     		ldr	r3, .L37+8
 604 000e 1868     		ldr	r0, [r3]
 605 0010 FA21     		movs	r1, #250
 606 0012 8900     		lsls	r1, r1, #2
 607 0014 FFF7FEFF 		bl	__aeabi_uidiv
 608              	.LVL16:
 609              		.loc 1 391 74 view .LVU100
 610 0018 0138     		subs	r0, r0, #1
 611              		.loc 1 391 28 view .LVU101
 612 001a 054B     		ldr	r3, .L37+12
 613 001c 1860     		str	r0, [r3]
 392:Middlewares/Third_Party/FreeRTOS/Source/portable/GCC/ARM_CM0/port.c **** 	portNVIC_SYSTICK_CTRL_REG = portNVIC_SYSTICK_CLK_BIT | portNVIC_SYSTICK_INT_BIT | portNVIC_SYSTICK
 614              		.loc 1 392 2 is_stmt 1 view .LVU102
 615              		.loc 1 392 28 is_stmt 0 view .LVU103
 616 001e 0723     		movs	r3, #7
 617 0020 2360     		str	r3, [r4]
 393:Middlewares/Third_Party/FreeRTOS/Source/portable/GCC/ARM_CM0/port.c **** }
 618              		.loc 1 393 1 view .LVU104
 619              		@ sp needed
 620 0022 10BD     		pop	{r4, pc}
 621              	.L38:
 622              		.align	2
 623              	.L37:
 624 0024 10E000E0 		.word	-536813552
 625 0028 18E000E0 		.word	-536813544
 626 002c 00000000 		.word	SystemCoreClock
 627 0030 14E000E0 		.word	-536813548
 628              		.cfi_endproc
 629              	.LFE13:
ARM GAS  /tmp/cc3ZjH30.s 			page 19


 631              		.section	.text.xPortStartScheduler,"ax",%progbits
 632              		.align	1
 633              		.global	xPortStartScheduler
 634              		.syntax unified
 635              		.code	16
 636              		.thumb_func
 638              	xPortStartScheduler:
 639              	.LFB4:
 215:Middlewares/Third_Party/FreeRTOS/Source/portable/GCC/ARM_CM0/port.c **** 	/* Make PendSV, CallSV and SysTick the same priority as the kernel. */
 640              		.loc 1 215 1 is_stmt 1 view -0
 641              		.cfi_startproc
 642              		@ args = 0, pretend = 0, frame = 0
 643              		@ frame_needed = 0, uses_anonymous_args = 0
 644 0000 10B5     		push	{r4, lr}
 645              		.cfi_def_cfa_offset 8
 646              		.cfi_offset 4, -8
 647              		.cfi_offset 14, -4
 217:Middlewares/Third_Party/FreeRTOS/Source/portable/GCC/ARM_CM0/port.c **** 	portNVIC_SYSPRI2_REG |= portNVIC_SYSTICK_PRI;
 648              		.loc 1 217 2 view .LVU106
 649 0002 0C4B     		ldr	r3, .L40
 650 0004 1968     		ldr	r1, [r3]
 217:Middlewares/Third_Party/FreeRTOS/Source/portable/GCC/ARM_CM0/port.c **** 	portNVIC_SYSPRI2_REG |= portNVIC_SYSTICK_PRI;
 651              		.loc 1 217 23 is_stmt 0 view .LVU107
 652 0006 FF22     		movs	r2, #255
 653 0008 1204     		lsls	r2, r2, #16
 654 000a 0A43     		orrs	r2, r1
 655 000c 1A60     		str	r2, [r3]
 218:Middlewares/Third_Party/FreeRTOS/Source/portable/GCC/ARM_CM0/port.c **** 
 656              		.loc 1 218 2 is_stmt 1 view .LVU108
 657 000e 1968     		ldr	r1, [r3]
 218:Middlewares/Third_Party/FreeRTOS/Source/portable/GCC/ARM_CM0/port.c **** 
 658              		.loc 1 218 23 is_stmt 0 view .LVU109
 659 0010 FF22     		movs	r2, #255
 660 0012 1206     		lsls	r2, r2, #24
 661 0014 0A43     		orrs	r2, r1
 662 0016 1A60     		str	r2, [r3]
 222:Middlewares/Third_Party/FreeRTOS/Source/portable/GCC/ARM_CM0/port.c **** 
 663              		.loc 1 222 2 is_stmt 1 view .LVU110
 664 0018 FFF7FEFF 		bl	vPortSetupTimerInterrupt
 665              	.LVL17:
 225:Middlewares/Third_Party/FreeRTOS/Source/portable/GCC/ARM_CM0/port.c **** 
 666              		.loc 1 225 2 view .LVU111
 225:Middlewares/Third_Party/FreeRTOS/Source/portable/GCC/ARM_CM0/port.c **** 
 667              		.loc 1 225 20 is_stmt 0 view .LVU112
 668 001c 064B     		ldr	r3, .L40+4
 669 001e 0022     		movs	r2, #0
 670 0020 1A60     		str	r2, [r3]
 228:Middlewares/Third_Party/FreeRTOS/Source/portable/GCC/ARM_CM0/port.c **** 
 671              		.loc 1 228 2 is_stmt 1 view .LVU113
 672 0022 FFF7FEFF 		bl	vPortStartFirstTask
 673              	.LVL18:
 236:Middlewares/Third_Party/FreeRTOS/Source/portable/GCC/ARM_CM0/port.c **** 	prvTaskExitError();
 674              		.loc 1 236 2 view .LVU114
 675 0026 FFF7FEFF 		bl	vTaskSwitchContext
 676              	.LVL19:
 237:Middlewares/Third_Party/FreeRTOS/Source/portable/GCC/ARM_CM0/port.c **** 
 677              		.loc 1 237 2 view .LVU115
ARM GAS  /tmp/cc3ZjH30.s 			page 20


 678 002a FFF7FEFF 		bl	prvTaskExitError
 679              	.LVL20:
 240:Middlewares/Third_Party/FreeRTOS/Source/portable/GCC/ARM_CM0/port.c **** }
 680              		.loc 1 240 2 view .LVU116
 241:Middlewares/Third_Party/FreeRTOS/Source/portable/GCC/ARM_CM0/port.c **** /*-----------------------------------------------------------*/
 681              		.loc 1 241 1 is_stmt 0 view .LVU117
 682 002e 0020     		movs	r0, #0
 683              		@ sp needed
 684 0030 10BD     		pop	{r4, pc}
 685              	.L41:
 686 0032 C046     		.align	2
 687              	.L40:
 688 0034 20ED00E0 		.word	-536810208
 689 0038 00000000 		.word	uxCriticalNesting
 690              		.cfi_endproc
 691              	.LFE4:
 693              		.section	.data.uxCriticalNesting,"aw"
 694              		.align	2
 697              	uxCriticalNesting:
 698 0000 AAAAAAAA 		.word	-1431655766
 699              		.text
 700              	.Letext0:
 701              		.file 2 "/opt/arm-gnu-toolchain-14.2/arm-none-eabi/include/machine/_default_types.h"
 702              		.file 3 "/opt/arm-gnu-toolchain-14.2/arm-none-eabi/include/sys/_stdint.h"
 703              		.file 4 "Middlewares/Third_Party/FreeRTOS/Source/include/projdefs.h"
 704              		.file 5 "Middlewares/Third_Party/FreeRTOS/Source/portable/GCC/ARM_CM0/portmacro.h"
 705              		.file 6 "Core/Inc/FreeRTOSConfig.h"
 706              		.file 7 "Middlewares/Third_Party/FreeRTOS/Source/include/task.h"
ARM GAS  /tmp/cc3ZjH30.s 			page 21


DEFINED SYMBOLS
                            *ABS*:00000000 port.c
     /tmp/cc3ZjH30.s:19     .text.prvTaskExitError:00000000 $t
     /tmp/cc3ZjH30.s:24     .text.prvTaskExitError:00000000 prvTaskExitError
     /tmp/cc3ZjH30.s:76     .text.prvTaskExitError:00000020 $d
     /tmp/cc3ZjH30.s:697    .data.uxCriticalNesting:00000000 uxCriticalNesting
     /tmp/cc3ZjH30.s:81     .text.vPortStartFirstTask:00000000 $t
     /tmp/cc3ZjH30.s:86     .text.vPortStartFirstTask:00000000 vPortStartFirstTask
     /tmp/cc3ZjH30.s:113    .text.vPortStartFirstTask:00000030 pxCurrentTCBConst2
     /tmp/cc3ZjH30.s:113    .text.vPortStartFirstTask:00000030 $d
     /tmp/cc3ZjH30.s:122    .text.pxPortInitialiseStack:00000000 $t
     /tmp/cc3ZjH30.s:128    .text.pxPortInitialiseStack:00000000 pxPortInitialiseStack
     /tmp/cc3ZjH30.s:189    .text.pxPortInitialiseStack:00000020 $d
     /tmp/cc3ZjH30.s:194    .text.SVC_Handler:00000000 $t
     /tmp/cc3ZjH30.s:200    .text.SVC_Handler:00000000 SVC_Handler
     /tmp/cc3ZjH30.s:214    .text.vPortEndScheduler:00000000 $t
     /tmp/cc3ZjH30.s:220    .text.vPortEndScheduler:00000000 vPortEndScheduler
     /tmp/cc3ZjH30.s:252    .text.vPortEndScheduler:00000014 $d
     /tmp/cc3ZjH30.s:257    .text.vPortYield:00000000 $t
     /tmp/cc3ZjH30.s:263    .text.vPortYield:00000000 vPortYield
     /tmp/cc3ZjH30.s:293    .text.vPortYield:00000014 $d
     /tmp/cc3ZjH30.s:298    .text.vPortEnterCritical:00000000 $t
     /tmp/cc3ZjH30.s:304    .text.vPortEnterCritical:00000000 vPortEnterCritical
     /tmp/cc3ZjH30.s:341    .text.vPortEnterCritical:00000014 $d
     /tmp/cc3ZjH30.s:346    .text.vPortExitCritical:00000000 $t
     /tmp/cc3ZjH30.s:352    .text.vPortExitCritical:00000000 vPortExitCritical
     /tmp/cc3ZjH30.s:400    .text.vPortExitCritical:0000001c $d
     /tmp/cc3ZjH30.s:405    .text.ulSetInterruptMaskFromISR:00000000 $t
     /tmp/cc3ZjH30.s:411    .text.ulSetInterruptMaskFromISR:00000000 ulSetInterruptMaskFromISR
     /tmp/cc3ZjH30.s:432    .text.vClearInterruptMaskFromISR:00000000 $t
     /tmp/cc3ZjH30.s:438    .text.vClearInterruptMaskFromISR:00000000 vClearInterruptMaskFromISR
     /tmp/cc3ZjH30.s:459    .text.PendSV_Handler:00000000 $t
     /tmp/cc3ZjH30.s:465    .text.PendSV_Handler:00000000 PendSV_Handler
     /tmp/cc3ZjH30.s:513    .text.PendSV_Handler:00000040 pxCurrentTCBConst
     /tmp/cc3ZjH30.s:513    .text.PendSV_Handler:00000040 $d
     /tmp/cc3ZjH30.s:522    .text.xPortSysTickHandler:00000000 $t
     /tmp/cc3ZjH30.s:528    .text.xPortSysTickHandler:00000000 xPortSysTickHandler
     /tmp/cc3ZjH30.s:571    .text.xPortSysTickHandler:00000020 $d
     /tmp/cc3ZjH30.s:576    .text.vPortSetupTimerInterrupt:00000000 $t
     /tmp/cc3ZjH30.s:582    .text.vPortSetupTimerInterrupt:00000000 vPortSetupTimerInterrupt
     /tmp/cc3ZjH30.s:624    .text.vPortSetupTimerInterrupt:00000024 $d
     /tmp/cc3ZjH30.s:632    .text.xPortStartScheduler:00000000 $t
     /tmp/cc3ZjH30.s:638    .text.xPortStartScheduler:00000000 xPortStartScheduler
     /tmp/cc3ZjH30.s:688    .text.xPortStartScheduler:00000034 $d
     /tmp/cc3ZjH30.s:694    .data.uxCriticalNesting:00000000 $d

UNDEFINED SYMBOLS
pxCurrentTCB
vTaskSwitchContext
xTaskIncrementTick
__aeabi_uidiv
SystemCoreClock
