ARM GAS  /tmp/ccnxdCdo.s 			page 1


   1              		.cpu cortex-m0plus
   2              		.arch armv6s-m
   3              		.fpu softvfp
   4              		.eabi_attribute 20, 1
   5              		.eabi_attribute 21, 1
   6              		.eabi_attribute 23, 3
   7              		.eabi_attribute 24, 1
   8              		.eabi_attribute 25, 1
   9              		.eabi_attribute 26, 1
  10              		.eabi_attribute 30, 1
  11              		.eabi_attribute 34, 0
  12              		.eabi_attribute 18, 4
  13              		.file	"spi.c"
  14              		.text
  15              	.Ltext0:
  16              		.cfi_sections	.debug_frame
  17              		.file 1 "Core/Src/spi.c"
  18              		.section	.text.MX_SPI1_Init,"ax",%progbits
  19              		.align	1
  20              		.global	MX_SPI1_Init
  21              		.syntax unified
  22              		.code	16
  23              		.thumb_func
  25              	MX_SPI1_Init:
  26              	.LFB457:
   1:Core/Src/spi.c **** /* USER CODE BEGIN Header */
   2:Core/Src/spi.c **** /**
   3:Core/Src/spi.c ****   ******************************************************************************
   4:Core/Src/spi.c ****   * @file    spi.c
   5:Core/Src/spi.c ****   * @brief   This file provides code for the configuration
   6:Core/Src/spi.c ****   *          of the SPI instances.
   7:Core/Src/spi.c ****   ******************************************************************************
   8:Core/Src/spi.c ****   * @attention
   9:Core/Src/spi.c ****   *
  10:Core/Src/spi.c ****   * Copyright (c) 2026 STMicroelectronics.
  11:Core/Src/spi.c ****   * All rights reserved.
  12:Core/Src/spi.c ****   *
  13:Core/Src/spi.c ****   * This software is licensed under terms that can be found in the LICENSE file
  14:Core/Src/spi.c ****   * in the root directory of this software component.
  15:Core/Src/spi.c ****   * If no LICENSE file comes with this software, it is provided AS-IS.
  16:Core/Src/spi.c ****   *
  17:Core/Src/spi.c ****   ******************************************************************************
  18:Core/Src/spi.c ****   */
  19:Core/Src/spi.c **** /* USER CODE END Header */
  20:Core/Src/spi.c **** /* Includes ------------------------------------------------------------------*/
  21:Core/Src/spi.c **** #include "spi.h"
  22:Core/Src/spi.c **** 
  23:Core/Src/spi.c **** /* USER CODE BEGIN 0 */
  24:Core/Src/spi.c **** 
  25:Core/Src/spi.c **** /* USER CODE END 0 */
  26:Core/Src/spi.c **** 
  27:Core/Src/spi.c **** SPI_HandleTypeDef hspi1;
  28:Core/Src/spi.c **** SPI_HandleTypeDef hspi2;
  29:Core/Src/spi.c **** 
  30:Core/Src/spi.c **** /* SPI1 init function */
  31:Core/Src/spi.c **** void MX_SPI1_Init(void)
  32:Core/Src/spi.c **** {
ARM GAS  /tmp/ccnxdCdo.s 			page 2


  27              		.loc 1 32 1 view -0
  28              		.cfi_startproc
  29              		@ args = 0, pretend = 0, frame = 0
  30              		@ frame_needed = 0, uses_anonymous_args = 0
  31 0000 10B5     		push	{r4, lr}
  32              		.cfi_def_cfa_offset 8
  33              		.cfi_offset 4, -8
  34              		.cfi_offset 14, -4
  33:Core/Src/spi.c **** 
  34:Core/Src/spi.c ****   /* USER CODE BEGIN SPI1_Init 0 */
  35:Core/Src/spi.c **** 
  36:Core/Src/spi.c ****   /* USER CODE END SPI1_Init 0 */
  37:Core/Src/spi.c **** 
  38:Core/Src/spi.c ****   /* USER CODE BEGIN SPI1_Init 1 */
  39:Core/Src/spi.c **** 
  40:Core/Src/spi.c ****   /* USER CODE END SPI1_Init 1 */
  41:Core/Src/spi.c ****   hspi1.Instance = SPI1;
  35              		.loc 1 41 3 view .LVU1
  36              		.loc 1 41 18 is_stmt 0 view .LVU2
  37 0002 1348     		ldr	r0, .L4
  38 0004 134B     		ldr	r3, .L4+4
  39 0006 0360     		str	r3, [r0]
  42:Core/Src/spi.c ****   hspi1.Init.Mode = SPI_MODE_MASTER;
  40              		.loc 1 42 3 is_stmt 1 view .LVU3
  41              		.loc 1 42 19 is_stmt 0 view .LVU4
  42 0008 8223     		movs	r3, #130
  43 000a 5B00     		lsls	r3, r3, #1
  44 000c 4360     		str	r3, [r0, #4]
  43:Core/Src/spi.c ****   hspi1.Init.Direction = SPI_DIRECTION_1LINE;
  45              		.loc 1 43 3 is_stmt 1 view .LVU5
  46              		.loc 1 43 24 is_stmt 0 view .LVU6
  47 000e 8023     		movs	r3, #128
  48 0010 1B02     		lsls	r3, r3, #8
  49 0012 8360     		str	r3, [r0, #8]
  44:Core/Src/spi.c ****   hspi1.Init.DataSize = SPI_DATASIZE_8BIT;
  50              		.loc 1 44 3 is_stmt 1 view .LVU7
  51              		.loc 1 44 23 is_stmt 0 view .LVU8
  52 0014 E023     		movs	r3, #224
  53 0016 DB00     		lsls	r3, r3, #3
  54 0018 C360     		str	r3, [r0, #12]
  45:Core/Src/spi.c ****   hspi1.Init.CLKPolarity = SPI_POLARITY_HIGH;
  55              		.loc 1 45 3 is_stmt 1 view .LVU9
  56              		.loc 1 45 26 is_stmt 0 view .LVU10
  57 001a 0223     		movs	r3, #2
  58 001c 0361     		str	r3, [r0, #16]
  46:Core/Src/spi.c ****   hspi1.Init.CLKPhase = SPI_PHASE_2EDGE;
  59              		.loc 1 46 3 is_stmt 1 view .LVU11
  60              		.loc 1 46 23 is_stmt 0 view .LVU12
  61 001e 013B     		subs	r3, r3, #1
  62 0020 4361     		str	r3, [r0, #20]
  47:Core/Src/spi.c ****   hspi1.Init.NSS = SPI_NSS_SOFT;
  63              		.loc 1 47 3 is_stmt 1 view .LVU13
  64              		.loc 1 47 18 is_stmt 0 view .LVU14
  65 0022 8023     		movs	r3, #128
  66 0024 9B00     		lsls	r3, r3, #2
  67 0026 8361     		str	r3, [r0, #24]
  48:Core/Src/spi.c ****   hspi1.Init.BaudRatePrescaler = SPI_BAUDRATEPRESCALER_8;
ARM GAS  /tmp/ccnxdCdo.s 			page 3


  68              		.loc 1 48 3 is_stmt 1 view .LVU15
  69              		.loc 1 48 32 is_stmt 0 view .LVU16
  70 0028 F13B     		subs	r3, r3, #241
  71 002a FF3B     		subs	r3, r3, #255
  72 002c C361     		str	r3, [r0, #28]
  49:Core/Src/spi.c ****   hspi1.Init.FirstBit = SPI_FIRSTBIT_MSB;
  73              		.loc 1 49 3 is_stmt 1 view .LVU17
  74              		.loc 1 49 23 is_stmt 0 view .LVU18
  75 002e 0023     		movs	r3, #0
  76 0030 0362     		str	r3, [r0, #32]
  50:Core/Src/spi.c ****   hspi1.Init.TIMode = SPI_TIMODE_DISABLE;
  77              		.loc 1 50 3 is_stmt 1 view .LVU19
  78              		.loc 1 50 21 is_stmt 0 view .LVU20
  79 0032 4362     		str	r3, [r0, #36]
  51:Core/Src/spi.c ****   hspi1.Init.CRCCalculation = SPI_CRCCALCULATION_DISABLE;
  80              		.loc 1 51 3 is_stmt 1 view .LVU21
  81              		.loc 1 51 29 is_stmt 0 view .LVU22
  82 0034 8362     		str	r3, [r0, #40]
  52:Core/Src/spi.c ****   hspi1.Init.CRCPolynomial = 7;
  83              		.loc 1 52 3 is_stmt 1 view .LVU23
  84              		.loc 1 52 28 is_stmt 0 view .LVU24
  85 0036 0722     		movs	r2, #7
  86 0038 C262     		str	r2, [r0, #44]
  53:Core/Src/spi.c ****   hspi1.Init.CRCLength = SPI_CRC_LENGTH_DATASIZE;
  87              		.loc 1 53 3 is_stmt 1 view .LVU25
  88              		.loc 1 53 24 is_stmt 0 view .LVU26
  89 003a 0363     		str	r3, [r0, #48]
  54:Core/Src/spi.c ****   hspi1.Init.NSSPMode = SPI_NSS_PULSE_DISABLE;
  90              		.loc 1 54 3 is_stmt 1 view .LVU27
  91              		.loc 1 54 23 is_stmt 0 view .LVU28
  92 003c 4363     		str	r3, [r0, #52]
  55:Core/Src/spi.c ****   if (HAL_SPI_Init(&hspi1) != HAL_OK)
  93              		.loc 1 55 3 is_stmt 1 view .LVU29
  94              		.loc 1 55 7 is_stmt 0 view .LVU30
  95 003e FFF7FEFF 		bl	HAL_SPI_Init
  96              	.LVL0:
  97              		.loc 1 55 6 discriminator 1 view .LVU31
  98 0042 0028     		cmp	r0, #0
  99 0044 00D1     		bne	.L3
 100              	.L1:
  56:Core/Src/spi.c ****   {
  57:Core/Src/spi.c ****     Error_Handler();
  58:Core/Src/spi.c ****   }
  59:Core/Src/spi.c ****   /* USER CODE BEGIN SPI1_Init 2 */
  60:Core/Src/spi.c **** 
  61:Core/Src/spi.c ****   /* USER CODE END SPI1_Init 2 */
  62:Core/Src/spi.c **** 
  63:Core/Src/spi.c **** }
 101              		.loc 1 63 1 view .LVU32
 102              		@ sp needed
 103 0046 10BD     		pop	{r4, pc}
 104              	.L3:
  57:Core/Src/spi.c ****   }
 105              		.loc 1 57 5 is_stmt 1 view .LVU33
 106 0048 FFF7FEFF 		bl	Error_Handler
 107              	.LVL1:
 108              		.loc 1 63 1 is_stmt 0 view .LVU34
ARM GAS  /tmp/ccnxdCdo.s 			page 4


 109 004c FBE7     		b	.L1
 110              	.L5:
 111 004e C046     		.align	2
 112              	.L4:
 113 0050 00000000 		.word	hspi1
 114 0054 00300140 		.word	1073819648
 115              		.cfi_endproc
 116              	.LFE457:
 118              		.section	.text.MX_SPI2_Init,"ax",%progbits
 119              		.align	1
 120              		.global	MX_SPI2_Init
 121              		.syntax unified
 122              		.code	16
 123              		.thumb_func
 125              	MX_SPI2_Init:
 126              	.LFB458:
  64:Core/Src/spi.c **** /* SPI2 init function */
  65:Core/Src/spi.c **** void MX_SPI2_Init(void)
  66:Core/Src/spi.c **** {
 127              		.loc 1 66 1 is_stmt 1 view -0
 128              		.cfi_startproc
 129              		@ args = 0, pretend = 0, frame = 0
 130              		@ frame_needed = 0, uses_anonymous_args = 0
 131 0000 10B5     		push	{r4, lr}
 132              		.cfi_def_cfa_offset 8
 133              		.cfi_offset 4, -8
 134              		.cfi_offset 14, -4
  67:Core/Src/spi.c **** 
  68:Core/Src/spi.c ****   /* USER CODE BEGIN SPI2_Init 0 */
  69:Core/Src/spi.c **** 
  70:Core/Src/spi.c ****   /* USER CODE END SPI2_Init 0 */
  71:Core/Src/spi.c **** 
  72:Core/Src/spi.c ****   /* USER CODE BEGIN SPI2_Init 1 */
  73:Core/Src/spi.c **** 
  74:Core/Src/spi.c ****   /* USER CODE END SPI2_Init 1 */
  75:Core/Src/spi.c ****   hspi2.Instance = SPI2;
 135              		.loc 1 75 3 view .LVU36
 136              		.loc 1 75 18 is_stmt 0 view .LVU37
 137 0002 1348     		ldr	r0, .L9
 138 0004 134B     		ldr	r3, .L9+4
 139 0006 0360     		str	r3, [r0]
  76:Core/Src/spi.c ****   hspi2.Init.Mode = SPI_MODE_MASTER;
 140              		.loc 1 76 3 is_stmt 1 view .LVU38
 141              		.loc 1 76 19 is_stmt 0 view .LVU39
 142 0008 8223     		movs	r3, #130
 143 000a 5B00     		lsls	r3, r3, #1
 144 000c 4360     		str	r3, [r0, #4]
  77:Core/Src/spi.c ****   hspi2.Init.Direction = SPI_DIRECTION_1LINE;
 145              		.loc 1 77 3 is_stmt 1 view .LVU40
 146              		.loc 1 77 24 is_stmt 0 view .LVU41
 147 000e 8023     		movs	r3, #128
 148 0010 1B02     		lsls	r3, r3, #8
 149 0012 8360     		str	r3, [r0, #8]
  78:Core/Src/spi.c ****   hspi2.Init.DataSize = SPI_DATASIZE_8BIT;
 150              		.loc 1 78 3 is_stmt 1 view .LVU42
 151              		.loc 1 78 23 is_stmt 0 view .LVU43
 152 0014 E023     		movs	r3, #224
ARM GAS  /tmp/ccnxdCdo.s 			page 5


 153 0016 DB00     		lsls	r3, r3, #3
 154 0018 C360     		str	r3, [r0, #12]
  79:Core/Src/spi.c ****   hspi2.Init.CLKPolarity = SPI_POLARITY_HIGH;
 155              		.loc 1 79 3 is_stmt 1 view .LVU44
 156              		.loc 1 79 26 is_stmt 0 view .LVU45
 157 001a 0223     		movs	r3, #2
 158 001c 0361     		str	r3, [r0, #16]
  80:Core/Src/spi.c ****   hspi2.Init.CLKPhase = SPI_PHASE_2EDGE;
 159              		.loc 1 80 3 is_stmt 1 view .LVU46
 160              		.loc 1 80 23 is_stmt 0 view .LVU47
 161 001e 013B     		subs	r3, r3, #1
 162 0020 4361     		str	r3, [r0, #20]
  81:Core/Src/spi.c ****   hspi2.Init.NSS = SPI_NSS_SOFT;
 163              		.loc 1 81 3 is_stmt 1 view .LVU48
 164              		.loc 1 81 18 is_stmt 0 view .LVU49
 165 0022 8023     		movs	r3, #128
 166 0024 9B00     		lsls	r3, r3, #2
 167 0026 8361     		str	r3, [r0, #24]
  82:Core/Src/spi.c ****   hspi2.Init.BaudRatePrescaler = SPI_BAUDRATEPRESCALER_8;
 168              		.loc 1 82 3 is_stmt 1 view .LVU50
 169              		.loc 1 82 32 is_stmt 0 view .LVU51
 170 0028 F13B     		subs	r3, r3, #241
 171 002a FF3B     		subs	r3, r3, #255
 172 002c C361     		str	r3, [r0, #28]
  83:Core/Src/spi.c ****   hspi2.Init.FirstBit = SPI_FIRSTBIT_MSB;
 173              		.loc 1 83 3 is_stmt 1 view .LVU52
 174              		.loc 1 83 23 is_stmt 0 view .LVU53
 175 002e 0023     		movs	r3, #0
 176 0030 0362     		str	r3, [r0, #32]
  84:Core/Src/spi.c ****   hspi2.Init.TIMode = SPI_TIMODE_DISABLE;
 177              		.loc 1 84 3 is_stmt 1 view .LVU54
 178              		.loc 1 84 21 is_stmt 0 view .LVU55
 179 0032 4362     		str	r3, [r0, #36]
  85:Core/Src/spi.c ****   hspi2.Init.CRCCalculation = SPI_CRCCALCULATION_DISABLE;
 180              		.loc 1 85 3 is_stmt 1 view .LVU56
 181              		.loc 1 85 29 is_stmt 0 view .LVU57
 182 0034 8362     		str	r3, [r0, #40]
  86:Core/Src/spi.c ****   hspi2.Init.CRCPolynomial = 7;
 183              		.loc 1 86 3 is_stmt 1 view .LVU58
 184              		.loc 1 86 28 is_stmt 0 view .LVU59
 185 0036 0722     		movs	r2, #7
 186 0038 C262     		str	r2, [r0, #44]
  87:Core/Src/spi.c ****   hspi2.Init.CRCLength = SPI_CRC_LENGTH_DATASIZE;
 187              		.loc 1 87 3 is_stmt 1 view .LVU60
 188              		.loc 1 87 24 is_stmt 0 view .LVU61
 189 003a 0363     		str	r3, [r0, #48]
  88:Core/Src/spi.c ****   hspi2.Init.NSSPMode = SPI_NSS_PULSE_DISABLE;
 190              		.loc 1 88 3 is_stmt 1 view .LVU62
 191              		.loc 1 88 23 is_stmt 0 view .LVU63
 192 003c 4363     		str	r3, [r0, #52]
  89:Core/Src/spi.c ****   if (HAL_SPI_Init(&hspi2) != HAL_OK)
 193              		.loc 1 89 3 is_stmt 1 view .LVU64
 194              		.loc 1 89 7 is_stmt 0 view .LVU65
 195 003e FFF7FEFF 		bl	HAL_SPI_Init
 196              	.LVL2:
 197              		.loc 1 89 6 discriminator 1 view .LVU66
 198 0042 0028     		cmp	r0, #0
ARM GAS  /tmp/ccnxdCdo.s 			page 6


 199 0044 00D1     		bne	.L8
 200              	.L6:
  90:Core/Src/spi.c ****   {
  91:Core/Src/spi.c ****     Error_Handler();
  92:Core/Src/spi.c ****   }
  93:Core/Src/spi.c ****   /* USER CODE BEGIN SPI2_Init 2 */
  94:Core/Src/spi.c **** 
  95:Core/Src/spi.c ****   /* USER CODE END SPI2_Init 2 */
  96:Core/Src/spi.c **** 
  97:Core/Src/spi.c **** }
 201              		.loc 1 97 1 view .LVU67
 202              		@ sp needed
 203 0046 10BD     		pop	{r4, pc}
 204              	.L8:
  91:Core/Src/spi.c ****   }
 205              		.loc 1 91 5 is_stmt 1 view .LVU68
 206 0048 FFF7FEFF 		bl	Error_Handler
 207              	.LVL3:
 208              		.loc 1 97 1 is_stmt 0 view .LVU69
 209 004c FBE7     		b	.L6
 210              	.L10:
 211 004e C046     		.align	2
 212              	.L9:
 213 0050 00000000 		.word	hspi2
 214 0054 00380040 		.word	1073756160
 215              		.cfi_endproc
 216              	.LFE458:
 218              		.section	.text.HAL_SPI_MspInit,"ax",%progbits
 219              		.align	1
 220              		.global	HAL_SPI_MspInit
 221              		.syntax unified
 222              		.code	16
 223              		.thumb_func
 225              	HAL_SPI_MspInit:
 226              	.LVL4:
 227              	.LFB459:
  98:Core/Src/spi.c **** 
  99:Core/Src/spi.c **** void HAL_SPI_MspInit(SPI_HandleTypeDef* spiHandle)
 100:Core/Src/spi.c **** {
 228              		.loc 1 100 1 is_stmt 1 view -0
 229              		.cfi_startproc
 230              		@ args = 0, pretend = 0, frame = 40
 231              		@ frame_needed = 0, uses_anonymous_args = 0
 232              		.loc 1 100 1 is_stmt 0 view .LVU71
 233 0000 10B5     		push	{r4, lr}
 234              		.cfi_def_cfa_offset 8
 235              		.cfi_offset 4, -8
 236              		.cfi_offset 14, -4
 237 0002 8AB0     		sub	sp, sp, #40
 238              		.cfi_def_cfa_offset 48
 239 0004 0400     		movs	r4, r0
 101:Core/Src/spi.c **** 
 102:Core/Src/spi.c ****   GPIO_InitTypeDef GPIO_InitStruct = {0};
 240              		.loc 1 102 3 is_stmt 1 view .LVU72
 241              		.loc 1 102 20 is_stmt 0 view .LVU73
 242 0006 1422     		movs	r2, #20
 243 0008 0021     		movs	r1, #0
ARM GAS  /tmp/ccnxdCdo.s 			page 7


 244 000a 05A8     		add	r0, sp, #20
 245              	.LVL5:
 246              		.loc 1 102 20 view .LVU74
 247 000c FFF7FEFF 		bl	memset
 248              	.LVL6:
 103:Core/Src/spi.c ****   if(spiHandle->Instance==SPI1)
 249              		.loc 1 103 3 is_stmt 1 view .LVU75
 250              		.loc 1 103 15 is_stmt 0 view .LVU76
 251 0010 2368     		ldr	r3, [r4]
 252              		.loc 1 103 5 view .LVU77
 253 0012 214A     		ldr	r2, .L16
 254 0014 9342     		cmp	r3, r2
 255 0016 04D0     		beq	.L14
 104:Core/Src/spi.c ****   {
 105:Core/Src/spi.c ****   /* USER CODE BEGIN SPI1_MspInit 0 */
 106:Core/Src/spi.c **** 
 107:Core/Src/spi.c ****   /* USER CODE END SPI1_MspInit 0 */
 108:Core/Src/spi.c ****     /* SPI1 clock enable */
 109:Core/Src/spi.c ****     __HAL_RCC_SPI1_CLK_ENABLE();
 110:Core/Src/spi.c **** 
 111:Core/Src/spi.c ****     __HAL_RCC_GPIOA_CLK_ENABLE();
 112:Core/Src/spi.c ****     /**SPI1 GPIO Configuration
 113:Core/Src/spi.c ****     PA1     ------> SPI1_SCK
 114:Core/Src/spi.c ****     PA7     ------> SPI1_MOSI
 115:Core/Src/spi.c ****     */
 116:Core/Src/spi.c ****     GPIO_InitStruct.Pin = GPIO_PIN_1|GPIO_PIN_7;
 117:Core/Src/spi.c ****     GPIO_InitStruct.Mode = GPIO_MODE_AF_PP;
 118:Core/Src/spi.c ****     GPIO_InitStruct.Pull = GPIO_NOPULL;
 119:Core/Src/spi.c ****     GPIO_InitStruct.Speed = GPIO_SPEED_FREQ_LOW;
 120:Core/Src/spi.c ****     GPIO_InitStruct.Alternate = GPIO_AF0_SPI1;
 121:Core/Src/spi.c ****     HAL_GPIO_Init(GPIOA, &GPIO_InitStruct);
 122:Core/Src/spi.c **** 
 123:Core/Src/spi.c ****   /* USER CODE BEGIN SPI1_MspInit 1 */
 124:Core/Src/spi.c **** 
 125:Core/Src/spi.c ****   /* USER CODE END SPI1_MspInit 1 */
 126:Core/Src/spi.c ****   }
 127:Core/Src/spi.c ****   else if(spiHandle->Instance==SPI2)
 256              		.loc 1 127 8 is_stmt 1 view .LVU78
 257              		.loc 1 127 10 is_stmt 0 view .LVU79
 258 0018 204A     		ldr	r2, .L16+4
 259 001a 9342     		cmp	r3, r2
 260 001c 1DD0     		beq	.L15
 261              	.L11:
 128:Core/Src/spi.c ****   {
 129:Core/Src/spi.c ****   /* USER CODE BEGIN SPI2_MspInit 0 */
 130:Core/Src/spi.c **** 
 131:Core/Src/spi.c ****   /* USER CODE END SPI2_MspInit 0 */
 132:Core/Src/spi.c ****     /* SPI2 clock enable */
 133:Core/Src/spi.c ****     __HAL_RCC_SPI2_CLK_ENABLE();
 134:Core/Src/spi.c **** 
 135:Core/Src/spi.c ****     __HAL_RCC_GPIOB_CLK_ENABLE();
 136:Core/Src/spi.c ****     /**SPI2 GPIO Configuration
 137:Core/Src/spi.c ****     PB7     ------> SPI2_MOSI
 138:Core/Src/spi.c ****     PB8     ------> SPI2_SCK
 139:Core/Src/spi.c ****     */
 140:Core/Src/spi.c ****     GPIO_InitStruct.Pin = GPIO_PIN_7|GPIO_PIN_8;
 141:Core/Src/spi.c ****     GPIO_InitStruct.Mode = GPIO_MODE_AF_PP;
ARM GAS  /tmp/ccnxdCdo.s 			page 8


 142:Core/Src/spi.c ****     GPIO_InitStruct.Pull = GPIO_NOPULL;
 143:Core/Src/spi.c ****     GPIO_InitStruct.Speed = GPIO_SPEED_FREQ_LOW;
 144:Core/Src/spi.c ****     GPIO_InitStruct.Alternate = GPIO_AF1_SPI2;
 145:Core/Src/spi.c ****     HAL_GPIO_Init(GPIOB, &GPIO_InitStruct);
 146:Core/Src/spi.c **** 
 147:Core/Src/spi.c ****   /* USER CODE BEGIN SPI2_MspInit 1 */
 148:Core/Src/spi.c **** 
 149:Core/Src/spi.c ****   /* USER CODE END SPI2_MspInit 1 */
 150:Core/Src/spi.c ****   }
 151:Core/Src/spi.c **** }
 262              		.loc 1 151 1 view .LVU80
 263 001e 0AB0     		add	sp, sp, #40
 264              		@ sp needed
 265              	.LVL7:
 266              		.loc 1 151 1 view .LVU81
 267 0020 10BD     		pop	{r4, pc}
 268              	.LVL8:
 269              	.L14:
 109:Core/Src/spi.c **** 
 270              		.loc 1 109 5 is_stmt 1 view .LVU82
 271              	.LBB2:
 109:Core/Src/spi.c **** 
 272              		.loc 1 109 5 view .LVU83
 109:Core/Src/spi.c **** 
 273              		.loc 1 109 5 view .LVU84
 274 0022 1F4B     		ldr	r3, .L16+8
 275 0024 1A6C     		ldr	r2, [r3, #64]
 276 0026 8021     		movs	r1, #128
 277 0028 4901     		lsls	r1, r1, #5
 278 002a 0A43     		orrs	r2, r1
 279 002c 1A64     		str	r2, [r3, #64]
 109:Core/Src/spi.c **** 
 280              		.loc 1 109 5 view .LVU85
 281 002e 1A6C     		ldr	r2, [r3, #64]
 282 0030 0A40     		ands	r2, r1
 283 0032 0192     		str	r2, [sp, #4]
 109:Core/Src/spi.c **** 
 284              		.loc 1 109 5 view .LVU86
 285 0034 019A     		ldr	r2, [sp, #4]
 286              	.LBE2:
 109:Core/Src/spi.c **** 
 287              		.loc 1 109 5 view .LVU87
 111:Core/Src/spi.c ****     /**SPI1 GPIO Configuration
 288              		.loc 1 111 5 view .LVU88
 289              	.LBB3:
 111:Core/Src/spi.c ****     /**SPI1 GPIO Configuration
 290              		.loc 1 111 5 view .LVU89
 111:Core/Src/spi.c ****     /**SPI1 GPIO Configuration
 291              		.loc 1 111 5 view .LVU90
 292 0036 596B     		ldr	r1, [r3, #52]
 293 0038 0122     		movs	r2, #1
 294 003a 1143     		orrs	r1, r2
 295 003c 5963     		str	r1, [r3, #52]
 111:Core/Src/spi.c ****     /**SPI1 GPIO Configuration
 296              		.loc 1 111 5 view .LVU91
 297 003e 5B6B     		ldr	r3, [r3, #52]
 298 0040 1A40     		ands	r2, r3
ARM GAS  /tmp/ccnxdCdo.s 			page 9


 299 0042 0292     		str	r2, [sp, #8]
 111:Core/Src/spi.c ****     /**SPI1 GPIO Configuration
 300              		.loc 1 111 5 view .LVU92
 301 0044 029B     		ldr	r3, [sp, #8]
 302              	.LBE3:
 111:Core/Src/spi.c ****     /**SPI1 GPIO Configuration
 303              		.loc 1 111 5 view .LVU93
 116:Core/Src/spi.c ****     GPIO_InitStruct.Mode = GPIO_MODE_AF_PP;
 304              		.loc 1 116 5 view .LVU94
 116:Core/Src/spi.c ****     GPIO_InitStruct.Mode = GPIO_MODE_AF_PP;
 305              		.loc 1 116 25 is_stmt 0 view .LVU95
 306 0046 05A9     		add	r1, sp, #20
 307 0048 8223     		movs	r3, #130
 308 004a 0593     		str	r3, [sp, #20]
 117:Core/Src/spi.c ****     GPIO_InitStruct.Pull = GPIO_NOPULL;
 309              		.loc 1 117 5 is_stmt 1 view .LVU96
 117:Core/Src/spi.c ****     GPIO_InitStruct.Pull = GPIO_NOPULL;
 310              		.loc 1 117 26 is_stmt 0 view .LVU97
 311 004c 803B     		subs	r3, r3, #128
 312 004e 4B60     		str	r3, [r1, #4]
 118:Core/Src/spi.c ****     GPIO_InitStruct.Speed = GPIO_SPEED_FREQ_LOW;
 313              		.loc 1 118 5 is_stmt 1 view .LVU98
 119:Core/Src/spi.c ****     GPIO_InitStruct.Alternate = GPIO_AF0_SPI1;
 314              		.loc 1 119 5 view .LVU99
 120:Core/Src/spi.c ****     HAL_GPIO_Init(GPIOA, &GPIO_InitStruct);
 315              		.loc 1 120 5 view .LVU100
 121:Core/Src/spi.c **** 
 316              		.loc 1 121 5 view .LVU101
 317 0050 A020     		movs	r0, #160
 318 0052 C005     		lsls	r0, r0, #23
 319 0054 FFF7FEFF 		bl	HAL_GPIO_Init
 320              	.LVL9:
 321 0058 E1E7     		b	.L11
 322              	.L15:
 133:Core/Src/spi.c **** 
 323              		.loc 1 133 5 view .LVU102
 324              	.LBB4:
 133:Core/Src/spi.c **** 
 325              		.loc 1 133 5 view .LVU103
 133:Core/Src/spi.c **** 
 326              		.loc 1 133 5 view .LVU104
 327 005a 114B     		ldr	r3, .L16+8
 328 005c DA6B     		ldr	r2, [r3, #60]
 329 005e 8021     		movs	r1, #128
 330 0060 C901     		lsls	r1, r1, #7
 331 0062 0A43     		orrs	r2, r1
 332 0064 DA63     		str	r2, [r3, #60]
 133:Core/Src/spi.c **** 
 333              		.loc 1 133 5 view .LVU105
 334 0066 DA6B     		ldr	r2, [r3, #60]
 335 0068 0A40     		ands	r2, r1
 336 006a 0392     		str	r2, [sp, #12]
 133:Core/Src/spi.c **** 
 337              		.loc 1 133 5 view .LVU106
 338 006c 039A     		ldr	r2, [sp, #12]
 339              	.LBE4:
 133:Core/Src/spi.c **** 
ARM GAS  /tmp/ccnxdCdo.s 			page 10


 340              		.loc 1 133 5 view .LVU107
 135:Core/Src/spi.c ****     /**SPI2 GPIO Configuration
 341              		.loc 1 135 5 view .LVU108
 342              	.LBB5:
 135:Core/Src/spi.c ****     /**SPI2 GPIO Configuration
 343              		.loc 1 135 5 view .LVU109
 135:Core/Src/spi.c ****     /**SPI2 GPIO Configuration
 344              		.loc 1 135 5 view .LVU110
 345 006e 596B     		ldr	r1, [r3, #52]
 346 0070 0222     		movs	r2, #2
 347 0072 1143     		orrs	r1, r2
 348 0074 5963     		str	r1, [r3, #52]
 135:Core/Src/spi.c ****     /**SPI2 GPIO Configuration
 349              		.loc 1 135 5 view .LVU111
 350 0076 5B6B     		ldr	r3, [r3, #52]
 351 0078 1340     		ands	r3, r2
 352 007a 0493     		str	r3, [sp, #16]
 135:Core/Src/spi.c ****     /**SPI2 GPIO Configuration
 353              		.loc 1 135 5 view .LVU112
 354 007c 049B     		ldr	r3, [sp, #16]
 355              	.LBE5:
 135:Core/Src/spi.c ****     /**SPI2 GPIO Configuration
 356              		.loc 1 135 5 view .LVU113
 140:Core/Src/spi.c ****     GPIO_InitStruct.Mode = GPIO_MODE_AF_PP;
 357              		.loc 1 140 5 view .LVU114
 140:Core/Src/spi.c ****     GPIO_InitStruct.Mode = GPIO_MODE_AF_PP;
 358              		.loc 1 140 25 is_stmt 0 view .LVU115
 359 007e 05A9     		add	r1, sp, #20
 360 0080 C023     		movs	r3, #192
 361 0082 5B00     		lsls	r3, r3, #1
 362 0084 0593     		str	r3, [sp, #20]
 141:Core/Src/spi.c ****     GPIO_InitStruct.Pull = GPIO_NOPULL;
 363              		.loc 1 141 5 is_stmt 1 view .LVU116
 141:Core/Src/spi.c ****     GPIO_InitStruct.Pull = GPIO_NOPULL;
 364              		.loc 1 141 26 is_stmt 0 view .LVU117
 365 0086 4A60     		str	r2, [r1, #4]
 142:Core/Src/spi.c ****     GPIO_InitStruct.Speed = GPIO_SPEED_FREQ_LOW;
 366              		.loc 1 142 5 is_stmt 1 view .LVU118
 143:Core/Src/spi.c ****     GPIO_InitStruct.Alternate = GPIO_AF1_SPI2;
 367              		.loc 1 143 5 view .LVU119
 144:Core/Src/spi.c ****     HAL_GPIO_Init(GPIOB, &GPIO_InitStruct);
 368              		.loc 1 144 5 view .LVU120
 144:Core/Src/spi.c ****     HAL_GPIO_Init(GPIOB, &GPIO_InitStruct);
 369              		.loc 1 144 31 is_stmt 0 view .LVU121
 370 0088 803B     		subs	r3, r3, #128
 371 008a FF3B     		subs	r3, r3, #255
 372 008c 0B61     		str	r3, [r1, #16]
 145:Core/Src/spi.c **** 
 373              		.loc 1 145 5 is_stmt 1 view .LVU122
 374 008e 0548     		ldr	r0, .L16+12
 375 0090 FFF7FEFF 		bl	HAL_GPIO_Init
 376              	.LVL10:
 377              		.loc 1 151 1 is_stmt 0 view .LVU123
 378 0094 C3E7     		b	.L11
 379              	.L17:
 380 0096 C046     		.align	2
 381              	.L16:
ARM GAS  /tmp/ccnxdCdo.s 			page 11


 382 0098 00300140 		.word	1073819648
 383 009c 00380040 		.word	1073756160
 384 00a0 00100240 		.word	1073876992
 385 00a4 00040050 		.word	1342178304
 386              		.cfi_endproc
 387              	.LFE459:
 389              		.section	.text.HAL_SPI_MspDeInit,"ax",%progbits
 390              		.align	1
 391              		.global	HAL_SPI_MspDeInit
 392              		.syntax unified
 393              		.code	16
 394              		.thumb_func
 396              	HAL_SPI_MspDeInit:
 397              	.LVL11:
 398              	.LFB460:
 152:Core/Src/spi.c **** 
 153:Core/Src/spi.c **** void HAL_SPI_MspDeInit(SPI_HandleTypeDef* spiHandle)
 154:Core/Src/spi.c **** {
 399              		.loc 1 154 1 is_stmt 1 view -0
 400              		.cfi_startproc
 401              		@ args = 0, pretend = 0, frame = 0
 402              		@ frame_needed = 0, uses_anonymous_args = 0
 403              		.loc 1 154 1 is_stmt 0 view .LVU125
 404 0000 10B5     		push	{r4, lr}
 405              		.cfi_def_cfa_offset 8
 406              		.cfi_offset 4, -8
 407              		.cfi_offset 14, -4
 155:Core/Src/spi.c **** 
 156:Core/Src/spi.c ****   if(spiHandle->Instance==SPI1)
 408              		.loc 1 156 3 is_stmt 1 view .LVU126
 409              		.loc 1 156 15 is_stmt 0 view .LVU127
 410 0002 0368     		ldr	r3, [r0]
 411              		.loc 1 156 5 view .LVU128
 412 0004 0E4A     		ldr	r2, .L23
 413 0006 9342     		cmp	r3, r2
 414 0008 03D0     		beq	.L21
 157:Core/Src/spi.c ****   {
 158:Core/Src/spi.c ****   /* USER CODE BEGIN SPI1_MspDeInit 0 */
 159:Core/Src/spi.c **** 
 160:Core/Src/spi.c ****   /* USER CODE END SPI1_MspDeInit 0 */
 161:Core/Src/spi.c ****     /* Peripheral clock disable */
 162:Core/Src/spi.c ****     __HAL_RCC_SPI1_CLK_DISABLE();
 163:Core/Src/spi.c **** 
 164:Core/Src/spi.c ****     /**SPI1 GPIO Configuration
 165:Core/Src/spi.c ****     PA1     ------> SPI1_SCK
 166:Core/Src/spi.c ****     PA7     ------> SPI1_MOSI
 167:Core/Src/spi.c ****     */
 168:Core/Src/spi.c ****     HAL_GPIO_DeInit(GPIOA, GPIO_PIN_1|GPIO_PIN_7);
 169:Core/Src/spi.c **** 
 170:Core/Src/spi.c ****   /* USER CODE BEGIN SPI1_MspDeInit 1 */
 171:Core/Src/spi.c **** 
 172:Core/Src/spi.c ****   /* USER CODE END SPI1_MspDeInit 1 */
 173:Core/Src/spi.c ****   }
 174:Core/Src/spi.c ****   else if(spiHandle->Instance==SPI2)
 415              		.loc 1 174 8 is_stmt 1 view .LVU129
 416              		.loc 1 174 10 is_stmt 0 view .LVU130
 417 000a 0E4A     		ldr	r2, .L23+4
ARM GAS  /tmp/ccnxdCdo.s 			page 12


 418 000c 9342     		cmp	r3, r2
 419 000e 0BD0     		beq	.L22
 420              	.LVL12:
 421              	.L18:
 175:Core/Src/spi.c ****   {
 176:Core/Src/spi.c ****   /* USER CODE BEGIN SPI2_MspDeInit 0 */
 177:Core/Src/spi.c **** 
 178:Core/Src/spi.c ****   /* USER CODE END SPI2_MspDeInit 0 */
 179:Core/Src/spi.c ****     /* Peripheral clock disable */
 180:Core/Src/spi.c ****     __HAL_RCC_SPI2_CLK_DISABLE();
 181:Core/Src/spi.c **** 
 182:Core/Src/spi.c ****     /**SPI2 GPIO Configuration
 183:Core/Src/spi.c ****     PB7     ------> SPI2_MOSI
 184:Core/Src/spi.c ****     PB8     ------> SPI2_SCK
 185:Core/Src/spi.c ****     */
 186:Core/Src/spi.c ****     HAL_GPIO_DeInit(GPIOB, GPIO_PIN_7|GPIO_PIN_8);
 187:Core/Src/spi.c **** 
 188:Core/Src/spi.c ****   /* USER CODE BEGIN SPI2_MspDeInit 1 */
 189:Core/Src/spi.c **** 
 190:Core/Src/spi.c ****   /* USER CODE END SPI2_MspDeInit 1 */
 191:Core/Src/spi.c ****   }
 192:Core/Src/spi.c **** }
 422              		.loc 1 192 1 view .LVU131
 423              		@ sp needed
 424 0010 10BD     		pop	{r4, pc}
 425              	.LVL13:
 426              	.L21:
 162:Core/Src/spi.c **** 
 427              		.loc 1 162 5 is_stmt 1 view .LVU132
 428 0012 0D4A     		ldr	r2, .L23+8
 429 0014 136C     		ldr	r3, [r2, #64]
 430 0016 0D49     		ldr	r1, .L23+12
 431 0018 0B40     		ands	r3, r1
 432 001a 1364     		str	r3, [r2, #64]
 168:Core/Src/spi.c **** 
 433              		.loc 1 168 5 view .LVU133
 434 001c A020     		movs	r0, #160
 435              	.LVL14:
 168:Core/Src/spi.c **** 
 436              		.loc 1 168 5 is_stmt 0 view .LVU134
 437 001e 8221     		movs	r1, #130
 438 0020 C005     		lsls	r0, r0, #23
 439 0022 FFF7FEFF 		bl	HAL_GPIO_DeInit
 440              	.LVL15:
 441 0026 F3E7     		b	.L18
 442              	.LVL16:
 443              	.L22:
 180:Core/Src/spi.c **** 
 444              		.loc 1 180 5 is_stmt 1 view .LVU135
 445 0028 074A     		ldr	r2, .L23+8
 446 002a D36B     		ldr	r3, [r2, #60]
 447 002c 0849     		ldr	r1, .L23+16
 448 002e 0B40     		ands	r3, r1
 449 0030 D363     		str	r3, [r2, #60]
 186:Core/Src/spi.c **** 
 450              		.loc 1 186 5 view .LVU136
 451 0032 C021     		movs	r1, #192
ARM GAS  /tmp/ccnxdCdo.s 			page 13


 452 0034 4900     		lsls	r1, r1, #1
 453 0036 0748     		ldr	r0, .L23+20
 454              	.LVL17:
 186:Core/Src/spi.c **** 
 455              		.loc 1 186 5 is_stmt 0 view .LVU137
 456 0038 FFF7FEFF 		bl	HAL_GPIO_DeInit
 457              	.LVL18:
 458              		.loc 1 192 1 view .LVU138
 459 003c E8E7     		b	.L18
 460              	.L24:
 461 003e C046     		.align	2
 462              	.L23:
 463 0040 00300140 		.word	1073819648
 464 0044 00380040 		.word	1073756160
 465 0048 00100240 		.word	1073876992
 466 004c FFEFFFFF 		.word	-4097
 467 0050 FFBFFFFF 		.word	-16385
 468 0054 00040050 		.word	1342178304
 469              		.cfi_endproc
 470              	.LFE460:
 472              		.global	hspi2
 473              		.section	.bss.hspi2,"aw",%nobits
 474              		.align	2
 477              	hspi2:
 478 0000 00000000 		.space	100
 478      00000000 
 478      00000000 
 478      00000000 
 478      00000000 
 479              		.global	hspi1
 480              		.section	.bss.hspi1,"aw",%nobits
 481              		.align	2
 484              	hspi1:
 485 0000 00000000 		.space	100
 485      00000000 
 485      00000000 
 485      00000000 
 485      00000000 
 486              		.text
 487              	.Letext0:
 488              		.file 2 "/opt/arm-gnu-toolchain-14.2/arm-none-eabi/include/machine/_default_types.h"
 489              		.file 3 "/opt/arm-gnu-toolchain-14.2/arm-none-eabi/include/sys/_stdint.h"
 490              		.file 4 "Drivers/CMSIS/Device/ST/STM32G0xx/Include/stm32g071xx.h"
 491              		.file 5 "Drivers/STM32G0xx_HAL_Driver/Inc/stm32g0xx_hal_def.h"
 492              		.file 6 "Drivers/STM32G0xx_HAL_Driver/Inc/stm32g0xx_hal_gpio.h"
 493              		.file 7 "Drivers/STM32G0xx_HAL_Driver/Inc/stm32g0xx_hal_dma.h"
 494              		.file 8 "Drivers/STM32G0xx_HAL_Driver/Inc/stm32g0xx_hal_spi.h"
 495              		.file 9 "Core/Inc/spi.h"
 496              		.file 10 "Drivers/STM32G0xx_HAL_Driver/Inc/stm32g0xx_ll_dma.h"
 497              		.file 11 "Core/Inc/main.h"
 498              		.file 12 "<built-in>"
ARM GAS  /tmp/ccnxdCdo.s 			page 14


DEFINED SYMBOLS
                            *ABS*:00000000 spi.c
     /tmp/ccnxdCdo.s:19     .text.MX_SPI1_Init:00000000 $t
     /tmp/ccnxdCdo.s:25     .text.MX_SPI1_Init:00000000 MX_SPI1_Init
     /tmp/ccnxdCdo.s:113    .text.MX_SPI1_Init:00000050 $d
     /tmp/ccnxdCdo.s:484    .bss.hspi1:00000000 hspi1
     /tmp/ccnxdCdo.s:119    .text.MX_SPI2_Init:00000000 $t
     /tmp/ccnxdCdo.s:125    .text.MX_SPI2_Init:00000000 MX_SPI2_Init
     /tmp/ccnxdCdo.s:213    .text.MX_SPI2_Init:00000050 $d
     /tmp/ccnxdCdo.s:477    .bss.hspi2:00000000 hspi2
     /tmp/ccnxdCdo.s:219    .text.HAL_SPI_MspInit:00000000 $t
     /tmp/ccnxdCdo.s:225    .text.HAL_SPI_MspInit:00000000 HAL_SPI_MspInit
     /tmp/ccnxdCdo.s:382    .text.HAL_SPI_MspInit:00000098 $d
     /tmp/ccnxdCdo.s:390    .text.HAL_SPI_MspDeInit:00000000 $t
     /tmp/ccnxdCdo.s:396    .text.HAL_SPI_MspDeInit:00000000 HAL_SPI_MspDeInit
     /tmp/ccnxdCdo.s:463    .text.HAL_SPI_MspDeInit:00000040 $d
     /tmp/ccnxdCdo.s:474    .bss.hspi2:00000000 $d
     /tmp/ccnxdCdo.s:481    .bss.hspi1:00000000 $d

UNDEFINED SYMBOLS
HAL_SPI_Init
Error_Handler
memset
HAL_GPIO_Init
HAL_GPIO_DeInit
