ARM GAS  /tmp/ccZGI5KF.s 			page 1


   1              		.cpu cortex-m0plus
   2              		.arch armv6s-m
   3              		.fpu softvfp
   4              		.eabi_attribute 20, 1
   5              		.eabi_attribute 21, 1
   6              		.eabi_attribute 23, 3
   7              		.eabi_attribute 24, 1
   8              		.eabi_attribute 25, 1
   9              		.eabi_attribute 26, 1
  10              		.eabi_attribute 30, 1
  11              		.eabi_attribute 34, 0
  12              		.eabi_attribute 18, 4
  13              		.file	"stm32g0xx_ll_rcc.c"
  14              		.section	.gnu.debuglto_.debug_info,"e",%progbits
  15              	.Ldebug_info0:
  16              		.hidden	stm32g0xx_ll_rcc.c.4e091f20
  17              		.weak	stm32g0xx_ll_rcc.c.4e091f20
  18              	stm32g0xx_ll_rcc.c.4e091f20:
  19 0000 1A000000 		.4byte	0x1a
  20 0004 0500     		.2byte	0x5
  21 0006 01       		.byte	0x1
  22 0007 04       		.byte	0x4
  23 0008 00000000 		.4byte	.Ldebug_abbrev0
  24 000c 01       		.uleb128 0x1
  25 000d 34000000 		.4byte	.LASF0
  26 0011 1D       		.byte	0x1d
  27 0012 00000000 		.4byte	.LASF1
  28 0016 C8000000 		.4byte	.LASF2
  29 001a 00000000 		.4byte	.Ldebug_line0
  30              		.section	.gnu.debuglto_.debug_abbrev,"e",%progbits
  31              	.Ldebug_abbrev0:
  32 0000 01       		.uleb128 0x1
  33 0001 11       		.uleb128 0x11
  34 0002 00       		.byte	0
  35 0003 25       		.uleb128 0x25
  36 0004 0E       		.uleb128 0xe
  37 0005 13       		.uleb128 0x13
  38 0006 0B       		.uleb128 0xb
  39 0007 03       		.uleb128 0x3
  40 0008 0E       		.uleb128 0xe
  41 0009 1B       		.uleb128 0x1b
  42 000a 0E       		.uleb128 0xe
  43 000b 10       		.uleb128 0x10
  44 000c 17       		.uleb128 0x17
  45 000d 00       		.byte	0
  46 000e 00       		.byte	0
  47 000f 00       		.byte	0
  48              		.section	.gnu.debuglto_.debug_line,"e",%progbits
  49              	.Ldebug_line0:
  50 0000 2D000000 		.4byte	.LELT0-.LSLT0
  51              	.LSLT0:
  52 0004 0500     		.2byte	0x5
  53 0006 04       		.byte	0x4
  54 0007 00       		.byte	0
  55 0008 25000000 		.4byte	.LELTP0-.LASLTP0
  56              	.LASLTP0:
  57 000c 01       		.byte	0x1
ARM GAS  /tmp/ccZGI5KF.s 			page 2


  58 000d 01       		.byte	0x1
  59 000e 01       		.byte	0x1
  60 000f F6       		.byte	0xf6
  61 0010 F2       		.byte	0xf2
  62 0011 0D       		.byte	0xd
  63 0012 00       		.byte	0
  64 0013 01       		.byte	0x1
  65 0014 01       		.byte	0x1
  66 0015 01       		.byte	0x1
  67 0016 01       		.byte	0x1
  68 0017 00       		.byte	0
  69 0018 00       		.byte	0
  70 0019 00       		.byte	0
  71 001a 01       		.byte	0x1
  72 001b 00       		.byte	0
  73 001c 00       		.byte	0
  74 001d 01       		.byte	0x1
  75 001e 01       		.byte	0x1
  76 001f 01       		.uleb128 0x1
  77 0020 1F       		.uleb128 0x1f
  78 0021 01       		.uleb128 0x1
  79 0022 34000000 		.4byte	.LASF3
  80 0026 02       		.byte	0x2
  81 0027 01       		.uleb128 0x1
  82 0028 1F       		.uleb128 0x1f
  83 0029 02       		.uleb128 0x2
  84 002a 0B       		.uleb128 0xb
  85 002b 01       		.uleb128 0x1
  86 002c 00000000 		.4byte	.LASF4
  87 0030 00       		.byte	0
  88              	.LELTP0:
  89              	.LELT0:
  90              		.section	.gnu.debuglto_.debug_str,"eMS",%progbits,1
  91              	.LASF1:
  92 0000 44726976 		.ascii	"Drivers/STM32G0xx_HAL_Driver/Src/stm32g0xx_ll_rcc.c"
  92      6572732F 
  92      53544D33 
  92      32473078 
  92      785F4841 
  93 0033 00       		.ascii	"\000"
  94              	.LASF0:
  95 0034 474E5520 		.ascii	"GNU C17 14.2.1 20241119 -mcpu=cortex-m0plus -mthumb"
  95      43313720 
  95      31342E32 
  95      2E312032 
  95      30323431 
  96 0067 202D6D66 		.ascii	" -mfloat-abi=soft -march=armv6s-m -g -gdwarf -ggdb "
  96      6C6F6174 
  96      2D616269 
  96      3D736F66 
  96      74202D6D 
  97 009a 2D4F6720 		.ascii	"-Og -fdata-sections -ffunction-sections -flto\000"
  97      2D666461 
  97      74612D73 
  97      65637469 
  97      6F6E7320 
  98              	.LASF2:
ARM GAS  /tmp/ccZGI5KF.s 			page 3


  99 00c8 2F686F6D 		.ascii	"/home/zgj/servo_project/zgj_project/ClosedLoop_Step"
  99      652F7A67 
  99      6A2F7365 
  99      72766F5F 
  99      70726F6A 
 100 00fb 7065724D 		.ascii	"perMotor\000"
 100      6F746F72 
 100      00
 101              		.section	.gnu.debuglto_.debug_line_str,"eMS",%progbits,1
 102              	.LASF4:
 103 0000 44726976 		.ascii	"Drivers/STM32G0xx_HAL_Driver/Src/stm32g0xx_ll_rcc.c"
 103      6572732F 
 103      53544D33 
 103      32473078 
 103      785F4841 
 104 0033 00       		.ascii	"\000"
 105              	.LASF3:
 106 0034 2F686F6D 		.ascii	"/home/zgj/servo_project/zgj_project/ClosedLoop_Step"
 106      652F7A67 
 106      6A2F7365 
 106      72766F5F 
 106      70726F6A 
 107 0067 7065724D 		.ascii	"perMotor\000"
 107      6F746F72 
 107      00
 108              		.text
 109              		.section	.gnu.lto_.profile.c6ac2f65be92c07c,"e",%progbits
 110 0000 28B52FFD 		.ascii	"(\265/\375 \0061\000\000\002\000\000\000\000\000"
 110      20063100 
 110      00020000 
 110      000000
 111              		.text
 112              		.section	.gnu.lto_.inline.c6ac2f65be92c07c,"e",%progbits
 113 0000 28B52FFD 		.ascii	"(\265/\375 \016E\000\000\020\002\000\001\000\034\300"
 113      200E4500 
 113      00100200 
 113      01001CC0 
 114 0010 02       		.ascii	"\002"
 115              		.text
 116              		.section	.gnu.lto_.jmpfuncs.c6ac2f65be92c07c,"e",%progbits
 117 0000 28B52FFD 		.ascii	"(\265/\375 \016E\000\000\020\002\000\001\000\034\300"
 117      200E4500 
 117      00100200 
 117      01001CC0 
 118 0010 02       		.ascii	"\002"
 119              		.text
 120              		.section	.gnu.lto_.pureconst.c6ac2f65be92c07c,"e",%progbits
 121 0000 28B52FFD 		.ascii	"(\265/\375 \005)\000\000\001\000\000\000\000"
 121      20052900 
 121      00010000 
 121      0000
 122              		.text
 123              		.section	.gnu.lto_.ipa_modref.c6ac2f65be92c07c,"e",%progbits
 124 0000 28B52FFD 		.ascii	"(\265/\375 \016E\000\000\020\002\000\001\000\034\300"
 124      200E4500 
 124      00100200 
 124      01001CC0 
ARM GAS  /tmp/ccZGI5KF.s 			page 4


 125 0010 02       		.ascii	"\002"
 126              		.text
 127              		.section	.gnu.lto_.lto.c6ac2f65be92c07c,"e",%progbits
 128 0000 0E000000 		.ascii	"\016\000\000\000\001\000\001\000"
 128      01000100 
 129              		.text
 130              		.section	.gnu.lto_.symbol_nodes.c6ac2f65be92c07c,"e",%progbits
 131 0000 28B52FFD 		.ascii	"(\265/\375 \0061\000\000\002\000\000\000\000\000"
 131      20063100 
 131      00020000 
 131      000000
 132              		.text
 133              		.section	.gnu.lto_.refs.c6ac2f65be92c07c,"e",%progbits
 134 0000 28B52FFD 		.ascii	"(\265/\375 \005)\000\000\001\000\000\000\000"
 134      20052900 
 134      00010000 
 134      0000
 135              		.text
 136              		.section	.gnu.lto_.decls.c6ac2f65be92c07c,"e",%progbits
 137 0000 28B52FFD 		.ascii	"(\265/\375 \035\351\000\000\000\000\000\000\001\000"
 137      201DE900 
 137      00000000 
 137      000100
 138 000f 00000C00 		.ascii	"\000\000\014\000\000\000\377\377\377\377\001\000\000"
 138      0000FFFF 
 138      FFFF0100 
 138      00
 139 001c 00D70000 		.ascii	"\000\327\000\000\000\000\000\000\000\000"
 139      00000000 
 139      0000
 140              		.text
 141              		.section	.gnu.lto_.symtab.c6ac2f65be92c07c,"e",%progbits
 142              		.text
 143              		.section	.gnu.lto_.ext_symtab.c6ac2f65be92c07c,"e",%progbits
 144 0000 01       		.ascii	"\001"
 145              		.text
 146              		.section	.gnu.lto_.opts,"e",%progbits
 147 0000 272D666E 		.ascii	"'-fno-openmp' '-fno-openacc' '-fno-pie' '-fcf-prote"
 147      6F2D6F70 
 147      656E6D70 
 147      2720272D 
 147      666E6F2D 
 148 0033 6374696F 		.ascii	"ction=none' '-g' '-mcpu=cortex-m0plus' '-mthumb' '-"
 148      6E3D6E6F 
 148      6E652720 
 148      272D6727 
 148      20272D6D 
 149 0066 6D666C6F 		.ascii	"mfloat-abi=soft' '-mlibarch=armv6s-m' '-march=armv6"
 149      61742D61 
 149      62693D73 
 149      6F667427 
 149      20272D6D 
 150 0099 732D6D27 		.ascii	"s-m' '-Og' '-fdata-sections' '-ffunction-sections' "
 150      20272D4F 
 150      67272027 
 150      2D666461 
 150      74612D73 
ARM GAS  /tmp/ccZGI5KF.s 			page 5


 151 00cc 272D666C 		.ascii	"'-flto' '-Xassembler' '-a' '-Xassembler' '-ad' '-Xa"
 151      746F2720 
 151      272D5861 
 151      7373656D 
 151      626C6572 
 152 00ff 7373656D 		.ascii	"ssembler' '-alms=build/debug/stm32g0xx_ll_rcc.lst'\000"
 152      626C6572 
 152      2720272D 
 152      616C6D73 
 152      3D627569 
 153              		.text
 154              		.comm	__gnu_lto_slim,1,1
 155              		.ident	"GCC: (Arm GNU Toolchain 14.2.Rel1 (Build arm-14.52)) 14.2.1 20241119"
ARM GAS  /tmp/ccZGI5KF.s 			page 6


DEFINED SYMBOLS
                            *ABS*:00000000 stm32g0xx_ll_rcc.c
     /tmp/ccZGI5KF.s:18     .gnu.debuglto_.debug_info:00000000 stm32g0xx_ll_rcc.c.4e091f20
                            *COM*:00000001 __gnu_lto_slim

NO UNDEFINED SYMBOLS
