ARM GAS  /tmp/ccz9ptxt.s 			page 1


   1              		.cpu cortex-m0plus
   2              		.arch armv6s-m
   3              		.fpu softvfp
   4              		.eabi_attribute 20, 1
   5              		.eabi_attribute 21, 1
   6              		.eabi_attribute 23, 3
   7              		.eabi_attribute 24, 1
   8              		.eabi_attribute 25, 1
   9              		.eabi_attribute 26, 1
  10              		.eabi_attribute 30, 1
  11              		.eabi_attribute 34, 0
  12              		.eabi_attribute 18, 4
  13              		.file	"stm32g0xx_it.c"
  14              		.text
  15              	.Ltext0:
  16              		.cfi_sections	.debug_frame
  17              		.file 1 "Core/Src/stm32g0xx_it.c"
  18              		.section	.text.NMI_Handler,"ax",%progbits
  19              		.align	1
  20              		.global	NMI_Handler
  21              		.syntax unified
  22              		.code	16
  23              		.thumb_func
  25              	NMI_Handler:
  26              	.LFB457:
   1:Core/Src/stm32g0xx_it.c **** /* USER CODE BEGIN Header */
   2:Core/Src/stm32g0xx_it.c **** /**
   3:Core/Src/stm32g0xx_it.c ****   ******************************************************************************
   4:Core/Src/stm32g0xx_it.c ****   * @file    stm32g0xx_it.c
   5:Core/Src/stm32g0xx_it.c ****   * @brief   Interrupt Service Routines.
   6:Core/Src/stm32g0xx_it.c ****   ******************************************************************************
   7:Core/Src/stm32g0xx_it.c ****   * @attention
   8:Core/Src/stm32g0xx_it.c ****   *
   9:Core/Src/stm32g0xx_it.c ****   * Copyright (c) 2026 STMicroelectronics.
  10:Core/Src/stm32g0xx_it.c ****   * All rights reserved.
  11:Core/Src/stm32g0xx_it.c ****   *
  12:Core/Src/stm32g0xx_it.c ****   * This software is licensed under terms that can be found in the LICENSE file
  13:Core/Src/stm32g0xx_it.c ****   * in the root directory of this software component.
  14:Core/Src/stm32g0xx_it.c ****   * If no LICENSE file comes with this software, it is provided AS-IS.
  15:Core/Src/stm32g0xx_it.c ****   *
  16:Core/Src/stm32g0xx_it.c ****   ******************************************************************************
  17:Core/Src/stm32g0xx_it.c ****   */
  18:Core/Src/stm32g0xx_it.c **** /* USER CODE END Header */
  19:Core/Src/stm32g0xx_it.c **** 
  20:Core/Src/stm32g0xx_it.c **** /* Includes ------------------------------------------------------------------*/
  21:Core/Src/stm32g0xx_it.c **** #include "main.h"
  22:Core/Src/stm32g0xx_it.c **** #include "stm32g0xx_it.h"
  23:Core/Src/stm32g0xx_it.c **** /* Private includes ----------------------------------------------------------*/
  24:Core/Src/stm32g0xx_it.c **** /* USER CODE BEGIN Includes */
  25:Core/Src/stm32g0xx_it.c **** /* USER CODE END Includes */
  26:Core/Src/stm32g0xx_it.c **** 
  27:Core/Src/stm32g0xx_it.c **** /* Private typedef -----------------------------------------------------------*/
  28:Core/Src/stm32g0xx_it.c **** /* USER CODE BEGIN TD */
  29:Core/Src/stm32g0xx_it.c **** 
  30:Core/Src/stm32g0xx_it.c **** /* USER CODE END TD */
  31:Core/Src/stm32g0xx_it.c **** 
  32:Core/Src/stm32g0xx_it.c **** /* Private define ------------------------------------------------------------*/
ARM GAS  /tmp/ccz9ptxt.s 			page 2


  33:Core/Src/stm32g0xx_it.c **** /* USER CODE BEGIN PD */
  34:Core/Src/stm32g0xx_it.c **** 
  35:Core/Src/stm32g0xx_it.c **** /* USER CODE END PD */
  36:Core/Src/stm32g0xx_it.c **** 
  37:Core/Src/stm32g0xx_it.c **** /* Private macro -------------------------------------------------------------*/
  38:Core/Src/stm32g0xx_it.c **** /* USER CODE BEGIN PM */
  39:Core/Src/stm32g0xx_it.c **** 
  40:Core/Src/stm32g0xx_it.c **** /* USER CODE END PM */
  41:Core/Src/stm32g0xx_it.c **** 
  42:Core/Src/stm32g0xx_it.c **** /* Private variables ---------------------------------------------------------*/
  43:Core/Src/stm32g0xx_it.c **** /* USER CODE BEGIN PV */
  44:Core/Src/stm32g0xx_it.c **** 
  45:Core/Src/stm32g0xx_it.c **** /* USER CODE END PV */
  46:Core/Src/stm32g0xx_it.c **** 
  47:Core/Src/stm32g0xx_it.c **** /* Private function prototypes -----------------------------------------------*/
  48:Core/Src/stm32g0xx_it.c **** /* USER CODE BEGIN PFP */
  49:Core/Src/stm32g0xx_it.c **** 
  50:Core/Src/stm32g0xx_it.c **** /* USER CODE END PFP */
  51:Core/Src/stm32g0xx_it.c **** 
  52:Core/Src/stm32g0xx_it.c **** /* Private user code ---------------------------------------------------------*/
  53:Core/Src/stm32g0xx_it.c **** /* USER CODE BEGIN 0 */
  54:Core/Src/stm32g0xx_it.c **** 
  55:Core/Src/stm32g0xx_it.c **** /* USER CODE END 0 */
  56:Core/Src/stm32g0xx_it.c **** 
  57:Core/Src/stm32g0xx_it.c **** /* External variables --------------------------------------------------------*/
  58:Core/Src/stm32g0xx_it.c **** extern DMA_HandleTypeDef hdma_adc1;
  59:Core/Src/stm32g0xx_it.c **** extern TIM_HandleTypeDef htim1;
  60:Core/Src/stm32g0xx_it.c **** extern TIM_HandleTypeDef htim2;
  61:Core/Src/stm32g0xx_it.c **** extern TIM_HandleTypeDef htim3;
  62:Core/Src/stm32g0xx_it.c **** extern TIM_HandleTypeDef htim15;
  63:Core/Src/stm32g0xx_it.c **** extern DMA_HandleTypeDef hdma_usart2_rx;
  64:Core/Src/stm32g0xx_it.c **** extern DMA_HandleTypeDef hdma_usart2_tx;
  65:Core/Src/stm32g0xx_it.c **** extern DMA_HandleTypeDef hdma_usart3_rx;
  66:Core/Src/stm32g0xx_it.c **** extern DMA_HandleTypeDef hdma_usart3_tx;
  67:Core/Src/stm32g0xx_it.c **** extern UART_HandleTypeDef huart2;
  68:Core/Src/stm32g0xx_it.c **** extern UART_HandleTypeDef huart3;
  69:Core/Src/stm32g0xx_it.c **** extern TIM_HandleTypeDef htim17;
  70:Core/Src/stm32g0xx_it.c **** 
  71:Core/Src/stm32g0xx_it.c **** /* USER CODE BEGIN EV */
  72:Core/Src/stm32g0xx_it.c **** 
  73:Core/Src/stm32g0xx_it.c **** /* USER CODE END EV */
  74:Core/Src/stm32g0xx_it.c **** 
  75:Core/Src/stm32g0xx_it.c **** /******************************************************************************/
  76:Core/Src/stm32g0xx_it.c **** /*           Cortex-M0+ Processor Interruption and Exception Handlers          */
  77:Core/Src/stm32g0xx_it.c **** /******************************************************************************/
  78:Core/Src/stm32g0xx_it.c **** /**
  79:Core/Src/stm32g0xx_it.c ****   * @brief This function handles Non maskable interrupt.
  80:Core/Src/stm32g0xx_it.c ****   */
  81:Core/Src/stm32g0xx_it.c **** void NMI_Handler(void)
  82:Core/Src/stm32g0xx_it.c **** {
  27              		.loc 1 82 1 view -0
  28              		.cfi_startproc
  29              		@ Volatile: function does not return.
  30              		@ args = 0, pretend = 0, frame = 0
  31              		@ frame_needed = 0, uses_anonymous_args = 0
  32              		@ link register save eliminated.
  33              	.L2:
ARM GAS  /tmp/ccz9ptxt.s 			page 3


  83:Core/Src/stm32g0xx_it.c ****   /* USER CODE BEGIN NonMaskableInt_IRQn 0 */
  84:Core/Src/stm32g0xx_it.c **** 
  85:Core/Src/stm32g0xx_it.c ****   /* USER CODE END NonMaskableInt_IRQn 0 */
  86:Core/Src/stm32g0xx_it.c ****   /* USER CODE BEGIN NonMaskableInt_IRQn 1 */
  87:Core/Src/stm32g0xx_it.c ****    while (1)
  34              		.loc 1 87 4 view .LVU1
  88:Core/Src/stm32g0xx_it.c ****   {
  89:Core/Src/stm32g0xx_it.c ****   }
  35              		.loc 1 89 3 view .LVU2
  87:Core/Src/stm32g0xx_it.c ****   {
  36              		.loc 1 87 10 view .LVU3
  37 0000 FEE7     		b	.L2
  38              		.cfi_endproc
  39              	.LFE457:
  41              		.section	.text.HardFault_Handler,"ax",%progbits
  42              		.align	1
  43              		.global	HardFault_Handler
  44              		.syntax unified
  45              		.code	16
  46              		.thumb_func
  48              	HardFault_Handler:
  49              	.LFB458:
  90:Core/Src/stm32g0xx_it.c ****   /* USER CODE END NonMaskableInt_IRQn 1 */
  91:Core/Src/stm32g0xx_it.c **** }
  92:Core/Src/stm32g0xx_it.c **** 
  93:Core/Src/stm32g0xx_it.c **** /**
  94:Core/Src/stm32g0xx_it.c ****   * @brief This function handles Hard fault interrupt.
  95:Core/Src/stm32g0xx_it.c ****   */
  96:Core/Src/stm32g0xx_it.c **** void HardFault_Handler(void)
  97:Core/Src/stm32g0xx_it.c **** {
  50              		.loc 1 97 1 view -0
  51              		.cfi_startproc
  52              		@ Volatile: function does not return.
  53              		@ args = 0, pretend = 0, frame = 0
  54              		@ frame_needed = 0, uses_anonymous_args = 0
  55              		@ link register save eliminated.
  56              	.L4:
  98:Core/Src/stm32g0xx_it.c ****   /* USER CODE BEGIN HardFault_IRQn 0 */
  99:Core/Src/stm32g0xx_it.c **** 
 100:Core/Src/stm32g0xx_it.c ****   /* USER CODE END HardFault_IRQn 0 */
 101:Core/Src/stm32g0xx_it.c ****   while (1)
  57              		.loc 1 101 3 view .LVU5
 102:Core/Src/stm32g0xx_it.c ****   {
 103:Core/Src/stm32g0xx_it.c ****     /* USER CODE BEGIN W1_HardFault_IRQn 0 */
 104:Core/Src/stm32g0xx_it.c ****     /* USER CODE END W1_HardFault_IRQn 0 */
 105:Core/Src/stm32g0xx_it.c ****   }
  58              		.loc 1 105 3 view .LVU6
 101:Core/Src/stm32g0xx_it.c ****   {
  59              		.loc 1 101 9 view .LVU7
  60 0000 FEE7     		b	.L4
  61              		.cfi_endproc
  62              	.LFE458:
  64              		.section	.text.DMA1_Channel1_IRQHandler,"ax",%progbits
  65              		.align	1
  66              		.global	DMA1_Channel1_IRQHandler
  67              		.syntax unified
  68              		.code	16
ARM GAS  /tmp/ccz9ptxt.s 			page 4


  69              		.thumb_func
  71              	DMA1_Channel1_IRQHandler:
  72              	.LFB459:
 106:Core/Src/stm32g0xx_it.c **** }
 107:Core/Src/stm32g0xx_it.c **** 
 108:Core/Src/stm32g0xx_it.c **** /******************************************************************************/
 109:Core/Src/stm32g0xx_it.c **** /* STM32G0xx Peripheral Interrupt Handlers                                    */
 110:Core/Src/stm32g0xx_it.c **** /* Add here the Interrupt Handlers for the used peripherals.                  */
 111:Core/Src/stm32g0xx_it.c **** /* For the available peripheral interrupt handler names,                      */
 112:Core/Src/stm32g0xx_it.c **** /* please refer to the startup file (startup_stm32g0xx.s).                    */
 113:Core/Src/stm32g0xx_it.c **** /******************************************************************************/
 114:Core/Src/stm32g0xx_it.c **** 
 115:Core/Src/stm32g0xx_it.c **** /**
 116:Core/Src/stm32g0xx_it.c ****   * @brief This function handles DMA1 channel 1 interrupt.
 117:Core/Src/stm32g0xx_it.c ****   */
 118:Core/Src/stm32g0xx_it.c **** void DMA1_Channel1_IRQHandler(void)
 119:Core/Src/stm32g0xx_it.c **** {
  73              		.loc 1 119 1 view -0
  74              		.cfi_startproc
  75              		@ args = 0, pretend = 0, frame = 0
  76              		@ frame_needed = 0, uses_anonymous_args = 0
  77 0000 10B5     		push	{r4, lr}
  78              		.cfi_def_cfa_offset 8
  79              		.cfi_offset 4, -8
  80              		.cfi_offset 14, -4
 120:Core/Src/stm32g0xx_it.c ****   /* USER CODE BEGIN DMA1_Channel1_IRQn 0 */
 121:Core/Src/stm32g0xx_it.c **** 
 122:Core/Src/stm32g0xx_it.c ****   /* USER CODE END DMA1_Channel1_IRQn 0 */
 123:Core/Src/stm32g0xx_it.c ****   HAL_DMA_IRQHandler(&hdma_usart2_rx);
  81              		.loc 1 123 3 view .LVU9
  82 0002 0248     		ldr	r0, .L6
  83 0004 FFF7FEFF 		bl	HAL_DMA_IRQHandler
  84              	.LVL0:
 124:Core/Src/stm32g0xx_it.c ****   /* USER CODE BEGIN DMA1_Channel1_IRQn 1 */
 125:Core/Src/stm32g0xx_it.c **** 
 126:Core/Src/stm32g0xx_it.c ****   /* USER CODE END DMA1_Channel1_IRQn 1 */
 127:Core/Src/stm32g0xx_it.c **** }
  85              		.loc 1 127 1 is_stmt 0 view .LVU10
  86              		@ sp needed
  87 0008 10BD     		pop	{r4, pc}
  88              	.L7:
  89 000a C046     		.align	2
  90              	.L6:
  91 000c 00000000 		.word	hdma_usart2_rx
  92              		.cfi_endproc
  93              	.LFE459:
  95              		.section	.text.DMA1_Channel2_3_IRQHandler,"ax",%progbits
  96              		.align	1
  97              		.global	DMA1_Channel2_3_IRQHandler
  98              		.syntax unified
  99              		.code	16
 100              		.thumb_func
 102              	DMA1_Channel2_3_IRQHandler:
 103              	.LFB460:
 128:Core/Src/stm32g0xx_it.c **** 
 129:Core/Src/stm32g0xx_it.c **** /**
 130:Core/Src/stm32g0xx_it.c ****   * @brief This function handles DMA1 channel 2 and channel 3 interrupts.
ARM GAS  /tmp/ccz9ptxt.s 			page 5


 131:Core/Src/stm32g0xx_it.c ****   */
 132:Core/Src/stm32g0xx_it.c **** void DMA1_Channel2_3_IRQHandler(void)
 133:Core/Src/stm32g0xx_it.c **** {
 104              		.loc 1 133 1 is_stmt 1 view -0
 105              		.cfi_startproc
 106              		@ args = 0, pretend = 0, frame = 0
 107              		@ frame_needed = 0, uses_anonymous_args = 0
 108 0000 10B5     		push	{r4, lr}
 109              		.cfi_def_cfa_offset 8
 110              		.cfi_offset 4, -8
 111              		.cfi_offset 14, -4
 134:Core/Src/stm32g0xx_it.c ****   /* USER CODE BEGIN DMA1_Channel2_3_IRQn 0 */
 135:Core/Src/stm32g0xx_it.c **** 
 136:Core/Src/stm32g0xx_it.c ****   /* USER CODE END DMA1_Channel2_3_IRQn 0 */
 137:Core/Src/stm32g0xx_it.c ****   HAL_DMA_IRQHandler(&hdma_usart2_tx);
 112              		.loc 1 137 3 view .LVU12
 113 0002 0348     		ldr	r0, .L9
 114 0004 FFF7FEFF 		bl	HAL_DMA_IRQHandler
 115              	.LVL1:
 138:Core/Src/stm32g0xx_it.c ****   HAL_DMA_IRQHandler(&hdma_usart3_rx);
 116              		.loc 1 138 3 view .LVU13
 117 0008 0248     		ldr	r0, .L9+4
 118 000a FFF7FEFF 		bl	HAL_DMA_IRQHandler
 119              	.LVL2:
 139:Core/Src/stm32g0xx_it.c ****   /* USER CODE BEGIN DMA1_Channel2_3_IRQn 1 */
 140:Core/Src/stm32g0xx_it.c **** 
 141:Core/Src/stm32g0xx_it.c ****   /* USER CODE END DMA1_Channel2_3_IRQn 1 */
 142:Core/Src/stm32g0xx_it.c **** }
 120              		.loc 1 142 1 is_stmt 0 view .LVU14
 121              		@ sp needed
 122 000e 10BD     		pop	{r4, pc}
 123              	.L10:
 124              		.align	2
 125              	.L9:
 126 0010 00000000 		.word	hdma_usart2_tx
 127 0014 00000000 		.word	hdma_usart3_rx
 128              		.cfi_endproc
 129              	.LFE460:
 131              		.section	.text.DMA1_Ch4_7_DMAMUX1_OVR_IRQHandler,"ax",%progbits
 132              		.align	1
 133              		.global	DMA1_Ch4_7_DMAMUX1_OVR_IRQHandler
 134              		.syntax unified
 135              		.code	16
 136              		.thumb_func
 138              	DMA1_Ch4_7_DMAMUX1_OVR_IRQHandler:
 139              	.LFB461:
 143:Core/Src/stm32g0xx_it.c **** 
 144:Core/Src/stm32g0xx_it.c **** /**
 145:Core/Src/stm32g0xx_it.c ****   * @brief This function handles DMA1 channel 4, channel 5, channel 6, channel 7 and DMAMUX1 interr
 146:Core/Src/stm32g0xx_it.c ****   */
 147:Core/Src/stm32g0xx_it.c **** void DMA1_Ch4_7_DMAMUX1_OVR_IRQHandler(void)
 148:Core/Src/stm32g0xx_it.c **** {
 140              		.loc 1 148 1 is_stmt 1 view -0
 141              		.cfi_startproc
 142              		@ args = 0, pretend = 0, frame = 0
 143              		@ frame_needed = 0, uses_anonymous_args = 0
 144 0000 10B5     		push	{r4, lr}
ARM GAS  /tmp/ccz9ptxt.s 			page 6


 145              		.cfi_def_cfa_offset 8
 146              		.cfi_offset 4, -8
 147              		.cfi_offset 14, -4
 149:Core/Src/stm32g0xx_it.c ****   /* USER CODE BEGIN DMA1_Ch4_7_DMAMUX1_OVR_IRQn 0 */
 150:Core/Src/stm32g0xx_it.c **** 
 151:Core/Src/stm32g0xx_it.c ****   /* USER CODE END DMA1_Ch4_7_DMAMUX1_OVR_IRQn 0 */
 152:Core/Src/stm32g0xx_it.c ****   HAL_DMA_IRQHandler(&hdma_usart3_tx);
 148              		.loc 1 152 3 view .LVU16
 149 0002 0348     		ldr	r0, .L12
 150 0004 FFF7FEFF 		bl	HAL_DMA_IRQHandler
 151              	.LVL3:
 153:Core/Src/stm32g0xx_it.c ****   HAL_DMA_IRQHandler(&hdma_adc1);
 152              		.loc 1 153 3 view .LVU17
 153 0008 0248     		ldr	r0, .L12+4
 154 000a FFF7FEFF 		bl	HAL_DMA_IRQHandler
 155              	.LVL4:
 154:Core/Src/stm32g0xx_it.c ****   /* USER CODE BEGIN DMA1_Ch4_7_DMAMUX1_OVR_IRQn 1 */
 155:Core/Src/stm32g0xx_it.c **** 
 156:Core/Src/stm32g0xx_it.c ****   /* USER CODE END DMA1_Ch4_7_DMAMUX1_OVR_IRQn 1 */
 157:Core/Src/stm32g0xx_it.c **** }
 156              		.loc 1 157 1 is_stmt 0 view .LVU18
 157              		@ sp needed
 158 000e 10BD     		pop	{r4, pc}
 159              	.L13:
 160              		.align	2
 161              	.L12:
 162 0010 00000000 		.word	hdma_usart3_tx
 163 0014 00000000 		.word	hdma_adc1
 164              		.cfi_endproc
 165              	.LFE461:
 167              		.section	.text.TIM1_BRK_UP_TRG_COM_IRQHandler,"ax",%progbits
 168              		.align	1
 169              		.global	TIM1_BRK_UP_TRG_COM_IRQHandler
 170              		.syntax unified
 171              		.code	16
 172              		.thumb_func
 174              	TIM1_BRK_UP_TRG_COM_IRQHandler:
 175              	.LFB462:
 158:Core/Src/stm32g0xx_it.c **** 
 159:Core/Src/stm32g0xx_it.c **** /**
 160:Core/Src/stm32g0xx_it.c ****   * @brief This function handles TIM1 break, update, trigger and commutation interrupts.
 161:Core/Src/stm32g0xx_it.c ****   */
 162:Core/Src/stm32g0xx_it.c **** void TIM1_BRK_UP_TRG_COM_IRQHandler(void)
 163:Core/Src/stm32g0xx_it.c **** {
 176              		.loc 1 163 1 is_stmt 1 view -0
 177              		.cfi_startproc
 178              		@ args = 0, pretend = 0, frame = 0
 179              		@ frame_needed = 0, uses_anonymous_args = 0
 180 0000 10B5     		push	{r4, lr}
 181              		.cfi_def_cfa_offset 8
 182              		.cfi_offset 4, -8
 183              		.cfi_offset 14, -4
 164:Core/Src/stm32g0xx_it.c ****   /* USER CODE BEGIN TIM1_BRK_UP_TRG_COM_IRQn 0 */
 165:Core/Src/stm32g0xx_it.c **** 
 166:Core/Src/stm32g0xx_it.c ****   /* USER CODE END TIM1_BRK_UP_TRG_COM_IRQn 0 */
 167:Core/Src/stm32g0xx_it.c ****   HAL_TIM_IRQHandler(&htim1);
 184              		.loc 1 167 3 view .LVU20
ARM GAS  /tmp/ccz9ptxt.s 			page 7


 185 0002 0248     		ldr	r0, .L15
 186 0004 FFF7FEFF 		bl	HAL_TIM_IRQHandler
 187              	.LVL5:
 168:Core/Src/stm32g0xx_it.c ****   /* USER CODE BEGIN TIM1_BRK_UP_TRG_COM_IRQn 1 */
 169:Core/Src/stm32g0xx_it.c **** 
 170:Core/Src/stm32g0xx_it.c ****   /* USER CODE END TIM1_BRK_UP_TRG_COM_IRQn 1 */
 171:Core/Src/stm32g0xx_it.c **** }
 188              		.loc 1 171 1 is_stmt 0 view .LVU21
 189              		@ sp needed
 190 0008 10BD     		pop	{r4, pc}
 191              	.L16:
 192 000a C046     		.align	2
 193              	.L15:
 194 000c 00000000 		.word	htim1
 195              		.cfi_endproc
 196              	.LFE462:
 198              		.section	.text.TIM1_CC_IRQHandler,"ax",%progbits
 199              		.align	1
 200              		.global	TIM1_CC_IRQHandler
 201              		.syntax unified
 202              		.code	16
 203              		.thumb_func
 205              	TIM1_CC_IRQHandler:
 206              	.LFB463:
 172:Core/Src/stm32g0xx_it.c **** 
 173:Core/Src/stm32g0xx_it.c **** /**
 174:Core/Src/stm32g0xx_it.c ****   * @brief This function handles TIM1 capture compare interrupt.
 175:Core/Src/stm32g0xx_it.c ****   */
 176:Core/Src/stm32g0xx_it.c **** void TIM1_CC_IRQHandler(void)
 177:Core/Src/stm32g0xx_it.c **** {
 207              		.loc 1 177 1 is_stmt 1 view -0
 208              		.cfi_startproc
 209              		@ args = 0, pretend = 0, frame = 0
 210              		@ frame_needed = 0, uses_anonymous_args = 0
 211 0000 10B5     		push	{r4, lr}
 212              		.cfi_def_cfa_offset 8
 213              		.cfi_offset 4, -8
 214              		.cfi_offset 14, -4
 178:Core/Src/stm32g0xx_it.c ****   /* USER CODE BEGIN TIM1_CC_IRQn 0 */
 179:Core/Src/stm32g0xx_it.c **** 
 180:Core/Src/stm32g0xx_it.c ****   /* USER CODE END TIM1_CC_IRQn 0 */
 181:Core/Src/stm32g0xx_it.c ****   HAL_TIM_IRQHandler(&htim1);
 215              		.loc 1 181 3 view .LVU23
 216 0002 0248     		ldr	r0, .L18
 217 0004 FFF7FEFF 		bl	HAL_TIM_IRQHandler
 218              	.LVL6:
 182:Core/Src/stm32g0xx_it.c ****   /* USER CODE BEGIN TIM1_CC_IRQn 1 */
 183:Core/Src/stm32g0xx_it.c **** 
 184:Core/Src/stm32g0xx_it.c ****   /* USER CODE END TIM1_CC_IRQn 1 */
 185:Core/Src/stm32g0xx_it.c **** }
 219              		.loc 1 185 1 is_stmt 0 view .LVU24
 220              		@ sp needed
 221 0008 10BD     		pop	{r4, pc}
 222              	.L19:
 223 000a C046     		.align	2
 224              	.L18:
 225 000c 00000000 		.word	htim1
ARM GAS  /tmp/ccz9ptxt.s 			page 8


 226              		.cfi_endproc
 227              	.LFE463:
 229              		.section	.text.TIM2_IRQHandler,"ax",%progbits
 230              		.align	1
 231              		.global	TIM2_IRQHandler
 232              		.syntax unified
 233              		.code	16
 234              		.thumb_func
 236              	TIM2_IRQHandler:
 237              	.LFB464:
 186:Core/Src/stm32g0xx_it.c **** 
 187:Core/Src/stm32g0xx_it.c **** /**
 188:Core/Src/stm32g0xx_it.c ****   * @brief This function handles TIM2 global interrupt.
 189:Core/Src/stm32g0xx_it.c ****   */
 190:Core/Src/stm32g0xx_it.c **** void TIM2_IRQHandler(void)
 191:Core/Src/stm32g0xx_it.c **** {
 238              		.loc 1 191 1 is_stmt 1 view -0
 239              		.cfi_startproc
 240              		@ args = 0, pretend = 0, frame = 0
 241              		@ frame_needed = 0, uses_anonymous_args = 0
 242 0000 10B5     		push	{r4, lr}
 243              		.cfi_def_cfa_offset 8
 244              		.cfi_offset 4, -8
 245              		.cfi_offset 14, -4
 192:Core/Src/stm32g0xx_it.c ****   /* USER CODE BEGIN TIM2_IRQn 0 */
 193:Core/Src/stm32g0xx_it.c **** 
 194:Core/Src/stm32g0xx_it.c ****   /* USER CODE END TIM2_IRQn 0 */
 195:Core/Src/stm32g0xx_it.c ****   HAL_TIM_IRQHandler(&htim2);
 246              		.loc 1 195 3 view .LVU26
 247 0002 0248     		ldr	r0, .L21
 248 0004 FFF7FEFF 		bl	HAL_TIM_IRQHandler
 249              	.LVL7:
 196:Core/Src/stm32g0xx_it.c ****   /* USER CODE BEGIN TIM2_IRQn 1 */
 197:Core/Src/stm32g0xx_it.c **** 
 198:Core/Src/stm32g0xx_it.c ****   /* USER CODE END TIM2_IRQn 1 */
 199:Core/Src/stm32g0xx_it.c **** }
 250              		.loc 1 199 1 is_stmt 0 view .LVU27
 251              		@ sp needed
 252 0008 10BD     		pop	{r4, pc}
 253              	.L22:
 254 000a C046     		.align	2
 255              	.L21:
 256 000c 00000000 		.word	htim2
 257              		.cfi_endproc
 258              	.LFE464:
 260              		.section	.text.TIM3_IRQHandler,"ax",%progbits
 261              		.align	1
 262              		.global	TIM3_IRQHandler
 263              		.syntax unified
 264              		.code	16
 265              		.thumb_func
 267              	TIM3_IRQHandler:
 268              	.LFB465:
 200:Core/Src/stm32g0xx_it.c **** 
 201:Core/Src/stm32g0xx_it.c **** /**
 202:Core/Src/stm32g0xx_it.c ****   * @brief This function handles TIM3 global interrupt.
 203:Core/Src/stm32g0xx_it.c ****   */
ARM GAS  /tmp/ccz9ptxt.s 			page 9


 204:Core/Src/stm32g0xx_it.c **** void TIM3_IRQHandler(void)
 205:Core/Src/stm32g0xx_it.c **** {
 269              		.loc 1 205 1 is_stmt 1 view -0
 270              		.cfi_startproc
 271              		@ args = 0, pretend = 0, frame = 0
 272              		@ frame_needed = 0, uses_anonymous_args = 0
 273 0000 10B5     		push	{r4, lr}
 274              		.cfi_def_cfa_offset 8
 275              		.cfi_offset 4, -8
 276              		.cfi_offset 14, -4
 206:Core/Src/stm32g0xx_it.c ****   /* USER CODE BEGIN TIM3_IRQn 0 */
 207:Core/Src/stm32g0xx_it.c **** 
 208:Core/Src/stm32g0xx_it.c ****   /* USER CODE END TIM3_IRQn 0 */
 209:Core/Src/stm32g0xx_it.c ****   HAL_TIM_IRQHandler(&htim3);
 277              		.loc 1 209 3 view .LVU29
 278 0002 0248     		ldr	r0, .L24
 279 0004 FFF7FEFF 		bl	HAL_TIM_IRQHandler
 280              	.LVL8:
 210:Core/Src/stm32g0xx_it.c ****   /* USER CODE BEGIN TIM3_IRQn 1 */
 211:Core/Src/stm32g0xx_it.c **** 
 212:Core/Src/stm32g0xx_it.c ****   /* USER CODE END TIM3_IRQn 1 */
 213:Core/Src/stm32g0xx_it.c **** }
 281              		.loc 1 213 1 is_stmt 0 view .LVU30
 282              		@ sp needed
 283 0008 10BD     		pop	{r4, pc}
 284              	.L25:
 285 000a C046     		.align	2
 286              	.L24:
 287 000c 00000000 		.word	htim3
 288              		.cfi_endproc
 289              	.LFE465:
 291              		.section	.text.TIM15_IRQHandler,"ax",%progbits
 292              		.align	1
 293              		.global	TIM15_IRQHandler
 294              		.syntax unified
 295              		.code	16
 296              		.thumb_func
 298              	TIM15_IRQHandler:
 299              	.LFB466:
 214:Core/Src/stm32g0xx_it.c **** 
 215:Core/Src/stm32g0xx_it.c **** /**
 216:Core/Src/stm32g0xx_it.c ****   * @brief This function handles TIM15 global interrupt.
 217:Core/Src/stm32g0xx_it.c ****   */
 218:Core/Src/stm32g0xx_it.c **** void TIM15_IRQHandler(void)
 219:Core/Src/stm32g0xx_it.c **** {
 300              		.loc 1 219 1 is_stmt 1 view -0
 301              		.cfi_startproc
 302              		@ args = 0, pretend = 0, frame = 0
 303              		@ frame_needed = 0, uses_anonymous_args = 0
 304 0000 10B5     		push	{r4, lr}
 305              		.cfi_def_cfa_offset 8
 306              		.cfi_offset 4, -8
 307              		.cfi_offset 14, -4
 220:Core/Src/stm32g0xx_it.c ****   /* USER CODE BEGIN TIM15_IRQn 0 */
 221:Core/Src/stm32g0xx_it.c **** 
 222:Core/Src/stm32g0xx_it.c ****   /* USER CODE END TIM15_IRQn 0 */
 223:Core/Src/stm32g0xx_it.c ****   HAL_TIM_IRQHandler(&htim15);
ARM GAS  /tmp/ccz9ptxt.s 			page 10


 308              		.loc 1 223 3 view .LVU32
 309 0002 0248     		ldr	r0, .L27
 310 0004 FFF7FEFF 		bl	HAL_TIM_IRQHandler
 311              	.LVL9:
 224:Core/Src/stm32g0xx_it.c ****   /* USER CODE BEGIN TIM15_IRQn 1 */
 225:Core/Src/stm32g0xx_it.c **** 
 226:Core/Src/stm32g0xx_it.c ****   /* USER CODE END TIM15_IRQn 1 */
 227:Core/Src/stm32g0xx_it.c **** }
 312              		.loc 1 227 1 is_stmt 0 view .LVU33
 313              		@ sp needed
 314 0008 10BD     		pop	{r4, pc}
 315              	.L28:
 316 000a C046     		.align	2
 317              	.L27:
 318 000c 00000000 		.word	htim15
 319              		.cfi_endproc
 320              	.LFE466:
 322              		.section	.text.TIM17_IRQHandler,"ax",%progbits
 323              		.align	1
 324              		.global	TIM17_IRQHandler
 325              		.syntax unified
 326              		.code	16
 327              		.thumb_func
 329              	TIM17_IRQHandler:
 330              	.LFB467:
 228:Core/Src/stm32g0xx_it.c **** 
 229:Core/Src/stm32g0xx_it.c **** /**
 230:Core/Src/stm32g0xx_it.c ****   * @brief This function handles TIM17 global interrupt.
 231:Core/Src/stm32g0xx_it.c ****   */
 232:Core/Src/stm32g0xx_it.c **** void TIM17_IRQHandler(void)
 233:Core/Src/stm32g0xx_it.c **** {
 331              		.loc 1 233 1 is_stmt 1 view -0
 332              		.cfi_startproc
 333              		@ args = 0, pretend = 0, frame = 0
 334              		@ frame_needed = 0, uses_anonymous_args = 0
 335 0000 10B5     		push	{r4, lr}
 336              		.cfi_def_cfa_offset 8
 337              		.cfi_offset 4, -8
 338              		.cfi_offset 14, -4
 234:Core/Src/stm32g0xx_it.c ****   /* USER CODE BEGIN TIM17_IRQn 0 */
 235:Core/Src/stm32g0xx_it.c **** 
 236:Core/Src/stm32g0xx_it.c ****   /* USER CODE END TIM17_IRQn 0 */
 237:Core/Src/stm32g0xx_it.c ****   HAL_TIM_IRQHandler(&htim17);
 339              		.loc 1 237 3 view .LVU35
 340 0002 0248     		ldr	r0, .L30
 341 0004 FFF7FEFF 		bl	HAL_TIM_IRQHandler
 342              	.LVL10:
 238:Core/Src/stm32g0xx_it.c ****   /* USER CODE BEGIN TIM17_IRQn 1 */
 239:Core/Src/stm32g0xx_it.c **** 
 240:Core/Src/stm32g0xx_it.c ****   /* USER CODE END TIM17_IRQn 1 */
 241:Core/Src/stm32g0xx_it.c **** }
 343              		.loc 1 241 1 is_stmt 0 view .LVU36
 344              		@ sp needed
 345 0008 10BD     		pop	{r4, pc}
 346              	.L31:
 347 000a C046     		.align	2
 348              	.L30:
ARM GAS  /tmp/ccz9ptxt.s 			page 11


 349 000c 00000000 		.word	htim17
 350              		.cfi_endproc
 351              	.LFE467:
 353              		.section	.text.USART2_IRQHandler,"ax",%progbits
 354              		.align	1
 355              		.global	USART2_IRQHandler
 356              		.syntax unified
 357              		.code	16
 358              		.thumb_func
 360              	USART2_IRQHandler:
 361              	.LFB468:
 242:Core/Src/stm32g0xx_it.c **** 
 243:Core/Src/stm32g0xx_it.c **** /**
 244:Core/Src/stm32g0xx_it.c ****   * @brief This function handles USART2 global interrupt / USART2 wake-up interrupt through EXTI li
 245:Core/Src/stm32g0xx_it.c ****   */
 246:Core/Src/stm32g0xx_it.c **** void USART2_IRQHandler(void)
 247:Core/Src/stm32g0xx_it.c **** {
 362              		.loc 1 247 1 is_stmt 1 view -0
 363              		.cfi_startproc
 364              		@ args = 0, pretend = 0, frame = 0
 365              		@ frame_needed = 0, uses_anonymous_args = 0
 366 0000 10B5     		push	{r4, lr}
 367              		.cfi_def_cfa_offset 8
 368              		.cfi_offset 4, -8
 369              		.cfi_offset 14, -4
 248:Core/Src/stm32g0xx_it.c ****   /* USER CODE BEGIN USART2_IRQn 0 */
 249:Core/Src/stm32g0xx_it.c **** 
 250:Core/Src/stm32g0xx_it.c ****   /* USER CODE END USART2_IRQn 0 */
 251:Core/Src/stm32g0xx_it.c ****   HAL_UART_IRQHandler(&huart2);
 370              		.loc 1 251 3 view .LVU38
 371 0002 0248     		ldr	r0, .L33
 372 0004 FFF7FEFF 		bl	HAL_UART_IRQHandler
 373              	.LVL11:
 252:Core/Src/stm32g0xx_it.c ****   /* USER CODE BEGIN USART2_IRQn 1 */
 253:Core/Src/stm32g0xx_it.c **** 
 254:Core/Src/stm32g0xx_it.c ****   /* USER CODE END USART2_IRQn 1 */
 255:Core/Src/stm32g0xx_it.c **** }
 374              		.loc 1 255 1 is_stmt 0 view .LVU39
 375              		@ sp needed
 376 0008 10BD     		pop	{r4, pc}
 377              	.L34:
 378 000a C046     		.align	2
 379              	.L33:
 380 000c 00000000 		.word	huart2
 381              		.cfi_endproc
 382              	.LFE468:
 384              		.section	.text.USART3_4_LPUART1_IRQHandler,"ax",%progbits
 385              		.align	1
 386              		.global	USART3_4_LPUART1_IRQHandler
 387              		.syntax unified
 388              		.code	16
 389              		.thumb_func
 391              	USART3_4_LPUART1_IRQHandler:
 392              	.LFB469:
 256:Core/Src/stm32g0xx_it.c **** 
 257:Core/Src/stm32g0xx_it.c **** /**
 258:Core/Src/stm32g0xx_it.c ****   * @brief This function handles USART3, USART4 and LPUART1 interrupts / LPUART1 wake-up interrupt 
ARM GAS  /tmp/ccz9ptxt.s 			page 12


 259:Core/Src/stm32g0xx_it.c ****   */
 260:Core/Src/stm32g0xx_it.c **** void USART3_4_LPUART1_IRQHandler(void)
 261:Core/Src/stm32g0xx_it.c **** {
 393              		.loc 1 261 1 is_stmt 1 view -0
 394              		.cfi_startproc
 395              		@ args = 0, pretend = 0, frame = 0
 396              		@ frame_needed = 0, uses_anonymous_args = 0
 397 0000 10B5     		push	{r4, lr}
 398              		.cfi_def_cfa_offset 8
 399              		.cfi_offset 4, -8
 400              		.cfi_offset 14, -4
 262:Core/Src/stm32g0xx_it.c ****   /* USER CODE BEGIN USART3_4_LPUART1_IRQn 0 */
 263:Core/Src/stm32g0xx_it.c **** 
 264:Core/Src/stm32g0xx_it.c ****   /* USER CODE END USART3_4_LPUART1_IRQn 0 */
 265:Core/Src/stm32g0xx_it.c ****   HAL_UART_IRQHandler(&huart3);
 401              		.loc 1 265 3 view .LVU41
 402 0002 0248     		ldr	r0, .L36
 403 0004 FFF7FEFF 		bl	HAL_UART_IRQHandler
 404              	.LVL12:
 266:Core/Src/stm32g0xx_it.c ****   /* USER CODE BEGIN USART3_4_LPUART1_IRQn 1 */
 267:Core/Src/stm32g0xx_it.c **** 
 268:Core/Src/stm32g0xx_it.c ****   /* USER CODE END USART3_4_LPUART1_IRQn 1 */
 269:Core/Src/stm32g0xx_it.c **** }
 405              		.loc 1 269 1 is_stmt 0 view .LVU42
 406              		@ sp needed
 407 0008 10BD     		pop	{r4, pc}
 408              	.L37:
 409 000a C046     		.align	2
 410              	.L36:
 411 000c 00000000 		.word	huart3
 412              		.cfi_endproc
 413              	.LFE469:
 415              		.text
 416              	.Letext0:
 417              		.file 2 "/opt/arm-gnu-toolchain-14.2/arm-none-eabi/include/machine/_default_types.h"
 418              		.file 3 "/opt/arm-gnu-toolchain-14.2/arm-none-eabi/include/sys/_stdint.h"
 419              		.file 4 "Drivers/CMSIS/Device/ST/STM32G0xx/Include/stm32g071xx.h"
 420              		.file 5 "Drivers/STM32G0xx_HAL_Driver/Inc/stm32g0xx_hal_def.h"
 421              		.file 6 "Drivers/STM32G0xx_HAL_Driver/Inc/stm32g0xx_hal_dma.h"
 422              		.file 7 "Drivers/STM32G0xx_HAL_Driver/Inc/stm32g0xx_hal_tim.h"
 423              		.file 8 "Drivers/STM32G0xx_HAL_Driver/Inc/stm32g0xx_hal_uart.h"
 424              		.file 9 "Drivers/STM32G0xx_HAL_Driver/Inc/stm32g0xx_ll_dma.h"
ARM GAS  /tmp/ccz9ptxt.s 			page 13


DEFINED SYMBOLS
                            *ABS*:00000000 stm32g0xx_it.c
     /tmp/ccz9ptxt.s:19     .text.NMI_Handler:00000000 $t
     /tmp/ccz9ptxt.s:25     .text.NMI_Handler:00000000 NMI_Handler
     /tmp/ccz9ptxt.s:42     .text.HardFault_Handler:00000000 $t
     /tmp/ccz9ptxt.s:48     .text.HardFault_Handler:00000000 HardFault_Handler
     /tmp/ccz9ptxt.s:65     .text.DMA1_Channel1_IRQHandler:00000000 $t
     /tmp/ccz9ptxt.s:71     .text.DMA1_Channel1_IRQHandler:00000000 DMA1_Channel1_IRQHandler
     /tmp/ccz9ptxt.s:91     .text.DMA1_Channel1_IRQHandler:0000000c $d
     /tmp/ccz9ptxt.s:96     .text.DMA1_Channel2_3_IRQHandler:00000000 $t
     /tmp/ccz9ptxt.s:102    .text.DMA1_Channel2_3_IRQHandler:00000000 DMA1_Channel2_3_IRQHandler
     /tmp/ccz9ptxt.s:126    .text.DMA1_Channel2_3_IRQHandler:00000010 $d
     /tmp/ccz9ptxt.s:132    .text.DMA1_Ch4_7_DMAMUX1_OVR_IRQHandler:00000000 $t
     /tmp/ccz9ptxt.s:138    .text.DMA1_Ch4_7_DMAMUX1_OVR_IRQHandler:00000000 DMA1_Ch4_7_DMAMUX1_OVR_IRQHandler
     /tmp/ccz9ptxt.s:162    .text.DMA1_Ch4_7_DMAMUX1_OVR_IRQHandler:00000010 $d
     /tmp/ccz9ptxt.s:168    .text.TIM1_BRK_UP_TRG_COM_IRQHandler:00000000 $t
     /tmp/ccz9ptxt.s:174    .text.TIM1_BRK_UP_TRG_COM_IRQHandler:00000000 TIM1_BRK_UP_TRG_COM_IRQHandler
     /tmp/ccz9ptxt.s:194    .text.TIM1_BRK_UP_TRG_COM_IRQHandler:0000000c $d
     /tmp/ccz9ptxt.s:199    .text.TIM1_CC_IRQHandler:00000000 $t
     /tmp/ccz9ptxt.s:205    .text.TIM1_CC_IRQHandler:00000000 TIM1_CC_IRQHandler
     /tmp/ccz9ptxt.s:225    .text.TIM1_CC_IRQHandler:0000000c $d
     /tmp/ccz9ptxt.s:230    .text.TIM2_IRQHandler:00000000 $t
     /tmp/ccz9ptxt.s:236    .text.TIM2_IRQHandler:00000000 TIM2_IRQHandler
     /tmp/ccz9ptxt.s:256    .text.TIM2_IRQHandler:0000000c $d
     /tmp/ccz9ptxt.s:261    .text.TIM3_IRQHandler:00000000 $t
     /tmp/ccz9ptxt.s:267    .text.TIM3_IRQHandler:00000000 TIM3_IRQHandler
     /tmp/ccz9ptxt.s:287    .text.TIM3_IRQHandler:0000000c $d
     /tmp/ccz9ptxt.s:292    .text.TIM15_IRQHandler:00000000 $t
     /tmp/ccz9ptxt.s:298    .text.TIM15_IRQHandler:00000000 TIM15_IRQHandler
     /tmp/ccz9ptxt.s:318    .text.TIM15_IRQHandler:0000000c $d
     /tmp/ccz9ptxt.s:323    .text.TIM17_IRQHandler:00000000 $t
     /tmp/ccz9ptxt.s:329    .text.TIM17_IRQHandler:00000000 TIM17_IRQHandler
     /tmp/ccz9ptxt.s:349    .text.TIM17_IRQHandler:0000000c $d
     /tmp/ccz9ptxt.s:354    .text.USART2_IRQHandler:00000000 $t
     /tmp/ccz9ptxt.s:360    .text.USART2_IRQHandler:00000000 USART2_IRQHandler
     /tmp/ccz9ptxt.s:380    .text.USART2_IRQHandler:0000000c $d
     /tmp/ccz9ptxt.s:385    .text.USART3_4_LPUART1_IRQHandler:00000000 $t
     /tmp/ccz9ptxt.s:391    .text.USART3_4_LPUART1_IRQHandler:00000000 USART3_4_LPUART1_IRQHandler
     /tmp/ccz9ptxt.s:411    .text.USART3_4_LPUART1_IRQHandler:0000000c $d

UNDEFINED SYMBOLS
HAL_DMA_IRQHandler
hdma_usart2_rx
hdma_usart2_tx
hdma_usart3_rx
hdma_usart3_tx
hdma_adc1
HAL_TIM_IRQHandler
htim1
htim2
htim3
htim15
htim17
HAL_UART_IRQHandler
huart2
huart3
