ARM GAS  /tmp/cc0jNunq.s 			page 1


   1              		.cpu cortex-m0plus
   2              		.arch armv6s-m
   3              		.fpu softvfp
   4              		.eabi_attribute 20, 1
   5              		.eabi_attribute 21, 1
   6              		.eabi_attribute 23, 3
   7              		.eabi_attribute 24, 1
   8              		.eabi_attribute 25, 1
   9              		.eabi_attribute 26, 1
  10              		.eabi_attribute 30, 1
  11              		.eabi_attribute 34, 0
  12              		.eabi_attribute 18, 4
  13              		.file	"stm32g0xx_hal_spi_ex.c"
  14              		.file 1 "/opt/arm-gnu-toolchain-14.2/arm-none-eabi/include/machine/_default_types.h"
  15              		.file 2 "/opt/arm-gnu-toolchain-14.2/arm-none-eabi/include/sys/_stdint.h"
  16              		.file 3 "Drivers/CMSIS/Device/ST/STM32G0xx/Include/stm32g071xx.h"
  17              		.file 4 "Drivers/STM32G0xx_HAL_Driver/Inc/stm32g0xx_hal_def.h"
  18              		.file 5 "Drivers/STM32G0xx_HAL_Driver/Inc/stm32g0xx_hal_dma.h"
  19              		.file 6 "Drivers/STM32G0xx_HAL_Driver/Inc/stm32g0xx_hal_spi.h"
  20              		.file 7 "Drivers/STM32G0xx_HAL_Driver/Src/stm32g0xx_hal_spi_ex.c"
  21              		.file 8 "Drivers/STM32G0xx_HAL_Driver/Inc/stm32g0xx_ll_dma.h"
  22              		.section	.gnu.debuglto_.debug_info,"e",%progbits
  23              	.Ldebug_info0:
  24              		.hidden	stm32g0xx_hal_spi_ex.c.c67d7a46
  25              		.weak	stm32g0xx_hal_spi_ex.c.c67d7a46
  26              	stm32g0xx_hal_spi_ex.c.c67d7a46:
  27 0000 E1060000 		.4byte	0x6e1
  28 0004 0500     		.2byte	0x5
  29 0006 01       		.byte	0x1
  30 0007 04       		.byte	0x4
  31 0008 00000000 		.4byte	.Ldebug_abbrev0
  32 000c 13       		.uleb128 0x13
  33 000d 7C010000 		.4byte	.LASF109
  34 0011 1D       		.byte	0x1d
  35 0012 E1050000 		.4byte	.LASF110
  36 0016 15050000 		.4byte	.LASF111
  37 001a 00000000 		.4byte	.Ldebug_line0
  38 001e 05       		.uleb128 0x5
  39 001f 01       		.byte	0x1
  40 0020 06       		.byte	0x6
  41 0021 BC030000 		.4byte	.LASF0
  42 0025 03       		.uleb128 0x3
  43 0026 BA020000 		.4byte	.LASF3
  44 002a 01       		.byte	0x1
  45 002b 2B       		.byte	0x2b
  46 002c 18       		.byte	0x18
  47 002d 31000000 		.4byte	0x31
  48 0031 05       		.uleb128 0x5
  49 0032 01       		.byte	0x1
  50 0033 08       		.byte	0x8
  51 0034 4F030000 		.4byte	.LASF1
  52 0038 05       		.uleb128 0x5
  53 0039 02       		.byte	0x2
  54 003a 05       		.byte	0x5
  55 003b 99000000 		.4byte	.LASF2
  56 003f 03       		.uleb128 0x3
  57 0040 10010000 		.4byte	.LASF4
ARM GAS  /tmp/cc0jNunq.s 			page 2


  58 0044 01       		.byte	0x1
  59 0045 39       		.byte	0x39
  60 0046 19       		.byte	0x19
  61 0047 4B000000 		.4byte	0x4b
  62 004b 05       		.uleb128 0x5
  63 004c 02       		.byte	0x2
  64 004d 07       		.byte	0x7
  65 004e 9A040000 		.4byte	.LASF5
  66 0052 05       		.uleb128 0x5
  67 0053 04       		.byte	0x4
  68 0054 05       		.byte	0x5
  69 0055 A2020000 		.4byte	.LASF6
  70 0059 03       		.uleb128 0x3
  71 005a EC000000 		.4byte	.LASF7
  72 005e 01       		.byte	0x1
  73 005f 4F       		.byte	0x4f
  74 0060 19       		.byte	0x19
  75 0061 65000000 		.4byte	0x65
  76 0065 05       		.uleb128 0x5
  77 0066 04       		.byte	0x4
  78 0067 07       		.byte	0x7
  79 0068 86050000 		.4byte	.LASF8
  80 006c 05       		.uleb128 0x5
  81 006d 08       		.byte	0x8
  82 006e 05       		.byte	0x5
  83 006f 80020000 		.4byte	.LASF9
  84 0073 05       		.uleb128 0x5
  85 0074 08       		.byte	0x8
  86 0075 07       		.byte	0x7
  87 0076 C8030000 		.4byte	.LASF10
  88 007a 14       		.uleb128 0x14
  89 007b 04       		.byte	0x4
  90 007c 05       		.byte	0x5
  91 007d 696E7400 		.ascii	"int\000"
  92 0081 05       		.uleb128 0x5
  93 0082 04       		.byte	0x4
  94 0083 07       		.byte	0x7
  95 0084 E8030000 		.4byte	.LASF11
  96 0088 03       		.uleb128 0x3
  97 0089 10020000 		.4byte	.LASF12
  98 008d 02       		.byte	0x2
  99 008e 18       		.byte	0x18
 100 008f 13       		.byte	0x13
 101 0090 25000000 		.4byte	0x25
 102 0094 0C       		.uleb128 0xc
 103 0095 88000000 		.4byte	0x88
 104 0099 03       		.uleb128 0x3
 105 009a F5030000 		.4byte	.LASF13
 106 009e 02       		.byte	0x2
 107 009f 24       		.byte	0x24
 108 00a0 14       		.byte	0x14
 109 00a1 3F000000 		.4byte	0x3f
 110 00a5 0A       		.uleb128 0xa
 111 00a6 99000000 		.4byte	0x99
 112 00aa 03       		.uleb128 0x3
 113 00ab DF030000 		.4byte	.LASF14
 114 00af 02       		.byte	0x2
ARM GAS  /tmp/cc0jNunq.s 			page 3


 115 00b0 30       		.byte	0x30
 116 00b1 14       		.byte	0x14
 117 00b2 59000000 		.4byte	0x59
 118 00b6 0A       		.uleb128 0xa
 119 00b7 AA000000 		.4byte	0xaa
 120 00bb 0D       		.uleb128 0xd
 121 00bc 10       		.byte	0x10
 122 00bd 03       		.byte	0x3
 123 00be F1       		.byte	0xf1
 124 00bf F8000000 		.4byte	0xf8
 125 00c3 0E       		.uleb128 0xe
 126 00c4 43435200 		.ascii	"CCR\000"
 127 00c8 03       		.byte	0x3
 128 00c9 F3       		.byte	0xf3
 129 00ca 11       		.byte	0x11
 130 00cb B6000000 		.4byte	0xb6
 131 00cf 00       		.byte	0
 132 00d0 01       		.uleb128 0x1
 133 00d1 69040000 		.4byte	.LASF15
 134 00d5 03       		.byte	0x3
 135 00d6 F4       		.byte	0xf4
 136 00d7 11       		.byte	0x11
 137 00d8 B6000000 		.4byte	0xb6
 138 00dc 04       		.byte	0x4
 139 00dd 01       		.uleb128 0x1
 140 00de 0F030000 		.4byte	.LASF16
 141 00e2 03       		.byte	0x3
 142 00e3 F5       		.byte	0xf5
 143 00e4 11       		.byte	0x11
 144 00e5 B6000000 		.4byte	0xb6
 145 00e9 08       		.byte	0x8
 146 00ea 01       		.uleb128 0x1
 147 00eb CD050000 		.4byte	.LASF17
 148 00ef 03       		.byte	0x3
 149 00f0 F6       		.byte	0xf6
 150 00f1 11       		.byte	0x11
 151 00f2 B6000000 		.4byte	0xb6
 152 00f6 0C       		.byte	0xc
 153 00f7 00       		.byte	0
 154 00f8 03       		.uleb128 0x3
 155 00f9 85000000 		.4byte	.LASF18
 156 00fd 03       		.byte	0x3
 157 00fe F7       		.byte	0xf7
 158 00ff 03       		.byte	0x3
 159 0100 BB000000 		.4byte	0xbb
 160 0104 08       		.uleb128 0x8
 161 0105 04       		.byte	0x4
 162 0106 0201     		.2byte	0x102
 163 0108 1A010000 		.4byte	0x11a
 164 010c 07       		.uleb128 0x7
 165 010d 43435200 		.ascii	"CCR\000"
 166 0111 0401     		.2byte	0x104
 167 0113 13       		.byte	0x13
 168 0114 B6000000 		.4byte	0xb6
 169 0118 00       		.byte	0
 170 0119 00       		.byte	0
 171 011a 09       		.uleb128 0x9
ARM GAS  /tmp/cc0jNunq.s 			page 4


 172 011b 2A040000 		.4byte	.LASF19
 173 011f 0501     		.2byte	0x105
 174 0121 02       		.byte	0x2
 175 0122 04010000 		.4byte	0x104
 176 0126 08       		.uleb128 0x8
 177 0127 08       		.byte	0x8
 178 0128 0701     		.2byte	0x107
 179 012a 49010000 		.4byte	0x149
 180 012e 07       		.uleb128 0x7
 181 012f 43535200 		.ascii	"CSR\000"
 182 0133 0901     		.2byte	0x109
 183 0135 13       		.byte	0x13
 184 0136 B6000000 		.4byte	0xb6
 185 013a 00       		.byte	0
 186 013b 07       		.uleb128 0x7
 187 013c 43465200 		.ascii	"CFR\000"
 188 0140 0A01     		.2byte	0x10a
 189 0142 13       		.byte	0x13
 190 0143 B6000000 		.4byte	0xb6
 191 0147 04       		.byte	0x4
 192 0148 00       		.byte	0
 193 0149 09       		.uleb128 0x9
 194 014a 57020000 		.4byte	.LASF20
 195 014e 0B01     		.2byte	0x10b
 196 0150 02       		.byte	0x2
 197 0151 26010000 		.4byte	0x126
 198 0155 08       		.uleb128 0x8
 199 0156 04       		.byte	0x4
 200 0157 0D01     		.2byte	0x10d
 201 0159 6B010000 		.4byte	0x16b
 202 015d 06       		.uleb128 0x6
 203 015e 76060000 		.4byte	.LASF21
 204 0162 0F01     		.2byte	0x10f
 205 0164 13       		.byte	0x13
 206 0165 B6000000 		.4byte	0xb6
 207 0169 00       		.byte	0
 208 016a 00       		.byte	0
 209 016b 09       		.uleb128 0x9
 210 016c 9D030000 		.4byte	.LASF22
 211 0170 1001     		.2byte	0x110
 212 0172 02       		.byte	0x2
 213 0173 55010000 		.4byte	0x155
 214 0177 08       		.uleb128 0x8
 215 0178 08       		.byte	0x8
 216 0179 1201     		.2byte	0x112
 217 017b 9A010000 		.4byte	0x19a
 218 017f 06       		.uleb128 0x6
 219 0180 1B010000 		.4byte	.LASF23
 220 0184 1401     		.2byte	0x114
 221 0186 13       		.byte	0x13
 222 0187 B6000000 		.4byte	0xb6
 223 018b 00       		.byte	0
 224 018c 06       		.uleb128 0x6
 225 018d 14030000 		.4byte	.LASF24
 226 0191 1501     		.2byte	0x115
 227 0193 13       		.byte	0x13
 228 0194 B6000000 		.4byte	0xb6
ARM GAS  /tmp/cc0jNunq.s 			page 5


 229 0198 04       		.byte	0x4
 230 0199 00       		.byte	0
 231 019a 09       		.uleb128 0x9
 232 019b 66050000 		.4byte	.LASF25
 233 019f 1601     		.2byte	0x116
 234 01a1 02       		.byte	0x2
 235 01a2 77010000 		.4byte	0x177
 236 01a6 08       		.uleb128 0x8
 237 01a7 24       		.byte	0x24
 238 01a8 FD01     		.2byte	0x1fd
 239 01aa 22020000 		.4byte	0x222
 240 01ae 07       		.uleb128 0x7
 241 01af 43523100 		.ascii	"CR1\000"
 242 01b3 FF01     		.2byte	0x1ff
 243 01b5 11       		.byte	0x11
 244 01b6 B6000000 		.4byte	0xb6
 245 01ba 00       		.byte	0
 246 01bb 07       		.uleb128 0x7
 247 01bc 43523200 		.ascii	"CR2\000"
 248 01c0 0002     		.2byte	0x200
 249 01c2 11       		.byte	0x11
 250 01c3 B6000000 		.4byte	0xb6
 251 01c7 04       		.byte	0x4
 252 01c8 07       		.uleb128 0x7
 253 01c9 535200   		.ascii	"SR\000"
 254 01cc 0102     		.2byte	0x201
 255 01ce 11       		.byte	0x11
 256 01cf B6000000 		.4byte	0xb6
 257 01d3 08       		.byte	0x8
 258 01d4 07       		.uleb128 0x7
 259 01d5 445200   		.ascii	"DR\000"
 260 01d8 0202     		.2byte	0x202
 261 01da 11       		.byte	0x11
 262 01db B6000000 		.4byte	0xb6
 263 01df 0C       		.byte	0xc
 264 01e0 06       		.uleb128 0x6
 265 01e1 E6040000 		.4byte	.LASF26
 266 01e5 0302     		.2byte	0x203
 267 01e7 11       		.byte	0x11
 268 01e8 B6000000 		.4byte	0xb6
 269 01ec 10       		.byte	0x10
 270 01ed 06       		.uleb128 0x6
 271 01ee CA060000 		.4byte	.LASF27
 272 01f2 0402     		.2byte	0x204
 273 01f4 11       		.byte	0x11
 274 01f5 B6000000 		.4byte	0xb6
 275 01f9 14       		.byte	0x14
 276 01fa 06       		.uleb128 0x6
 277 01fb 20010000 		.4byte	.LASF28
 278 01ff 0502     		.2byte	0x205
 279 0201 11       		.byte	0x11
 280 0202 B6000000 		.4byte	0xb6
 281 0206 18       		.byte	0x18
 282 0207 06       		.uleb128 0x6
 283 0208 8B060000 		.4byte	.LASF29
 284 020c 0602     		.2byte	0x206
 285 020e 11       		.byte	0x11
ARM GAS  /tmp/cc0jNunq.s 			page 6


 286 020f B6000000 		.4byte	0xb6
 287 0213 1C       		.byte	0x1c
 288 0214 06       		.uleb128 0x6
 289 0215 CB040000 		.4byte	.LASF30
 290 0219 0702     		.2byte	0x207
 291 021b 11       		.byte	0x11
 292 021c B6000000 		.4byte	0xb6
 293 0220 20       		.byte	0x20
 294 0221 00       		.byte	0
 295 0222 09       		.uleb128 0x9
 296 0223 02050000 		.4byte	.LASF31
 297 0227 0802     		.2byte	0x208
 298 0229 03       		.byte	0x3
 299 022a A6010000 		.4byte	0x1a6
 300 022e 05       		.uleb128 0x5
 301 022f 08       		.byte	0x8
 302 0230 04       		.byte	0x4
 303 0231 74020000 		.4byte	.LASF32
 304 0235 0B       		.uleb128 0xb
 305 0236 31000000 		.4byte	0x31
 306 023a 04       		.byte	0x4
 307 023b 27       		.byte	0x27
 308 023c 59020000 		.4byte	0x259
 309 0240 02       		.uleb128 0x2
 310 0241 4A010000 		.4byte	.LASF33
 311 0245 00       		.byte	0
 312 0246 02       		.uleb128 0x2
 313 0247 45030000 		.4byte	.LASF34
 314 024b 01       		.byte	0x1
 315 024c 02       		.uleb128 0x2
 316 024d 42020000 		.4byte	.LASF35
 317 0251 02       		.byte	0x2
 318 0252 02       		.uleb128 0x2
 319 0253 17000000 		.4byte	.LASF36
 320 0257 03       		.byte	0x3
 321 0258 00       		.byte	0
 322 0259 03       		.uleb128 0x3
 323 025a D0020000 		.4byte	.LASF37
 324 025e 04       		.byte	0x4
 325 025f 2C       		.byte	0x2c
 326 0260 03       		.byte	0x3
 327 0261 35020000 		.4byte	0x235
 328 0265 0B       		.uleb128 0xb
 329 0266 31000000 		.4byte	0x31
 330 026a 04       		.byte	0x4
 331 026b 32       		.byte	0x32
 332 026c 7D020000 		.4byte	0x27d
 333 0270 02       		.uleb128 0x2
 334 0271 0A000000 		.4byte	.LASF38
 335 0275 00       		.byte	0
 336 0276 02       		.uleb128 0x2
 337 0277 18040000 		.4byte	.LASF39
 338 027b 01       		.byte	0x1
 339 027c 00       		.byte	0
 340 027d 03       		.uleb128 0x3
 341 027e B0060000 		.4byte	.LASF40
 342 0282 04       		.byte	0x4
ARM GAS  /tmp/cc0jNunq.s 			page 7


 343 0283 35       		.byte	0x35
 344 0284 03       		.byte	0x3
 345 0285 65020000 		.4byte	0x265
 346 0289 15       		.uleb128 0x15
 347 028a 94000000 		.4byte	0x94
 348 028e 99020000 		.4byte	0x299
 349 0292 16       		.uleb128 0x16
 350 0293 81000000 		.4byte	0x81
 351 0297 06       		.byte	0x6
 352 0298 00       		.byte	0
 353 0299 0C       		.uleb128 0xc
 354 029a 89020000 		.4byte	0x289
 355 029e 17       		.uleb128 0x17
 356 029f AD040000 		.4byte	.LASF112
 357 02a3 08       		.byte	0x8
 358 02a4 2F       		.byte	0x2f
 359 02a5 16       		.byte	0x16
 360 02a6 99020000 		.4byte	0x299
 361 02aa 07       		.byte	0x7
 362 02ab 08       		.byte	0x8
 363 02ac 1C       		.byte	0x1c
 364 02ad 30       		.byte	0x30
 365 02ae 44       		.byte	0x44
 366 02af 58       		.byte	0x58
 367 02b0 6C       		.byte	0x6c
 368 02b1 80       		.byte	0x80
 369 02b2 0D       		.uleb128 0xd
 370 02b3 20       		.byte	0x20
 371 02b4 05       		.byte	0x5
 372 02b5 2F       		.byte	0x2f
 373 02b6 23030000 		.4byte	0x323
 374 02ba 01       		.uleb128 0x1
 375 02bb 51010000 		.4byte	.LASF41
 376 02bf 05       		.byte	0x5
 377 02c0 31       		.byte	0x31
 378 02c1 0C       		.byte	0xc
 379 02c2 AA000000 		.4byte	0xaa
 380 02c6 00       		.byte	0
 381 02c7 01       		.uleb128 0x1
 382 02c8 00000000 		.4byte	.LASF42
 383 02cc 05       		.byte	0x5
 384 02cd 34       		.byte	0x34
 385 02ce 0C       		.byte	0xc
 386 02cf AA000000 		.4byte	0xaa
 387 02d3 04       		.byte	0x4
 388 02d4 01       		.uleb128 0x1
 389 02d5 AB020000 		.4byte	.LASF43
 390 02d9 05       		.byte	0x5
 391 02da 38       		.byte	0x38
 392 02db 0C       		.byte	0xc
 393 02dc AA000000 		.4byte	0xaa
 394 02e0 08       		.byte	0x8
 395 02e1 01       		.uleb128 0x1
 396 02e2 98050000 		.4byte	.LASF44
 397 02e6 05       		.byte	0x5
 398 02e7 3B       		.byte	0x3b
 399 02e8 0C       		.byte	0xc
ARM GAS  /tmp/cc0jNunq.s 			page 8


 400 02e9 AA000000 		.4byte	0xaa
 401 02ed 0C       		.byte	0xc
 402 02ee 01       		.uleb128 0x1
 403 02ef 2D060000 		.4byte	.LASF45
 404 02f3 05       		.byte	0x5
 405 02f4 3E       		.byte	0x3e
 406 02f5 0C       		.byte	0xc
 407 02f6 AA000000 		.4byte	0xaa
 408 02fa 10       		.byte	0x10
 409 02fb 01       		.uleb128 0x1
 410 02fc 4B000000 		.4byte	.LASF46
 411 0300 05       		.byte	0x5
 412 0301 41       		.byte	0x41
 413 0302 0C       		.byte	0xc
 414 0303 AA000000 		.4byte	0xaa
 415 0307 14       		.byte	0x14
 416 0308 01       		.uleb128 0x1
 417 0309 41060000 		.4byte	.LASF47
 418 030d 05       		.byte	0x5
 419 030e 44       		.byte	0x44
 420 030f 0C       		.byte	0xc
 421 0310 AA000000 		.4byte	0xaa
 422 0314 18       		.byte	0x18
 423 0315 01       		.uleb128 0x1
 424 0316 6A000000 		.4byte	.LASF48
 425 031a 05       		.byte	0x5
 426 031b 49       		.byte	0x49
 427 031c 0C       		.byte	0xc
 428 031d AA000000 		.4byte	0xaa
 429 0321 1C       		.byte	0x1c
 430 0322 00       		.byte	0
 431 0323 03       		.uleb128 0x3
 432 0324 1A030000 		.4byte	.LASF49
 433 0328 05       		.byte	0x5
 434 0329 4B       		.byte	0x4b
 435 032a 03       		.byte	0x3
 436 032b B2020000 		.4byte	0x2b2
 437 032f 0B       		.uleb128 0xb
 438 0330 31000000 		.4byte	0x31
 439 0334 05       		.byte	0x5
 440 0335 51       		.byte	0x51
 441 0336 53030000 		.4byte	0x353
 442 033a 02       		.uleb128 0x2
 443 033b C8000000 		.4byte	.LASF50
 444 033f 00       		.byte	0
 445 0340 02       		.uleb128 0x2
 446 0341 71030000 		.4byte	.LASF51
 447 0345 01       		.byte	0x1
 448 0346 02       		.uleb128 0x2
 449 0347 46060000 		.4byte	.LASF52
 450 034b 02       		.byte	0x2
 451 034c 02       		.uleb128 0x2
 452 034d E2020000 		.4byte	.LASF53
 453 0351 03       		.byte	0x3
 454 0352 00       		.byte	0
 455 0353 03       		.uleb128 0x3
 456 0354 E1060000 		.4byte	.LASF54
ARM GAS  /tmp/cc0jNunq.s 			page 9


 457 0358 05       		.byte	0x5
 458 0359 56       		.byte	0x56
 459 035a 03       		.byte	0x3
 460 035b 2F030000 		.4byte	0x32f
 461 035f 0A       		.uleb128 0xa
 462 0360 53030000 		.4byte	0x353
 463 0364 0F       		.uleb128 0xf
 464 0365 68010000 		.4byte	.LASF93
 465 0369 5C       		.byte	0x5c
 466 036a 05       		.byte	0x5
 467 036b 71       		.byte	0x71
 468 036c 4E040000 		.4byte	0x44e
 469 0370 01       		.uleb128 0x1
 470 0371 FE030000 		.4byte	.LASF55
 471 0375 05       		.byte	0x5
 472 0376 73       		.byte	0x73
 473 0377 24       		.byte	0x24
 474 0378 4E040000 		.4byte	0x44e
 475 037c 00       		.byte	0
 476 037d 01       		.uleb128 0x1
 477 037e B7030000 		.4byte	.LASF56
 478 0382 05       		.byte	0x5
 479 0383 75       		.byte	0x75
 480 0384 23       		.byte	0x23
 481 0385 23030000 		.4byte	0x323
 482 0389 04       		.byte	0x4
 483 038a 01       		.uleb128 0x1
 484 038b B5020000 		.4byte	.LASF57
 485 038f 05       		.byte	0x5
 486 0390 77       		.byte	0x77
 487 0391 23       		.byte	0x23
 488 0392 7D020000 		.4byte	0x27d
 489 0396 24       		.byte	0x24
 490 0397 01       		.uleb128 0x1
 491 0398 9C020000 		.4byte	.LASF58
 492 039c 05       		.byte	0x5
 493 039d 79       		.byte	0x79
 494 039e 23       		.byte	0x23
 495 039f 5F030000 		.4byte	0x35f
 496 03a3 25       		.byte	0x25
 497 03a4 01       		.uleb128 0x1
 498 03a5 5C000000 		.4byte	.LASF59
 499 03a9 05       		.byte	0x5
 500 03aa 7B       		.byte	0x7b
 501 03ab 0B       		.byte	0xb
 502 03ac 53040000 		.4byte	0x453
 503 03b0 28       		.byte	0x28
 504 03b1 01       		.uleb128 0x1
 505 03b2 07040000 		.4byte	.LASF60
 506 03b6 05       		.byte	0x5
 507 03b7 7D       		.byte	0x7d
 508 03b8 0B       		.byte	0xb
 509 03b9 65040000 		.4byte	0x465
 510 03bd 2C       		.byte	0x2c
 511 03be 01       		.uleb128 0x1
 512 03bf 51050000 		.4byte	.LASF61
 513 03c3 05       		.byte	0x5
ARM GAS  /tmp/cc0jNunq.s 			page 10


 514 03c4 7F       		.byte	0x7f
 515 03c5 0B       		.byte	0xb
 516 03c6 65040000 		.4byte	0x465
 517 03ca 30       		.byte	0x30
 518 03cb 01       		.uleb128 0x1
 519 03cc 52040000 		.4byte	.LASF62
 520 03d0 05       		.byte	0x5
 521 03d1 81       		.byte	0x81
 522 03d2 0B       		.byte	0xb
 523 03d3 65040000 		.4byte	0x465
 524 03d7 34       		.byte	0x34
 525 03d8 01       		.uleb128 0x1
 526 03d9 73000000 		.4byte	.LASF63
 527 03dd 05       		.byte	0x5
 528 03de 83       		.byte	0x83
 529 03df 0B       		.byte	0xb
 530 03e0 65040000 		.4byte	0x465
 531 03e4 38       		.byte	0x38
 532 03e5 01       		.uleb128 0x1
 533 03e6 C0060000 		.4byte	.LASF64
 534 03ea 05       		.byte	0x5
 535 03eb 85       		.byte	0x85
 536 03ec 23       		.byte	0x23
 537 03ed B6000000 		.4byte	0xb6
 538 03f1 3C       		.byte	0x3c
 539 03f2 01       		.uleb128 0x1
 540 03f3 C0050000 		.4byte	.LASF65
 541 03f7 05       		.byte	0x5
 542 03f8 8B       		.byte	0x8b
 543 03f9 23       		.byte	0x23
 544 03fa AA000000 		.4byte	0xaa
 545 03fe 40       		.byte	0x40
 546 03ff 01       		.uleb128 0x1
 547 0400 3C010000 		.4byte	.LASF66
 548 0404 05       		.byte	0x5
 549 0405 8D       		.byte	0x8d
 550 0406 25       		.byte	0x25
 551 0407 6A040000 		.4byte	0x46a
 552 040b 44       		.byte	0x44
 553 040c 01       		.uleb128 0x1
 554 040d 23000000 		.4byte	.LASF67
 555 0411 05       		.byte	0x5
 556 0412 8F       		.byte	0x8f
 557 0413 25       		.byte	0x25
 558 0414 6F040000 		.4byte	0x46f
 559 0418 48       		.byte	0x48
 560 0419 01       		.uleb128 0x1
 561 041a 85030000 		.4byte	.LASF68
 562 041e 05       		.byte	0x5
 563 041f 91       		.byte	0x91
 564 0420 24       		.byte	0x24
 565 0421 AA000000 		.4byte	0xaa
 566 0425 4C       		.byte	0x4c
 567 0426 01       		.uleb128 0x1
 568 0427 41040000 		.4byte	.LASF69
 569 042b 05       		.byte	0x5
 570 042c 93       		.byte	0x93
ARM GAS  /tmp/cc0jNunq.s 			page 11


 571 042d 25       		.byte	0x25
 572 042e 74040000 		.4byte	0x474
 573 0432 50       		.byte	0x50
 574 0433 01       		.uleb128 0x1
 575 0434 F8020000 		.4byte	.LASF70
 576 0438 05       		.byte	0x5
 577 0439 95       		.byte	0x95
 578 043a 25       		.byte	0x25
 579 043b 79040000 		.4byte	0x479
 580 043f 54       		.byte	0x54
 581 0440 01       		.uleb128 0x1
 582 0441 2A030000 		.4byte	.LASF71
 583 0445 05       		.byte	0x5
 584 0446 97       		.byte	0x97
 585 0447 24       		.byte	0x24
 586 0448 AA000000 		.4byte	0xaa
 587 044c 58       		.byte	0x58
 588 044d 00       		.byte	0
 589 044e 04       		.uleb128 0x4
 590 044f F8000000 		.4byte	0xf8
 591 0453 18       		.uleb128 0x18
 592 0454 04       		.byte	0x4
 593 0455 10       		.uleb128 0x10
 594 0456 60040000 		.4byte	0x460
 595 045a 11       		.uleb128 0x11
 596 045b 60040000 		.4byte	0x460
 597 045f 00       		.byte	0
 598 0460 04       		.uleb128 0x4
 599 0461 64030000 		.4byte	0x364
 600 0465 04       		.uleb128 0x4
 601 0466 55040000 		.4byte	0x455
 602 046a 04       		.uleb128 0x4
 603 046b 1A010000 		.4byte	0x11a
 604 046f 04       		.uleb128 0x4
 605 0470 49010000 		.4byte	0x149
 606 0474 04       		.uleb128 0x4
 607 0475 6B010000 		.4byte	0x16b
 608 0479 04       		.uleb128 0x4
 609 047a 9A010000 		.4byte	0x19a
 610 047e 03       		.uleb128 0x3
 611 047f 59060000 		.4byte	.LASF72
 612 0483 05       		.byte	0x5
 613 0484 98       		.byte	0x98
 614 0485 03       		.byte	0x3
 615 0486 64030000 		.4byte	0x364
 616 048a 04       		.uleb128 0x4
 617 048b 7E040000 		.4byte	0x47e
 618 048f 04       		.uleb128 0x4
 619 0490 88000000 		.4byte	0x88
 620 0494 0D       		.uleb128 0xd
 621 0495 34       		.byte	0x34
 622 0496 06       		.byte	0x6
 623 0497 2E       		.byte	0x2e
 624 0498 46050000 		.4byte	0x546
 625 049c 01       		.uleb128 0x1
 626 049d 41060000 		.4byte	.LASF47
 627 04a1 06       		.byte	0x6
ARM GAS  /tmp/cc0jNunq.s 			page 12


 628 04a2 30       		.byte	0x30
 629 04a3 0C       		.byte	0xc
 630 04a4 AA000000 		.4byte	0xaa
 631 04a8 00       		.byte	0
 632 04a9 01       		.uleb128 0x1
 633 04aa 00000000 		.4byte	.LASF42
 634 04ae 06       		.byte	0x6
 635 04af 33       		.byte	0x33
 636 04b0 0C       		.byte	0xc
 637 04b1 AA000000 		.4byte	0xaa
 638 04b5 04       		.byte	0x4
 639 04b6 01       		.uleb128 0x1
 640 04b7 5F010000 		.4byte	.LASF73
 641 04bb 06       		.byte	0x6
 642 04bc 36       		.byte	0x36
 643 04bd 0C       		.byte	0xc
 644 04be AA000000 		.4byte	0xaa
 645 04c2 08       		.byte	0x8
 646 04c3 01       		.uleb128 0x1
 647 04c4 4B020000 		.4byte	.LASF74
 648 04c8 06       		.byte	0x6
 649 04c9 39       		.byte	0x39
 650 04ca 0C       		.byte	0xc
 651 04cb AA000000 		.4byte	0xaa
 652 04cf 0C       		.byte	0xc
 653 04d0 01       		.uleb128 0x1
 654 04d1 D2050000 		.4byte	.LASF75
 655 04d5 06       		.byte	0x6
 656 04d6 3C       		.byte	0x3c
 657 04d7 0C       		.byte	0xc
 658 04d8 AA000000 		.4byte	0xaa
 659 04dc 10       		.byte	0x10
 660 04dd 0E       		.uleb128 0xe
 661 04de 4E535300 		.ascii	"NSS\000"
 662 04e2 06       		.byte	0x6
 663 04e3 3F       		.byte	0x3f
 664 04e4 0C       		.byte	0xc
 665 04e5 AA000000 		.4byte	0xaa
 666 04e9 14       		.byte	0x14
 667 04ea 01       		.uleb128 0x1
 668 04eb 93060000 		.4byte	.LASF76
 669 04ef 06       		.byte	0x6
 670 04f0 43       		.byte	0x43
 671 04f1 0C       		.byte	0xc
 672 04f2 AA000000 		.4byte	0xaa
 673 04f6 18       		.byte	0x18
 674 04f7 01       		.uleb128 0x1
 675 04f8 E3000000 		.4byte	.LASF77
 676 04fc 06       		.byte	0x6
 677 04fd 49       		.byte	0x49
 678 04fe 0C       		.byte	0xc
 679 04ff AA000000 		.4byte	0xaa
 680 0503 1C       		.byte	0x1c
 681 0504 01       		.uleb128 0x1
 682 0505 63000000 		.4byte	.LASF78
 683 0509 06       		.byte	0x6
 684 050a 4C       		.byte	0x4c
ARM GAS  /tmp/cc0jNunq.s 			page 13


 685 050b 0C       		.byte	0xc
 686 050c AA000000 		.4byte	0xaa
 687 0510 20       		.byte	0x20
 688 0511 01       		.uleb128 0x1
 689 0512 77040000 		.4byte	.LASF79
 690 0516 06       		.byte	0x6
 691 0517 4F       		.byte	0x4f
 692 0518 0C       		.byte	0xc
 693 0519 AA000000 		.4byte	0xaa
 694 051d 24       		.byte	0x24
 695 051e 01       		.uleb128 0x1
 696 051f 8E020000 		.4byte	.LASF80
 697 0523 06       		.byte	0x6
 698 0524 52       		.byte	0x52
 699 0525 0C       		.byte	0xc
 700 0526 AA000000 		.4byte	0xaa
 701 052a 28       		.byte	0x28
 702 052b 01       		.uleb128 0x1
 703 052c 7B060000 		.4byte	.LASF81
 704 0530 06       		.byte	0x6
 705 0531 55       		.byte	0x55
 706 0532 0C       		.byte	0xc
 707 0533 AA000000 		.4byte	0xaa
 708 0537 2C       		.byte	0x2c
 709 0538 01       		.uleb128 0x1
 710 0539 DD040000 		.4byte	.LASF82
 711 053d 06       		.byte	0x6
 712 053e 59       		.byte	0x59
 713 053f 0C       		.byte	0xc
 714 0540 AA000000 		.4byte	0xaa
 715 0544 30       		.byte	0x30
 716 0545 00       		.byte	0
 717 0546 03       		.uleb128 0x3
 718 0547 D1060000 		.4byte	.LASF83
 719 054b 06       		.byte	0x6
 720 054c 5F       		.byte	0x5f
 721 054d 03       		.byte	0x3
 722 054e 94040000 		.4byte	0x494
 723 0552 0B       		.uleb128 0xb
 724 0553 31000000 		.4byte	0x31
 725 0557 06       		.byte	0x6
 726 0558 65       		.byte	0x65
 727 0559 8E050000 		.4byte	0x58e
 728 055d 02       		.uleb128 0x2
 729 055e 86040000 		.4byte	.LASF84
 730 0562 00       		.byte	0
 731 0563 02       		.uleb128 0x2
 732 0564 5D030000 		.4byte	.LASF85
 733 0568 01       		.byte	0x1
 734 0569 02       		.uleb128 0x2
 735 056a A3000000 		.4byte	.LASF86
 736 056e 02       		.byte	0x2
 737 056f 02       		.uleb128 0x2
 738 0570 2C020000 		.4byte	.LASF87
 739 0574 03       		.byte	0x3
 740 0575 02       		.uleb128 0x2
 741 0576 EC040000 		.4byte	.LASF88
ARM GAS  /tmp/cc0jNunq.s 			page 14


 742 057a 04       		.byte	0x4
 743 057b 02       		.uleb128 0x2
 744 057c F7000000 		.4byte	.LASF89
 745 0580 05       		.byte	0x5
 746 0581 02       		.uleb128 0x2
 747 0582 18020000 		.4byte	.LASF90
 748 0586 06       		.byte	0x6
 749 0587 02       		.uleb128 0x2
 750 0588 19060000 		.4byte	.LASF91
 751 058c 07       		.byte	0x7
 752 058d 00       		.byte	0
 753 058e 03       		.uleb128 0x3
 754 058f 27010000 		.4byte	.LASF92
 755 0593 06       		.byte	0x6
 756 0594 6E       		.byte	0x6e
 757 0595 03       		.byte	0x3
 758 0596 52050000 		.4byte	0x552
 759 059a 0A       		.uleb128 0xa
 760 059b 8E050000 		.4byte	0x58e
 761 059f 0F       		.uleb128 0xf
 762 05a0 37000000 		.4byte	.LASF94
 763 05a4 64       		.byte	0x64
 764 05a5 06       		.byte	0x6
 765 05a6 73       		.byte	0x73
 766 05a7 7C060000 		.4byte	0x67c
 767 05ab 01       		.uleb128 0x1
 768 05ac FE030000 		.4byte	.LASF55
 769 05b0 06       		.byte	0x6
 770 05b1 75       		.byte	0x75
 771 05b2 1F       		.byte	0x1f
 772 05b3 7C060000 		.4byte	0x67c
 773 05b7 00       		.byte	0
 774 05b8 01       		.uleb128 0x1
 775 05b9 B7030000 		.4byte	.LASF56
 776 05bd 06       		.byte	0x6
 777 05be 77       		.byte	0x77
 778 05bf 1E       		.byte	0x1e
 779 05c0 46050000 		.4byte	0x546
 780 05c4 04       		.byte	0x4
 781 05c5 01       		.uleb128 0x1
 782 05c6 6B060000 		.4byte	.LASF95
 783 05ca 06       		.byte	0x6
 784 05cb 79       		.byte	0x79
 785 05cc 1F       		.byte	0x1f
 786 05cd 81060000 		.4byte	0x681
 787 05d1 38       		.byte	0x38
 788 05d2 01       		.uleb128 0x1
 789 05d3 A5060000 		.4byte	.LASF96
 790 05d7 06       		.byte	0x6
 791 05d8 7B       		.byte	0x7b
 792 05d9 1E       		.byte	0x1e
 793 05da 99000000 		.4byte	0x99
 794 05de 3C       		.byte	0x3c
 795 05df 01       		.uleb128 0x1
 796 05e0 C4020000 		.4byte	.LASF97
 797 05e4 06       		.byte	0x6
 798 05e5 7D       		.byte	0x7d
ARM GAS  /tmp/cc0jNunq.s 			page 15


 799 05e6 1E       		.byte	0x1e
 800 05e7 A5000000 		.4byte	0xa5
 801 05eb 3E       		.byte	0x3e
 802 05ec 01       		.uleb128 0x1
 803 05ed 9F050000 		.4byte	.LASF98
 804 05f1 06       		.byte	0x6
 805 05f2 7F       		.byte	0x7f
 806 05f3 1F       		.byte	0x1f
 807 05f4 8F040000 		.4byte	0x48f
 808 05f8 40       		.byte	0x40
 809 05f9 01       		.uleb128 0x1
 810 05fa C0040000 		.4byte	.LASF99
 811 05fe 06       		.byte	0x6
 812 05ff 81       		.byte	0x81
 813 0600 1E       		.byte	0x1e
 814 0601 99000000 		.4byte	0x99
 815 0605 44       		.byte	0x44
 816 0606 01       		.uleb128 0x1
 817 0607 D1040000 		.4byte	.LASF100
 818 060b 06       		.byte	0x6
 819 060c 83       		.byte	0x83
 820 060d 1E       		.byte	0x1e
 821 060e A5000000 		.4byte	0xa5
 822 0612 46       		.byte	0x46
 823 0613 01       		.uleb128 0x1
 824 0614 6F040000 		.4byte	.LASF101
 825 0618 06       		.byte	0x6
 826 0619 85       		.byte	0x85
 827 061a 1E       		.byte	0x1e
 828 061b AA000000 		.4byte	0xaa
 829 061f 48       		.byte	0x48
 830 0620 01       		.uleb128 0x1
 831 0621 85060000 		.4byte	.LASF102
 832 0625 06       		.byte	0x6
 833 0626 87       		.byte	0x87
 834 0627 0A       		.byte	0xa
 835 0628 96060000 		.4byte	0x696
 836 062c 4C       		.byte	0x4c
 837 062d 01       		.uleb128 0x1
 838 062e 59010000 		.4byte	.LASF103
 839 0632 06       		.byte	0x6
 840 0633 89       		.byte	0x89
 841 0634 0A       		.byte	0xa
 842 0635 96060000 		.4byte	0x696
 843 0639 50       		.byte	0x50
 844 063a 01       		.uleb128 0x1
 845 063b DC000000 		.4byte	.LASF104
 846 063f 06       		.byte	0x6
 847 0640 8B       		.byte	0x8b
 848 0641 1F       		.byte	0x1f
 849 0642 8A040000 		.4byte	0x48a
 850 0646 54       		.byte	0x54
 851 0647 01       		.uleb128 0x1
 852 0648 23040000 		.4byte	.LASF105
 853 064c 06       		.byte	0x6
 854 064d 8D       		.byte	0x8d
 855 064e 1F       		.byte	0x1f
ARM GAS  /tmp/cc0jNunq.s 			page 16


 856 064f 8A040000 		.4byte	0x48a
 857 0653 58       		.byte	0x58
 858 0654 01       		.uleb128 0x1
 859 0655 B5020000 		.4byte	.LASF57
 860 0659 06       		.byte	0x6
 861 065a 8F       		.byte	0x8f
 862 065b 1E       		.byte	0x1e
 863 065c 7D020000 		.4byte	0x27d
 864 0660 5C       		.byte	0x5c
 865 0661 01       		.uleb128 0x1
 866 0662 9C020000 		.4byte	.LASF58
 867 0666 06       		.byte	0x6
 868 0667 91       		.byte	0x91
 869 0668 1E       		.byte	0x1e
 870 0669 9A050000 		.4byte	0x59a
 871 066d 5D       		.byte	0x5d
 872 066e 01       		.uleb128 0x1
 873 066f C0060000 		.4byte	.LASF64
 874 0673 06       		.byte	0x6
 875 0674 93       		.byte	0x93
 876 0675 1E       		.byte	0x1e
 877 0676 B6000000 		.4byte	0xb6
 878 067a 60       		.byte	0x60
 879 067b 00       		.byte	0
 880 067c 04       		.uleb128 0x4
 881 067d 22020000 		.4byte	0x222
 882 0681 04       		.uleb128 0x4
 883 0682 94000000 		.4byte	0x94
 884 0686 10       		.uleb128 0x10
 885 0687 91060000 		.4byte	0x691
 886 068b 11       		.uleb128 0x11
 887 068c 91060000 		.4byte	0x691
 888 0690 00       		.byte	0
 889 0691 04       		.uleb128 0x4
 890 0692 9F050000 		.4byte	0x59f
 891 0696 04       		.uleb128 0x4
 892 0697 86060000 		.4byte	0x686
 893 069b 03       		.uleb128 0x3
 894 069c B6000000 		.4byte	.LASF106
 895 06a0 06       		.byte	0x6
 896 06a1 A2       		.byte	0xa2
 897 06a2 03       		.byte	0x3
 898 06a3 9F050000 		.4byte	0x59f
 899 06a7 0C       		.uleb128 0xc
 900 06a8 9B060000 		.4byte	0x69b
 901 06ac 19       		.uleb128 0x19
 902 06ad AA050000 		.4byte	.LASF113
 903 06b1 07       		.byte	0x7
 904 06b2 4F       		.byte	0x4f
 905 06b3 13       		.byte	0x13
 906 06b4 59020000 		.4byte	0x259
 907 06b8 DF060000 		.4byte	0x6df
 908 06bc 1A       		.uleb128 0x1a
 909 06bd 64040000 		.4byte	.LASF114
 910 06c1 07       		.byte	0x7
 911 06c2 4F       		.byte	0x4f
 912 06c3 42       		.byte	0x42
ARM GAS  /tmp/cc0jNunq.s 			page 17


 913 06c4 DF060000 		.4byte	0x6df
 914 06c8 12       		.uleb128 0x12
 915 06c9 0E050000 		.4byte	.LASF107
 916 06cd 51       		.byte	0x51
 917 06ce 11       		.byte	0x11
 918 06cf B6000000 		.4byte	0xb6
 919 06d3 12       		.uleb128 0x12
 920 06d4 DB050000 		.4byte	.LASF108
 921 06d8 52       		.byte	0x52
 922 06d9 0C       		.byte	0xc
 923 06da 88000000 		.4byte	0x88
 924 06de 00       		.byte	0
 925 06df 04       		.uleb128 0x4
 926 06e0 A7060000 		.4byte	0x6a7
 927 06e4 00       		.byte	0
 928              		.section	.gnu.debuglto_.debug_abbrev,"e",%progbits
 929              	.Ldebug_abbrev0:
 930 0000 01       		.uleb128 0x1
 931 0001 0D       		.uleb128 0xd
 932 0002 00       		.byte	0
 933 0003 03       		.uleb128 0x3
 934 0004 0E       		.uleb128 0xe
 935 0005 3A       		.uleb128 0x3a
 936 0006 0B       		.uleb128 0xb
 937 0007 3B       		.uleb128 0x3b
 938 0008 0B       		.uleb128 0xb
 939 0009 39       		.uleb128 0x39
 940 000a 0B       		.uleb128 0xb
 941 000b 49       		.uleb128 0x49
 942 000c 13       		.uleb128 0x13
 943 000d 38       		.uleb128 0x38
 944 000e 0B       		.uleb128 0xb
 945 000f 00       		.byte	0
 946 0010 00       		.byte	0
 947 0011 02       		.uleb128 0x2
 948 0012 28       		.uleb128 0x28
 949 0013 00       		.byte	0
 950 0014 03       		.uleb128 0x3
 951 0015 0E       		.uleb128 0xe
 952 0016 1C       		.uleb128 0x1c
 953 0017 0B       		.uleb128 0xb
 954 0018 00       		.byte	0
 955 0019 00       		.byte	0
 956 001a 03       		.uleb128 0x3
 957 001b 16       		.uleb128 0x16
 958 001c 00       		.byte	0
 959 001d 03       		.uleb128 0x3
 960 001e 0E       		.uleb128 0xe
 961 001f 3A       		.uleb128 0x3a
 962 0020 0B       		.uleb128 0xb
 963 0021 3B       		.uleb128 0x3b
 964 0022 0B       		.uleb128 0xb
 965 0023 39       		.uleb128 0x39
 966 0024 0B       		.uleb128 0xb
 967 0025 49       		.uleb128 0x49
 968 0026 13       		.uleb128 0x13
 969 0027 00       		.byte	0
ARM GAS  /tmp/cc0jNunq.s 			page 18


 970 0028 00       		.byte	0
 971 0029 04       		.uleb128 0x4
 972 002a 0F       		.uleb128 0xf
 973 002b 00       		.byte	0
 974 002c 0B       		.uleb128 0xb
 975 002d 21       		.uleb128 0x21
 976 002e 04       		.sleb128 4
 977 002f 49       		.uleb128 0x49
 978 0030 13       		.uleb128 0x13
 979 0031 00       		.byte	0
 980 0032 00       		.byte	0
 981 0033 05       		.uleb128 0x5
 982 0034 24       		.uleb128 0x24
 983 0035 00       		.byte	0
 984 0036 0B       		.uleb128 0xb
 985 0037 0B       		.uleb128 0xb
 986 0038 3E       		.uleb128 0x3e
 987 0039 0B       		.uleb128 0xb
 988 003a 03       		.uleb128 0x3
 989 003b 0E       		.uleb128 0xe
 990 003c 00       		.byte	0
 991 003d 00       		.byte	0
 992 003e 06       		.uleb128 0x6
 993 003f 0D       		.uleb128 0xd
 994 0040 00       		.byte	0
 995 0041 03       		.uleb128 0x3
 996 0042 0E       		.uleb128 0xe
 997 0043 3A       		.uleb128 0x3a
 998 0044 21       		.uleb128 0x21
 999 0045 03       		.sleb128 3
 1000 0046 3B       		.uleb128 0x3b
 1001 0047 05       		.uleb128 0x5
 1002 0048 39       		.uleb128 0x39
 1003 0049 0B       		.uleb128 0xb
 1004 004a 49       		.uleb128 0x49
 1005 004b 13       		.uleb128 0x13
 1006 004c 38       		.uleb128 0x38
 1007 004d 0B       		.uleb128 0xb
 1008 004e 00       		.byte	0
 1009 004f 00       		.byte	0
 1010 0050 07       		.uleb128 0x7
 1011 0051 0D       		.uleb128 0xd
 1012 0052 00       		.byte	0
 1013 0053 03       		.uleb128 0x3
 1014 0054 08       		.uleb128 0x8
 1015 0055 3A       		.uleb128 0x3a
 1016 0056 21       		.uleb128 0x21
 1017 0057 03       		.sleb128 3
 1018 0058 3B       		.uleb128 0x3b
 1019 0059 05       		.uleb128 0x5
 1020 005a 39       		.uleb128 0x39
 1021 005b 0B       		.uleb128 0xb
 1022 005c 49       		.uleb128 0x49
 1023 005d 13       		.uleb128 0x13
 1024 005e 38       		.uleb128 0x38
 1025 005f 0B       		.uleb128 0xb
 1026 0060 00       		.byte	0
ARM GAS  /tmp/cc0jNunq.s 			page 19


 1027 0061 00       		.byte	0
 1028 0062 08       		.uleb128 0x8
 1029 0063 13       		.uleb128 0x13
 1030 0064 01       		.byte	0x1
 1031 0065 0B       		.uleb128 0xb
 1032 0066 0B       		.uleb128 0xb
 1033 0067 3A       		.uleb128 0x3a
 1034 0068 21       		.uleb128 0x21
 1035 0069 03       		.sleb128 3
 1036 006a 3B       		.uleb128 0x3b
 1037 006b 05       		.uleb128 0x5
 1038 006c 39       		.uleb128 0x39
 1039 006d 21       		.uleb128 0x21
 1040 006e 09       		.sleb128 9
 1041 006f 01       		.uleb128 0x1
 1042 0070 13       		.uleb128 0x13
 1043 0071 00       		.byte	0
 1044 0072 00       		.byte	0
 1045 0073 09       		.uleb128 0x9
 1046 0074 16       		.uleb128 0x16
 1047 0075 00       		.byte	0
 1048 0076 03       		.uleb128 0x3
 1049 0077 0E       		.uleb128 0xe
 1050 0078 3A       		.uleb128 0x3a
 1051 0079 21       		.uleb128 0x21
 1052 007a 03       		.sleb128 3
 1053 007b 3B       		.uleb128 0x3b
 1054 007c 05       		.uleb128 0x5
 1055 007d 39       		.uleb128 0x39
 1056 007e 0B       		.uleb128 0xb
 1057 007f 49       		.uleb128 0x49
 1058 0080 13       		.uleb128 0x13
 1059 0081 00       		.byte	0
 1060 0082 00       		.byte	0
 1061 0083 0A       		.uleb128 0xa
 1062 0084 35       		.uleb128 0x35
 1063 0085 00       		.byte	0
 1064 0086 49       		.uleb128 0x49
 1065 0087 13       		.uleb128 0x13
 1066 0088 00       		.byte	0
 1067 0089 00       		.byte	0
 1068 008a 0B       		.uleb128 0xb
 1069 008b 04       		.uleb128 0x4
 1070 008c 01       		.byte	0x1
 1071 008d 3E       		.uleb128 0x3e
 1072 008e 21       		.uleb128 0x21
 1073 008f 07       		.sleb128 7
 1074 0090 0B       		.uleb128 0xb
 1075 0091 21       		.uleb128 0x21
 1076 0092 01       		.sleb128 1
 1077 0093 49       		.uleb128 0x49
 1078 0094 13       		.uleb128 0x13
 1079 0095 3A       		.uleb128 0x3a
 1080 0096 0B       		.uleb128 0xb
 1081 0097 3B       		.uleb128 0x3b
 1082 0098 0B       		.uleb128 0xb
 1083 0099 39       		.uleb128 0x39
ARM GAS  /tmp/cc0jNunq.s 			page 20


 1084 009a 21       		.uleb128 0x21
 1085 009b 01       		.sleb128 1
 1086 009c 01       		.uleb128 0x1
 1087 009d 13       		.uleb128 0x13
 1088 009e 00       		.byte	0
 1089 009f 00       		.byte	0
 1090 00a0 0C       		.uleb128 0xc
 1091 00a1 26       		.uleb128 0x26
 1092 00a2 00       		.byte	0
 1093 00a3 49       		.uleb128 0x49
 1094 00a4 13       		.uleb128 0x13
 1095 00a5 00       		.byte	0
 1096 00a6 00       		.byte	0
 1097 00a7 0D       		.uleb128 0xd
 1098 00a8 13       		.uleb128 0x13
 1099 00a9 01       		.byte	0x1
 1100 00aa 0B       		.uleb128 0xb
 1101 00ab 0B       		.uleb128 0xb
 1102 00ac 3A       		.uleb128 0x3a
 1103 00ad 0B       		.uleb128 0xb
 1104 00ae 3B       		.uleb128 0x3b
 1105 00af 0B       		.uleb128 0xb
 1106 00b0 39       		.uleb128 0x39
 1107 00b1 21       		.uleb128 0x21
 1108 00b2 09       		.sleb128 9
 1109 00b3 01       		.uleb128 0x1
 1110 00b4 13       		.uleb128 0x13
 1111 00b5 00       		.byte	0
 1112 00b6 00       		.byte	0
 1113 00b7 0E       		.uleb128 0xe
 1114 00b8 0D       		.uleb128 0xd
 1115 00b9 00       		.byte	0
 1116 00ba 03       		.uleb128 0x3
 1117 00bb 08       		.uleb128 0x8
 1118 00bc 3A       		.uleb128 0x3a
 1119 00bd 0B       		.uleb128 0xb
 1120 00be 3B       		.uleb128 0x3b
 1121 00bf 0B       		.uleb128 0xb
 1122 00c0 39       		.uleb128 0x39
 1123 00c1 0B       		.uleb128 0xb
 1124 00c2 49       		.uleb128 0x49
 1125 00c3 13       		.uleb128 0x13
 1126 00c4 38       		.uleb128 0x38
 1127 00c5 0B       		.uleb128 0xb
 1128 00c6 00       		.byte	0
 1129 00c7 00       		.byte	0
 1130 00c8 0F       		.uleb128 0xf
 1131 00c9 13       		.uleb128 0x13
 1132 00ca 01       		.byte	0x1
 1133 00cb 03       		.uleb128 0x3
 1134 00cc 0E       		.uleb128 0xe
 1135 00cd 0B       		.uleb128 0xb
 1136 00ce 0B       		.uleb128 0xb
 1137 00cf 3A       		.uleb128 0x3a
 1138 00d0 0B       		.uleb128 0xb
 1139 00d1 3B       		.uleb128 0x3b
 1140 00d2 0B       		.uleb128 0xb
ARM GAS  /tmp/cc0jNunq.s 			page 21


 1141 00d3 39       		.uleb128 0x39
 1142 00d4 21       		.uleb128 0x21
 1143 00d5 10       		.sleb128 16
 1144 00d6 01       		.uleb128 0x1
 1145 00d7 13       		.uleb128 0x13
 1146 00d8 00       		.byte	0
 1147 00d9 00       		.byte	0
 1148 00da 10       		.uleb128 0x10
 1149 00db 15       		.uleb128 0x15
 1150 00dc 01       		.byte	0x1
 1151 00dd 27       		.uleb128 0x27
 1152 00de 19       		.uleb128 0x19
 1153 00df 01       		.uleb128 0x1
 1154 00e0 13       		.uleb128 0x13
 1155 00e1 00       		.byte	0
 1156 00e2 00       		.byte	0
 1157 00e3 11       		.uleb128 0x11
 1158 00e4 05       		.uleb128 0x5
 1159 00e5 00       		.byte	0
 1160 00e6 49       		.uleb128 0x49
 1161 00e7 13       		.uleb128 0x13
 1162 00e8 00       		.byte	0
 1163 00e9 00       		.byte	0
 1164 00ea 12       		.uleb128 0x12
 1165 00eb 34       		.uleb128 0x34
 1166 00ec 00       		.byte	0
 1167 00ed 03       		.uleb128 0x3
 1168 00ee 0E       		.uleb128 0xe
 1169 00ef 3A       		.uleb128 0x3a
 1170 00f0 21       		.uleb128 0x21
 1171 00f1 07       		.sleb128 7
 1172 00f2 3B       		.uleb128 0x3b
 1173 00f3 0B       		.uleb128 0xb
 1174 00f4 39       		.uleb128 0x39
 1175 00f5 0B       		.uleb128 0xb
 1176 00f6 49       		.uleb128 0x49
 1177 00f7 13       		.uleb128 0x13
 1178 00f8 00       		.byte	0
 1179 00f9 00       		.byte	0
 1180 00fa 13       		.uleb128 0x13
 1181 00fb 11       		.uleb128 0x11
 1182 00fc 01       		.byte	0x1
 1183 00fd 25       		.uleb128 0x25
 1184 00fe 0E       		.uleb128 0xe
 1185 00ff 13       		.uleb128 0x13
 1186 0100 0B       		.uleb128 0xb
 1187 0101 03       		.uleb128 0x3
 1188 0102 0E       		.uleb128 0xe
 1189 0103 1B       		.uleb128 0x1b
 1190 0104 0E       		.uleb128 0xe
 1191 0105 10       		.uleb128 0x10
 1192 0106 17       		.uleb128 0x17
 1193 0107 00       		.byte	0
 1194 0108 00       		.byte	0
 1195 0109 14       		.uleb128 0x14
 1196 010a 24       		.uleb128 0x24
 1197 010b 00       		.byte	0
ARM GAS  /tmp/cc0jNunq.s 			page 22


 1198 010c 0B       		.uleb128 0xb
 1199 010d 0B       		.uleb128 0xb
 1200 010e 3E       		.uleb128 0x3e
 1201 010f 0B       		.uleb128 0xb
 1202 0110 03       		.uleb128 0x3
 1203 0111 08       		.uleb128 0x8
 1204 0112 00       		.byte	0
 1205 0113 00       		.byte	0
 1206 0114 15       		.uleb128 0x15
 1207 0115 01       		.uleb128 0x1
 1208 0116 01       		.byte	0x1
 1209 0117 49       		.uleb128 0x49
 1210 0118 13       		.uleb128 0x13
 1211 0119 01       		.uleb128 0x1
 1212 011a 13       		.uleb128 0x13
 1213 011b 00       		.byte	0
 1214 011c 00       		.byte	0
 1215 011d 16       		.uleb128 0x16
 1216 011e 21       		.uleb128 0x21
 1217 011f 00       		.byte	0
 1218 0120 49       		.uleb128 0x49
 1219 0121 13       		.uleb128 0x13
 1220 0122 2F       		.uleb128 0x2f
 1221 0123 0B       		.uleb128 0xb
 1222 0124 00       		.byte	0
 1223 0125 00       		.byte	0
 1224 0126 17       		.uleb128 0x17
 1225 0127 34       		.uleb128 0x34
 1226 0128 00       		.byte	0
 1227 0129 03       		.uleb128 0x3
 1228 012a 0E       		.uleb128 0xe
 1229 012b 3A       		.uleb128 0x3a
 1230 012c 0B       		.uleb128 0xb
 1231 012d 3B       		.uleb128 0x3b
 1232 012e 0B       		.uleb128 0xb
 1233 012f 39       		.uleb128 0x39
 1234 0130 0B       		.uleb128 0xb
 1235 0131 49       		.uleb128 0x49
 1236 0132 13       		.uleb128 0x13
 1237 0133 1C       		.uleb128 0x1c
 1238 0134 0A       		.uleb128 0xa
 1239 0135 00       		.byte	0
 1240 0136 00       		.byte	0
 1241 0137 18       		.uleb128 0x18
 1242 0138 0F       		.uleb128 0xf
 1243 0139 00       		.byte	0
 1244 013a 0B       		.uleb128 0xb
 1245 013b 0B       		.uleb128 0xb
 1246 013c 00       		.byte	0
 1247 013d 00       		.byte	0
 1248 013e 19       		.uleb128 0x19
 1249 013f 2E       		.uleb128 0x2e
 1250 0140 01       		.byte	0x1
 1251 0141 3F       		.uleb128 0x3f
 1252 0142 19       		.uleb128 0x19
 1253 0143 03       		.uleb128 0x3
 1254 0144 0E       		.uleb128 0xe
ARM GAS  /tmp/cc0jNunq.s 			page 23


 1255 0145 3A       		.uleb128 0x3a
 1256 0146 0B       		.uleb128 0xb
 1257 0147 3B       		.uleb128 0x3b
 1258 0148 0B       		.uleb128 0xb
 1259 0149 39       		.uleb128 0x39
 1260 014a 0B       		.uleb128 0xb
 1261 014b 27       		.uleb128 0x27
 1262 014c 19       		.uleb128 0x19
 1263 014d 49       		.uleb128 0x49
 1264 014e 13       		.uleb128 0x13
 1265 014f 01       		.uleb128 0x1
 1266 0150 13       		.uleb128 0x13
 1267 0151 00       		.byte	0
 1268 0152 00       		.byte	0
 1269 0153 1A       		.uleb128 0x1a
 1270 0154 05       		.uleb128 0x5
 1271 0155 00       		.byte	0
 1272 0156 03       		.uleb128 0x3
 1273 0157 0E       		.uleb128 0xe
 1274 0158 3A       		.uleb128 0x3a
 1275 0159 0B       		.uleb128 0xb
 1276 015a 3B       		.uleb128 0x3b
 1277 015b 0B       		.uleb128 0xb
 1278 015c 39       		.uleb128 0x39
 1279 015d 0B       		.uleb128 0xb
 1280 015e 49       		.uleb128 0x49
 1281 015f 13       		.uleb128 0x13
 1282 0160 00       		.byte	0
 1283 0161 00       		.byte	0
 1284 0162 00       		.byte	0
 1285              		.section	.gnu.debuglto_.debug_line,"e",%progbits
 1286              	.Ldebug_line0:
 1287 0000 69000000 		.4byte	.LELT0-.LSLT0
 1288              	.LSLT0:
 1289 0004 0500     		.2byte	0x5
 1290 0006 04       		.byte	0x4
 1291 0007 00       		.byte	0
 1292 0008 61000000 		.4byte	.LELTP0-.LASLTP0
 1293              	.LASLTP0:
 1294 000c 01       		.byte	0x1
 1295 000d 01       		.byte	0x1
 1296 000e 01       		.byte	0x1
 1297 000f F6       		.byte	0xf6
 1298 0010 F2       		.byte	0xf2
 1299 0011 0D       		.byte	0xd
 1300 0012 00       		.byte	0
 1301 0013 01       		.byte	0x1
 1302 0014 01       		.byte	0x1
 1303 0015 01       		.byte	0x1
 1304 0016 01       		.byte	0x1
 1305 0017 00       		.byte	0
 1306 0018 00       		.byte	0
 1307 0019 00       		.byte	0
 1308 001a 01       		.byte	0x1
 1309 001b 00       		.byte	0
 1310 001c 00       		.byte	0
 1311 001d 01       		.byte	0x1
ARM GAS  /tmp/cc0jNunq.s 			page 24


 1312 001e 01       		.byte	0x1
 1313 001f 01       		.uleb128 0x1
 1314 0020 1F       		.uleb128 0x1f
 1315 0021 06       		.uleb128 0x6
 1316 0022 0A000000 		.4byte	.LASF115
 1317 0026 6D010000 		.4byte	.LASF116
 1318 002a EC000000 		.4byte	.LASF117
 1319 002e 22010000 		.4byte	.LASF118
 1320 0032 4C010000 		.4byte	.LASF119
 1321 0036 A7010000 		.4byte	.LASF120
 1322 003a 02       		.byte	0x2
 1323 003b 01       		.uleb128 0x1
 1324 003c 1F       		.uleb128 0x1f
 1325 003d 02       		.uleb128 0x2
 1326 003e 0B       		.uleb128 0xb
 1327 003f 09       		.uleb128 0x9
 1328 0040 B4000000 		.4byte	.LASF121
 1329 0044 00       		.byte	0
 1330 0045 A3000000 		.4byte	.LASF122
 1331 0049 01       		.byte	0x1
 1332 004a 00000000 		.4byte	.LASF123
 1333 004e 02       		.byte	0x2
 1334 004f 46000000 		.4byte	.LASF124
 1335 0053 03       		.byte	0x3
 1336 0054 67000000 		.4byte	.LASF125
 1337 0058 04       		.byte	0x4
 1338 0059 8F000000 		.4byte	.LASF126
 1339 005d 04       		.byte	0x4
 1340 005e 7B000000 		.4byte	.LASF127
 1341 0062 04       		.byte	0x4
 1342 0063 C8010000 		.4byte	.LASF128
 1343 0067 05       		.byte	0x5
 1344 0068 54000000 		.4byte	.LASF129
 1345 006c 04       		.byte	0x4
 1346              	.LELTP0:
 1347              	.LELT0:
 1348              		.section	.gnu.debuglto_.debug_str,"eMS",%progbits,1
 1349              	.LASF42:
 1350 0000 44697265 		.ascii	"Direction\000"
 1350      6374696F 
 1350      6E00
 1351              	.LASF38:
 1352 000a 48414C5F 		.ascii	"HAL_UNLOCKED\000"
 1352      554E4C4F 
 1352      434B4544 
 1352      00
 1353              	.LASF36:
 1354 0017 48414C5F 		.ascii	"HAL_TIMEOUT\000"
 1354      54494D45 
 1354      4F555400 
 1355              	.LASF67:
 1356 0023 444D416D 		.ascii	"DMAmuxChannelStatus\000"
 1356      75784368 
 1356      616E6E65 
 1356      6C537461 
 1356      74757300 
 1357              	.LASF94:
ARM GAS  /tmp/cc0jNunq.s 			page 25


 1358 0037 5F5F5350 		.ascii	"__SPI_HandleTypeDef\000"
 1358      495F4861 
 1358      6E646C65 
 1358      54797065 
 1358      44656600 
 1359              	.LASF46:
 1360 004b 4D656D44 		.ascii	"MemDataAlignment\000"
 1360      61746141 
 1360      6C69676E 
 1360      6D656E74 
 1360      00
 1361              	.LASF59:
 1362 005c 50617265 		.ascii	"Parent\000"
 1362      6E7400
 1363              	.LASF78:
 1364 0063 54494D6F 		.ascii	"TIMode\000"
 1364      646500
 1365              	.LASF48:
 1366 006a 5072696F 		.ascii	"Priority\000"
 1366      72697479 
 1366      00
 1367              	.LASF63:
 1368 0073 58666572 		.ascii	"XferAbortCallback\000"
 1368      41626F72 
 1368      7443616C 
 1368      6C626163 
 1368      6B00
 1369              	.LASF18:
 1370 0085 444D415F 		.ascii	"DMA_Channel_TypeDef\000"
 1370      4368616E 
 1370      6E656C5F 
 1370      54797065 
 1370      44656600 
 1371              	.LASF2:
 1372 0099 73686F72 		.ascii	"short int\000"
 1372      7420696E 
 1372      7400
 1373              	.LASF86:
 1374 00a3 48414C5F 		.ascii	"HAL_SPI_STATE_BUSY\000"
 1374      5350495F 
 1374      53544154 
 1374      455F4255 
 1374      535900
 1375              	.LASF106:
 1376 00b6 5350495F 		.ascii	"SPI_HandleTypeDef\000"
 1376      48616E64 
 1376      6C655479 
 1376      70654465 
 1376      6600
 1377              	.LASF50:
 1378 00c8 48414C5F 		.ascii	"HAL_DMA_STATE_RESET\000"
 1378      444D415F 
 1378      53544154 
 1378      455F5245 
 1378      53455400 
 1379              	.LASF104:
 1380 00dc 68646D61 		.ascii	"hdmatx\000"
ARM GAS  /tmp/cc0jNunq.s 			page 26


 1380      747800
 1381              	.LASF77:
 1382 00e3 46697273 		.ascii	"FirstBit\000"
 1382      74426974 
 1382      00
 1383              	.LASF7:
 1384 00ec 5F5F7569 		.ascii	"__uint32_t\000"
 1384      6E743332 
 1384      5F7400
 1385              	.LASF89:
 1386 00f7 48414C5F 		.ascii	"HAL_SPI_STATE_BUSY_TX_RX\000"
 1386      5350495F 
 1386      53544154 
 1386      455F4255 
 1386      53595F54 
 1387              	.LASF4:
 1388 0110 5F5F7569 		.ascii	"__uint16_t\000"
 1388      6E743136 
 1388      5F7400
 1389              	.LASF23:
 1390 011b 52475352 		.ascii	"RGSR\000"
 1390      00
 1391              	.LASF28:
 1392 0120 54584352 		.ascii	"TXCRCR\000"
 1392      435200
 1393              	.LASF92:
 1394 0127 48414C5F 		.ascii	"HAL_SPI_StateTypeDef\000"
 1394      5350495F 
 1394      53746174 
 1394      65547970 
 1394      65446566 
 1395              	.LASF66:
 1396 013c 444D416D 		.ascii	"DMAmuxChannel\000"
 1396      75784368 
 1396      616E6E65 
 1396      6C00
 1397              	.LASF33:
 1398 014a 48414C5F 		.ascii	"HAL_OK\000"
 1398      4F4B00
 1399              	.LASF41:
 1400 0151 52657175 		.ascii	"Request\000"
 1400      65737400 
 1401              	.LASF103:
 1402 0159 54784953 		.ascii	"TxISR\000"
 1402      5200
 1403              	.LASF73:
 1404 015f 44617461 		.ascii	"DataSize\000"
 1404      53697A65 
 1404      00
 1405              	.LASF93:
 1406 0168 5F5F444D 		.ascii	"__DMA_HandleTypeDef\000"
 1406      415F4861 
 1406      6E646C65 
 1406      54797065 
 1406      44656600 
 1407              	.LASF109:
 1408 017c 474E5520 		.ascii	"GNU C17 14.2.1 20241119 -mcpu=cortex-m0plus -mthumb"
ARM GAS  /tmp/cc0jNunq.s 			page 27


 1408      43313720 
 1408      31342E32 
 1408      2E312032 
 1408      30323431 
 1409 01af 202D6D66 		.ascii	" -mfloat-abi=soft -march=armv6s-m -g -gdwarf -ggdb "
 1409      6C6F6174 
 1409      2D616269 
 1409      3D736F66 
 1409      74202D6D 
 1410 01e2 2D4F6720 		.ascii	"-Og -fdata-sections -ffunction-sections -flto\000"
 1410      2D666461 
 1410      74612D73 
 1410      65637469 
 1410      6F6E7320 
 1411              	.LASF12:
 1412 0210 75696E74 		.ascii	"uint8_t\000"
 1412      385F7400 
 1413              	.LASF90:
 1414 0218 48414C5F 		.ascii	"HAL_SPI_STATE_ERROR\000"
 1414      5350495F 
 1414      53544154 
 1414      455F4552 
 1414      524F5200 
 1415              	.LASF87:
 1416 022c 48414C5F 		.ascii	"HAL_SPI_STATE_BUSY_TX\000"
 1416      5350495F 
 1416      53544154 
 1416      455F4255 
 1416      53595F54 
 1417              	.LASF35:
 1418 0242 48414C5F 		.ascii	"HAL_BUSY\000"
 1418      42555359 
 1418      00
 1419              	.LASF74:
 1420 024b 434C4B50 		.ascii	"CLKPolarity\000"
 1420      6F6C6172 
 1420      69747900 
 1421              	.LASF20:
 1422 0257 444D414D 		.ascii	"DMAMUX_ChannelStatus_TypeDef\000"
 1422      55585F43 
 1422      68616E6E 
 1422      656C5374 
 1422      61747573 
 1423              	.LASF32:
 1424 0274 6C6F6E67 		.ascii	"long double\000"
 1424      20646F75 
 1424      626C6500 
 1425              	.LASF9:
 1426 0280 6C6F6E67 		.ascii	"long long int\000"
 1426      206C6F6E 
 1426      6720696E 
 1426      7400
 1427              	.LASF80:
 1428 028e 43524350 		.ascii	"CRCPolynomial\000"
 1428      6F6C796E 
 1428      6F6D6961 
 1428      6C00
ARM GAS  /tmp/cc0jNunq.s 			page 28


 1429              	.LASF58:
 1430 029c 53746174 		.ascii	"State\000"
 1430      6500
 1431              	.LASF6:
 1432 02a2 6C6F6E67 		.ascii	"long int\000"
 1432      20696E74 
 1432      00
 1433              	.LASF43:
 1434 02ab 50657269 		.ascii	"PeriphInc\000"
 1434      7068496E 
 1434      6300
 1435              	.LASF57:
 1436 02b5 4C6F636B 		.ascii	"Lock\000"
 1436      00
 1437              	.LASF3:
 1438 02ba 5F5F7569 		.ascii	"__uint8_t\000"
 1438      6E74385F 
 1438      7400
 1439              	.LASF97:
 1440 02c4 54785866 		.ascii	"TxXferCount\000"
 1440      6572436F 
 1440      756E7400 
 1441              	.LASF37:
 1442 02d0 48414C5F 		.ascii	"HAL_StatusTypeDef\000"
 1442      53746174 
 1442      75735479 
 1442      70654465 
 1442      6600
 1443              	.LASF53:
 1444 02e2 48414C5F 		.ascii	"HAL_DMA_STATE_TIMEOUT\000"
 1444      444D415F 
 1444      53544154 
 1444      455F5449 
 1444      4D454F55 
 1445              	.LASF70:
 1446 02f8 444D416D 		.ascii	"DMAmuxRequestGenStatus\000"
 1446      75785265 
 1446      71756573 
 1446      7447656E 
 1446      53746174 
 1447              	.LASF16:
 1448 030f 43504152 		.ascii	"CPAR\000"
 1448      00
 1449              	.LASF24:
 1450 0314 52474346 		.ascii	"RGCFR\000"
 1450      5200
 1451              	.LASF49:
 1452 031a 444D415F 		.ascii	"DMA_InitTypeDef\000"
 1452      496E6974 
 1452      54797065 
 1452      44656600 
 1453              	.LASF71:
 1454 032a 444D416D 		.ascii	"DMAmuxRequestGenStatusMask\000"
 1454      75785265 
 1454      71756573 
 1454      7447656E 
 1454      53746174 
ARM GAS  /tmp/cc0jNunq.s 			page 29


 1455              	.LASF34:
 1456 0345 48414C5F 		.ascii	"HAL_ERROR\000"
 1456      4552524F 
 1456      5200
 1457              	.LASF1:
 1458 034f 756E7369 		.ascii	"unsigned char\000"
 1458      676E6564 
 1458      20636861 
 1458      7200
 1459              	.LASF85:
 1460 035d 48414C5F 		.ascii	"HAL_SPI_STATE_READY\000"
 1460      5350495F 
 1460      53544154 
 1460      455F5245 
 1460      41445900 
 1461              	.LASF51:
 1462 0371 48414C5F 		.ascii	"HAL_DMA_STATE_READY\000"
 1462      444D415F 
 1462      53544154 
 1462      455F5245 
 1462      41445900 
 1463              	.LASF68:
 1464 0385 444D416D 		.ascii	"DMAmuxChannelStatusMask\000"
 1464      75784368 
 1464      616E6E65 
 1464      6C537461 
 1464      7475734D 
 1465              	.LASF22:
 1466 039d 444D414D 		.ascii	"DMAMUX_RequestGen_TypeDef\000"
 1466      55585F52 
 1466      65717565 
 1466      73744765 
 1466      6E5F5479 
 1467              	.LASF56:
 1468 03b7 496E6974 		.ascii	"Init\000"
 1468      00
 1469              	.LASF0:
 1470 03bc 7369676E 		.ascii	"signed char\000"
 1470      65642063 
 1470      68617200 
 1471              	.LASF10:
 1472 03c8 6C6F6E67 		.ascii	"long long unsigned int\000"
 1472      206C6F6E 
 1472      6720756E 
 1472      7369676E 
 1472      65642069 
 1473              	.LASF14:
 1474 03df 75696E74 		.ascii	"uint32_t\000"
 1474      33325F74 
 1474      00
 1475              	.LASF11:
 1476 03e8 756E7369 		.ascii	"unsigned int\000"
 1476      676E6564 
 1476      20696E74 
 1476      00
 1477              	.LASF13:
 1478 03f5 75696E74 		.ascii	"uint16_t\000"
ARM GAS  /tmp/cc0jNunq.s 			page 30


 1478      31365F74 
 1478      00
 1479              	.LASF55:
 1480 03fe 496E7374 		.ascii	"Instance\000"
 1480      616E6365 
 1480      00
 1481              	.LASF60:
 1482 0407 58666572 		.ascii	"XferCpltCallback\000"
 1482      43706C74 
 1482      43616C6C 
 1482      6261636B 
 1482      00
 1483              	.LASF39:
 1484 0418 48414C5F 		.ascii	"HAL_LOCKED\000"
 1484      4C4F434B 
 1484      454400
 1485              	.LASF105:
 1486 0423 68646D61 		.ascii	"hdmarx\000"
 1486      727800
 1487              	.LASF19:
 1488 042a 444D414D 		.ascii	"DMAMUX_Channel_TypeDef\000"
 1488      55585F43 
 1488      68616E6E 
 1488      656C5F54 
 1488      79706544 
 1489              	.LASF69:
 1490 0441 444D416D 		.ascii	"DMAmuxRequestGen\000"
 1490      75785265 
 1490      71756573 
 1490      7447656E 
 1490      00
 1491              	.LASF62:
 1492 0452 58666572 		.ascii	"XferErrorCallback\000"
 1492      4572726F 
 1492      7243616C 
 1492      6C626163 
 1492      6B00
 1493              	.LASF114:
 1494 0464 68737069 		.ascii	"hspi\000"
 1494      00
 1495              	.LASF15:
 1496 0469 434E4454 		.ascii	"CNDTR\000"
 1496      5200
 1497              	.LASF101:
 1498 046f 43524353 		.ascii	"CRCSize\000"
 1498      697A6500 
 1499              	.LASF79:
 1500 0477 43524343 		.ascii	"CRCCalculation\000"
 1500      616C6375 
 1500      6C617469 
 1500      6F6E00
 1501              	.LASF84:
 1502 0486 48414C5F 		.ascii	"HAL_SPI_STATE_RESET\000"
 1502      5350495F 
 1502      53544154 
 1502      455F5245 
 1502      53455400 
ARM GAS  /tmp/cc0jNunq.s 			page 31


 1503              	.LASF5:
 1504 049a 73686F72 		.ascii	"short unsigned int\000"
 1504      7420756E 
 1504      7369676E 
 1504      65642069 
 1504      6E7400
 1505              	.LASF112:
 1506 04ad 4348414E 		.ascii	"CHANNEL_OFFSET_TAB\000"
 1506      4E454C5F 
 1506      4F464653 
 1506      45545F54 
 1506      414200
 1507              	.LASF99:
 1508 04c0 52785866 		.ascii	"RxXferSize\000"
 1508      65725369 
 1508      7A6500
 1509              	.LASF30:
 1510 04cb 49325350 		.ascii	"I2SPR\000"
 1510      5200
 1511              	.LASF100:
 1512 04d1 52785866 		.ascii	"RxXferCount\000"
 1512      6572436F 
 1512      756E7400 
 1513              	.LASF82:
 1514 04dd 4E535350 		.ascii	"NSSPMode\000"
 1514      4D6F6465 
 1514      00
 1515              	.LASF26:
 1516 04e6 43524350 		.ascii	"CRCPR\000"
 1516      5200
 1517              	.LASF88:
 1518 04ec 48414C5F 		.ascii	"HAL_SPI_STATE_BUSY_RX\000"
 1518      5350495F 
 1518      53544154 
 1518      455F4255 
 1518      53595F52 
 1519              	.LASF31:
 1520 0502 5350495F 		.ascii	"SPI_TypeDef\000"
 1520      54797065 
 1520      44656600 
 1521              	.LASF107:
 1522 050e 746D7072 		.ascii	"tmpreg\000"
 1522      656700
 1523              	.LASF111:
 1524 0515 2F686F6D 		.ascii	"/home/zgj/servo_project/zgj_project/ClosedLoop_Step"
 1524      652F7A67 
 1524      6A2F7365 
 1524      72766F5F 
 1524      70726F6A 
 1525 0548 7065724D 		.ascii	"perMotor\000"
 1525      6F746F72 
 1525      00
 1526              	.LASF61:
 1527 0551 58666572 		.ascii	"XferHalfCpltCallback\000"
 1527      48616C66 
 1527      43706C74 
 1527      43616C6C 
ARM GAS  /tmp/cc0jNunq.s 			page 32


 1527      6261636B 
 1528              	.LASF25:
 1529 0566 444D414D 		.ascii	"DMAMUX_RequestGenStatus_TypeDef\000"
 1529      55585F52 
 1529      65717565 
 1529      73744765 
 1529      6E537461 
 1530              	.LASF8:
 1531 0586 6C6F6E67 		.ascii	"long unsigned int\000"
 1531      20756E73 
 1531      69676E65 
 1531      6420696E 
 1531      7400
 1532              	.LASF44:
 1533 0598 4D656D49 		.ascii	"MemInc\000"
 1533      6E6300
 1534              	.LASF98:
 1535 059f 70527842 		.ascii	"pRxBuffPtr\000"
 1535      75666650 
 1535      747200
 1536              	.LASF113:
 1537 05aa 48414C5F 		.ascii	"HAL_SPIEx_FlushRxFifo\000"
 1537      53504945 
 1537      785F466C 
 1537      75736852 
 1537      78466966 
 1538              	.LASF65:
 1539 05c0 4368616E 		.ascii	"ChannelIndex\000"
 1539      6E656C49 
 1539      6E646578 
 1539      00
 1540              	.LASF17:
 1541 05cd 434D4152 		.ascii	"CMAR\000"
 1541      00
 1542              	.LASF75:
 1543 05d2 434C4B50 		.ascii	"CLKPhase\000"
 1543      68617365 
 1543      00
 1544              	.LASF108:
 1545 05db 636F756E 		.ascii	"count\000"
 1545      7400
 1546              	.LASF110:
 1547 05e1 44726976 		.ascii	"Drivers/STM32G0xx_HAL_Driver/Src/stm32g0xx_hal_spi_"
 1547      6572732F 
 1547      53544D33 
 1547      32473078 
 1547      785F4841 
 1548 0614 65782E63 		.ascii	"ex.c\000"
 1548      00
 1549              	.LASF91:
 1550 0619 48414C5F 		.ascii	"HAL_SPI_STATE_ABORT\000"
 1550      5350495F 
 1550      53544154 
 1550      455F4142 
 1550      4F525400 
 1551              	.LASF45:
 1552 062d 50657269 		.ascii	"PeriphDataAlignment\000"
ARM GAS  /tmp/cc0jNunq.s 			page 33


 1552      70684461 
 1552      7461416C 
 1552      69676E6D 
 1552      656E7400 
 1553              	.LASF47:
 1554 0641 4D6F6465 		.ascii	"Mode\000"
 1554      00
 1555              	.LASF52:
 1556 0646 48414C5F 		.ascii	"HAL_DMA_STATE_BUSY\000"
 1556      444D415F 
 1556      53544154 
 1556      455F4255 
 1556      535900
 1557              	.LASF72:
 1558 0659 444D415F 		.ascii	"DMA_HandleTypeDef\000"
 1558      48616E64 
 1558      6C655479 
 1558      70654465 
 1558      6600
 1559              	.LASF95:
 1560 066b 70547842 		.ascii	"pTxBuffPtr\000"
 1560      75666650 
 1560      747200
 1561              	.LASF21:
 1562 0676 52474352 		.ascii	"RGCR\000"
 1562      00
 1563              	.LASF81:
 1564 067b 4352434C 		.ascii	"CRCLength\000"
 1564      656E6774 
 1564      6800
 1565              	.LASF102:
 1566 0685 52784953 		.ascii	"RxISR\000"
 1566      5200
 1567              	.LASF29:
 1568 068b 49325343 		.ascii	"I2SCFGR\000"
 1568      46475200 
 1569              	.LASF76:
 1570 0693 42617564 		.ascii	"BaudRatePrescaler\000"
 1570      52617465 
 1570      50726573 
 1570      63616C65 
 1570      7200
 1571              	.LASF96:
 1572 06a5 54785866 		.ascii	"TxXferSize\000"
 1572      65725369 
 1572      7A6500
 1573              	.LASF40:
 1574 06b0 48414C5F 		.ascii	"HAL_LockTypeDef\000"
 1574      4C6F636B 
 1574      54797065 
 1574      44656600 
 1575              	.LASF64:
 1576 06c0 4572726F 		.ascii	"ErrorCode\000"
 1576      72436F64 
 1576      6500
 1577              	.LASF27:
 1578 06ca 52584352 		.ascii	"RXCRCR\000"
ARM GAS  /tmp/cc0jNunq.s 			page 34


 1578      435200
 1579              	.LASF83:
 1580 06d1 5350495F 		.ascii	"SPI_InitTypeDef\000"
 1580      496E6974 
 1580      54797065 
 1580      44656600 
 1581              	.LASF54:
 1582 06e1 48414C5F 		.ascii	"HAL_DMA_StateTypeDef\000"
 1582      444D415F 
 1582      53746174 
 1582      65547970 
 1582      65446566 
 1583              		.section	.gnu.debuglto_.debug_line_str,"eMS",%progbits,1
 1584              	.LASF123:
 1585 0000 5F737464 		.ascii	"_stdint.h\000"
 1585      696E742E 
 1585      6800
 1586              	.LASF115:
 1587 000a 2F686F6D 		.ascii	"/home/zgj/servo_project/zgj_project/ClosedLoop_Step"
 1587      652F7A67 
 1587      6A2F7365 
 1587      72766F5F 
 1587      70726F6A 
 1588 003d 7065724D 		.ascii	"perMotor\000"
 1588      6F746F72 
 1588      00
 1589              	.LASF124:
 1590 0046 73746D33 		.ascii	"stm32g071xx.h\000"
 1590      32673037 
 1590      3178782E 
 1590      6800
 1591              	.LASF129:
 1592 0054 73746D33 		.ascii	"stm32g0xx_ll_dma.h\000"
 1592      32673078 
 1592      785F6C6C 
 1592      5F646D61 
 1592      2E6800
 1593              	.LASF125:
 1594 0067 73746D33 		.ascii	"stm32g0xx_hal_def.h\000"
 1594      32673078 
 1594      785F6861 
 1594      6C5F6465 
 1594      662E6800 
 1595              	.LASF127:
 1596 007b 73746D33 		.ascii	"stm32g0xx_hal_spi.h\000"
 1596      32673078 
 1596      785F6861 
 1596      6C5F7370 
 1596      692E6800 
 1597              	.LASF126:
 1598 008f 73746D33 		.ascii	"stm32g0xx_hal_dma.h\000"
 1598      32673078 
 1598      785F6861 
 1598      6C5F646D 
 1598      612E6800 
 1599              	.LASF122:
 1600 00a3 5F646566 		.ascii	"_default_types.h\000"
ARM GAS  /tmp/cc0jNunq.s 			page 35


 1600      61756C74 
 1600      5F747970 
 1600      65732E68 
 1600      00
 1601              	.LASF121:
 1602 00b4 44726976 		.ascii	"Drivers/STM32G0xx_HAL_Driver/Src/stm32g0xx_hal_spi_"
 1602      6572732F 
 1602      53544D33 
 1602      32473078 
 1602      785F4841 
 1603 00e7 65782E63 		.ascii	"ex.c\000"
 1603      00
 1604              	.LASF117:
 1605 00ec 2F6F7074 		.ascii	"/opt/arm-gnu-toolchain-14.2/arm-none-eabi/include/s"
 1605      2F61726D 
 1605      2D676E75 
 1605      2D746F6F 
 1605      6C636861 
 1606 011f 797300   		.ascii	"ys\000"
 1607              	.LASF118:
 1608 0122 44726976 		.ascii	"Drivers/CMSIS/Device/ST/STM32G0xx/Include\000"
 1608      6572732F 
 1608      434D5349 
 1608      532F4465 
 1608      76696365 
 1609              	.LASF119:
 1610 014c 44726976 		.ascii	"Drivers/STM32G0xx_HAL_Driver/Inc\000"
 1610      6572732F 
 1610      53544D33 
 1610      32473078 
 1610      785F4841 
 1611              	.LASF116:
 1612 016d 2F6F7074 		.ascii	"/opt/arm-gnu-toolchain-14.2/arm-none-eabi/include/m"
 1612      2F61726D 
 1612      2D676E75 
 1612      2D746F6F 
 1612      6C636861 
 1613 01a0 61636869 		.ascii	"achine\000"
 1613      6E6500
 1614              	.LASF120:
 1615 01a7 44726976 		.ascii	"Drivers/STM32G0xx_HAL_Driver/Src\000"
 1615      6572732F 
 1615      53544D33 
 1615      32473078 
 1615      785F4841 
 1616              	.LASF128:
 1617 01c8 73746D33 		.ascii	"stm32g0xx_hal_spi_ex.c\000"
 1617      32673078 
 1617      785F6861 
 1617      6C5F7370 
 1617      695F6578 
 1618              		.text
 1619              		.section	.gnu.lto_.profile.84fe2e094d84a1aa,"e",%progbits
 1620 0000 28B52FFD 		.ascii	"(\265/\375 \0061\000\000\002\000\000\000\000\000"
 1620      20063100 
 1620      00020000 
 1620      000000
ARM GAS  /tmp/cc0jNunq.s 			page 36


 1621              		.text
 1622              		.section	.gnu.lto_.inline.84fe2e094d84a1aa,"e",%progbits
 1623 0000 28B52FFD 		.ascii	"(\265/\375 2}\001\000\204\002&\000\001\000\004\016\206"
 1623      20327D01 
 1623      00840226 
 1623      00010004 
 1623      0E86
 1624 0012 B88AB502 		.ascii	"\270\212\265\002h\001\000\000\002\025\336\277\254\227"
 1624      68010000 
 1624      0215DEBF 
 1624      AC97
 1625 0020 02680000 		.ascii	"\002h\000\000\007\371\204\337\333\003d\002\000\002\000"
 1625      07F984DF 
 1625      DB036402 
 1625      000200
 1626 002f 00000000 		.ascii	"\000\000\000\000\001\000\033\300\002"
 1626      01001BC0 
 1626      02
 1627              		.text
 1628              		.section	.gnu.lto_.jmpfuncs.84fe2e094d84a1aa,"e",%progbits
 1629 0000 28B52FFD 		.ascii	"(\265/\375 \021m\000\0008\005\000\001\000\000\000\000"
 1629      20116D00 
 1629      00380500 
 1629      01000000 
 1629      00
 1630 0011 01001BC0 		.ascii	"\001\000\033\300\002"
 1630      02
 1631              		.text
 1632              		.section	.gnu.lto_.pureconst.84fe2e094d84a1aa,"e",%progbits
 1633 0000 28B52FFD 		.ascii	"(\265/\375 \010A\000\000\004\000\000\000\001\000\232"
 1633      20084100 
 1633      00040000 
 1633      0001009A 
 1634 0010 04       		.ascii	"\004"
 1635              		.text
 1636              		.section	.gnu.lto_.ipa_modref.84fe2e094d84a1aa,"e",%progbits
 1637 0000 28B52FFD 		.ascii	"(\265/\375 \016E\000\000\020\002\000\001\000\034\300"
 1637      200E4500 
 1637      00100200 
 1637      01001CC0 
 1638 0010 02       		.ascii	"\002"
 1639              		.text
 1640              		.section	.gnu.lto_.lto.84fe2e094d84a1aa,"e",%progbits
 1641 0000 0E000000 		.ascii	"\016\000\000\000\001\000\001\000"
 1641      01000100 
 1642              		.text
 1643              		.section	.gnu.lto_HAL_SPIEx_FlushRxFifo.458.84fe2e094d84a1aa,"e",%progbits
 1644 0000 28B52FFD 		.ascii	"(\265/\375`\276\002\275\026\000\246*\231L\300\222U:"
 1644      60BE02BD 
 1644      1600A62A 
 1644      994CC092 
 1644      553A
 1645 0012 C0437CC2 		.ascii	"\300C|\302\333\241\273\362:\245\302\263;\3736\031Z\345"
 1645      DBA1BBF2 
 1645      3AA5C2B3 
 1645      3BFB3619 
 1645      5AE5
ARM GAS  /tmp/cc0jNunq.s 			page 37


 1646 0024 223011C1 		.ascii	"\"0\021\301h\231\331$Gx\201\003FF\264\241\037\321'\240"
 1646      6899D924 
 1646      47788103 
 1646      4646B4A1 
 1646      1FD127A0 
 1647 0038 2302EED6 		.ascii	"#\002\356\326\242\260e7\303\330?h\234\377\026`\310_"
 1647      A2B06537 
 1647      C3D83F68 
 1647      9CFF1660 
 1647      C85F
 1648 004a B2328574 		.ascii	"\2622\205t\010\012\342\024\004A\330\336D\356$\003\201"
 1648      080AE214 
 1648      0441D8DE 
 1648      44EE2403 
 1648      81
 1649 005b 00800081 		.ascii	"\000\200\000\201\000\367<\360\312\337@\246\224n\224"
 1649      00F73CF0 
 1649      CADF40A6 
 1649      946E94
 1650 006a 321FC553 		.ascii	"2\037\305S\334\256\3643\236\\#\235\217x\357\311\302"
 1650      DCAEF433 
 1650      9E5C239D 
 1650      8F78EFC9 
 1650      C2
 1651 007b 35F255E5 		.ascii	"5\362U\345)\366u<\212}uIpc\\In\351La\012\256\210A\344"
 1651      29F6753C 
 1651      8A7D7549 
 1651      70635C49 
 1651      6EE94C61 
 1652 0094 DEB3A543 		.ascii	"\336\263\245C\360Hq\257\243m\212\343\003\275\216=l\201"
 1652      F04871AF 
 1652      A36D8AE3 
 1652      03BD8E3D 
 1652      6C81
 1653 00a6 C3A43734 		.ascii	"\303\24474\306\2500\001\274\360\324B/\210\216\244\357"
 1653      C6A83001 
 1653      BCF0D442 
 1653      2F888EA4 
 1653      EF
 1654 00b7 766CB9F7 		.ascii	"vl\271\367\232\364t\343\311\275\027\325\033\242}\341"
 1654      9AF474E3 
 1654      C9BD17D5 
 1654      1BA27DE1 
 1655 00c7 C91E244A 		.ascii	"\311\036$J\354z\276S\022\231{/\323]\017\303\231\344"
 1655      EC7ABE53 
 1655      12997B2F 
 1655      D35D0FC3 
 1655      99E4
 1656 00d9 CC4C63E6 		.ascii	"\314Lc\346\020\314\324\027\335 t#\202\372r\345\221h"
 1656      10CCD417 
 1656      DD207423 
 1656      82FA72E5 
 1656      9168
 1657 00eb 1E4FC316 		.ascii	"\036O\303\026\335?fn\036\022\337\266\323!G\215p\352"
 1657      DD3F666E 
 1657      1E12DFB6 
 1657      D321478D 
ARM GAS  /tmp/cc0jNunq.s 			page 38


 1657      70EA
 1658 00fd 77E15178 		.ascii	"w\341Qx v\\j\204O \332?\3763\030%\355\270\217\230+\345"
 1658      20765C6A 
 1658      844F20DA 
 1658      3FFE3318 
 1658      25EDB88F 
 1659 0114 14EA4A7F 		.ascii	"\024\352J\177\000\246l\037<\327Jy\254\224\333R\246\225"
 1659      00A66C1F 
 1659      3CD74A79 
 1659      AC94DB52 
 1659      A695
 1660 0126 F24D9E83 		.ascii	"\362M\236\203\250g\240\350^\016G\210\334\246ZC\304\203"
 1660      A867A0E8 
 1660      5E0E4788 
 1660      DCA65A43 
 1660      C483
 1661 0138 FF7966BE 		.ascii	"\377yf\276\361W\\\310\250\224\213\033\363\331C\002]"
 1661      F1575CC8 
 1661      A8948B1B 
 1661      F3D94302 
 1661      5D
 1662 0149 20E063AA 		.ascii	" \340c\252Q\274W\307\007\3625e\343\366\240\215\274#"
 1662      51BC57C7 
 1662      07F23565 
 1662      E3F6A08D 
 1662      BC23
 1663 015b 0614E96E 		.ascii	"\006\024\351n\024oor\232A?|m\"\376\212\035\333\016\227"
 1663      146F6F72 
 1663      9A413F7C 
 1663      6D22FE8A 
 1663      1DDB0E97 
 1664 016f 9E4AEE57 		.ascii	"\236J\356Wl\367\330$>*h\010r]F\367\002 \361u\030\022"
 1664      6CF7D824 
 1664      3E2A6808 
 1664      725D46F7 
 1664      0220F175 
 1665 0185 C87B8556 		.ascii	"\310{\205V\374\0279\260\037\373J\273\000\220\230\353"
 1665      FC1739B0 
 1665      1FFB4ABB 
 1665      009098EB 
 1666 0195 CB3F7848 		.ascii	"\313?xH\225er\343\275\367\216\375\373\251S\221\306\020"
 1666      956572E3 
 1666      BDF78EFD 
 1666      FBA95391 
 1666      C610
 1667 01a7 DB473CDE 		.ascii	"\333G<\336fQ\375\341\222\223\020-\302\251\246\363\251"
 1667      6651FDE1 
 1667      9293102D 
 1667      C2A9A6F3 
 1667      A9
 1668 01b8 06A041C5 		.ascii	"\006\240A\305\216\333?\337,vB\230\3153\365\220\367z"
 1668      8EDB3FDF 
 1668      2C764298 
 1668      CD33F590 
 1668      F77A
 1669 01ca 58F159F8 		.ascii	"X\361Y\370\354\220H3\373\372\216\001\022\207'P\375\340"
 1669      EC904833 
ARM GAS  /tmp/cc0jNunq.s 			page 39


 1669      FBFA8E01 
 1669      12872750 
 1669      FDE0
 1670 01dc 5572B7D9 		.ascii	"Ur\267\331\332\250\256R\026\203\321,m\002\005\263U\031"
 1670      DAA8AE52 
 1670      1683D12C 
 1670      6D0205B3 
 1670      5519
 1671 01ee 0681CDEA 		.ascii	"\006\201\315\352f\005\323bQy\305f8#\267Xj%\353\025\233"
 1671      6605D362 
 1671      5179C566 
 1671      3823B758 
 1671      6A25EB15 
 1672 0203 B1746C70 		.ascii	"\261tlp\\./0\332L\325\222\325\250X3\014 \260j\265\226"
 1672      5C2E2F30 
 1672      DA4CD592 
 1672      D5A85833 
 1672      0C20B06A 
 1673 0219 072E2F34 		.ascii	"\007./4\021jT3Y\311\363\2229P\3002\223f\322\310\312"
 1673      116A5433 
 1673      59C9F392 
 1673      3950C032 
 1673      9366D2C8 
 1674 022e 58ACA4D5 		.ascii	"X\254\244\325\260b\2469sS\316L\235\006\264V\231c\312"
 1674      B062A639 
 1674      7353CE4C 
 1674      9D06B456 
 1674      9963CA
 1675 0241 622C9347 		.ascii	"b,\223GV\316T9.\037U\0113qT1\314|\336\367\021\237\030"
 1675      56CE5439 
 1675      2E1F5509 
 1675      33715431 
 1675      CC7CDEF7 
 1676 0258 2469E4E3 		.ascii	"$i\344\343\354\205\027P\0042\243\3738km\263L\256\205"
 1676      EC851750 
 1676      0432A3FB 
 1676      386B6DB3 
 1676      4CAE85
 1677 026b 2AF129C9 		.ascii	"*\361)\311\242:. P\0021LZ7\201\032\030a>\177\350U\253"
 1677      A23A2E20 
 1677      5002314C 
 1677      5A37811A 
 1677      18613E7F 
 1678 0282 8A903D75 		.ascii	"\212\220=u0\343]/\026O\001\034\335\246\241z'\206\001"
 1678      30E35D2F 
 1678      164F011C 
 1678      DDA6A17A 
 1678      278601
 1679 0295 E444C350 		.ascii	"\344D\303P d\177\203\330\264/\203k\030\021\014\241\005"
 1679      20647F83 
 1679      D8B42F83 
 1679      6B18110C 
 1679      A105
 1680 02a7 F6801FE3 		.ascii	"\366\200\037\343\022\"V\033\240W!\344\006\226\356\356"
 1680      1222561B 
 1680      A05721E4 
 1680      0696EEEE 
ARM GAS  /tmp/cc0jNunq.s 			page 40


 1681 02b7 B651B042 		.ascii	"\266Q\260B\274\247.\031G\004\347\271\1777\301\302\330"
 1681      BCA72E19 
 1681      4704E7B9 
 1681      7F37C1C2 
 1681      D8
 1682 02c8 38053081 		.ascii	"8\0050\201>\3015\035\222\015n%X\366\206\373'Q\006\210"
 1682      3EC1351D 
 1682      920D6E25 
 1682      58F686FB 
 1682      27510688 
 1683 02dc 11A6CB90 		.ascii	"\021\246\313\220\001"
 1683      01
 1684              		.text
 1685              		.section	.gnu.lto_.symbol_nodes.84fe2e094d84a1aa,"e",%progbits
 1686 0000 28B52FFD 		.ascii	"(\265/\375 \037\371\000\000\033\000\000\000\000\002"
 1686      201FF900 
 1686      001B0000 
 1686      000002
 1687 000f CA037F00 		.ascii	"\312\003\177\000\212\256\217\225\001\001\220\316\000"
 1687      8AAE8F95 
 1687      010190CE 
 1687      00
 1688 001c 007F0000 		.ascii	"\000\177\000\000\272\220\202\002\000\000\000\000"
 1688      BA908202 
 1688      00000000 
 1689              		.text
 1690              		.section	.gnu.lto_.refs.84fe2e094d84a1aa,"e",%progbits
 1691 0000 28B52FFD 		.ascii	"(\265/\375 \005)\000\000\001\000\000\000\000"
 1691      20052900 
 1691      00010000 
 1691      0000
 1692              		.text
 1693              		.section	.gnu.lto_.decls.84fe2e094d84a1aa,"e",%progbits
 1694 0000 28B52FFD 		.ascii	"(\265/\375`\014\017}G\000:w\314\032BP\346Q\007_Gs\316"
 1694      600C0F7D 
 1694      47003A77 
 1694      CC1A4250 
 1694      E651075F 
 1695 0017 5D0C0000 		.ascii	"]\014\000\000\210\356\017\377?\365*{\034Q\251nx\177"
 1695      88EE0FFF 
 1695      3FF52A7B 
 1695      1C51A96E 
 1695      787F
 1696 0029 C6B8D6B4 		.ascii	"\306\270\326\264 \311\343\032\307[\377\274\340\3320"
 1696      20C9E31A 
 1696      C75BFFBC 
 1696      E0DA30
 1697 0038 929CF5CC 		.ascii	"\222\234\365\314w\252\011\020p\303`\331\336\225\035"
 1697      77AA0910 
 1697      70C360D9 
 1697      DE951D
 1698 0047 02E7D0FC 		.ascii	"\002\347\320\374\311o\333$\311\024r\001\235\001\243"
 1698      C96FDB24 
 1698      C9147201 
 1698      9D01A3
 1699 0056 01D266F5 		.ascii	"\001\322f\365\177\352K\272\233\223\213*`\361\035V\300"
 1699      7FEA4BBA 
ARM GAS  /tmp/cc0jNunq.s 			page 41


 1699      9B938B2A 
 1699      60F11D56 
 1699      C0
 1700 0067 2EE126D6 		.ascii	".\341&\3261\023\333\201\332\010G\277\250Rj7\316\202"
 1700      3113DB81 
 1700      DA0847BF 
 1700      A8526A37 
 1700      CE82
 1701 0079 B5603717 		.ascii	"\265`7\027\002}\273\377\351\000#\265!K\314|m{\003\000"
 1701      027DBBFF 
 1701      E90023B5 
 1701      214BCC7C 
 1701      6D7B0300 
 1702 008d 7A1E768E 		.ascii	"z\036v\216d6<\235\376\0330\002#\006u\363\265\261\216"
 1702      64363C9D 
 1702      FE1B3002 
 1702      230675F3 
 1702      B5B18E
 1703 00a0 EC849BD8 		.ascii	"\354\204\233\330\0253\261I\310+\255!\372R\015\225\033"
 1703      1533B149 
 1703      C82BAD21 
 1703      FA520D95 
 1703      1B
 1704 00b1 415E3AFA 		.ascii	"A^:\372n\016\320\246n8'\335Q\324\213\216\034_\333\351"
 1704      6E0ED0A6 
 1704      6E3827DD 
 1704      51D48B8E 
 1704      1C5FDBE9 
 1705 00c5 BFC95C2E 		.ascii	"\277\311\\.\375?\364\377\375%'\365\241\316?\353\221"
 1705      FD3FF4FF 
 1705      FD2527F5 
 1705      A1CE3FEB 
 1705      91
 1706 00d6 A767EEA4 		.ascii	"\247g\356\244\376\022\372\314e\3767\212\377\231\377"
 1706      FE12FACC 
 1706      65FE378A 
 1706      FF99FF
 1707 00e5 D4B3A880 		.ascii	"\324\263\250\200\346?\322\364\375%\177\352G\241\315"
 1707      E63FD2F4 
 1707      FD257FEA 
 1707      47A1CD
 1708 00f4 8F626793 		.ascii	"\217bg\223\371Y\216\216\303/\241\323\367\361O\237\356"
 1708      F9598E8E 
 1708      C32FA1D3 
 1708      F7F14F9F 
 1708      EE
 1709 0105 A9FF4BCE 		.ascii	"\251\377K\316)\363\375\337YF\306\365T\346s\351l\216"
 1709      29F3FDDF 
 1709      5946C6F5 
 1709      54E673E9 
 1709      6C8E
 1710 0117 15F8AFE9 		.ascii	"\025\370\257\351\377\327;\206\377\353\177\351|/'\350"
 1710      FFD73B86 
 1710      FFEB7FE9 
 1710      7C2F27E8 
 1711 0127 1CB3C7CF 		.ascii	"\034\263\307\317-\253>\260\245\334\022\372\377+\376"
 1711      2DAB3EB0 
ARM GAS  /tmp/cc0jNunq.s 			page 42


 1711      A5DC12FA 
 1711      FF2BFE
 1712 0136 FF6BC88B 		.ascii	"\377k\310\213\313|\363\227Si\223\314\351\177\315\353"
 1712      CB7CF397 
 1712      536993CC 
 1712      E97FCDEB 
 1713 0146 7FED7DFF 		.ascii	"\177\355}\377\277\304\357\363\253\354\013<\377\227\377"
 1713      BFC4EFF3 
 1713      ABEC0B3C 
 1713      FF97FF
 1714 0155 4FC636DF 		.ascii	"O\3066\337\003\2709&d\3525\344M\372\362z\301~M\010\376"
 1714      03B83926 
 1714      64EA35E4 
 1714      4DFAF27A 
 1714      C17E4D08 
 1715 016a FF8F3AA9 		.ascii	"\377\217:\251\357\022\277csv^\350\224\037\303K\352\177"
 1715      EF12BF63 
 1715      73765EE8 
 1715      941FC34B 
 1715      EA7F
 1716 017c BD8DE6D9 		.ascii	"\275\215\346\331g\352r\352l\376?\256\"\335(C\264\306"
 1716      67EA72EA 
 1716      6CFE3FAE 
 1716      22DD2843 
 1716      B4C6
 1717 018e D76E1CEC 		.ascii	"\327n\034\354\306R\335XE7\346\320\215Ktc\024\3358Ew"
 1717      C652DD58 
 1717      4537E6D0 
 1717      8D4B7463 
 1717      14DD3845 
 1718 01a3 3BE8C613 		.ascii	";\350\306\023\272\333\256\033w\000\323\335\276n\374"
 1718      BADBAE1B 
 1718      7700D3DD 
 1718      BE6EFC
 1719 01b2 A3BBC574 		.ascii	"\243\273\305t7\356n6\335\355wwww\335]\325\3153v'M\005"
 1719      37EE6E36 
 1719      DDED7777 
 1719      7777DD5D 
 1719      D5CD3376 
 1720 01c9 CC5EA7FF 		.ascii	"\314^\247\377Q\035F\377\206\342T\350vg\030\366\263>"
 1720      511D46FF 
 1720      86E254E8 
 1720      766718F6 
 1720      B33E
 1721 01db 9B4B8FE3 		.ascii	"\233K\217\343k\212\364\177\332XK\267\317p2\377\302~"
 1721      6B8AF47F 
 1721      DA584BB7 
 1721      CF7032FF 
 1721      C27E
 1722 01ed 9CE088BC 		.ascii	"\234\340\210\274W\334\012>B\324$\212` B\204\010\030"
 1722      57DC0A3E 
 1722      42D4248A 
 1722      60204284 
 1722      0818
 1723 01ff 8D922B67 		.ascii	"\215\222+g\022\254\335\023\313\335\213\346\356\201\345"
 1723      12ACDD13 
 1723      CBDD8BE6 
ARM GAS  /tmp/cc0jNunq.s 			page 43


 1723      EE81E5
 1724 020e 5E17E55E 		.ascii	"^\027\345^\353r\326\223{\305\223\227\320\344^\277\344"
 1724      EB72D693 
 1724      7BC59397 
 1724      D0E45EBF 
 1724      E4
 1725 021f 026EB9D7 		.ascii	"\002n\271\327\265\354d$\367Z\226\037\254=2\357\305M"
 1725      B5EC6424 
 1725      F75A961F 
 1725      AC3D32EF 
 1725      C54D
 1726 0231 AC05FFBB 		.ascii	"\254\005\377\273L\367\003\212\240\227e\226\235\325\360"
 1726      4CF7038A 
 1726      A0976596 
 1726      9DD5F0
 1727 0240 B5D767EE 		.ascii	"\265\327g\356u\231\2337(g8d(\211N\230\241;_\025`\273"
 1727      75999B37 
 1727      28673864 
 1727      28894E98 
 1727      A13B5F15 
 1728 0256 8EBAD078 		.ascii	"\216\272\320x\032\367U\012n\246\357'7\257N\022\2164"
 1728      1AF7550A 
 1728      6EA6EF27 
 1728      37AF4E12 
 1728      8E34
 1729 0268 412F9B8C 		.ascii	"A/\233\214\351p];\300\201\234\355\205SJ*\363\201&6&"
 1729      E9705D3B 
 1729      C0819CED 
 1729      85534A2A 
 1729      F3812636 
 1730 027d 3776C0F2 		.ascii	"7v\300\362\356\356\260\003\266ym\271\247\230\211\245"
 1730      EEEEB003 
 1730      B6796DB9 
 1730      A79889A5 
 1731 028d 809B58BC 		.ascii	"\200\233X\274\007\363\351\007\270O\257m\257\2227\025"
 1731      07F3E907 
 1731      B84FAF6D 
 1731      AF923715 
 1732 029d 09C24125 		.ascii	"\011\302A%7~\300*\341\007l\363\232\344\346\251\345\356"
 1732      377EC02A 
 1732      E1076CF3 
 1732      9AE4E6A9 
 1732      E5EE
 1733 02af 2287070C 		.ascii	"\"\207\007\014\013\215*w\032\343\351>HkU2i|\355@\330"
 1733      0B8D2A77 
 1733      1AE3E93E 
 1733      486B5532 
 1733      697CED40 
 1734 02c4 8E929D95 		.ascii	"\216\222\235\225>jv\330XEq\310\314\025\311\315\013\222"
 1734      3E6A76D8 
 1734      584571C8 
 1734      CC15C9CD 
 1734      0B92
 1735 02d6 BB4C633A 		.ascii	"\273Lc:s\262\233%tb\276\312y\000?\260\210\311\371\332"
 1735      73B29B25 
 1735      7462BECA 
 1735      79003FB0 
ARM GAS  /tmp/cc0jNunq.s 			page 44


 1735      88C9F9DA 
 1736 02ea BC671C0C 		.ascii	"\274g\034\014\307g\344\216\0255\273\334N\207\333\364"
 1736      C767E48E 
 1736      1535BBDC 
 1736      4E87DBF4 
 1737 02fa A483DCCA 		.ascii	"\244\203\334\312\342\330\304\301i\340|J4\236|\376\274"
 1737      E2D8C4C1 
 1737      69E07C4A 
 1737      349E7CFE 
 1737      BC
 1738 030b A171B6DC 		.ascii	"\241q\266\334m0\023\373\0007\261\015\207\231X_\022$"
 1738      6D3013FB 
 1738      0037B10D 
 1738      8799585F 
 1738      1224
 1739 031d A682AB34 		.ascii	"\246\202\2534\266\202\005[\301br\357\337nF\023\023^"
 1739      B682055B 
 1739      C16272EF 
 1739      DF6E4613 
 1739      135E
 1740 032f C6CA00D9 		.ascii	"\306\312\000\331\375\330\030\004\037\231;kD\2664\026"
 1740      FDD81804 
 1740      1F993B6B 
 1740      44B63416 
 1741 033f D38DB9E0 		.ascii	"\323\215\271\3407\034\206\300\277\240\377W\300\3633"
 1741      371C86C0 
 1741      BFA0FF57 
 1741      C0F333
 1742 034e 234C9AAF 		.ascii	"#L\232\257\030\314\332\344\011\225\012\225\214\273`"
 1742      18CCDAE4 
 1742      09950A95 
 1742      8CBB60
 1743 035d 2F8DBF74 		.ascii	"/\215\277tG]P\260\"C\243~yiZ\352\334\334M\033\000at"
 1743      475D50B0 
 1743      2243A37E 
 1743      79695AEA 
 1743      DCDC4D1B 
 1744 0374 6021E2AB 		.ascii	"`!\342\253\243\371\322\010\265\331\371\332\025\270\210"
 1744      A3F9D208 
 1744      B5D9F9DA 
 1744      15B888
 1745 0383 39C504A9 		.ascii	"9\305\004\251\341V\026\355\222\003\312\013\364\306\226"
 1745      E15616ED 
 1745      9203CA0B 
 1745      F4C696
 1746 0392 31A82FCE 		.ascii	"1\250/\316\304,\216\352L:L\273\340j\035\2621\376\346"
 1746      C42C8EEA 
 1746      4C3A4CBB 
 1746      E06A1DB2 
 1746      31FEE6
 1747 03a5 4CD66773 		.ascii	"L\326gs\372W\320\222\316\330\362H\355\376\343\326\270"
 1747      FA57D092 
 1747      CED8F248 
 1747      EDFEE3D6 
 1747      B8
 1748 03b6 1A2FE367 		.ascii	"\032/\343g\234\215\223\3614\216\306\315\264\217\351"
 1748      9C8D93F1 
ARM GAS  /tmp/cc0jNunq.s 			page 45


 1748      348EC6CD 
 1748      B48FE9
 1749 03c5 76301E06 		.ascii	"v0\036\006\011\352\005\255\010\201\265\331%\331\033"
 1749      09EA05AD 
 1749      0881B5D9 
 1749      25D91B
 1750 03d4 B069B959 		.ascii	"\260i\271Y#\271\331!\271\33177K\226\233\325\221\233"
 1750      23B9D921 
 1750      B9D93737 
 1750      4B969BD5 
 1750      919B
 1751 03e6 7DE6669B 		.ascii	"}\346f\233\271\333\333\330\216\322\320\352\242\276\266"
 1751      B9DBDBD8 
 1751      8ED2D0EA 
 1751      A2BEB6
 1752 03f5 BDCDB125 		.ascii	"\275\315\261%Ll\370\212H\321\033!i\",\350\355\220t\015"
 1752      4C6CF88A 
 1752      48D11B21 
 1752      69222CE8 
 1752      ED90740D 
 1753 0409 7693455A 		.ascii	"v\223EZ\306\245\370\014V\263>\227K\177#\354\014\231"
 1753      C6A5F80C 
 1753      56B33E97 
 1753      4B7F23EC 
 1753      0C99
 1754 041b 25CE246C 		.ascii	"%\316$lM\365?\016.\016\3231\373\022\345O\025\013\022"
 1754      4DF53F0E 
 1754      2E0ED331 
 1754      FB12E54F 
 1754      150B12
 1755 042e 93FEC7E5 		.ascii	"\223\376\307\345\321\203\375\204\221U\341\3528\251\372"
 1755      D183FD84 
 1755      9155E1EA 
 1755      38A9FA
 1756 043d 11577B93 		.ascii	"\021W{\223g\016\313\331\010\013Ru)\036\204\011\255O"
 1756      670ECBD9 
 1756      080B5275 
 1756      291E8409 
 1756      AD4F
 1757 044f E6D2DFF8 		.ascii	"\346\322\337\370\222\303\245\356\345F\260\031\330\234"
 1757      92C3A5EE 
 1757      E546B019 
 1757      D89C
 1758 045d EAFF9B79 		.ascii	"\352\377\233y\203\351\204U\001T\010\037\002\303\210"
 1758      83E98455 
 1758      0154081F 
 1758      02C388
 1759 046c A478913F 		.ascii	"\244x\221?\366ZB\027\230\275\325]q,\236\305\237\270"
 1759      F65A4217 
 1759      98BDD55D 
 1759      712C9EC5 
 1759      9FB8
 1760 047e 159FE251 		.ascii	"\025\237\342Q\234\212Wq(\356\304\265\370\324\233\370"
 1760      9C8A5771 
 1760      28EEC4B5 
 1760      F8D49BF8 
 1761 048e 9A4B6997 		.ascii	"\232Ki\227\342i{\022Wr\324D\021\015&\203\025N\211\325"
ARM GAS  /tmp/cc0jNunq.s 			page 46


 1761      E2697B12 
 1761      5772D444 
 1761      110D2683 
 1761      154E89D5 
 1762 04a2 51A5ACCF 		.ascii	"Q\245\254\317\241\314\276w\\\315\323><QR\347\253\243"
 1762      A1CCBE77 
 1762      5CCDD33E 
 1762      3C5152E7 
 1762      ABA3
 1763 04b4 1D2D8918 		.ascii	"\035-\211\030\032\363'7\222\366\311\321m\341\203'{\021"
 1763      1AF32737 
 1763      92F6C9D1 
 1763      6DE18327 
 1763      7B11
 1764 04c6 032BA1E7 		.ascii	"\003+\241\347\226.\276vOMn\254\005\307\"\033bN\032Y"
 1764      962EBE76 
 1764      4F4D6EAC 
 1764      05C7221B 
 1764      624E1A59 
 1765 04da A239EAA0 		.ascii	"\2429\352\240v\254\251\361t2\003,\315\015\250\035\024"
 1765      76ACA9F1 
 1765      7432032C 
 1765      CD0DA81D 
 1765      14
 1766 04eb 8F324DB1 		.ascii	"\2172M\261\272\037\336\303\203\370\231\217\271\231\017"
 1766      BA1FDEC3 
 1766      83F8998F 
 1766      B9990F
 1767 04fa 71220EC4 		.ascii	"q\"\016\304\205\270\017\177\275\254\235\254\333\227"
 1767      85B80F7F 
 1767      BDAC9DAC 
 1767      DB97
 1768 0508 1E9D3541 		.ascii	"\036\2355A\251\204\302\320bu\031\257\202O-\261\010\243"
 1768      A984C2D0 
 1768      627519AF 
 1768      824F2DB1 
 1768      08A3
 1769 051a 9D7A0A52 		.ascii	"\235z\012R\005I\374\200V\301(\252\036\024\360\307\213"
 1769      0549FC80 
 1769      56C128AA 
 1769      1E14F0C7 
 1769      8B
 1770 052b 02FE78C0 		.ascii	"\002\376x\300\240\003\247\034\330\003\262\300\037\360"
 1770      A003A71C 
 1770      D803B2C0 
 1770      1FF0
 1771 0539 97E28A05 		.ascii	"\227\342\212\005\206\000\361\013FQ\001h\261\216?\344"
 1771      8600F10B 
 1771      46510168 
 1771      B18E3FE4 
 1772 0549 1189FC60 		.ascii	"\021\211\374`\204\324\022\267\206nr\213*+u\326\204-"
 1772      84D412B7 
 1772      866E728B 
 1772      2A2B75D6 
 1772      842D
 1773 055b AA0B56C1 		.ascii	"\252\013V\301`\211\225\330\"\213SFCw8\225c\270E\344"
 1773      608995D8 
ARM GAS  /tmp/cc0jNunq.s 			page 47


 1773      228B5346 
 1773      43773895 
 1773      63B845E4 
 1774 056f D078446A 		.ascii	"\320xDj\223\303,\253\021U\277\034\014\226\340![\343"
 1774      93C32CAB 
 1774      1155BF1C 
 1774      0C96E021 
 1774      5BE3
 1775 0581 90986C91 		.ascii	"\220\230l\221V\255;\004bu\015=\010p\213\036\334$\262"
 1775      56AD3B04 
 1775      62750D3D 
 1775      08708B1E 
 1775      DC24B2
 1776 0594 0822B758 		.ascii	"\010\"\267XG\022TW\354\326\261\350\016\215]D\343\360"
 1776      47125457 
 1776      ECD6B1E8 
 1776      0E8D5D44 
 1776      E3F0
 1777 05a6 F703FE02 		.ascii	"\367\003\376\002\030\207E\255\343V\014\343\321\352\007"
 1777      188745AD 
 1777      E3560CE3 
 1777      D1EA07
 1778 05b5 FCF9B2DC 		.ascii	"\374\371\262\334\026[m\325\017\3703r\213[T\353\325\325"
 1778      165B6DD5 
 1778      0FF83372 
 1778      8B5B54EB 
 1778      D5D5
 1779 05c7 D115922B 		.ascii	"\321\025\222+\314\000\000\351Z\261`\321\345A\011\344"
 1779      CC0000E9 
 1779      5AB160D1 
 1779      E54109E4 
 1780 05d7 3A3A7285 		.ascii	"::r\205RP\356V\327\361\207lY\244P\002\221\\aT\005w\253"
 1780      5250EE56 
 1780      D7F1876C 
 1780      59A45002 
 1780      915C6154 
 1781 05ee D8955B19 		.ascii	"\330\225[\031\305\340\017\370\003\000\354\001\203T\312"
 1781      C5E00FF8 
 1781      0300EC01 
 1781      8354CA
 1782 05fd AB9ED2ED 		.ascii	"\253\236\322\355@bJ(dR\"\207ZXY\254\322\013\342\261"
 1782      40624A28 
 1782      64522287 
 1782      5A5859AC 
 1782      D20BE2B1 
 1783 0611 6A155259 		.ascii	"j\025RY\021h{\235\241\221G\367H\002\331rq\265nP\310"
 1783      11687B9D 
 1783      A19147F7 
 1783      4802D972 
 1783      71B56E50 
 1784 0626 753C5661 		.ascii	"u<Va\265\311\243\361\347\022[\027G$\227\360\010\003"
 1784      B5C9A3F1 
 1784      E7125B17 
 1784      472497F0 
 1784      0803
 1785 0638 D9269F5C 		.ascii	"\331&\237\\\264\220\361\324j\035\263\2366$\273\334\241"
 1785      B490F1D4 
ARM GAS  /tmp/cc0jNunq.s 			page 48


 1785      6A1DB39E 
 1785      3624BBDC 
 1785      A1
 1786 0649 1B14C0A2 		.ascii	"\033\024\300\242\235j\271b\\\265F\254\255\241\010\241"
 1786      9D6AB962 
 1786      5CB546AC 
 1786      ADA108A1 
 1787 0659 90A9A52C 		.ascii	"\220\251\245,\0141`a\220\"Npj\014P?\247\023%Bd\342\004"
 1787      0C316061 
 1787      90224E70 
 1787      6A0C503F 
 1787      A7132542 
 1788 0670 652B2C72 		.ascii	"e+,r%\205\306aV\213\250\012Zn\362\211\210\014>\011\225"
 1788      2585C661 
 1788      568BA80A 
 1788      5A6EF289 
 1788      880C3E09 
 1789 0685 4A0A21A2 		.ascii	"J\012!\242*\220\270\012>%\221-\214\"r\012\303\221E\021"
 1789      2A90B80A 
 1789      3E25912D 
 1789      8C22720A 
 1789      C3914511 
 1790 0699 84129895 		.ascii	"\204\022\230\225\3542\202\020*?PY\005\205U\035D4u\262"
 1790      EC328210 
 1790      2A3F5059 
 1790      0585551D 
 1790      443475B2 
 1791 06ad CBC84541 		.ascii	"\313\310EAK\202\262u\221Gb\200\326\222\220\224\202\241"
 1791      4B82B275 
 1791      91476280 
 1791      D6929094 
 1791      82A1
 1792 06bf 850C8125 		.ascii	"\205\014\201%\250\221L\306\2142$\"\"\")H\223\306A\005"
 1792      A8914CC6 
 1792      8C322422 
 1792      22222948 
 1792      93C64105 
 1793 06d3 C430CBA4 		.ascii	"\3040\313\244\253\007\022 41\214\222\035\221\021\011"
 1793      AB071220 
 1793      34318C92 
 1793      1D911109 
 1794 06e3 92240535 		.ascii	"\222$\0055*\033s!\307\316o`q\222\276@\334\363\364\342"
 1794      2A1B7321 
 1794      C7CE6F60 
 1794      7192BE40 
 1794      DCF3F4E2 
 1795 06f7 0CE29527 		.ascii	"\014\342\225'\273\323-\242\325H\361VQ\263\203\310\347"
 1795      BBD32DA2 
 1795      D548F156 
 1795      51B383C8 
 1795      E7
 1796 0708 6924820E 		.ascii	"i$\202\016j\037qd\243\343\306\376\366\213W\303\222\244"
 1796      6A1F7164 
 1796      A3E3C6FE 
 1796      F68B57C3 
 1796      92A4
 1797 071a 9B104565 		.ascii	"\233\020Ee\017\022\253\345\367\212&\022\373\345[\255"
ARM GAS  /tmp/cc0jNunq.s 			page 49


 1797      0F12ABE5 
 1797      F78A2612 
 1797      FBE55BAD 
 1798 072a 0E45D761 		.ascii	"\016E\327a!\302t\250\234Fm\311\347\032\305\371\223I"
 1798      21C274A8 
 1798      9C466DC9 
 1798      E71AC5F9 
 1798      9349
 1799 073c 4C5B50CA 		.ascii	"L[P\312\021\214\014p\342\256\023\257a\025\263\227F\320"
 1799      118C0C70 
 1799      E2AE13AF 
 1799      6115B397 
 1799      46D0
 1800 074e 3514F40E 		.ascii	"5\024\364\016\266\200\002%\376\341\322\362\205\300\302"
 1800      B6800225 
 1800      FEE1D2F2 
 1800      85C0C2
 1801 075d 7A03CF20 		.ascii	"z\003\317 \357\014%\333!\276}:\000em\263\031\345N\014"
 1801      EF0C25DB 
 1801      21BE7D3A 
 1801      00656DB3 
 1801      19E54E0C 
 1802 0771 3C1CF41F 		.ascii	"<\034\364\037\333\301\231@\261\201,\367hg`\327\363\034"
 1802      DBC19940 
 1802      B1812CF7 
 1802      686760D7 
 1802      F31C
 1803 0783 B2946B5A 		.ascii	"\262\224kZ>\333]\376(#\213iC\033\236.\0023\221\004\032"
 1803      3EDB5DFE 
 1803      28238B69 
 1803      431B9E2E 
 1803      02339104 
 1804 0798 5750F872 		.ascii	"WP\370r\250%vy\012\223\001G\245\032\012\246)\333\257"
 1804      A8257679 
 1804      0A930147 
 1804      A51A0AA6 
 1804      29DBAF
 1805 07ab AB0728E8 		.ascii	"\253\007(\350ZaD\213\364\377\357f\254\334#\024\354\035"
 1805      5A61448B 
 1805      F4FFEF66 
 1805      ACDC2314 
 1805      EC1D
 1806 07bd 65AB5189 		.ascii	"e\253Q\211\333\242'\262\016\332\277\312\255\3356%\347"
 1806      DBA227B2 
 1806      0EDABFCA 
 1806      ADDD3625 
 1806      E7
 1807 07ce 2744     		.ascii	"'D"
 1808 07d0 D2A0A1DE 		.ascii	"\322\240\241\336g\222\235\300z\007\311\023@\336g\251"
 1808      67929DC0 
 1808      7A07C913 
 1808      40DE67A9 
 1809 07e0 D3F996ED 		.ascii	"\323\371\226\355\016\331!\376\226\364\236\202/\003\020"
 1809      0ED921FE 
 1809      96F49E82 
 1809      2F0310
 1810 07ef C2D726B7 		.ascii	"\302\327&\267(\272g\204m5\362\376/\367\0112\034'\324"
ARM GAS  /tmp/cc0jNunq.s 			page 50


 1810      28BA6784 
 1810      6D35F2FE 
 1810      2FF70932 
 1810      1C27D4
 1811 0802 181E2D98 		.ascii	"\030\036-\230\347\200v\024\021\301aT.L\354~m(\355\016"
 1811      E7807614 
 1811      11C16154 
 1811      2E4CEC7E 
 1811      6D28ED0E 
 1812 0816 1E5A89ED 		.ascii	"\036Z\211\355@\325\234\374\235\024\330z\241{\342\257"
 1812      40D59CFC 
 1812      9D14D87A 
 1812      A17BE2AF 
 1813 0826 AC0020F8 		.ascii	"\254\000 \370co\001\037'\300\324\206\350a\332\276]>"
 1813      636F011F 
 1813      27C0D486 
 1813      E861DABE 
 1813      5D3E
 1814 0838 B04B0F60 		.ascii	"\260K\017`\327\212\200\373H\375\231\323{\017\204\035"
 1814      D78A80FB 
 1814      48FD99D3 
 1814      7B0F841D 
 1815 0848 B6215A53 		.ascii	"\266!ZS\210la\247\015\371\343\037 \277?\212r\365\002"
 1815      886C61A7 
 1815      0DF9E31F 
 1815      20BF3F8A 
 1815      72F502
 1816 085b 05A09C8D 		.ascii	"\005\240\234\215\351\204\345\2448\037\326&\035oD\317"
 1816      E984E5A4 
 1816      381FD626 
 1816      1D6F44CF 
 1817 086b 294093F0 		.ascii	")@\223\360\272)\356\2060\241O\370\372\273\337\230\013"
 1817      BA29EE86 
 1817      30A14FF8 
 1817      FABBDF98 
 1817      0B
 1818 087c E4E70702 		.ascii	"\344\347\007\002u6\3246\260Xs\231\216K\326\313\237\310"
 1818      7536D436 
 1818      B0587399 
 1818      8E4BD6CB 
 1818      9FC8
 1819 088e A68E450D 		.ascii	"\246\216E\015\"WaGBJ\227c%\033\334\355Ai\347\\3\012"
 1819      22576147 
 1819      424A9763 
 1819      251BDCED 
 1819      4169E75C 
 1820 08a4 57BC92F0 		.ascii	"W\274\222\360+CY\205\330\221\312@\260\222;k\270\264"
 1820      2B435985 
 1820      D891CA40 
 1820      B0923B6B 
 1820      B8B4
 1821 08b6 B6E8E765 		.ascii	"\266\350\347e\037\277\016\304\342\367o\245\313\360\305"
 1821      1FBF0EC4 
 1821      E2F76FA5 
 1821      CBF0C5
 1822 08c5 6DB79E33 		.ascii	"m\267\2363\035)\264\035\206\200\3163B\025\347HW*o\210"
 1822      1D29B41D 
ARM GAS  /tmp/cc0jNunq.s 			page 51


 1822      8680CE33 
 1822      4215E748 
 1822      572A6F88 
 1823 08d9 AF120255 		.ascii	"\257\022\002U\327yh\334\362N\343\227\255\362\267\373"
 1823      D77968DC 
 1823      F24EE397 
 1823      ADF2B7FB 
 1824 08e9 2C0DD1A9 		.ascii	",\015\321\251\200\213\214H\200wu\270\3120<5"
 1824      808B8C48 
 1824      807775B8 
 1824      CA303C35 
 1825              		.text
 1826              		.section	.gnu.lto_.symtab.84fe2e094d84a1aa,"e",%progbits
 1827 0000 48414C5F 		.ascii	"HAL_SPIEx_FlushRxFifo\000"
 1827      53504945 
 1827      785F466C 
 1827      75736852 
 1827      78466966 
 1828 0016 00       		.ascii	"\000"
 1829 0017 00       		.ascii	"\000"
 1830 0018 00       		.ascii	"\000"
 1831 0019 00000000 		.ascii	"\000\000\000\000\000\000\000\000"
 1831      00000000 
 1832 0021 CD000000 		.ascii	"\315\000\000\000"
 1833              		.text
 1834              		.section	.gnu.lto_.ext_symtab.84fe2e094d84a1aa,"e",%progbits
 1835 0000 01       		.ascii	"\001"
 1836 0001 01       		.ascii	"\001"
 1837 0002 00       		.ascii	"\000"
 1838              		.text
 1839              		.section	.gnu.lto_.opts,"e",%progbits
 1840 0000 272D666E 		.ascii	"'-fno-openmp' '-fno-openacc' '-fno-pie' '-fcf-prote"
 1840      6F2D6F70 
 1840      656E6D70 
 1840      2720272D 
 1840      666E6F2D 
 1841 0033 6374696F 		.ascii	"ction=none' '-g' '-mcpu=cortex-m0plus' '-mthumb' '-"
 1841      6E3D6E6F 
 1841      6E652720 
 1841      272D6727 
 1841      20272D6D 
 1842 0066 6D666C6F 		.ascii	"mfloat-abi=soft' '-mlibarch=armv6s-m' '-march=armv6"
 1842      61742D61 
 1842      62693D73 
 1842      6F667427 
 1842      20272D6D 
 1843 0099 732D6D27 		.ascii	"s-m' '-Og' '-fdata-sections' '-ffunction-sections' "
 1843      20272D4F 
 1843      67272027 
 1843      2D666461 
 1843      74612D73 
 1844 00cc 272D666C 		.ascii	"'-flto' '-Xassembler' '-a' '-Xassembler' '-ad' '-Xa"
 1844      746F2720 
 1844      272D5861 
 1844      7373656D 
 1844      626C6572 
 1845 00ff 7373656D 		.ascii	"ssembler' '-alms=build/debug/stm32g0xx_hal_spi_ex.l"
ARM GAS  /tmp/cc0jNunq.s 			page 52


 1845      626C6572 
 1845      2720272D 
 1845      616C6D73 
 1845      3D627569 
 1846 0132 73742700 		.ascii	"st'\000"
 1847              		.text
 1848              		.comm	__gnu_lto_slim,1,1
 1849              		.ident	"GCC: (Arm GNU Toolchain 14.2.Rel1 (Build arm-14.52)) 14.2.1 20241119"
ARM GAS  /tmp/cc0jNunq.s 			page 53


DEFINED SYMBOLS
                            *ABS*:00000000 stm32g0xx_hal_spi_ex.c
     /tmp/cc0jNunq.s:26     .gnu.debuglto_.debug_info:00000000 stm32g0xx_hal_spi_ex.c.c67d7a46
                            *COM*:00000001 __gnu_lto_slim

NO UNDEFINED SYMBOLS
