ARM GAS  /tmp/cc85DhEB.s 			page 1


   1              		.cpu cortex-m0plus
   2              		.arch armv6s-m
   3              		.fpu softvfp
   4              		.eabi_attribute 20, 1
   5              		.eabi_attribute 21, 1
   6              		.eabi_attribute 23, 3
   7              		.eabi_attribute 24, 1
   8              		.eabi_attribute 25, 1
   9              		.eabi_attribute 26, 1
  10              		.eabi_attribute 30, 1
  11              		.eabi_attribute 34, 0
  12              		.eabi_attribute 18, 4
  13              		.file	"sysmem.c"
  14              		.file 1 "/opt/arm-gnu-toolchain-14.2/lib/gcc/arm-none-eabi/14.2.1/include/stddef.h"
  15              		.file 2 "/opt/arm-gnu-toolchain-14.2/arm-none-eabi/include/machine/_default_types.h"
  16              		.file 3 "/opt/arm-gnu-toolchain-14.2/arm-none-eabi/include/sys/_stdint.h"
  17              		.file 4 "Core/Src/sysmem.c"
  18              		.file 5 "/opt/arm-gnu-toolchain-14.2/arm-none-eabi/include/sys/errno.h"
  19              		.section	.gnu.debuglto_.debug_info,"e",%progbits
  20              	.Ldebug_info0:
  21              		.hidden	sysmem.c.3c8e8bda
  22              		.weak	sysmem.c.3c8e8bda
  23              	sysmem.c.3c8e8bda:
  24 0000 3C010000 		.4byte	0x13c
  25 0004 0500     		.2byte	0x5
  26 0006 01       		.byte	0x1
  27 0007 04       		.byte	0x4
  28 0008 00000000 		.4byte	.Ldebug_abbrev0
  29 000c 07       		.uleb128 0x7
  30 000d 76010000 		.4byte	.LASF23
  31 0011 1D       		.byte	0x1d
  32 0012 62000000 		.4byte	.LASF24
  33 0016 FE000000 		.4byte	.LASF25
  34 001a 00000000 		.4byte	.Ldebug_line0
  35 001e 08       		.uleb128 0x8
  36 001f 04       		.byte	0x4
  37 0020 05       		.byte	0x5
  38 0021 696E7400 		.ascii	"int\000"
  39 0025 02       		.uleb128 0x2
  40 0026 58000000 		.4byte	.LASF4
  41 002a 01       		.byte	0x1
  42 002b 91       		.byte	0x91
  43 002c 1A       		.byte	0x1a
  44 002d 1E000000 		.4byte	0x1e
  45 0031 01       		.uleb128 0x1
  46 0032 04       		.byte	0x4
  47 0033 07       		.byte	0x7
  48 0034 29000000 		.4byte	.LASF0
  49 0038 01       		.uleb128 0x1
  50 0039 08       		.byte	0x8
  51 003a 05       		.byte	0x5
  52 003b 00000000 		.4byte	.LASF1
  53 003f 01       		.uleb128 0x1
  54 0040 08       		.byte	0x8
  55 0041 04       		.byte	0x4
  56 0042 54010000 		.4byte	.LASF2
  57 0046 01       		.uleb128 0x1
ARM GAS  /tmp/cc85DhEB.s 			page 2


  58 0047 01       		.byte	0x1
  59 0048 06       		.byte	0x6
  60 0049 42010000 		.4byte	.LASF3
  61 004d 02       		.uleb128 0x2
  62 004e 9D000000 		.4byte	.LASF5
  63 0052 02       		.byte	0x2
  64 0053 2B       		.byte	0x2b
  65 0054 18       		.byte	0x18
  66 0055 59000000 		.4byte	0x59
  67 0059 01       		.uleb128 0x1
  68 005a 01       		.byte	0x1
  69 005b 08       		.byte	0x8
  70 005c BF000000 		.4byte	.LASF6
  71 0060 01       		.uleb128 0x1
  72 0061 02       		.byte	0x2
  73 0062 05       		.byte	0x5
  74 0063 6C010000 		.4byte	.LASF7
  75 0067 01       		.uleb128 0x1
  76 0068 02       		.byte	0x2
  77 0069 07       		.byte	0x7
  78 006a 0E000000 		.4byte	.LASF8
  79 006e 01       		.uleb128 0x1
  80 006f 04       		.byte	0x4
  81 0070 05       		.byte	0x5
  82 0071 F0000000 		.4byte	.LASF9
  83 0075 02       		.uleb128 0x2
  84 0076 4D000000 		.4byte	.LASF10
  85 007a 02       		.byte	0x2
  86 007b 4F       		.byte	0x4f
  87 007c 19       		.byte	0x19
  88 007d 81000000 		.4byte	0x81
  89 0081 01       		.uleb128 0x1
  90 0082 04       		.byte	0x4
  91 0083 07       		.byte	0x7
  92 0084 74000000 		.4byte	.LASF11
  93 0088 01       		.uleb128 0x1
  94 0089 08       		.byte	0x8
  95 008a 07       		.byte	0x7
  96 008b 86000000 		.4byte	.LASF12
  97 008f 09       		.uleb128 0x9
  98 0090 04       		.byte	0x4
  99 0091 01       		.uleb128 0x1
 100 0092 01       		.byte	0x1
 101 0093 08       		.byte	0x8
 102 0094 D2000000 		.4byte	.LASF13
 103 0098 02       		.uleb128 0x2
 104 0099 B7000000 		.4byte	.LASF14
 105 009d 03       		.byte	0x3
 106 009e 18       		.byte	0x18
 107 009f 13       		.byte	0x13
 108 00a0 4D000000 		.4byte	0x4d
 109 00a4 06       		.uleb128 0x6
 110 00a5 98000000 		.4byte	0x98
 111 00a9 02       		.uleb128 0x2
 112 00aa E7000000 		.4byte	.LASF15
 113 00ae 03       		.byte	0x3
 114 00af 30       		.byte	0x30
ARM GAS  /tmp/cc85DhEB.s 			page 3


 115 00b0 14       		.byte	0x14
 116 00b1 75000000 		.4byte	0x75
 117 00b5 06       		.uleb128 0x6
 118 00b6 A9000000 		.4byte	0xa9
 119 00ba 03       		.uleb128 0x3
 120 00bb D7000000 		.4byte	.LASF19
 121 00bf 1F       		.byte	0x1f
 122 00c0 11       		.byte	0x11
 123 00c1 C5000000 		.4byte	0xc5
 124 00c5 04       		.uleb128 0x4
 125 00c6 98000000 		.4byte	0x98
 126 00ca 0A       		.uleb128 0xa
 127 00cb 3A010000 		.4byte	.LASF26
 128 00cf 05       		.byte	0x5
 129 00d0 13       		.byte	0x13
 130 00d1 0D       		.byte	0xd
 131 00d2 D6000000 		.4byte	0xd6
 132 00d6 04       		.uleb128 0x4
 133 00d7 1E000000 		.4byte	0x1e
 134 00db 0B       		.uleb128 0xb
 135 00dc 4E010000 		.4byte	.LASF27
 136 00e0 04       		.byte	0x4
 137 00e1 36       		.byte	0x36
 138 00e2 07       		.byte	0x7
 139 00e3 8F000000 		.4byte	0x8f
 140 00e7 3A010000 		.4byte	0x13a
 141 00eb 0C       		.uleb128 0xc
 142 00ec CD000000 		.4byte	.LASF28
 143 00f0 04       		.byte	0x4
 144 00f1 36       		.byte	0x36
 145 00f2 17       		.byte	0x17
 146 00f3 25000000 		.4byte	0x25
 147 00f7 05       		.uleb128 0x5
 148 00f8 F9000000 		.4byte	.LASF16
 149 00fc 38       		.byte	0x38
 150 00fd 12       		.byte	0x12
 151 00fe 98000000 		.4byte	0x98
 152 0102 05       		.uleb128 0x5
 153 0103 21000000 		.4byte	.LASF17
 154 0107 39       		.byte	0x39
 155 0108 12       		.byte	0x12
 156 0109 98000000 		.4byte	0x98
 157 010d 05       		.uleb128 0x5
 158 010e A7000000 		.4byte	.LASF18
 159 0112 3A       		.byte	0x3a
 160 0113 13       		.byte	0x13
 161 0114 A9000000 		.4byte	0xa9
 162 0118 03       		.uleb128 0x3
 163 0119 60010000 		.4byte	.LASF20
 164 011d 3B       		.byte	0x3b
 165 011e 12       		.byte	0x12
 166 011f B5000000 		.4byte	0xb5
 167 0123 03       		.uleb128 0x3
 168 0124 44000000 		.4byte	.LASF21
 169 0128 3C       		.byte	0x3c
 170 0129 12       		.byte	0x12
 171 012a 3A010000 		.4byte	0x13a
ARM GAS  /tmp/cc85DhEB.s 			page 4


 172 012e 03       		.uleb128 0x3
 173 012f 36000000 		.4byte	.LASF22
 174 0133 3D       		.byte	0x3d
 175 0134 0C       		.byte	0xc
 176 0135 C5000000 		.4byte	0xc5
 177 0139 00       		.byte	0
 178 013a 04       		.uleb128 0x4
 179 013b A4000000 		.4byte	0xa4
 180 013f 00       		.byte	0
 181              		.section	.gnu.debuglto_.debug_abbrev,"e",%progbits
 182              	.Ldebug_abbrev0:
 183 0000 01       		.uleb128 0x1
 184 0001 24       		.uleb128 0x24
 185 0002 00       		.byte	0
 186 0003 0B       		.uleb128 0xb
 187 0004 0B       		.uleb128 0xb
 188 0005 3E       		.uleb128 0x3e
 189 0006 0B       		.uleb128 0xb
 190 0007 03       		.uleb128 0x3
 191 0008 0E       		.uleb128 0xe
 192 0009 00       		.byte	0
 193 000a 00       		.byte	0
 194 000b 02       		.uleb128 0x2
 195 000c 16       		.uleb128 0x16
 196 000d 00       		.byte	0
 197 000e 03       		.uleb128 0x3
 198 000f 0E       		.uleb128 0xe
 199 0010 3A       		.uleb128 0x3a
 200 0011 0B       		.uleb128 0xb
 201 0012 3B       		.uleb128 0x3b
 202 0013 0B       		.uleb128 0xb
 203 0014 39       		.uleb128 0x39
 204 0015 0B       		.uleb128 0xb
 205 0016 49       		.uleb128 0x49
 206 0017 13       		.uleb128 0x13
 207 0018 00       		.byte	0
 208 0019 00       		.byte	0
 209 001a 03       		.uleb128 0x3
 210 001b 34       		.uleb128 0x34
 211 001c 00       		.byte	0
 212 001d 03       		.uleb128 0x3
 213 001e 0E       		.uleb128 0xe
 214 001f 3A       		.uleb128 0x3a
 215 0020 21       		.uleb128 0x21
 216 0021 04       		.sleb128 4
 217 0022 3B       		.uleb128 0x3b
 218 0023 0B       		.uleb128 0xb
 219 0024 39       		.uleb128 0x39
 220 0025 0B       		.uleb128 0xb
 221 0026 49       		.uleb128 0x49
 222 0027 13       		.uleb128 0x13
 223 0028 00       		.byte	0
 224 0029 00       		.byte	0
 225 002a 04       		.uleb128 0x4
 226 002b 0F       		.uleb128 0xf
 227 002c 00       		.byte	0
 228 002d 0B       		.uleb128 0xb
ARM GAS  /tmp/cc85DhEB.s 			page 5


 229 002e 21       		.uleb128 0x21
 230 002f 04       		.sleb128 4
 231 0030 49       		.uleb128 0x49
 232 0031 13       		.uleb128 0x13
 233 0032 00       		.byte	0
 234 0033 00       		.byte	0
 235 0034 05       		.uleb128 0x5
 236 0035 34       		.uleb128 0x34
 237 0036 00       		.byte	0
 238 0037 03       		.uleb128 0x3
 239 0038 0E       		.uleb128 0xe
 240 0039 3A       		.uleb128 0x3a
 241 003a 21       		.uleb128 0x21
 242 003b 04       		.sleb128 4
 243 003c 3B       		.uleb128 0x3b
 244 003d 0B       		.uleb128 0xb
 245 003e 39       		.uleb128 0x39
 246 003f 0B       		.uleb128 0xb
 247 0040 49       		.uleb128 0x49
 248 0041 13       		.uleb128 0x13
 249 0042 3F       		.uleb128 0x3f
 250 0043 19       		.uleb128 0x19
 251 0044 3C       		.uleb128 0x3c
 252 0045 19       		.uleb128 0x19
 253 0046 00       		.byte	0
 254 0047 00       		.byte	0
 255 0048 06       		.uleb128 0x6
 256 0049 26       		.uleb128 0x26
 257 004a 00       		.byte	0
 258 004b 49       		.uleb128 0x49
 259 004c 13       		.uleb128 0x13
 260 004d 00       		.byte	0
 261 004e 00       		.byte	0
 262 004f 07       		.uleb128 0x7
 263 0050 11       		.uleb128 0x11
 264 0051 01       		.byte	0x1
 265 0052 25       		.uleb128 0x25
 266 0053 0E       		.uleb128 0xe
 267 0054 13       		.uleb128 0x13
 268 0055 0B       		.uleb128 0xb
 269 0056 03       		.uleb128 0x3
 270 0057 0E       		.uleb128 0xe
 271 0058 1B       		.uleb128 0x1b
 272 0059 0E       		.uleb128 0xe
 273 005a 10       		.uleb128 0x10
 274 005b 17       		.uleb128 0x17
 275 005c 00       		.byte	0
 276 005d 00       		.byte	0
 277 005e 08       		.uleb128 0x8
 278 005f 24       		.uleb128 0x24
 279 0060 00       		.byte	0
 280 0061 0B       		.uleb128 0xb
 281 0062 0B       		.uleb128 0xb
 282 0063 3E       		.uleb128 0x3e
 283 0064 0B       		.uleb128 0xb
 284 0065 03       		.uleb128 0x3
 285 0066 08       		.uleb128 0x8
ARM GAS  /tmp/cc85DhEB.s 			page 6


 286 0067 00       		.byte	0
 287 0068 00       		.byte	0
 288 0069 09       		.uleb128 0x9
 289 006a 0F       		.uleb128 0xf
 290 006b 00       		.byte	0
 291 006c 0B       		.uleb128 0xb
 292 006d 0B       		.uleb128 0xb
 293 006e 00       		.byte	0
 294 006f 00       		.byte	0
 295 0070 0A       		.uleb128 0xa
 296 0071 2E       		.uleb128 0x2e
 297 0072 00       		.byte	0
 298 0073 3F       		.uleb128 0x3f
 299 0074 19       		.uleb128 0x19
 300 0075 03       		.uleb128 0x3
 301 0076 0E       		.uleb128 0xe
 302 0077 3A       		.uleb128 0x3a
 303 0078 0B       		.uleb128 0xb
 304 0079 3B       		.uleb128 0x3b
 305 007a 0B       		.uleb128 0xb
 306 007b 39       		.uleb128 0x39
 307 007c 0B       		.uleb128 0xb
 308 007d 27       		.uleb128 0x27
 309 007e 19       		.uleb128 0x19
 310 007f 49       		.uleb128 0x49
 311 0080 13       		.uleb128 0x13
 312 0081 3C       		.uleb128 0x3c
 313 0082 19       		.uleb128 0x19
 314 0083 00       		.byte	0
 315 0084 00       		.byte	0
 316 0085 0B       		.uleb128 0xb
 317 0086 2E       		.uleb128 0x2e
 318 0087 01       		.byte	0x1
 319 0088 3F       		.uleb128 0x3f
 320 0089 19       		.uleb128 0x19
 321 008a 03       		.uleb128 0x3
 322 008b 0E       		.uleb128 0xe
 323 008c 3A       		.uleb128 0x3a
 324 008d 0B       		.uleb128 0xb
 325 008e 3B       		.uleb128 0x3b
 326 008f 0B       		.uleb128 0xb
 327 0090 39       		.uleb128 0x39
 328 0091 0B       		.uleb128 0xb
 329 0092 27       		.uleb128 0x27
 330 0093 19       		.uleb128 0x19
 331 0094 49       		.uleb128 0x49
 332 0095 13       		.uleb128 0x13
 333 0096 01       		.uleb128 0x1
 334 0097 13       		.uleb128 0x13
 335 0098 00       		.byte	0
 336 0099 00       		.byte	0
 337 009a 0C       		.uleb128 0xc
 338 009b 05       		.uleb128 0x5
 339 009c 00       		.byte	0
 340 009d 03       		.uleb128 0x3
 341 009e 0E       		.uleb128 0xe
 342 009f 3A       		.uleb128 0x3a
ARM GAS  /tmp/cc85DhEB.s 			page 7


 343 00a0 0B       		.uleb128 0xb
 344 00a1 3B       		.uleb128 0x3b
 345 00a2 0B       		.uleb128 0xb
 346 00a3 39       		.uleb128 0x39
 347 00a4 0B       		.uleb128 0xb
 348 00a5 49       		.uleb128 0x49
 349 00a6 13       		.uleb128 0x13
 350 00a7 00       		.byte	0
 351 00a8 00       		.byte	0
 352 00a9 00       		.byte	0
 353              		.section	.gnu.debuglto_.debug_line,"e",%progbits
 354              	.Ldebug_line0:
 355 0000 56000000 		.4byte	.LELT0-.LSLT0
 356              	.LSLT0:
 357 0004 0500     		.2byte	0x5
 358 0006 04       		.byte	0x4
 359 0007 00       		.byte	0
 360 0008 4E000000 		.4byte	.LELTP0-.LASLTP0
 361              	.LASLTP0:
 362 000c 01       		.byte	0x1
 363 000d 01       		.byte	0x1
 364 000e 01       		.byte	0x1
 365 000f F6       		.byte	0xf6
 366 0010 F2       		.byte	0xf2
 367 0011 0D       		.byte	0xd
 368 0012 00       		.byte	0
 369 0013 01       		.byte	0x1
 370 0014 01       		.byte	0x1
 371 0015 01       		.byte	0x1
 372 0016 01       		.byte	0x1
 373 0017 00       		.byte	0
 374 0018 00       		.byte	0
 375 0019 00       		.byte	0
 376 001a 01       		.byte	0x1
 377 001b 00       		.byte	0
 378 001c 00       		.byte	0
 379 001d 01       		.byte	0x1
 380 001e 01       		.byte	0x1
 381 001f 01       		.uleb128 0x1
 382 0020 1F       		.uleb128 0x1f
 383 0021 05       		.uleb128 0x5
 384 0022 5D000000 		.4byte	.LASF29
 385 0026 F1000000 		.4byte	.LASF30
 386 002a B2000000 		.4byte	.LASF31
 387 002e 1C000000 		.4byte	.LASF32
 388 0032 2B010000 		.4byte	.LASF33
 389 0036 02       		.byte	0x2
 390 0037 01       		.uleb128 0x1
 391 0038 1F       		.uleb128 0x1f
 392 0039 02       		.uleb128 0x2
 393 003a 0B       		.uleb128 0xb
 394 003b 06       		.uleb128 0x6
 395 003c 00000000 		.4byte	.LASF34
 396 0040 00       		.byte	0
 397 0041 34010000 		.4byte	.LASF35
 398 0045 03       		.byte	0x3
 399 0046 A1000000 		.4byte	.LASF36
ARM GAS  /tmp/cc85DhEB.s 			page 8


 400 004a 01       		.byte	0x1
 401 004b 12000000 		.4byte	.LASF37
 402 004f 02       		.byte	0x2
 403 0050 E8000000 		.4byte	.LASF38
 404 0054 04       		.byte	0x4
 405 0055 99000000 		.4byte	.LASF39
 406 0059 02       		.byte	0x2
 407              	.LELTP0:
 408              	.LELT0:
 409              		.section	.gnu.debuglto_.debug_str,"eMS",%progbits,1
 410              	.LASF1:
 411 0000 6C6F6E67 		.ascii	"long long int\000"
 411      206C6F6E 
 411      6720696E 
 411      7400
 412              	.LASF8:
 413 000e 73686F72 		.ascii	"short unsigned int\000"
 413      7420756E 
 413      7369676E 
 413      65642069 
 413      6E7400
 414              	.LASF17:
 415 0021 5F657374 		.ascii	"_estack\000"
 415      61636B00 
 416              	.LASF0:
 417 0029 756E7369 		.ascii	"unsigned int\000"
 417      676E6564 
 417      20696E74 
 417      00
 418              	.LASF22:
 419 0036 70726576 		.ascii	"prev_heap_end\000"
 419      5F686561 
 419      705F656E 
 419      6400
 420              	.LASF21:
 421 0044 6D61785F 		.ascii	"max_heap\000"
 421      68656170 
 421      00
 422              	.LASF10:
 423 004d 5F5F7569 		.ascii	"__uint32_t\000"
 423      6E743332 
 423      5F7400
 424              	.LASF4:
 425 0058 70747264 		.ascii	"ptrdiff_t\000"
 425      6966665F 
 425      7400
 426              	.LASF24:
 427 0062 436F7265 		.ascii	"Core/Src/sysmem.c\000"
 427      2F537263 
 427      2F737973 
 427      6D656D2E 
 427      6300
 428              	.LASF11:
 429 0074 6C6F6E67 		.ascii	"long unsigned int\000"
 429      20756E73 
 429      69676E65 
 429      6420696E 
ARM GAS  /tmp/cc85DhEB.s 			page 9


 429      7400
 430              	.LASF12:
 431 0086 6C6F6E67 		.ascii	"long long unsigned int\000"
 431      206C6F6E 
 431      6720756E 
 431      7369676E 
 431      65642069 
 432              	.LASF5:
 433 009d 5F5F7569 		.ascii	"__uint8_t\000"
 433      6E74385F 
 433      7400
 434              	.LASF18:
 435 00a7 5F4D696E 		.ascii	"_Min_Stack_Size\000"
 435      5F537461 
 435      636B5F53 
 435      697A6500 
 436              	.LASF14:
 437 00b7 75696E74 		.ascii	"uint8_t\000"
 437      385F7400 
 438              	.LASF6:
 439 00bf 756E7369 		.ascii	"unsigned char\000"
 439      676E6564 
 439      20636861 
 439      7200
 440              	.LASF28:
 441 00cd 696E6372 		.ascii	"incr\000"
 441      00
 442              	.LASF13:
 443 00d2 63686172 		.ascii	"char\000"
 443      00
 444              	.LASF19:
 445 00d7 5F5F7362 		.ascii	"__sbrk_heap_end\000"
 445      726B5F68 
 445      6561705F 
 445      656E6400 
 446              	.LASF15:
 447 00e7 75696E74 		.ascii	"uint32_t\000"
 447      33325F74 
 447      00
 448              	.LASF9:
 449 00f0 6C6F6E67 		.ascii	"long int\000"
 449      20696E74 
 449      00
 450              	.LASF16:
 451 00f9 5F656E64 		.ascii	"_end\000"
 451      00
 452              	.LASF25:
 453 00fe 2F686F6D 		.ascii	"/home/zgj/servo_project/zgj_project/ClosedLoop_Step"
 453      652F7A67 
 453      6A2F7365 
 453      72766F5F 
 453      70726F6A 
 454 0131 7065724D 		.ascii	"perMotor\000"
 454      6F746F72 
 454      00
 455              	.LASF26:
 456 013a 5F5F6572 		.ascii	"__errno\000"
ARM GAS  /tmp/cc85DhEB.s 			page 10


 456      726E6F00 
 457              	.LASF3:
 458 0142 7369676E 		.ascii	"signed char\000"
 458      65642063 
 458      68617200 
 459              	.LASF27:
 460 014e 5F736272 		.ascii	"_sbrk\000"
 460      6B00
 461              	.LASF2:
 462 0154 6C6F6E67 		.ascii	"long double\000"
 462      20646F75 
 462      626C6500 
 463              	.LASF20:
 464 0160 73746163 		.ascii	"stack_limit\000"
 464      6B5F6C69 
 464      6D697400 
 465              	.LASF7:
 466 016c 73686F72 		.ascii	"short int\000"
 466      7420696E 
 466      7400
 467              	.LASF23:
 468 0176 474E5520 		.ascii	"GNU C17 14.2.1 20241119 -mcpu=cortex-m0plus -mthumb"
 468      43313720 
 468      31342E32 
 468      2E312032 
 468      30323431 
 469 01a9 202D6D66 		.ascii	" -mfloat-abi=soft -march=armv6s-m -g -gdwarf -ggdb "
 469      6C6F6174 
 469      2D616269 
 469      3D736F66 
 469      74202D6D 
 470 01dc 2D4F6720 		.ascii	"-Og -fdata-sections -ffunction-sections -flto\000"
 470      2D666461 
 470      74612D73 
 470      65637469 
 470      6F6E7320 
 471              		.section	.gnu.debuglto_.debug_line_str,"eMS",%progbits,1
 472              	.LASF34:
 473 0000 436F7265 		.ascii	"Core/Src/sysmem.c\000"
 473      2F537263 
 473      2F737973 
 473      6D656D2E 
 473      6300
 474              	.LASF37:
 475 0012 5F737464 		.ascii	"_stdint.h\000"
 475      696E742E 
 475      6800
 476              	.LASF32:
 477 001c 2F6F7074 		.ascii	"/opt/arm-gnu-toolchain-14.2/lib/gcc/arm-none-eabi/1"
 477      2F61726D 
 477      2D676E75 
 477      2D746F6F 
 477      6C636861 
 478 004f 342E322E 		.ascii	"4.2.1/include\000"
 478      312F696E 
 478      636C7564 
 478      6500
ARM GAS  /tmp/cc85DhEB.s 			page 11


 479              	.LASF29:
 480 005d 2F686F6D 		.ascii	"/home/zgj/servo_project/zgj_project/ClosedLoop_Step"
 480      652F7A67 
 480      6A2F7365 
 480      72766F5F 
 480      70726F6A 
 481 0090 7065724D 		.ascii	"perMotor\000"
 481      6F746F72 
 481      00
 482              	.LASF39:
 483 0099 6572726E 		.ascii	"errno.h\000"
 483      6F2E6800 
 484              	.LASF36:
 485 00a1 5F646566 		.ascii	"_default_types.h\000"
 485      61756C74 
 485      5F747970 
 485      65732E68 
 485      00
 486              	.LASF31:
 487 00b2 2F6F7074 		.ascii	"/opt/arm-gnu-toolchain-14.2/arm-none-eabi/include/s"
 487      2F61726D 
 487      2D676E75 
 487      2D746F6F 
 487      6C636861 
 488 00e5 797300   		.ascii	"ys\000"
 489              	.LASF38:
 490 00e8 7379736D 		.ascii	"sysmem.c\000"
 490      656D2E63 
 490      00
 491              	.LASF30:
 492 00f1 2F6F7074 		.ascii	"/opt/arm-gnu-toolchain-14.2/arm-none-eabi/include/m"
 492      2F61726D 
 492      2D676E75 
 492      2D746F6F 
 492      6C636861 
 493 0124 61636869 		.ascii	"achine\000"
 493      6E6500
 494              	.LASF33:
 495 012b 436F7265 		.ascii	"Core/Src\000"
 495      2F537263 
 495      00
 496              	.LASF35:
 497 0134 73746464 		.ascii	"stddef.h\000"
 497      65662E68 
 497      00
 498              		.text
 499              		.section	.gnu.lto_.profile.aa646e082ec81421,"e",%progbits
 500 0000 28B52FFD 		.ascii	"(\265/\375 \0061\000\000\002\000\000\000\000\000"
 500      20063100 
 500      00020000 
 500      000000
 501              		.text
 502              		.section	.gnu.lto_.inline.aa646e082ec81421,"e",%progbits
 503 0000 28B52FFD 		.ascii	"(\265/\375 8\255\001\000\344\002,\000\001\000\000\017"
 503      2038AD01 
 503      00E4022C 
 503      00010000 
ARM GAS  /tmp/cc85DhEB.s 			page 12


 503      0F
 504 0011 9991EC90 		.ascii	"\231\221\354\220\003f\001\000\000\002\024\263\346\314"
 504      03660100 
 504      000214B3 
 504      E6CC
 505 001f 89026600 		.ascii	"\211\002f\000\000\006\200\200\200\200\002d\002\000\002"
 505      00068080 
 505      80800264 
 505      020002
 506 002e 00000000 		.ascii	"\000\000\000\000\002\013\000\000\000\000\000\001\000"
 506      020B0000 
 506      00000001 
 506      00
 507 003b 1BC002   		.ascii	"\033\300\002"
 508              		.text
 509              		.section	.gnu.lto_.jmpfuncs.aa646e082ec81421,"e",%progbits
 510 0000 28B52FFD 		.ascii	"(\265/\375 \022u\000\000@\006\000\001\000\000\000\000"
 510      20127500 
 510      00400600 
 510      01000000 
 510      00
 511 0011 0001001B 		.ascii	"\000\001\000\033\300\002"
 511      C002
 512              		.text
 513              		.section	.gnu.lto_.pureconst.aa646e082ec81421,"e",%progbits
 514 0000 28B52FFD 		.ascii	"(\265/\375 \010A\000\000\004\000\000\000\001\000\232"
 514      20084100 
 514      00040000 
 514      0001009A 
 515 0010 04       		.ascii	"\004"
 516              		.text
 517              		.section	.gnu.lto_.ipa_modref.aa646e082ec81421,"e",%progbits
 518 0000 28B52FFD 		.ascii	"(\265/\375 \016E\000\000\020\002\000\001\000\034\300"
 518      200E4500 
 518      00100200 
 518      01001CC0 
 519 0010 02       		.ascii	"\002"
 520              		.text
 521              		.section	.gnu.lto_.lto.aa646e082ec81421,"e",%progbits
 522 0000 0E000000 		.ascii	"\016\000\000\000\001\000\001\000"
 522      01000100 
 523              		.text
 524              		.section	.gnu.lto__sbrk.1.aa646e082ec81421,"e",%progbits
 525 0000 28B52FFD 		.ascii	"(\265/\375`\237\003\325\031\000\006\257\246I\300VQ:"
 525      609F03D5 
 525      190006AF 
 525      A649C056 
 525      513A
 526 0012 14797084 		.ascii	"\024yp\204\367B4\210\216\254\000}\024'\345\012\004\274"
 526      F7423488 
 526      8EAC007D 
 526      1427E50A 
 526      04BC
 527 0024 DDF975C0 		.ascii	"\335\371u\300X\360\306\277\012\205m|\333\354\026\235"
 527      58F0C6BF 
 527      0A856D7C 
 527      DBEC169D 
ARM GAS  /tmp/cc85DhEB.s 			page 13


 528 0034 C4F0B69C 		.ascii	"\304\360\266\234\012\346h\330\252'\021\215\200M\322"
 528      0AE668D8 
 528      AA27118D 
 528      804DD2
 529 0043 FD17F473 		.ascii	"\375\027\364s\302\024\205\216\035j6\216\242\375\204"
 529      C214858E 
 529      1D6A368E 
 529      A2FD84
 530 0052 6C22774A 		.ascii	"l\"wJ\001\221\000\207\000\223\000\037\236z@\036\324"
 530      01910087 
 530      0093001F 
 530      9E7A401E 
 530      D4
 531 0063 E99451C1 		.ascii	"\351\224Q\301>\252\205u\310\265<\201\321R\253\017\301"
 531      3EAA8575 
 531      C8B53C81 
 531      D152AB0F 
 531      C1
 532 0074 A9756EA5 		.ascii	"\251un\245\302\347w\210p\252V`\022R\255\365\306\023"
 532      C2E77788 
 532      70AA5660 
 532      1252ADF5 
 532      C613
 533 0086 50A7B6FD 		.ascii	"P\247\266\375\034\327a\263\255\314\335\011\0264\012"
 533      1CD761B3 
 533      ADCCDD09 
 533      16340A
 534 0095 0F23C05A 		.ascii	"\017#\300Z}\011l^@<\015O#\236n\214\333>\2124\334i\363"
 534      7D096C5E 
 534      403C0D4F 
 534      239E6E8C 
 534      DB3E8A34 
 535 00ac 7B3EE618 		.ascii	"{>\346\030y\021cF(p:\024\247\341\002 \340\012\001\272"
 535      79116346 
 535      28703A14 
 535      A7E10220 
 535      E00A01BA 
 536 00c0 A0500566 		.ascii	"\240P\005f\004\023\320\014O|C\004MFD\002t?!M\212#M\377"
 536      0413D00C 
 536      4F7C4304 
 536      4D464402 
 536      743F214D 
 537 00d8 7D0AE97C 		.ascii	"}\012\351|\346\034\035\324Z=q:\0237\352\266yl\347\354"
 537      E61C1DD4 
 537      5A3D713A 
 537      1337EAB6 
 537      796CE7EC 
 538 00ec 2511BBDB 		.ascii	"%\021\273\333\024c\337\310\313F\344EH\015\257\227x:"
 538      1463DFC8 
 538      CB46E445 
 538      480DAF97 
 538      783A
 539 00fe 57C6892F 		.ascii	"W\306\211/\244f\201W\353\355B>\220\007\331\340\027\235"
 539      A4668157 
 539      EBED423E 
 539      9007D9E0 
 539      179D
ARM GAS  /tmp/cc85DhEB.s 			page 14


 540 0110 1A569B17 		.ascii	"\032V\233\027\252\211\247\337\024\020\256\304m\253\367"
 540      AA89A7DF 
 540      1410AEC4 
 540      6DABF7
 541 011f 8AD332FD 		.ascii	"\212\3232\375\367\253X\232R\247\030\373z\346\362\374"
 541      F7AB589A 
 541      52A718FB 
 541      7AE6F2FC 
 542 012f B02E0CFB 		.ascii	"\260.\014\373;\376\231\373n\025j:5N\243\346\364(N\213"
 542      3BFE99FB 
 542      6E156A3A 
 542      354EA3E6 
 542      F4284E8B 
 543 0143 739ACEE9 		.ascii	"s\232\316\351\220N/\235\236t\37242\273\245\032,\265"
 543      904E2F9D 
 543      9E74FA34 
 543      32BBA51A 
 543      2CB5
 544 0155 B60802AB 		.ascii	"\266\010\002\253\022]2\343\276\337\266\371<\336\343"
 544      125D32E3 
 544      BEDFB6F9 
 544      3CDEE3
 545 0164 3F079843 		.ascii	"?\007\230C><\330\244j\375\322\205\306{\\\370\002\313"
 545      3E3CD8A4 
 545      6AFDD285 
 545      C67B5CF8 
 545      02CB
 546 0176 63BA9344 		.ascii	"c\272\223D\037\312\216\223\250S\255\365E\276\237\250"
 546      1FCA8E93 
 546      A853ADF5 
 546      45BE9FA8 
 547 0186 70EA4233 		.ascii	"p\352B3\355\013\030\346\205Pk\343\2637\323\334\222\251"
 547      ED0B18E6 
 547      85506BE3 
 547      B337D3DC 
 547      92A9
 548 0198 201DEDE8 		.ascii	" \035\355\350\362\254\332q\025\374\244\210Kw\334\007"
 548      F2ACDA71 
 548      15FCA488 
 548      4B77DC07 
 549 01a8 DD985971 		.ascii	"\335\230Yq\217+\361dW=\242\315\345\010\227\327\244\266"
 549      8F2BF164 
 549      573DA2CD 
 549      E50897D7 
 549      A4B6
 550 01ba 62C2AA29 		.ascii	"b\302\252)\241NpC4\327{\212#M4vy\376\361p\025\374\252"
 550      A14E7043 
 550      34D77B8A 
 550      234D3476 
 550      79FEF170 
 551 01d1 FCCC30F6 		.ascii	"\374\3140\366\221<I\315/r\313\345\332\003=\"\325\256"
 551      913C49CD 
 551      2F72CBE5 
 551      DA033D22 
 551      D5AE
 552 01e3 868B6AEF 		.ascii	"\206\213j\357\273\315mU\013 \211\220\271\337]\003Yp"
 552      BBCD6D55 
ARM GAS  /tmp/cc85DhEB.s 			page 15


 552      0B208990 
 552      B9DF5D03 
 552      5970
 553 01f5 04D5F0D9 		.ascii	"\004\325\360\331\352\232\247\037 Bx@\325Z%\334\307\337"
 553      EA9AA71F 
 553      20427840 
 553      D55A25DC 
 553      C7DF
 554 0207 0BB417EC 		.ascii	"\013\264\027\354\305\201\265\301\325\242\315\002\360"
 554      C581B5C1 
 554      D5A2CD02 
 554      F0
 555 0214 B460289C 		.ascii	"\264`(\234\035\222\025k\2219\254\016\244,&\343\026N"
 555      1D92156B 
 555      9139AC0E 
 555      A42C26E3 
 555      164E
 556 0226 06062403 		.ascii	"\006\006$\003\327\202\033\0022\327\316+\264\353\006"
 556      D7821B02 
 556      32D7CE2B 
 556      B4EB06
 557 0235 46C2661F 		.ascii	"F\302f\037f+\227\214\302\212\224\225\017\010XV\322\312"
 557      662B978C 
 557      C28A9495 
 557      0F085856 
 557      D2CA
 558 0247 08323216 		.ascii	"\01022\026#i\024X\261\262\204\200C\316J\016\017h.R\247"
 558      23691458 
 558      B1B28480 
 558      43CE4A0E 
 558      0F682E52 
 559 025c 94C55865 		.ascii	"\224\305Xe\007\0319[\351h\000\261\"ae\316\252\201m_"
 559      0719395B 
 559      E96800B1 
 559      226165CE 
 559      AA816D5F 
 560 0270 7D581786 		.ascii	"}X\027\206\217D\005\213H\367\277\017Pj\222Ag\202\301"
 560      8F44058B 
 560      48F7BF0F 
 560      506A9241 
 560      6782C1
 561 0283 60F0B622 		.ascii	"`\360\266\"\2466g;\265vp\333\237qsc\306\215b\003\267"
 561      A636673B 
 561      B57670DB 
 561      9F717363 
 561      C68D6203 
 562 0298 850BDD1F 		.ascii	"\205\013\335\037\375/v\271\247\035\232\321CI\014F\250"
 562      FD2F76B9 
 562      A71D9AD1 
 562      43490C46 
 562      A8
 563 02a9 4124C92A 		.ascii	"A$\311*B\020S\221H43\222\244\015\200\242\241\262;\020"
 563      42105391 
 563      48343392 
 563      A40D80A2 
 563      A1B23B10 
 564 02bd 6057C349 		.ascii	"`W\303I\007\2005C>\350qE\335\307\347\2239\246G\322\204"
ARM GAS  /tmp/cc85DhEB.s 			page 16


 564      07803543 
 564      3EE87145 
 564      DDC7E793 
 564      39A647D2 
 565 02d2 109E4BAE 		.ascii	"\020\236K\256\233(\251{\3124\372N\226\210RD\207\323"
 565      9B28A97B 
 565      CA34FA4E 
 565      96885244 
 565      87D3
 566 02e4 B1A3C415 		.ascii	"\261\243\304\025\232\216n\003w1j\242\026\"\336\0255"
 566      9A8E6E03 
 566      77316AA2 
 566      1622DE15 
 566      35
 567 02f5 7206A47D 		.ascii	"r\006\244}L$V\030`=\234Qh\364\356H[\356\346\031h\221"
 567      4C245618 
 567      603D9C51 
 567      68F4EE48 
 567      5BEEE619 
 568 030b 429EE226 		.ascii	"B\236\342&}{+w\020\023;t\265\032\342N8\311\000\024\315"
 568      7D7B2B77 
 568      10133B74 
 568      B51AE24E 
 568      38C90014 
 569 0320 1C83C645 		.ascii	"\034\203\306E\356D\265\211\253\343\033\243\310\324g"
 569      EE44B589 
 569      ABE31BA3 
 569      C8D467
 570 032f 63593C67 		.ascii	"cY<gDd\271\214\257\366\307\203\340\267\310\275<M\261"
 570      4464B98C 
 570      AFF6C783 
 570      E0B7C8BD 
 570      3C4DB1
 571 0342 8B0A     		.ascii	"\213\012"
 572              		.text
 573              		.section	.gnu.lto_.symbol_nodes.aa646e082ec81421,"e",%progbits
 574 0000 28B52FFD 		.ascii	"(\265/\375 b\205\002\000bD\017\032\300%\035\357z\327"
 574      20628502 
 574      0062440F 
 574      1AC0251D 
 574      EF7AD7
 575 0013 5A5BEB3B 		.ascii	"Z[\353;7\017I3\255\267\371\377\277\233\234\333do\231"
 575      370F4933 
 575      ADB7F9FF 
 575      BF9B9CDB 
 575      646F99
 576 0026 0203A82B 		.ascii	"\002\003\250+\311Q\334\206\211)\033,w\256\306\234}\021"
 576      C951DC86 
 576      89291B2C 
 576      77AEC69C 
 576      7D11
 577 0038 62970DAD 		.ascii	"b\227\015\255\373\213H\343\317\247\254AD\374\264\376"
 577      FB8B48E3 
 577      CFA7AC41 
 577      44FCB4FE 
 578 0048 8506005C 		.ascii	"\205\006\000\\c4!\020\\j\235\346A\343h-O"
 578      63342110 
ARM GAS  /tmp/cc85DhEB.s 			page 17


 578      5C6A9DE6 
 578      41E3682D 
 578      4F
 579              		.text
 580              		.section	.gnu.lto_.refs.aa646e082ec81421,"e",%progbits
 581 0000 28B52FFD 		.ascii	"(\265/\375 #\031\001\000\037\000\000\000\007\000\002"
 581      20231901 
 581      001F0000 
 581      00070002 
 582 0010 01050002 		.ascii	"\001\005\000\002\002\006\000\000\003\016\000\001\003"
 582      02060000 
 582      030E0001 
 582      03
 583 001d 11000204 		.ascii	"\021\000\002\004\021\000\000\003\023\000\001\003\036"
 583      11000003 
 583      13000103 
 583      1E
 584 002a 0000     		.ascii	"\000\000"
 585              		.text
 586              		.section	.gnu.lto_.decls.aa646e082ec81421,"e",%progbits
 587 0000 28B52FFD 		.ascii	"(\265/\375`\305\004U!\000\006\177\336G\220\\q\306\000"
 587      60C50455 
 587      2100067F 
 587      DE47905C 
 587      71C600
 588 0013 C4EB033D 		.ascii	"\304\353\003=\276\213\012\013\015 K\231\017\373\022"
 588      BE8B0A0B 
 588      0D204B99 
 588      0FFB12
 589 0022 8B090B2F 		.ascii	"\213\011\013/\332\300\201\224\347l\204\364\243\361\357"
 589      DAC08194 
 589      E76C84F4 
 589      A3F1EF
 590 0031 570EB1AD 		.ascii	"W\016\261\255\226W\331B2Z\010\000\014\350z%`QQA\366"
 590      9657D942 
 590      325A0800 
 590      0CE87A25 
 590      60515141 
 591 0046 4DDB08BE 		.ascii	"M\333\010\276D\273S\027r6J\010\023\231\002\261\000\302"
 591      44BB5317 
 591      72364A08 
 591      139902B1 
 591      00C2
 592 0058 00D600FF 		.ascii	"\000\326\000\377\341f\254\273\234/\301u\355\257c}\367"
 592      E166ACBB 
 592      9C2FC175 
 592      EDAF637D 
 592      F7
 593 0069 BA7FDD7D 		.ascii	"\272\177\335}I\210\247\006w\343j\326\340\000\030k\232"
 593      4988A706 
 593      77E36AD6 
 593      E000186B 
 593      9A
 594 007a 95F79FC4 		.ascii	"\225\367\237\304\177]\017\366zy\356k[$\207C\350\177"
 594      7F5D0FF6 
 594      7A79EE6B 
 594      5B248743 
ARM GAS  /tmp/cc85DhEB.s 			page 18


 594      E87F
 595 008c 5AFA9F3E 		.ascii	"Z\372\237>\340\377z\331\031:\246'\230\361\257\377q\220"
 595      E0FF7AD9 
 595      193AA627 
 595      98F1AFFF 
 595      7190
 596 009e 3956C1CD 		.ascii	"9V\301\315\371\232\332\245\036\354\217n\211\205\361"
 596      F99ADAA5 
 596      1EEC8F6E 
 596      8985F1
 597 00ad A7A6FBFF 		.ascii	"\247\246\373\377\275\335\217]/\353S\203\206\345-\271"
 597      BDDD8F5D 
 597      2FEB5383 
 597      86E52DB9 
 598 00bd EFAEBFEB 		.ascii	"\357\256\277\353N#\347\364\362\267\266\273\334\377\033"
 598      4E23E7F4 
 598      F2B7B6BB 
 598      DCFF1B
 599 00cc F4A9C144 		.ascii	"\364\251\301Dg\2148\332\236:se\033\214\031\333[P\330"
 599      678C38DA 
 599      9E3A7365 
 599      1B8C19DB 
 599      5B50D8
 600 00df 1E611BC8 		.ascii	"\036a\033\310v\003\333V\266\253l\213\261=\345\200}m"
 600      7603DB56 
 600      B6AB6C8B 
 600      B13DE580 
 600      7D6D
 601 00f1 D8A6B20D 		.ascii	"\330\246\262\015\014c\233\213\355+\266I\333R\266\305"
 601      0C639B8B 
 601      ED2BB649 
 601      DB52B6C5 
 602 0101 E17038B4 		.ascii	"\341p8\264\355\302\276/{\374\0110.\274\030B\003+\316"
 602      EDC2BE2F 
 602      7BFC0930 
 602      2EBC1842 
 602      032BCE
 603 0114 7DBE0762 		.ascii	"}\276\007b\021+^~\334\237\357\025\373V\271V\274\346"
 603      112B5E7E 
 603      DC9FEF15 
 603      FB56B956 
 603      BCE6
 604 0126 C09FF53F 		.ascii	"\300\237\365?\350.\001\316a#\216\256\213\200\024\335"
 604      E82E01CE 
 604      61238EAE 
 604      8B8014DD 
 605 0136 5C2AB67B 		.ascii	"\\*\266{~\334\360x\203F\034/\224\033\305\256\272\255"
 605      7EDCF078 
 605      83461C2F 
 605      941BC5AE 
 605      BAAD
 606 0148 AF943BC5 		.ascii	"\257\224;\305\343\024\366q\376\267D%V\220\340\304Q\350"
 606      E314F671 
 606      FEB74425 
 606      5690E0C4 
 606      51E8
 607 015a 2220C76B 		.ascii	"\" \307k\200\264\210r\005\317u\025\371S\364\304\003"
ARM GAS  /tmp/cc85DhEB.s 			page 19


 607      80B48872 
 607      05CF7515 
 607      F953F4C4 
 607      03
 608 016b 8CDC8219 		.ascii	"\214\334\202\031\224^P\272\004\334\326\300Cp\315\354"
 608      945E50BA 
 608      04DCD6C0 
 608      4370CDEC 
 609 017b 84027A4B 		.ascii	"\204\002zKVe\304\321B\177\016\267\272\376\363~\366\256"
 609      5665C4D1 
 609      427F0EB7 
 609      BAFEF37E 
 609      F6AE
 610 018d DDEFBCDD 		.ascii	"\335\357\274\335\235n\224\255\223\270\373}\345\035\267"
 610      9D6E94AD 
 610      93B8FB7D 
 610      E51DB7
 611 019c 96677BFF 		.ascii	"\226g{\377\375\367\307\375?\247^\201\334\357\323\262"
 611      FDF7C7FD 
 611      3FA75E81 
 611      DCEFD3B2 
 612 01ac 7789FFBD 		.ascii	"w\211\377\275\307\313\275ww9\334\3134B\015_y-\373\373"
 612      C7CBBD77 
 612      7739DCCB 
 612      34420D5F 
 612      792DFBFB 
 613 01c0 F6C2FF7E 		.ascii	"\366\302\377~\327\256\305]\374wL8l\001_\330\326\205"
 613      D7AEC55D 
 613      FC774C38 
 613      6C015FD8 
 613      D685
 614 01d2 A343CA17 		.ascii	"\243C\312\027\253\252R\230#I\026\033$qLN2\212\246\246"
 614      ABAA5298 
 614      2349161B 
 614      24714C4E 
 614      328AA6A6 
 615 01e6 2ED56DFA 		.ascii	".\325m\372\016UjG\2358\277\357A\017\024\326\0152v\343"
 615      0E556A47 
 615      9D38BFEF 
 615      410F14D6 
 615      0D3276E3 
 616 01fa 4B3506C0 		.ascii	"K5\006\300\221-OPX@`\020\230\246\307\344Ly\233\024\335"
 616      912D4F50 
 616      58406010 
 616      98A6C7E4 
 616      4C799B14 
 617 020f A87BA5A4 		.ascii	"\250{\245\244n\224\207+\364q'x^\013\301\027L\351{\243"
 617      6E94872B 
 617      F4712778 
 617      5E0BC117 
 617      4CE97BA3 
 618 0223 48FB4671 		.ascii	"H\373Fq\021\233x@?V1\344\014\273\370B\335.7\214\207"
 618      119B7840 
 618      3F5631E4 
 618      0CBBF842 
 618      DD2E378C 
 619 0238 72150AC9 		.ascii	"r\025\012\311\342p\025\344\2058^/\367\213\035\\0b\316"
ARM GAS  /tmp/cc85DhEB.s 			page 20


 619      E27015E4 
 619      85385E2F 
 619      F78B1D5C 
 619      3062CE
 620 024b 4E960D2C 		.ascii	"N\226\015,\245\257\003\262\345\200\364eR\332\027\213"
 620      A5AF03B2 
 620      E580F465 
 620      52DA178B 
 621 025b 4D54E142 		.ascii	"MT\341B],\227K\202r\275\012\322&\370\223\201\320r\322"
 621      5D2C974B 
 621      8272BD0A 
 621      D226F893 
 621      81D072D2 
 622 026f C35A228E 		.ascii	"\303Z\"\2167\313\325\342\240\273\305D\025|\333\253\007"
 622      37CBD5E2 
 622      A0BBC544 
 622      157CDBAB 
 622      07
 623 0280 FFB61501 		.ascii	"\377\266\025\001\330^\034}\215\224\276A\344\035\336"
 623      D85E1C7D 
 623      8D94BE41 
 623      E41DDE
 624 028f 20D23748 		.ascii	" \3227Hy\247\212.\223\333\304\327\011\324ur\257\030"
 624      79A78A2E 
 624      93DBC4D7 
 624      09D47572 
 624      AF18
 625 02a1 D7FE4946 		.ascii	"\327\376IF\032Bkiz\302\316#\245$Ym\006\233\225\210\235"
 625      1A426B69 
 625      7AC2CE23 
 625      A524596D 
 625      069B9588 
 626 02b6 AFB386D6 		.ascii	"\257\263\206\326\210\206(Hx\325f1$Y\022\212\252/\245"
 626      88862848 
 626      78D56631 
 626      2459128A 
 626      AA2FA5
 627 02c9 DA89172D 		.ascii	"\332\211\027-\215\301T\033\012\313\200\326\322\3644"
 627      8DC1541B 
 627      0ACB80D6 
 627      D2F434
 628 02d8 4D9EF1A8 		.ascii	"M\236\361\250v\232\266\330\211d\022M(\317\0263#\323"
 628      769AB6D8 
 628      8964124D 
 628      28CF1633 
 628      23D3
 629 02ea C8ACCD40 		.ascii	"\310\254\315@\230-\325\304\240\326fJ<)d1\365v\232<\006"
 629      982DD5C4 
 629      A0D6664A 
 629      3C296431 
 629      F5769A3C 
 630 02ff 728AAA28 		.ascii	"r\212\252(\210\364\264\331N\325\310\264\241\350\207"
 630      88F4B4D9 
 630      4ED5C8B4 
 630      A1E887
 631 030e A3F38626 		.ascii	"\243\363\206&mPe'\0124\265\231\250\212\364\274\301P"
 631      6D506527 
ARM GAS  /tmp/cc85DhEB.s 			page 21


 631      0A34B599 
 631      A88AF4BC 
 631      C150
 632 0320 9C68013B 		.ascii	"\234h\001;i(\022\254H5M\230\230\035\245\252\255\307"
 632      692812AC 
 632      48354D98 
 632      981DA5AA 
 632      ADC7
 633 0332 B1A31218 		.ascii	"\261\243\022\030N\014\262\011C@\276 a\203\320\210\020"
 633      4E0CB209 
 633      4340BE20 
 633      6183D088 
 633      10
 634 0343 1D4AD910 		.ascii	"\035J\331\020\355\244\335X\334`\262\324\010v\246\350"
 634      EDA4DD58 
 634      DC60B2D4 
 634      0876A6E8 
 635 0353 860229D2 		.ascii	"\206\002)\322\02273\200oJI\266\010\264\327\212SMQ\031"
 635      12373380 
 635      6F4A49B6 
 635      08B4D78A 
 635      534D5119 
 636 0367 01D35E37 		.ascii	"\001\323^7\013*hi\254\007\015\325\320\023^\2153Q@>G"
 636      0B2A6869 
 636      AC070DD5 
 636      D0135E8D 
 636      3351403E 
 637 037c 88DCC1BA 		.ascii	"\210\334\301\272\012\303C$\007\220O\250a<D\214tD\202"
 637      0AC34324 
 637      07904FA8 
 637      613C448C 
 637      744482
 638 038f 09644624 		.ascii	"\011dF$\230@\2336p\002\031\243\263\003\021\260\271i"
 638      98409B36 
 638      700219A3 
 638      B30311B0 
 638      B969
 639 03a1 5361DD62 		.ascii	"Sa\335b\365`S\215G\315\316\004/\327\027\253\225\360"
 639      F560538D 
 639      47CDCE04 
 639      2FD717AB 
 639      95F0
 640 03b3 537E5974 		.ascii	"S~YtI[:\354\034\023\257\311\336-\211\\\\dkW_\012\275"
 640      495B3AEC 
 640      1C13AFC9 
 640      DE2D895C 
 640      5C646B57 
 641 03ca 52D70870 		.ascii	"R\327\010p\006\321 \375xW\222L.\2470C\220i\361\007\217"
 641      06D120FD 
 641      7857924C 
 641      2EA73043 
 641      9069F107 
 642 03df 3AE9742F 		.ascii	":\351t/Q\242t\005\343\374W07\032\037\0122S\1775\233"
 642      51A27405 
 642      E3FC5730 
 642      371A1F0A 
 642      32537F35 
ARM GAS  /tmp/cc85DhEB.s 			page 22


 643 03f4 A77B12DD 		.ascii	"\247{\022\33589*\007\255\230l\222\236>sz d\016?\301"
 643      38392A07 
 643      AD986C92 
 643      9E3E737A 
 643      20640E3F 
 644 0409 05A2F381 		.ascii	"\005\242\363\201\216\312Cr\014\272_\207%\207\275\377"
 644      8ECA4372 
 644      0CBA5F87 
 644      2587BDFF 
 645 0419 5865D975 		.ascii	"Xe\331u\244'N\005.\321\323=C\265\253:\323\371\302\277"
 645      A4274E05 
 645      2ED1D33D 
 645      43B5AB3A 
 645      D3F9C2BF 
 646 042d C18D8692 		.ascii	"\301\215\206\222\236I\375"
 646      9E49FD
 647              		.text
 648              		.section	.gnu.lto_.symtab.aa646e082ec81421,"e",%progbits
 649 0000 5F736272 		.ascii	"_sbrk\000"
 649      6B00
 650 0006 00       		.ascii	"\000"
 651 0007 00       		.ascii	"\000"
 652 0008 00       		.ascii	"\000"
 653 0009 00000000 		.ascii	"\000\000\000\000\000\000\000\000"
 653      00000000 
 654 0011 C7000000 		.ascii	"\307\000\000\000"
 655 0015 5F657374 		.ascii	"_estack\000"
 655      61636B00 
 656 001d 00       		.ascii	"\000"
 657 001e 02       		.ascii	"\002"
 658 001f 00       		.ascii	"\000"
 659 0020 00000000 		.ascii	"\000\000\000\000\000\000\000\000"
 659      00000000 
 660 0028 CD000000 		.ascii	"\315\000\000\000"
 661 002c 5F4D696E 		.ascii	"_Min_Stack_Size\000"
 661      5F537461 
 661      636B5F53 
 661      697A6500 
 662 003c 00       		.ascii	"\000"
 663 003d 02       		.ascii	"\002"
 664 003e 00       		.ascii	"\000"
 665 003f 00000000 		.ascii	"\000\000\000\000\000\000\000\000"
 665      00000000 
 666 0047 D3000000 		.ascii	"\323\000\000\000"
 667 004b 5F656E64 		.ascii	"_end\000"
 667      00
 668 0050 00       		.ascii	"\000"
 669 0051 02       		.ascii	"\002"
 670 0052 00       		.ascii	"\000"
 671 0053 00000000 		.ascii	"\000\000\000\000\000\000\000\000"
 671      00000000 
 672 005b D9000000 		.ascii	"\331\000\000\000"
 673 005f 5F5F6572 		.ascii	"__errno\000"
 673      726E6F00 
 674 0067 00       		.ascii	"\000"
 675 0068 02       		.ascii	"\002"
 676 0069 00       		.ascii	"\000"
ARM GAS  /tmp/cc85DhEB.s 			page 23


 677 006a 00000000 		.ascii	"\000\000\000\000\000\000\000\000"
 677      00000000 
 678 0072 DC000000 		.ascii	"\334\000\000\000"
 679              		.text
 680              		.section	.gnu.lto_.ext_symtab.aa646e082ec81421,"e",%progbits
 681 0000 01       		.ascii	"\001"
 682 0001 01       		.ascii	"\001"
 683 0002 00       		.ascii	"\000"
 684 0003 02       		.ascii	"\002"
 685 0004 01       		.ascii	"\001"
 686 0005 02       		.ascii	"\002"
 687 0006 01       		.ascii	"\001"
 688 0007 02       		.ascii	"\002"
 689 0008 01       		.ascii	"\001"
 690 0009 01       		.ascii	"\001"
 691 000a 00       		.ascii	"\000"
 692              		.text
 693              		.section	.gnu.lto_.opts,"e",%progbits
 694 0000 272D666E 		.ascii	"'-fno-openmp' '-fno-openacc' '-fno-pie' '-fcf-prote"
 694      6F2D6F70 
 694      656E6D70 
 694      2720272D 
 694      666E6F2D 
 695 0033 6374696F 		.ascii	"ction=none' '-g' '-mcpu=cortex-m0plus' '-mthumb' '-"
 695      6E3D6E6F 
 695      6E652720 
 695      272D6727 
 695      20272D6D 
 696 0066 6D666C6F 		.ascii	"mfloat-abi=soft' '-mlibarch=armv6s-m' '-march=armv6"
 696      61742D61 
 696      62693D73 
 696      6F667427 
 696      20272D6D 
 697 0099 732D6D27 		.ascii	"s-m' '-Og' '-fdata-sections' '-ffunction-sections' "
 697      20272D4F 
 697      67272027 
 697      2D666461 
 697      74612D73 
 698 00cc 272D666C 		.ascii	"'-flto' '-Xassembler' '-a' '-Xassembler' '-ad' '-Xa"
 698      746F2720 
 698      272D5861 
 698      7373656D 
 698      626C6572 
 699 00ff 7373656D 		.ascii	"ssembler' '-alms=build/debug/sysmem.lst'\000"
 699      626C6572 
 699      2720272D 
 699      616C6D73 
 699      3D627569 
 700              		.text
 701              		.comm	__gnu_lto_slim,1,1
 702              		.ident	"GCC: (Arm GNU Toolchain 14.2.Rel1 (Build arm-14.52)) 14.2.1 20241119"
ARM GAS  /tmp/cc85DhEB.s 			page 24


DEFINED SYMBOLS
                            *ABS*:00000000 sysmem.c
     /tmp/cc85DhEB.s:23     .gnu.debuglto_.debug_info:00000000 sysmem.c.3c8e8bda
                            *COM*:00000001 __gnu_lto_slim

NO UNDEFINED SYMBOLS
