ARM GAS  /tmp/ccc5bCAC.s 			page 1


   1              		.cpu cortex-m0plus
   2              		.arch armv6s-m
   3              		.fpu softvfp
   4              		.eabi_attribute 20, 1
   5              		.eabi_attribute 21, 1
   6              		.eabi_attribute 23, 3
   7              		.eabi_attribute 24, 1
   8              		.eabi_attribute 25, 1
   9              		.eabi_attribute 26, 1
  10              		.eabi_attribute 30, 1
  11              		.eabi_attribute 34, 0
  12              		.eabi_attribute 18, 4
  13              		.file	"system_stm32g0xx.c"
  14              		.file 1 "/opt/arm-gnu-toolchain-14.2/arm-none-eabi/include/machine/_default_types.h"
  15              		.file 2 "/opt/arm-gnu-toolchain-14.2/arm-none-eabi/include/sys/_stdint.h"
  16              		.file 3 "Drivers/CMSIS/Device/ST/STM32G0xx/Include/system_stm32g0xx.h"
  17              		.file 4 "Drivers/CMSIS/Device/ST/STM32G0xx/Include/stm32g071xx.h"
  18              		.file 5 "Core/Src/system_stm32g0xx.c"
  19              		.file 6 "Drivers/STM32G0xx_HAL_Driver/Inc/stm32g0xx_ll_dma.h"
  20              		.section	.gnu.debuglto_.debug_info,"e",%progbits
  21              	.Ldebug_info0:
  22              		.hidden	system_stm32g0xx.c.f04a8b5b
  23              		.weak	system_stm32g0xx.c.f04a8b5b
  24              	system_stm32g0xx.c.f04a8b5b:
  25 0000 C6020000 		.4byte	0x2c6
  26 0004 0500     		.2byte	0x5
  27 0006 01       		.byte	0x1
  28 0007 04       		.byte	0x4
  29 0008 00000000 		.4byte	.Ldebug_abbrev0
  30 000c 0B       		.uleb128 0xb
  31 000d 74000000 		.4byte	.LASF46
  32 0011 1D       		.byte	0x1d
  33 0012 3C020000 		.4byte	.LASF47
  34 0016 D9010000 		.4byte	.LASF48
  35 001a 00000000 		.4byte	.Ldebug_line0
  36 001e 02       		.uleb128 0x2
  37 001f 01       		.byte	0x1
  38 0020 06       		.byte	0x6
  39 0021 D0020000 		.4byte	.LASF0
  40 0025 05       		.uleb128 0x5
  41 0026 00000000 		.4byte	.LASF5
  42 002a 01       		.byte	0x1
  43 002b 2B       		.byte	0x2b
  44 002c 18       		.byte	0x18
  45 002d 31000000 		.4byte	0x31
  46 0031 02       		.uleb128 0x2
  47 0032 01       		.byte	0x1
  48 0033 08       		.byte	0x8
  49 0034 26010000 		.4byte	.LASF1
  50 0038 02       		.uleb128 0x2
  51 0039 02       		.byte	0x2
  52 003a 05       		.byte	0x5
  53 003b 8C020000 		.4byte	.LASF2
  54 003f 02       		.uleb128 0x2
  55 0040 02       		.byte	0x2
  56 0041 07       		.byte	0x7
  57 0042 5D010000 		.4byte	.LASF3
ARM GAS  /tmp/ccc5bCAC.s 			page 2


  58 0046 02       		.uleb128 0x2
  59 0047 04       		.byte	0x4
  60 0048 05       		.byte	0x5
  61 0049 B2020000 		.4byte	.LASF4
  62 004d 05       		.uleb128 0x5
  63 004e 88010000 		.4byte	.LASF6
  64 0052 01       		.byte	0x1
  65 0053 4F       		.byte	0x4f
  66 0054 19       		.byte	0x19
  67 0055 59000000 		.4byte	0x59
  68 0059 02       		.uleb128 0x2
  69 005a 04       		.byte	0x4
  70 005b 07       		.byte	0x7
  71 005c 42010000 		.4byte	.LASF7
  72 0060 02       		.uleb128 0x2
  73 0061 08       		.byte	0x8
  74 0062 05       		.byte	0x5
  75 0063 26020000 		.4byte	.LASF8
  76 0067 02       		.uleb128 0x2
  77 0068 08       		.byte	0x8
  78 0069 07       		.byte	0x7
  79 006a 08010000 		.4byte	.LASF9
  80 006e 0C       		.uleb128 0xc
  81 006f 04       		.byte	0x4
  82 0070 05       		.byte	0x5
  83 0071 696E7400 		.ascii	"int\000"
  84 0075 02       		.uleb128 0x2
  85 0076 04       		.byte	0x4
  86 0077 07       		.byte	0x7
  87 0078 3C000000 		.4byte	.LASF10
  88 007c 05       		.uleb128 0x5
  89 007d BE010000 		.4byte	.LASF11
  90 0081 02       		.byte	0x2
  91 0082 18       		.byte	0x18
  92 0083 13       		.byte	0x13
  93 0084 25000000 		.4byte	0x25
  94 0088 03       		.uleb128 0x3
  95 0089 7C000000 		.4byte	0x7c
  96 008d 05       		.uleb128 0x5
  97 008e A9020000 		.4byte	.LASF12
  98 0092 02       		.byte	0x2
  99 0093 30       		.byte	0x30
 100 0094 14       		.byte	0x14
 101 0095 4D000000 		.4byte	0x4d
 102 0099 0D       		.uleb128 0xd
 103 009a 8D000000 		.4byte	0x8d
 104 009e 03       		.uleb128 0x3
 105 009f 8D000000 		.4byte	0x8d
 106 00a3 06       		.uleb128 0x6
 107 00a4 58020000 		.4byte	.LASF13
 108 00a8 38       		.byte	0x38
 109 00a9 11       		.byte	0x11
 110 00aa 8D000000 		.4byte	0x8d
 111 00ae 07       		.uleb128 0x7
 112 00af 9E000000 		.4byte	0x9e
 113 00b3 BE000000 		.4byte	0xbe
 114 00b7 08       		.uleb128 0x8
ARM GAS  /tmp/ccc5bCAC.s 			page 3


 115 00b8 75000000 		.4byte	0x75
 116 00bc 0F       		.byte	0xf
 117 00bd 00       		.byte	0
 118 00be 03       		.uleb128 0x3
 119 00bf AE000000 		.4byte	0xae
 120 00c3 06       		.uleb128 0x6
 121 00c4 34010000 		.4byte	.LASF14
 122 00c8 3A       		.byte	0x3a
 123 00c9 17       		.byte	0x17
 124 00ca BE000000 		.4byte	0xbe
 125 00ce 07       		.uleb128 0x7
 126 00cf 9E000000 		.4byte	0x9e
 127 00d3 DE000000 		.4byte	0xde
 128 00d7 08       		.uleb128 0x8
 129 00d8 75000000 		.4byte	0x75
 130 00dc 07       		.byte	0x7
 131 00dd 00       		.byte	0
 132 00de 03       		.uleb128 0x3
 133 00df CE000000 		.4byte	0xce
 134 00e3 06       		.uleb128 0x6
 135 00e4 7E020000 		.4byte	.LASF15
 136 00e8 3B       		.byte	0x3b
 137 00e9 17       		.byte	0x17
 138 00ea DE000000 		.4byte	0xde
 139 00ee 0E       		.uleb128 0xe
 140 00ef 64       		.byte	0x64
 141 00f0 04       		.byte	0x4
 142 00f1 A601     		.2byte	0x1a6
 143 00f3 09       		.byte	0x9
 144 00f4 24020000 		.4byte	0x224
 145 00f8 0A       		.uleb128 0xa
 146 00f9 435200   		.ascii	"CR\000"
 147 00fc A801     		.2byte	0x1a8
 148 00fe 99000000 		.4byte	0x99
 149 0102 00       		.byte	0
 150 0103 01       		.uleb128 0x1
 151 0104 20020000 		.4byte	.LASF16
 152 0108 A901     		.2byte	0x1a9
 153 010a 99000000 		.4byte	0x99
 154 010e 04       		.byte	0x4
 155 010f 01       		.uleb128 0x1
 156 0110 0A000000 		.4byte	.LASF17
 157 0114 AA01     		.2byte	0x1aa
 158 0116 99000000 		.4byte	0x99
 159 011a 08       		.byte	0x8
 160 011b 01       		.uleb128 0x1
 161 011c 80010000 		.4byte	.LASF18
 162 0120 AB01     		.2byte	0x1ab
 163 0122 99000000 		.4byte	0x99
 164 0126 0C       		.byte	0xc
 165 0127 01       		.uleb128 0x1
 166 0128 50000000 		.4byte	.LASF19
 167 012c AC01     		.2byte	0x1ac
 168 012e 99000000 		.4byte	0x99
 169 0132 10       		.byte	0x10
 170 0133 01       		.uleb128 0x1
 171 0134 5A000000 		.4byte	.LASF20
ARM GAS  /tmp/ccc5bCAC.s 			page 4


 172 0138 AD01     		.2byte	0x1ad
 173 013a 99000000 		.4byte	0x99
 174 013e 14       		.byte	0x14
 175 013f 01       		.uleb128 0x1
 176 0140 A7010000 		.4byte	.LASF21
 177 0144 AE01     		.2byte	0x1ae
 178 0146 99000000 		.4byte	0x99
 179 014a 18       		.byte	0x18
 180 014b 01       		.uleb128 0x1
 181 014c 9D010000 		.4byte	.LASF22
 182 0150 AF01     		.2byte	0x1af
 183 0152 99000000 		.4byte	0x99
 184 0156 1C       		.byte	0x1c
 185 0157 01       		.uleb128 0x1
 186 0158 DC020000 		.4byte	.LASF23
 187 015c B001     		.2byte	0x1b0
 188 015e 99000000 		.4byte	0x99
 189 0162 20       		.byte	0x20
 190 0163 01       		.uleb128 0x1
 191 0164 78010000 		.4byte	.LASF24
 192 0168 B101     		.2byte	0x1b1
 193 016a 99000000 		.4byte	0x99
 194 016e 24       		.byte	0x24
 195 016f 01       		.uleb128 0x1
 196 0170 20000000 		.4byte	.LASF25
 197 0174 B201     		.2byte	0x1b2
 198 0176 99000000 		.4byte	0x99
 199 017a 28       		.byte	0x28
 200 017b 01       		.uleb128 0x1
 201 017c AC010000 		.4byte	.LASF26
 202 0180 B301     		.2byte	0x1b3
 203 0182 99000000 		.4byte	0x99
 204 0186 2C       		.byte	0x2c
 205 0187 01       		.uleb128 0x1
 206 0188 B5010000 		.4byte	.LASF27
 207 018c B401     		.2byte	0x1b4
 208 018e 99000000 		.4byte	0x99
 209 0192 30       		.byte	0x30
 210 0193 01       		.uleb128 0x1
 211 0194 49000000 		.4byte	.LASF28
 212 0198 B501     		.2byte	0x1b5
 213 019a 99000000 		.4byte	0x99
 214 019e 34       		.byte	0x34
 215 019f 01       		.uleb128 0x1
 216 01a0 0F000000 		.4byte	.LASF29
 217 01a4 B601     		.2byte	0x1b6
 218 01a6 99000000 		.4byte	0x99
 219 01aa 38       		.byte	0x38
 220 01ab 01       		.uleb128 0x1
 221 01ac 34020000 		.4byte	.LASF30
 222 01b0 B701     		.2byte	0x1b7
 223 01b2 99000000 		.4byte	0x99
 224 01b6 3C       		.byte	0x3c
 225 01b7 01       		.uleb128 0x1
 226 01b8 70010000 		.4byte	.LASF31
 227 01bc B801     		.2byte	0x1b8
 228 01be 99000000 		.4byte	0x99
ARM GAS  /tmp/ccc5bCAC.s 			page 5


 229 01c2 40       		.byte	0x40
 230 01c3 01       		.uleb128 0x1
 231 01c4 54010000 		.4byte	.LASF32
 232 01c8 B901     		.2byte	0x1b9
 233 01ca 99000000 		.4byte	0x99
 234 01ce 44       		.byte	0x44
 235 01cf 01       		.uleb128 0x1
 236 01d0 BB020000 		.4byte	.LASF33
 237 01d4 BA01     		.2byte	0x1ba
 238 01d6 99000000 		.4byte	0x99
 239 01da 48       		.byte	0x48
 240 01db 01       		.uleb128 0x1
 241 01dc 28000000 		.4byte	.LASF34
 242 01e0 BB01     		.2byte	0x1bb
 243 01e2 99000000 		.4byte	0x99
 244 01e6 4C       		.byte	0x4c
 245 01e7 01       		.uleb128 0x1
 246 01e8 32000000 		.4byte	.LASF35
 247 01ec BC01     		.2byte	0x1bc
 248 01ee 99000000 		.4byte	0x99
 249 01f2 50       		.byte	0x50
 250 01f3 01       		.uleb128 0x1
 251 01f4 6E000000 		.4byte	.LASF36
 252 01f8 BD01     		.2byte	0x1bd
 253 01fa 99000000 		.4byte	0x99
 254 01fe 54       		.byte	0x54
 255 01ff 01       		.uleb128 0x1
 256 0200 64000000 		.4byte	.LASF37
 257 0204 BE01     		.2byte	0x1be
 258 0206 99000000 		.4byte	0x99
 259 020a 58       		.byte	0x58
 260 020b 01       		.uleb128 0x1
 261 020c A2010000 		.4byte	.LASF38
 262 0210 BF01     		.2byte	0x1bf
 263 0212 99000000 		.4byte	0x99
 264 0216 5C       		.byte	0x5c
 265 0217 0A       		.uleb128 0xa
 266 0218 43535200 		.ascii	"CSR\000"
 267 021c C001     		.2byte	0x1c0
 268 021e 99000000 		.4byte	0x99
 269 0222 60       		.byte	0x60
 270 0223 00       		.byte	0
 271 0224 0F       		.uleb128 0xf
 272 0225 9D020000 		.4byte	.LASF39
 273 0229 04       		.byte	0x4
 274 022a C101     		.2byte	0x1c1
 275 022c 03       		.byte	0x3
 276 022d EE000000 		.4byte	0xee
 277 0231 02       		.uleb128 0x2
 278 0232 08       		.byte	0x8
 279 0233 04       		.byte	0x4
 280 0234 C4020000 		.4byte	.LASF40
 281 0238 07       		.uleb128 0x7
 282 0239 88000000 		.4byte	0x88
 283 023d 48020000 		.4byte	0x248
 284 0241 08       		.uleb128 0x8
 285 0242 75000000 		.4byte	0x75
ARM GAS  /tmp/ccc5bCAC.s 			page 6


 286 0246 06       		.byte	0x6
 287 0247 00       		.byte	0
 288 0248 03       		.uleb128 0x3
 289 0249 38020000 		.4byte	0x238
 290 024d 10       		.uleb128 0x10
 291 024e C6010000 		.4byte	.LASF49
 292 0252 06       		.byte	0x6
 293 0253 2F       		.byte	0x2f
 294 0254 16       		.byte	0x16
 295 0255 48020000 		.4byte	0x248
 296 0259 07       		.byte	0x7
 297 025a 08       		.byte	0x8
 298 025b 1C       		.byte	0x1c
 299 025c 30       		.byte	0x30
 300 025d 44       		.byte	0x44
 301 025e 58       		.byte	0x58
 302 025f 6C       		.byte	0x6c
 303 0260 80       		.byte	0x80
 304 0261 09       		.uleb128 0x9
 305 0262 A3000000 		.4byte	0xa3
 306 0266 A1       		.byte	0xa1
 307 0267 0C       		.byte	0xc
 308 0268 09       		.uleb128 0x9
 309 0269 C3000000 		.4byte	0xc3
 310 026d A3       		.byte	0xa3
 311 026e 12       		.byte	0x12
 312 026f 09       		.uleb128 0x9
 313 0270 E3000000 		.4byte	0xe3
 314 0274 A4       		.byte	0xa4
 315 0275 12       		.byte	0x12
 316 0276 11       		.uleb128 0x11
 317 0277 68020000 		.4byte	.LASF50
 318 027b 05       		.byte	0x5
 319 027c EB       		.byte	0xeb
 320 027d 06       		.byte	0x6
 321 027e C1020000 		.4byte	0x2c1
 322 0282 12       		.uleb128 0x12
 323 0283 746D7000 		.ascii	"tmp\000"
 324 0287 05       		.byte	0x5
 325 0288 ED       		.byte	0xed
 326 0289 0C       		.byte	0xc
 327 028a 8D000000 		.4byte	0x8d
 328 028e 04       		.uleb128 0x4
 329 028f 96020000 		.4byte	.LASF41
 330 0293 EE       		.byte	0xee
 331 0294 8D000000 		.4byte	0x8d
 332 0298 04       		.uleb128 0x4
 333 0299 98010000 		.4byte	.LASF42
 334 029d EF       		.byte	0xef
 335 029e 8D000000 		.4byte	0x8d
 336 02a2 04       		.uleb128 0x4
 337 02a3 16000000 		.4byte	.LASF43
 338 02a7 F0       		.byte	0xf0
 339 02a8 8D000000 		.4byte	0x8d
 340 02ac 04       		.uleb128 0x4
 341 02ad 93010000 		.4byte	.LASF44
 342 02b1 F1       		.byte	0xf1
ARM GAS  /tmp/ccc5bCAC.s 			page 7


 343 02b2 8D000000 		.4byte	0x8d
 344 02b6 04       		.uleb128 0x4
 345 02b7 1F010000 		.4byte	.LASF45
 346 02bb F2       		.byte	0xf2
 347 02bc 8D000000 		.4byte	0x8d
 348 02c0 00       		.byte	0
 349 02c1 13       		.uleb128 0x13
 350 02c2 15020000 		.4byte	.LASF51
 351 02c6 05       		.byte	0x5
 352 02c7 BB       		.byte	0xbb
 353 02c8 06       		.byte	0x6
 354 02c9 00       		.byte	0
 355              		.section	.gnu.debuglto_.debug_abbrev,"e",%progbits
 356              	.Ldebug_abbrev0:
 357 0000 01       		.uleb128 0x1
 358 0001 0D       		.uleb128 0xd
 359 0002 00       		.byte	0
 360 0003 03       		.uleb128 0x3
 361 0004 0E       		.uleb128 0xe
 362 0005 3A       		.uleb128 0x3a
 363 0006 21       		.uleb128 0x21
 364 0007 04       		.sleb128 4
 365 0008 3B       		.uleb128 0x3b
 366 0009 05       		.uleb128 0x5
 367 000a 39       		.uleb128 0x39
 368 000b 21       		.uleb128 0x21
 369 000c 11       		.sleb128 17
 370 000d 49       		.uleb128 0x49
 371 000e 13       		.uleb128 0x13
 372 000f 38       		.uleb128 0x38
 373 0010 0B       		.uleb128 0xb
 374 0011 00       		.byte	0
 375 0012 00       		.byte	0
 376 0013 02       		.uleb128 0x2
 377 0014 24       		.uleb128 0x24
 378 0015 00       		.byte	0
 379 0016 0B       		.uleb128 0xb
 380 0017 0B       		.uleb128 0xb
 381 0018 3E       		.uleb128 0x3e
 382 0019 0B       		.uleb128 0xb
 383 001a 03       		.uleb128 0x3
 384 001b 0E       		.uleb128 0xe
 385 001c 00       		.byte	0
 386 001d 00       		.byte	0
 387 001e 03       		.uleb128 0x3
 388 001f 26       		.uleb128 0x26
 389 0020 00       		.byte	0
 390 0021 49       		.uleb128 0x49
 391 0022 13       		.uleb128 0x13
 392 0023 00       		.byte	0
 393 0024 00       		.byte	0
 394 0025 04       		.uleb128 0x4
 395 0026 34       		.uleb128 0x34
 396 0027 00       		.byte	0
 397 0028 03       		.uleb128 0x3
 398 0029 0E       		.uleb128 0xe
 399 002a 3A       		.uleb128 0x3a
ARM GAS  /tmp/ccc5bCAC.s 			page 8


 400 002b 21       		.uleb128 0x21
 401 002c 05       		.sleb128 5
 402 002d 3B       		.uleb128 0x3b
 403 002e 0B       		.uleb128 0xb
 404 002f 39       		.uleb128 0x39
 405 0030 21       		.uleb128 0x21
 406 0031 0C       		.sleb128 12
 407 0032 49       		.uleb128 0x49
 408 0033 13       		.uleb128 0x13
 409 0034 00       		.byte	0
 410 0035 00       		.byte	0
 411 0036 05       		.uleb128 0x5
 412 0037 16       		.uleb128 0x16
 413 0038 00       		.byte	0
 414 0039 03       		.uleb128 0x3
 415 003a 0E       		.uleb128 0xe
 416 003b 3A       		.uleb128 0x3a
 417 003c 0B       		.uleb128 0xb
 418 003d 3B       		.uleb128 0x3b
 419 003e 0B       		.uleb128 0xb
 420 003f 39       		.uleb128 0x39
 421 0040 0B       		.uleb128 0xb
 422 0041 49       		.uleb128 0x49
 423 0042 13       		.uleb128 0x13
 424 0043 00       		.byte	0
 425 0044 00       		.byte	0
 426 0045 06       		.uleb128 0x6
 427 0046 34       		.uleb128 0x34
 428 0047 00       		.byte	0
 429 0048 03       		.uleb128 0x3
 430 0049 0E       		.uleb128 0xe
 431 004a 3A       		.uleb128 0x3a
 432 004b 21       		.uleb128 0x21
 433 004c 03       		.sleb128 3
 434 004d 3B       		.uleb128 0x3b
 435 004e 0B       		.uleb128 0xb
 436 004f 39       		.uleb128 0x39
 437 0050 0B       		.uleb128 0xb
 438 0051 49       		.uleb128 0x49
 439 0052 13       		.uleb128 0x13
 440 0053 3F       		.uleb128 0x3f
 441 0054 19       		.uleb128 0x19
 442 0055 3C       		.uleb128 0x3c
 443 0056 19       		.uleb128 0x19
 444 0057 00       		.byte	0
 445 0058 00       		.byte	0
 446 0059 07       		.uleb128 0x7
 447 005a 01       		.uleb128 0x1
 448 005b 01       		.byte	0x1
 449 005c 49       		.uleb128 0x49
 450 005d 13       		.uleb128 0x13
 451 005e 01       		.uleb128 0x1
 452 005f 13       		.uleb128 0x13
 453 0060 00       		.byte	0
 454 0061 00       		.byte	0
 455 0062 08       		.uleb128 0x8
 456 0063 21       		.uleb128 0x21
ARM GAS  /tmp/ccc5bCAC.s 			page 9


 457 0064 00       		.byte	0
 458 0065 49       		.uleb128 0x49
 459 0066 13       		.uleb128 0x13
 460 0067 2F       		.uleb128 0x2f
 461 0068 0B       		.uleb128 0xb
 462 0069 00       		.byte	0
 463 006a 00       		.byte	0
 464 006b 09       		.uleb128 0x9
 465 006c 34       		.uleb128 0x34
 466 006d 00       		.byte	0
 467 006e 47       		.uleb128 0x47
 468 006f 13       		.uleb128 0x13
 469 0070 3A       		.uleb128 0x3a
 470 0071 21       		.uleb128 0x21
 471 0072 05       		.sleb128 5
 472 0073 3B       		.uleb128 0x3b
 473 0074 0B       		.uleb128 0xb
 474 0075 39       		.uleb128 0x39
 475 0076 0B       		.uleb128 0xb
 476 0077 00       		.byte	0
 477 0078 00       		.byte	0
 478 0079 0A       		.uleb128 0xa
 479 007a 0D       		.uleb128 0xd
 480 007b 00       		.byte	0
 481 007c 03       		.uleb128 0x3
 482 007d 08       		.uleb128 0x8
 483 007e 3A       		.uleb128 0x3a
 484 007f 21       		.uleb128 0x21
 485 0080 04       		.sleb128 4
 486 0081 3B       		.uleb128 0x3b
 487 0082 05       		.uleb128 0x5
 488 0083 39       		.uleb128 0x39
 489 0084 21       		.uleb128 0x21
 490 0085 11       		.sleb128 17
 491 0086 49       		.uleb128 0x49
 492 0087 13       		.uleb128 0x13
 493 0088 38       		.uleb128 0x38
 494 0089 0B       		.uleb128 0xb
 495 008a 00       		.byte	0
 496 008b 00       		.byte	0
 497 008c 0B       		.uleb128 0xb
 498 008d 11       		.uleb128 0x11
 499 008e 01       		.byte	0x1
 500 008f 25       		.uleb128 0x25
 501 0090 0E       		.uleb128 0xe
 502 0091 13       		.uleb128 0x13
 503 0092 0B       		.uleb128 0xb
 504 0093 03       		.uleb128 0x3
 505 0094 0E       		.uleb128 0xe
 506 0095 1B       		.uleb128 0x1b
 507 0096 0E       		.uleb128 0xe
 508 0097 10       		.uleb128 0x10
 509 0098 17       		.uleb128 0x17
 510 0099 00       		.byte	0
 511 009a 00       		.byte	0
 512 009b 0C       		.uleb128 0xc
 513 009c 24       		.uleb128 0x24
ARM GAS  /tmp/ccc5bCAC.s 			page 10


 514 009d 00       		.byte	0
 515 009e 0B       		.uleb128 0xb
 516 009f 0B       		.uleb128 0xb
 517 00a0 3E       		.uleb128 0x3e
 518 00a1 0B       		.uleb128 0xb
 519 00a2 03       		.uleb128 0x3
 520 00a3 08       		.uleb128 0x8
 521 00a4 00       		.byte	0
 522 00a5 00       		.byte	0
 523 00a6 0D       		.uleb128 0xd
 524 00a7 35       		.uleb128 0x35
 525 00a8 00       		.byte	0
 526 00a9 49       		.uleb128 0x49
 527 00aa 13       		.uleb128 0x13
 528 00ab 00       		.byte	0
 529 00ac 00       		.byte	0
 530 00ad 0E       		.uleb128 0xe
 531 00ae 13       		.uleb128 0x13
 532 00af 01       		.byte	0x1
 533 00b0 0B       		.uleb128 0xb
 534 00b1 0B       		.uleb128 0xb
 535 00b2 3A       		.uleb128 0x3a
 536 00b3 0B       		.uleb128 0xb
 537 00b4 3B       		.uleb128 0x3b
 538 00b5 05       		.uleb128 0x5
 539 00b6 39       		.uleb128 0x39
 540 00b7 0B       		.uleb128 0xb
 541 00b8 01       		.uleb128 0x1
 542 00b9 13       		.uleb128 0x13
 543 00ba 00       		.byte	0
 544 00bb 00       		.byte	0
 545 00bc 0F       		.uleb128 0xf
 546 00bd 16       		.uleb128 0x16
 547 00be 00       		.byte	0
 548 00bf 03       		.uleb128 0x3
 549 00c0 0E       		.uleb128 0xe
 550 00c1 3A       		.uleb128 0x3a
 551 00c2 0B       		.uleb128 0xb
 552 00c3 3B       		.uleb128 0x3b
 553 00c4 05       		.uleb128 0x5
 554 00c5 39       		.uleb128 0x39
 555 00c6 0B       		.uleb128 0xb
 556 00c7 49       		.uleb128 0x49
 557 00c8 13       		.uleb128 0x13
 558 00c9 00       		.byte	0
 559 00ca 00       		.byte	0
 560 00cb 10       		.uleb128 0x10
 561 00cc 34       		.uleb128 0x34
 562 00cd 00       		.byte	0
 563 00ce 03       		.uleb128 0x3
 564 00cf 0E       		.uleb128 0xe
 565 00d0 3A       		.uleb128 0x3a
 566 00d1 0B       		.uleb128 0xb
 567 00d2 3B       		.uleb128 0x3b
 568 00d3 0B       		.uleb128 0xb
 569 00d4 39       		.uleb128 0x39
 570 00d5 0B       		.uleb128 0xb
ARM GAS  /tmp/ccc5bCAC.s 			page 11


 571 00d6 49       		.uleb128 0x49
 572 00d7 13       		.uleb128 0x13
 573 00d8 1C       		.uleb128 0x1c
 574 00d9 0A       		.uleb128 0xa
 575 00da 00       		.byte	0
 576 00db 00       		.byte	0
 577 00dc 11       		.uleb128 0x11
 578 00dd 2E       		.uleb128 0x2e
 579 00de 01       		.byte	0x1
 580 00df 3F       		.uleb128 0x3f
 581 00e0 19       		.uleb128 0x19
 582 00e1 03       		.uleb128 0x3
 583 00e2 0E       		.uleb128 0xe
 584 00e3 3A       		.uleb128 0x3a
 585 00e4 0B       		.uleb128 0xb
 586 00e5 3B       		.uleb128 0x3b
 587 00e6 0B       		.uleb128 0xb
 588 00e7 39       		.uleb128 0x39
 589 00e8 0B       		.uleb128 0xb
 590 00e9 27       		.uleb128 0x27
 591 00ea 19       		.uleb128 0x19
 592 00eb 01       		.uleb128 0x1
 593 00ec 13       		.uleb128 0x13
 594 00ed 00       		.byte	0
 595 00ee 00       		.byte	0
 596 00ef 12       		.uleb128 0x12
 597 00f0 34       		.uleb128 0x34
 598 00f1 00       		.byte	0
 599 00f2 03       		.uleb128 0x3
 600 00f3 08       		.uleb128 0x8
 601 00f4 3A       		.uleb128 0x3a
 602 00f5 0B       		.uleb128 0xb
 603 00f6 3B       		.uleb128 0x3b
 604 00f7 0B       		.uleb128 0xb
 605 00f8 39       		.uleb128 0x39
 606 00f9 0B       		.uleb128 0xb
 607 00fa 49       		.uleb128 0x49
 608 00fb 13       		.uleb128 0x13
 609 00fc 00       		.byte	0
 610 00fd 00       		.byte	0
 611 00fe 13       		.uleb128 0x13
 612 00ff 2E       		.uleb128 0x2e
 613 0100 00       		.byte	0
 614 0101 3F       		.uleb128 0x3f
 615 0102 19       		.uleb128 0x19
 616 0103 03       		.uleb128 0x3
 617 0104 0E       		.uleb128 0xe
 618 0105 3A       		.uleb128 0x3a
 619 0106 0B       		.uleb128 0xb
 620 0107 3B       		.uleb128 0x3b
 621 0108 0B       		.uleb128 0xb
 622 0109 39       		.uleb128 0x39
 623 010a 0B       		.uleb128 0xb
 624 010b 27       		.uleb128 0x27
 625 010c 19       		.uleb128 0x19
 626 010d 00       		.byte	0
 627 010e 00       		.byte	0
ARM GAS  /tmp/ccc5bCAC.s 			page 12


 628 010f 00       		.byte	0
 629              		.section	.gnu.debuglto_.debug_line,"e",%progbits
 630              	.Ldebug_line0:
 631 0000 5F000000 		.4byte	.LELT0-.LSLT0
 632              	.LSLT0:
 633 0004 0500     		.2byte	0x5
 634 0006 04       		.byte	0x4
 635 0007 00       		.byte	0
 636 0008 57000000 		.4byte	.LELTP0-.LASLTP0
 637              	.LASLTP0:
 638 000c 01       		.byte	0x1
 639 000d 01       		.byte	0x1
 640 000e 01       		.byte	0x1
 641 000f F6       		.byte	0xf6
 642 0010 F2       		.byte	0xf2
 643 0011 0D       		.byte	0xd
 644 0012 00       		.byte	0
 645 0013 01       		.byte	0x1
 646 0014 01       		.byte	0x1
 647 0015 01       		.byte	0x1
 648 0016 01       		.byte	0x1
 649 0017 00       		.byte	0
 650 0018 00       		.byte	0
 651 0019 00       		.byte	0
 652 001a 01       		.byte	0x1
 653 001b 00       		.byte	0
 654 001c 00       		.byte	0
 655 001d 01       		.byte	0x1
 656 001e 01       		.byte	0x1
 657 001f 01       		.uleb128 0x1
 658 0020 1F       		.uleb128 0x1f
 659 0021 06       		.uleb128 0x6
 660 0022 0A000000 		.4byte	.LASF52
 661 0026 3B010000 		.4byte	.LASF53
 662 002a DB000000 		.4byte	.LASF54
 663 002e 75010000 		.4byte	.LASF55
 664 0032 11010000 		.4byte	.LASF56
 665 0036 46000000 		.4byte	.LASF57
 666 003a 02       		.byte	0x2
 667 003b 01       		.uleb128 0x1
 668 003c 1F       		.uleb128 0x1f
 669 003d 02       		.uleb128 0x2
 670 003e 0B       		.uleb128 0xb
 671 003f 07       		.uleb128 0x7
 672 0040 AC000000 		.4byte	.LASF58
 673 0044 00       		.byte	0
 674 0045 8D000000 		.4byte	.LASF59
 675 0049 01       		.byte	0x1
 676 004a 00000000 		.4byte	.LASF60
 677 004e 02       		.byte	0x2
 678 004f C8000000 		.4byte	.LASF61
 679 0053 04       		.byte	0x4
 680 0054 9E000000 		.4byte	.LASF62
 681 0058 04       		.byte	0x4
 682 0059 67000000 		.4byte	.LASF63
 683 005d 03       		.byte	0x3
 684 005e 7A000000 		.4byte	.LASF64
ARM GAS  /tmp/ccc5bCAC.s 			page 13


 685 0062 05       		.byte	0x5
 686              	.LELTP0:
 687              	.LELT0:
 688              		.section	.gnu.debuglto_.debug_str,"eMS",%progbits,1
 689              	.LASF5:
 690 0000 5F5F7569 		.ascii	"__uint8_t\000"
 690      6E74385F 
 690      7400
 691              	.LASF17:
 692 000a 43464752 		.ascii	"CFGR\000"
 692      00
 693              	.LASF29:
 694 000f 41484245 		.ascii	"AHBENR\000"
 694      4E5200
 695              	.LASF43:
 696 0016 706C6C73 		.ascii	"pllsource\000"
 696      6F757263 
 696      6500
 697              	.LASF25:
 698 0020 41484252 		.ascii	"AHBRSTR\000"
 698      53545200 
 699              	.LASF34:
 700 0028 41504253 		.ascii	"APBSMENR1\000"
 700      4D454E52 
 700      3100
 701              	.LASF35:
 702 0032 41504253 		.ascii	"APBSMENR2\000"
 702      4D454E52 
 702      3200
 703              	.LASF10:
 704 003c 756E7369 		.ascii	"unsigned int\000"
 704      676E6564 
 704      20696E74 
 704      00
 705              	.LASF28:
 706 0049 494F5045 		.ascii	"IOPENR\000"
 706      4E5200
 707              	.LASF19:
 708 0050 52455345 		.ascii	"RESERVED0\000"
 708      52564544 
 708      3000
 709              	.LASF20:
 710 005a 52455345 		.ascii	"RESERVED1\000"
 710      52564544 
 710      3100
 711              	.LASF37:
 712 0064 52455345 		.ascii	"RESERVED2\000"
 712      52564544 
 712      3200
 713              	.LASF36:
 714 006e 43434950 		.ascii	"CCIPR\000"
 714      5200
 715              	.LASF46:
 716 0074 474E5520 		.ascii	"GNU C17 14.2.1 20241119 -mcpu=cortex-m0plus -mthumb"
 716      43313720 
 716      31342E32 
 716      2E312032 
ARM GAS  /tmp/ccc5bCAC.s 			page 14


 716      30323431 
 717 00a7 202D6D66 		.ascii	" -mfloat-abi=soft -march=armv6s-m -g -gdwarf -ggdb "
 717      6C6F6174 
 717      2D616269 
 717      3D736F66 
 717      74202D6D 
 718 00da 2D4F6720 		.ascii	"-Og -fdata-sections -ffunction-sections -flto\000"
 718      2D666461 
 718      74612D73 
 718      65637469 
 718      6F6E7320 
 719              	.LASF9:
 720 0108 6C6F6E67 		.ascii	"long long unsigned int\000"
 720      206C6F6E 
 720      6720756E 
 720      7369676E 
 720      65642069 
 721              	.LASF45:
 722 011f 68736964 		.ascii	"hsidiv\000"
 722      697600
 723              	.LASF1:
 724 0126 756E7369 		.ascii	"unsigned char\000"
 724      676E6564 
 724      20636861 
 724      7200
 725              	.LASF14:
 726 0134 41484250 		.ascii	"AHBPrescTable\000"
 726      72657363 
 726      5461626C 
 726      6500
 727              	.LASF7:
 728 0142 6C6F6E67 		.ascii	"long unsigned int\000"
 728      20756E73 
 728      69676E65 
 728      6420696E 
 728      7400
 729              	.LASF32:
 730 0154 494F5053 		.ascii	"IOPSMENR\000"
 730      4D454E52 
 730      00
 731              	.LASF3:
 732 015d 73686F72 		.ascii	"short unsigned int\000"
 732      7420756E 
 732      7369676E 
 732      65642069 
 732      6E7400
 733              	.LASF31:
 734 0170 41504245 		.ascii	"APBENR2\000"
 734      4E523200 
 735              	.LASF24:
 736 0178 494F5052 		.ascii	"IOPRSTR\000"
 736      53545200 
 737              	.LASF18:
 738 0180 504C4C43 		.ascii	"PLLCFGR\000"
 738      46475200 
 739              	.LASF6:
 740 0188 5F5F7569 		.ascii	"__uint32_t\000"
ARM GAS  /tmp/ccc5bCAC.s 			page 15


 740      6E743332 
 740      5F7400
 741              	.LASF44:
 742 0193 706C6C6D 		.ascii	"pllm\000"
 742      00
 743              	.LASF42:
 744 0198 706C6C72 		.ascii	"pllr\000"
 744      00
 745              	.LASF22:
 746 019d 43494652 		.ascii	"CIFR\000"
 746      00
 747              	.LASF38:
 748 01a2 42444352 		.ascii	"BDCR\000"
 748      00
 749              	.LASF21:
 750 01a7 43494552 		.ascii	"CIER\000"
 750      00
 751              	.LASF26:
 752 01ac 41504252 		.ascii	"APBRSTR1\000"
 752      53545231 
 752      00
 753              	.LASF27:
 754 01b5 41504252 		.ascii	"APBRSTR2\000"
 754      53545232 
 754      00
 755              	.LASF11:
 756 01be 75696E74 		.ascii	"uint8_t\000"
 756      385F7400 
 757              	.LASF49:
 758 01c6 4348414E 		.ascii	"CHANNEL_OFFSET_TAB\000"
 758      4E454C5F 
 758      4F464653 
 758      45545F54 
 758      414200
 759              	.LASF48:
 760 01d9 2F686F6D 		.ascii	"/home/zgj/servo_project/zgj_project/ClosedLoop_Step"
 760      652F7A67 
 760      6A2F7365 
 760      72766F5F 
 760      70726F6A 
 761 020c 7065724D 		.ascii	"perMotor\000"
 761      6F746F72 
 761      00
 762              	.LASF51:
 763 0215 53797374 		.ascii	"SystemInit\000"
 763      656D496E 
 763      697400
 764              	.LASF16:
 765 0220 49435343 		.ascii	"ICSCR\000"
 765      5200
 766              	.LASF8:
 767 0226 6C6F6E67 		.ascii	"long long int\000"
 767      206C6F6E 
 767      6720696E 
 767      7400
 768              	.LASF30:
 769 0234 41504245 		.ascii	"APBENR1\000"
ARM GAS  /tmp/ccc5bCAC.s 			page 16


 769      4E523100 
 770              	.LASF47:
 771 023c 436F7265 		.ascii	"Core/Src/system_stm32g0xx.c\000"
 771      2F537263 
 771      2F737973 
 771      74656D5F 
 771      73746D33 
 772              	.LASF13:
 773 0258 53797374 		.ascii	"SystemCoreClock\000"
 773      656D436F 
 773      7265436C 
 773      6F636B00 
 774              	.LASF50:
 775 0268 53797374 		.ascii	"SystemCoreClockUpdate\000"
 775      656D436F 
 775      7265436C 
 775      6F636B55 
 775      70646174 
 776              	.LASF15:
 777 027e 41504250 		.ascii	"APBPrescTable\000"
 777      72657363 
 777      5461626C 
 777      6500
 778              	.LASF2:
 779 028c 73686F72 		.ascii	"short int\000"
 779      7420696E 
 779      7400
 780              	.LASF41:
 781 0296 706C6C76 		.ascii	"pllvco\000"
 781      636F00
 782              	.LASF39:
 783 029d 5243435F 		.ascii	"RCC_TypeDef\000"
 783      54797065 
 783      44656600 
 784              	.LASF12:
 785 02a9 75696E74 		.ascii	"uint32_t\000"
 785      33325F74 
 785      00
 786              	.LASF4:
 787 02b2 6C6F6E67 		.ascii	"long int\000"
 787      20696E74 
 787      00
 788              	.LASF33:
 789 02bb 41484253 		.ascii	"AHBSMENR\000"
 789      4D454E52 
 789      00
 790              	.LASF40:
 791 02c4 6C6F6E67 		.ascii	"long double\000"
 791      20646F75 
 791      626C6500 
 792              	.LASF0:
 793 02d0 7369676E 		.ascii	"signed char\000"
 793      65642063 
 793      68617200 
 794              	.LASF23:
 795 02dc 43494352 		.ascii	"CICR\000"
 795      00
ARM GAS  /tmp/ccc5bCAC.s 			page 17


 796              		.section	.gnu.debuglto_.debug_line_str,"eMS",%progbits,1
 797              	.LASF60:
 798 0000 5F737464 		.ascii	"_stdint.h\000"
 798      696E742E 
 798      6800
 799              	.LASF52:
 800 000a 2F686F6D 		.ascii	"/home/zgj/servo_project/zgj_project/ClosedLoop_Step"
 800      652F7A67 
 800      6A2F7365 
 800      72766F5F 
 800      70726F6A 
 801 003d 7065724D 		.ascii	"perMotor\000"
 801      6F746F72 
 801      00
 802              	.LASF57:
 803 0046 44726976 		.ascii	"Drivers/STM32G0xx_HAL_Driver/Inc\000"
 803      6572732F 
 803      53544D33 
 803      32473078 
 803      785F4841 
 804              	.LASF63:
 805 0067 73797374 		.ascii	"system_stm32g0xx.c\000"
 805      656D5F73 
 805      746D3332 
 805      67307878 
 805      2E6300
 806              	.LASF64:
 807 007a 73746D33 		.ascii	"stm32g0xx_ll_dma.h\000"
 807      32673078 
 807      785F6C6C 
 807      5F646D61 
 807      2E6800
 808              	.LASF59:
 809 008d 5F646566 		.ascii	"_default_types.h\000"
 809      61756C74 
 809      5F747970 
 809      65732E68 
 809      00
 810              	.LASF62:
 811 009e 73746D33 		.ascii	"stm32g071xx.h\000"
 811      32673037 
 811      3178782E 
 811      6800
 812              	.LASF58:
 813 00ac 436F7265 		.ascii	"Core/Src/system_stm32g0xx.c\000"
 813      2F537263 
 813      2F737973 
 813      74656D5F 
 813      73746D33 
 814              	.LASF61:
 815 00c8 73797374 		.ascii	"system_stm32g0xx.h\000"
 815      656D5F73 
 815      746D3332 
 815      67307878 
 815      2E6800
 816              	.LASF54:
 817 00db 2F6F7074 		.ascii	"/opt/arm-gnu-toolchain-14.2/arm-none-eabi/include/s"
ARM GAS  /tmp/ccc5bCAC.s 			page 18


 817      2F61726D 
 817      2D676E75 
 817      2D746F6F 
 817      6C636861 
 818 010e 797300   		.ascii	"ys\000"
 819              	.LASF56:
 820 0111 44726976 		.ascii	"Drivers/CMSIS/Device/ST/STM32G0xx/Include\000"
 820      6572732F 
 820      434D5349 
 820      532F4465 
 820      76696365 
 821              	.LASF53:
 822 013b 2F6F7074 		.ascii	"/opt/arm-gnu-toolchain-14.2/arm-none-eabi/include/m"
 822      2F61726D 
 822      2D676E75 
 822      2D746F6F 
 822      6C636861 
 823 016e 61636869 		.ascii	"achine\000"
 823      6E6500
 824              	.LASF55:
 825 0175 436F7265 		.ascii	"Core/Src\000"
 825      2F537263 
 825      00
 826              		.text
 827              		.section	.gnu.lto_.profile.bb9b991538c342b8,"e",%progbits
 828 0000 28B52FFD 		.ascii	"(\265/\375 \0061\000\000\002\000\000\000\000\000"
 828      20063100 
 828      00020000 
 828      000000
 829              		.text
 830              		.section	.gnu.lto_.inline.bb9b991538c342b8,"e",%progbits
 831 0000 28B52FFD 		.ascii	"(\265/\375 V\015\002\000\024\003J\000\002\000\000\003"
 831      20560D02 
 831      0014034A 
 831      00020000 
 831      03
 832 0011 80808080 		.ascii	"\200\200\200\200\002d\001\201\200\200\200~\000\000\006"
 832      02640181 
 832      8080807E 
 832      000006
 833 0020 02000001 		.ascii	"\002\000\000\001\0002\246\263\346\214\003g\001\000\000"
 833      0032A6B3 
 833      E68C0367 
 833      010000
 834 002f 025EA5B3 		.ascii	"\002^\245\263\346\354\002g\000\000\006\210\000\005\000"
 834      E6EC0267 
 834      00000688 
 834      000500
 835 003e 1EC5C3A6 		.ascii	"\036\305\303\246\0257\207\303\274~\003X"
 835      153787C3 
 835      BC7E0358 
 836              		.text
 837              		.section	.gnu.lto_.jmpfuncs.bb9b991538c342b8,"e",%progbits
 838 0000 28B52FFD 		.ascii	"(\265/\375 \024\205\000\000P\010\000\002\000\000\000"
 838      20148500 
 838      00500800 
 838      02000000 
ARM GAS  /tmp/ccc5bCAC.s 			page 19


 839 0010 01000000 		.ascii	"\001\000\000\000\001\000\033\300\002"
 839      01001BC0 
 839      02
 840              		.text
 841              		.section	.gnu.lto_.pureconst.bb9b991538c342b8,"e",%progbits
 842 0000 28B52FFD 		.ascii	"(\265/\375 \013Y\000\000\007\000\000\000\002\000\200"
 842      200B5900 
 842      00070000 
 842      00020080 
 843 0010 04019A04 		.ascii	"\004\001\232\004"
 844              		.text
 845              		.section	.gnu.lto_.ipa_modref.bb9b991538c342b8,"e",%progbits
 846 0000 28B52FFD 		.ascii	"(\265/\375 \016E\000\000\020\002\000\001\000\034\300"
 846      200E4500 
 846      00100200 
 846      01001CC0 
 847 0010 02       		.ascii	"\002"
 848              		.text
 849              		.section	.gnu.lto_.lto.bb9b991538c342b8,"e",%progbits
 850 0000 0E000000 		.ascii	"\016\000\000\000\001\000\001\000"
 850      01000100 
 851              		.text
 852              		.section	.gnu.lto_AHBPrescTable.459.bb9b991538c342b8,"e",%progbits
 853 0000 28B52FFD 		.ascii	"(\265/\375 \325e\004\000r\206\027$\200K\322\001@\242"
 853      20D56504 
 853      00728617 
 853      24804BD2 
 853      0140A2
 854 0013 65DBB66D 		.ascii	"e\333\266m\333\006\230\201e~\252L\310\004\246\232\340"
 854      DB069881 
 854      657EAA4C 
 854      C804A69A 
 854      E0
 855 0024 8CCDE8D6 		.ascii	"\214\315\350\326Zk\204\264FHk$\355yb\305\213\0317v\374"
 855      5A6B84B4 
 855      46486B24 
 855      ED7962C5 
 855      8B193776 
 856 0039 187264C9 		.ascii	"\030rd\311\223)W\266|!\3341\367\314]s\337\3349\367\316"
 856      932957B6 
 856      7C21DC31 
 856      F7CC5D73 
 856      DFDC39F7 
 857 004e 1D5C8101 		.ascii	"\035\\\201\001\306\2108\024X\313\037\203\317\004Q\256"
 857      C6883814 
 857      58CB1F83 
 857      CF0451AE 
 858 005e 8A2CE91A 		.ascii	"\212,\351\032\340n\357\200\273\345\231\331\025\000_"
 858      E06EEF80 
 858      BBE599D9 
 858      15005F
 859 006d 0D808137 		.ascii	"\015\200\2017\356\0251b\011\003p\027\205\306\200\010"
 859      EE153162 
 859      09037017 
 859      85C68008 
 860 007d B8038D01 		.ascii	"\270\003\215\001\021p\007\032\003\"\340\0164\006D\300"
 860      1170071A 
ARM GAS  /tmp/ccc5bCAC.s 			page 20


 860      0322E00E 
 860      340644C0 
 861 008d 1D68EC45 		.ascii	"\035h\354E\320\001\300\001"
 861      D001C001 
 862              		.text
 863              		.section	.gnu.lto_APBPrescTable.460.bb9b991538c342b8,"e",%progbits
 864 0000 28B52FFD 		.ascii	"(\265/\375 t\235\002\000\002\304\016\031\240)\035\335"
 864      20749D02 
 864      0002C40E 
 864      19A0291D 
 864      DD
 865 0011 6FFF3B00 		.ascii	"o\377;\000@C;\375V\025\304\316['\374\264\275\011!I\006"
 865      40433BFD 
 865      5615C4CE 
 865      5B27FCB4 
 865      BD092149 
 866 0026 5D7999B9 		.ascii	"]y\231\271\331\371\031::\227\316\247\2238\207\003[K"
 866      D9F9193A 
 866      3A97CEA7 
 866      93388703 
 866      5B4B
 867 0038 9042957D 		.ascii	"\220B\225}\012\027p\200\037[\300\257\2675\002\012\000"
 867      0A177080 
 867      1F5BC0AF 
 867      B735020A 
 867      00
 868 0049 4D0D803B 		.ascii	"M\015\200;\320\030\020\001w\2401 \002\356\276\264\204"
 868      D0181001 
 868      77A03120 
 868      02EEBEB4 
 868      84
 869 005a 8122     		.ascii	"\201\""
 870              		.text
 871              		.section	.gnu.lto_SystemInit.461.bb9b991538c342b8,"e",%progbits
 872 0000 28B52FFD 		.ascii	"(\265/\375 \362\235\006\000\"\214.4pM\322\001\240z_"
 872      20F29D06 
 872      00228C2E 
 872      34704DD2 
 872      01A07A5F 
 873 0014 95FF8B40 		.ascii	"\225\377\213@\356U\2175\324\351\300\314\250Cl\314\332"
 873      EE558F35 
 873      D4E9C0CC 
 873      A8436CCC 
 873      DA
 874 0025 4260DFAA 		.ascii	"B`\337\252\024B\012\241,\305!\3507\003j0Z\261\360\230"
 874      14420AA1 
 874      2CC521E8 
 874      37036A30 
 874      5AB1F098 
 875 0039 D18B4245 		.ascii	"\321\213BEmo\231\002\247\016,\026\250BH\300\246\234"
 875      6D6F9902 
 875      A70E2C16 
 875      A84248C0 
 875      A69C
 876 004b B09DB242 		.ascii	"\260\235\262B>*Jo#G\317#O~\210\013\341Ni\202\314\016"
 876      3E2A4A6F 
 876      2347CF23 
ARM GAS  /tmp/ccc5bCAC.s 			page 21


 876      4F7E880B 
 876      E14E6982 
 877 0061 122B7922 		.ascii	"\022+y\"\272\252\313\233\324^\034\341\304\024q\345\273"
 877      BAAACB9B 
 877      D45E1CE1 
 877      C41471E5 
 877      BB
 878 0072 AACB5B8C 		.ascii	"\252\313[\214\255\247\360\237\323\3526\004\026\356\342"
 878      ADA7F09F 
 878      D3EA3604 
 878      16EEE2
 879 0081 05DD50CE 		.ascii	"\005\335P\316\3014\327q\255\264\333\374\355\341(Y\300"
 879      C134D771 
 879      ADB4DBFC 
 879      EDE12859 
 879      C0
 880 0092 E8DE48E9 		.ascii	"\350\336H\3514\011\300\310\307\177\025x\366\233Dht\303"
 880      3409C0C8 
 880      C77F1578 
 880      F69B4468 
 880      74C3
 881 00a4 498848A7 		.ascii	"I\210H\247\273!\347\241\231\266\354\252 :\220\321`\264"
 881      BB21E7A1 
 881      99B6ECAA 
 881      203A90D1 
 881      60B4
 882 00b6 053074F7 		.ascii	"\0050t\367[F\223\241w\372\337\340?\304\177+\010\000"
 882      5B4693A1 
 882      77FADFE0 
 882      3FC47F2B 
 882      0800
 883 00c8 7929AF67 		.ascii	"y)\257g\006\201oj\215\341\012a\274\014!.\307\242\235"
 883      06816F6A 
 883      8DE10A61 
 883      BC0C212E 
 883      C7A29D
 884 00db 64       		.ascii	"d"
 885              		.text
 886              		.section	.gnu.lto_SystemCoreClockUpdate.462.bb9b991538c342b8,"e",%progbits
 887 0000 28B52FFD 		.ascii	"(\265/\375`Z\010\335)\000\212H\340\017Gp\334Q:\177\003"
 887      605A08DD 
 887      29008A48 
 887      E00F4770 
 887      DC513A7F 
 888 0015 E759FA73 		.ascii	"\347Y\372s\222\026\221\015P\276\364BE5\260H\023\012"
 888      9216910D 
 888      50BEF442 
 888      4535B048 
 888      130A
 889 0027 120006BC 		.ascii	"\022\000\006\274\032#\302%_\243FXjs\267nZ\241\033\225"
 889      1A23C225 
 889      5FA34658 
 889      6A73B76E 
 889      5AA11B95 
 890 003b E59EF562 		.ascii	"\345\236\365b\20224\360\265\277\326G\3236\037\246\237"
 890      823234F0 
 890      B5BFD647 
ARM GAS  /tmp/ccc5bCAC.s 			page 22


 890      D3361FA6 
 890      9F
 891 004c 14E8DE36 		.ascii	"\024\350\3366B\310&r'\031\350\000\332\000\353\000\265"
 891      42C82672 
 891      2719E800 
 891      DA00EB00 
 891      B5
 892 005d 325A2B9F 		.ascii	"2Z+\237\265\262\255\225\315Z\271k\345Z+?\201\211\006"
 892      B5B2AD95 
 892      CD5AB96B 
 892      E55A2B3F 
 892      818906
 893 0070 8B8D0953 		.ascii	"\213\215\011S\367f\275\271\3353[F\344`\277\362_\376"
 893      F766BDB9 
 893      DD335B46 
 893      E460BFF2 
 893      5FFE
 894 0082 61FFD82D 		.ascii	"a\377\330-\363\377\344P\036\345R.\366)\254\263\307\261"
 894      F3FFE450 
 894      1EE5522E 
 894      F629ACB3 
 894      C7B1
 895 0094 263CA6C2 		.ascii	"&<\246\302\276n\350X\202Qm)\311d\014\001[\352=\375\\"
 895      BE6EE858 
 895      82516D29 
 895      C9640C01 
 895      5BEA3DFD 
 896 00a9 2AAAB222 		.ascii	"*\252\262\"\277\351\255U\002|\223;a\372\327R\332T\305"
 896      BFE9AD55 
 896      027C933B 
 896      61FAD752 
 896      DA54C5
 897 00bc 9BA2F2B2 		.ascii	"\233\242\362\262v\257\222\301-\207Ho{\017:o\315\013"
 897      76AF92C1 
 897      2D87486F 
 897      7B0F3A6F 
 897      CD0B
 898 00ce 386F9989 		.ascii	"8o\231\211Ym\304\215\333A\011\224+n\367^\007-\344L\327"
 898      596DC48D 
 898      DB410994 
 898      2B6EF75E 
 898      072DE44C 
 899 00e3 E570297A 		.ascii	"\345p)zZ\263+\023\337\356X\"e\325t\035\220[\316\203"
 899      5AB32B13 
 899      DFEE5822 
 899      65D5741D 
 899      905BCE83 
 900 00f7 19EE40BA 		.ascii	"\031\356@\272u\265\343\250\251\240\207\331\215\247U"
 900      75B5E3A8 
 900      A9A087D9 
 900      8DA755
 901 0106 E93083D0 		.ascii	"\3510\203\320~\250\351\254\242\352\011te}\352\0301?"
 901      7EA8E9AC 
 901      A2EA0974 
 901      657DEA18 
 901      313F
 902 0118 E5BA2D70 		.ascii	"\345\272-p\330\266\256x\274e<A\345\254\234\316\2364"
ARM GAS  /tmp/ccc5bCAC.s 			page 23


 902      D8B6AE78 
 902      BC653C41 
 902      E5AC9CCE 
 902      9E34
 903 012a 47B0BE55 		.ascii	"G\260\276U\205e+\232\341\336\313U\312\352\352\334sf"
 903      85652B9A 
 903      E1DECB55 
 903      CAEAEADC 
 903      7366
 904 013c A6C2CC3D 		.ascii	"\246\302\314=\230Q5\001\3654X\234\267\277\244\234c_"
 904      98513501 
 904      F534589C 
 904      B7BFA49C 
 904      635F
 905 014e 46B3D0BE 		.ascii	"F\263\320\276\345E_gM5\017+\233\316i\216\354\310\322"
 905      E5455F67 
 905      4D350F2B 
 905      9BCE698E 
 905      ECC8D2
 906 0161 9DE48FE1 		.ascii	"\235\344\217\341\223\351\345\001\303\017c\200JN\027"
 906      93E9E501 
 906      C30F6380 
 906      4A4E17
 907 0170 BE979FAB 		.ascii	"\276\227\237\253\034d|.\254\226\246\226\253\324\245"
 907      1C647C2E 
 907      AC96A696 
 907      ABD4A5
 908 017f 3253440B 		.ascii	"2SD\0133\253\341\230\350\270\267\351Y\277\326\261lm"
 908      33ABE198 
 908      E8B8B7E9 
 908      59BFD6B1 
 908      6C6D
 909 0191 EDDEABE0 		.ascii	"\355\336\253\340\266\366N\013\252\2761\205\373\316w"
 909      B6F64E0B 
 909      AABE3185 
 909      FBCE77
 910 01a0 6DFB250A 		.ascii	"m\373%\012\313\251/3\033\177\245Ez\257\217\011\374*"
 910      CBA92F33 
 910      1B7FA545 
 910      7AAF8F09 
 910      FC2A
 911 01b2 B7F222BD 		.ascii	"\267\362\"\275\367\336\353\326\2743\264\356\225N\245"
 911      F7DEEBD6 
 911      BC33B4EE 
 911      954EA5
 912 01c1 F3F6CDEB 		.ascii	"\363\366\315\353\"[\366\345\"$I\256\"\255;<\267\356"
 912      225BF6E5 
 912      222449AE 
 912      22AD3B3C 
 912      B7EE
 913 01d3 D19676EB 		.ascii	"\321\226v\353\035V6\325N\362\373\355\355m\215;\010\363"
 913      1D5636D5 
 913      4EF2FBED 
 913      ED6D8D3B 
 913      08F3
 914 01e5 C7CE465F 		.ascii	"\307\316F_\236{E<\242\203\235\207\256<\013=\354L\240"
 914      9E7B453C 
ARM GAS  /tmp/ccc5bCAC.s 			page 24


 914      A2839D87 
 914      AE3C0B3D 
 914      EC4CA0
 915 01f8 560EAA95 		.ascii	"V\016\252\225\007\324\312\002je\240Z9@\255\374S+\373"
 915      07D4CA02 
 915      6A65A05A 
 915      3940ADFC 
 915      532BFB
 916 020b D4CA006A 		.ascii	"\324\312\000j\345]\255\334S+\353j\345\\\255\214\253"
 916      E55DADDC 
 916      532BEB6A 
 916      E55CAD8C 
 916      AB
 917 021c 95D368B9 		.ascii	"\225\323h\271Nr-\0232\225\022u]\006\231ByM\240k0\243"
 917      4E722D13 
 917      32951275 
 917      5D069942 
 917      794DA06B 
 918 0232 48263D3D 		.ascii	"H&==\307\266I\305\351uQ\3674\332\006\365\345\224\244"
 918      C7B649C5 
 918      E97551F7 
 918      34DA06F5 
 918      E594A4
 919 0245 D75F5EED 		.ascii	"\327_^\355\272\356\021\345Z\327;d\234\\3\350\"[\"\275"
 919      BAEE11E5 
 919      5AD73B64 
 919      9C5C33E8 
 919      225B22BD 
 920 0259 705DD48D 		.ascii	"p]\324\215\006\012\311\333}g\332\270\024\355\264}\304"
 920      060AC9DB 
 920      7D67DAB8 
 920      14EDB47D 
 920      C4
 921 026a D6D0C6F0 		.ascii	"\326\320\306\360)/\200\354\"\320\031\216\365\016\216"
 921      292F80EC 
 921      22D0198E 
 921      F50E8E
 922 0279 0825A342 		.ascii	"\010%\243B\324\026)\204\364!\305\312\231V\312\353\207"
 922      D4162984 
 922      F421C5CA 
 922      9956CAEB 
 922      87
 923 028a BD773473 		.ascii	"\275w4s^[\031P_Fk\010\3240\361B;\311\375\245S\250oE"
 923      5E5B1950 
 923      5F466B08 
 923      D430F142 
 923      3BC9FDA5 
 924 02a2 0A9BA76A 		.ascii	"\012\233\247j\207Q\2565C}\260\367\216\367\235g\017u"
 924      8751AE35 
 924      437DB0F7 
 924      8EF79D67 
 924      0F75
 925 02b4 8B411571 		.ascii	"\213A\025q\272\357\264}\366\315s\231\323l\333;\034Q"
 925      BAEFB47D 
 925      F6CD7399 
 925      D36CDB3B 
 925      1C51
ARM GAS  /tmp/ccc5bCAC.s 			page 25


 926 02c6 556BCC5E 		.ascii	"Uk\314^\200&\324W\276w\274\357\354\026j\213\003\351"
 926      8026D457 
 926      BE77BCEF 
 926      EC166A8B 
 926      03E9
 927 02d8 69BA7F5D 		.ascii	"i\272\177]d\313'e\267\\^'\027\262\3363\\>\304\334f\341"
 927      64CB2765 
 927      B75C5E27 
 927      17B2DE33 
 927      5C3EC4DC 
 928 02ee B16D75CE 		.ascii	"\261mu\316\330\276\334f\2711\321,4j\270\356}'\337\354"
 928      D8BEDC66 
 928      B931D12C 
 928      346AB8EE 
 928      7D27DFEC 
 929 0302 6596F85E 		.ascii	"e\226\370^<d\021D\244\244\036\002]\010\205\304\263\030"
 929      3C641144 
 929      A4A41E02 
 929      5D0885C4 
 929      B318
 930 0314 04165B0C 		.ascii	"\004\026[\014\215B!\021\207$\024\022M.!\241\004\005"
 930      8D422111 
 930      87241412 
 930      4D2E21A1 
 930      0405
 931 0326 12111C9C 		.ascii	"\022\021\034\234h0\344\342\310\304\2211\305\311\300"
 931      6830E4E2 
 931      C8C49131 
 931      C5C9C0
 932 0335 06306038 		.ascii	"\0060`8@\361\000\002R\222Q\004R0\311\250d\374\001\213"
 932      40F10002 
 932      52925104 
 932      5230C9A8 
 932      64FC018B 
 933 0349 1F7EC1E2 		.ascii	"\037~\301\342P\303\020\027\207IC\016\305 \221\030L\372"
 933      50C31017 
 933      8749430E 
 933      C5209118 
 933      4CFA
 934 035b 2082381C 		.ascii	" \2028\034n0\0214\016\205\032\222\200A\025\303\"Q\304"
 934      6E301134 
 934      0E851A92 
 934      804115C3 
 934      2251C4
 935 036e D0453168 		.ascii	"\320E1h\374\251@\021\343\027D\032\246\370]`f\345\275"
 935      FCA94011 
 935      E317441A 
 935      A6F85D60 
 935      66E5BD
 936 0381 793B0810 		.ascii	"y;\010\020\257\263c?qP\317\270T\234c\017\350\240\376"
 936      AFB3633F 
 936      7150CFB8 
 936      549C630F 
 936      E8A0FE
 937 0394 CD2AD480 		.ascii	"\315*\324\200^\320\205u\3542\352\217\235\010D}\0026"
 937      5ED08575 
 937      EC32EA8F 
ARM GAS  /tmp/ccc5bCAC.s 			page 26


 937      9D08447D 
 937      0236
 938 03a6 48DEFB54 		.ascii	"H\336\373T\201\353\261:\005MFqt\036\235\267F\215vy\271"
 938      81EBB13A 
 938      054D4671 
 938      741E9DB7 
 938      468D7679 
 939 03bb EF046A01 		.ascii	"\357\004j\001g{\200\006\352\235XT\325[\200\276\320@"
 939      677B8006 
 939      EA9D5854 
 939      D55B80BE 
 939      D040
 940 03cd CC7BEFD5 		.ascii	"\314{\357\325u\222\331~\360\370\364\337\374\247qI\242"
 940      7592D97E 
 940      F0F8F4DF 
 940      FCA77149 
 940      A2
 941 03de AA9CDCA4 		.ascii	"\252\234\334\244]*#\356f\351\304\277\256\244uls\000"
 941      5D2A23EE 
 941      66E9C4BF 
 941      AEA4756C 
 941      7300
 942 03f0 EDD38FC2 		.ascii	"\355\323\217\302\322\355\032@\373$Yq:\273\266\260&\355"
 942      D2ED1A40 
 942      FB245971 
 942      3ABBB6B0 
 942      26ED
 943 0402 66B94506 		.ascii	"f\271E\006\200\254\250QT\247\220QhFD$)((H:\340\002\021"
 943      80ACA851 
 943      54A79051 
 943      68464424 
 943      29282848 
 944 041a A11A3D11 		.ascii	"\241\032=\0210\271T\214\210\244\214tI\006\374\366\234"
 944      30B9548C 
 944      88A48C74 
 944      4906FCF6 
 944      9C
 945 042b FE821595 		.ascii	"\376\202\025\225et\311\350\2301\233\240\037\333D\206"
 945      6574C9E8 
 945      98319BA0 
 945      1FDB4486 
 946 043b 481B06FC 		.ascii	"H\033\006\374\027\302\340j\321\012\327\264\026jmg\034"
 946      17C2E06A 
 946      D10AD7B4 
 946      166A6D67 
 946      1C
 947 044c A4C0F30E 		.ascii	"\244\300\363\016\256\235-\264\310T\250\000\177\000 "
 947      AE9D2DB4 
 947      C854A800 
 947      7F0020
 948 045b 221823E2 		.ascii	"\"\030#\342\0142\352e\227\224\364\0301\361\215\350\227"
 948      0C32EA65 
 948      9794F418 
 948      31F18DE8 
 948      97
 949 046c EAB08259 		.ascii	"\352\260\202Yhn\263\004i\334\315S\274I\234Y\302J\312"
 949      686EB304 
ARM GAS  /tmp/ccc5bCAC.s 			page 27


 949      69DCCD53 
 949      BC499C59 
 949      C24ACA
 950 047f B8D63CB9 		.ascii	"\270\326<\271\034\364'L\206\034\277dN\203\032\000\037"
 950      1CF4274C 
 950      861CBF64 
 950      4E831A00 
 950      1F
 951 0490 2B60CB89 		.ascii	"+`\313\211\003\371\356\243\313\2254\330\177Z\324\013"
 951      03F9EEA3 
 951      CB9534D8 
 951      7F5AD40B 
 952 04a0 A691ACA3 		.ascii	"\246\221\254\243\306EH\017\342\265\344\266\200\327\363"
 952      C645480F 
 952      E2B5E4B6 
 952      80D7F3
 953 04af B0B01AE3 		.ascii	"\260\260\032\343\001\276l\333\320\311\236\204\313\013"
 953      01BE6CDB 
 953      D0C99E84 
 953      CB0B
 954 04bd A55EC6A6 		.ascii	"\245^\306\246\217\222\3411=\266\302\344\205\240\036"
 954      8F92E131 
 954      3DB6C2E4 
 954      85A01E
 955 04cc 096F397D 		.ascii	"\011o9}\362/\002z\247\020&\217\026Z\006\265Gno\203\012"
 955      F22F027A 
 955      A710268F 
 955      165A06B5 
 955      476E6F83 
 956 04e1 CAC93209 		.ascii	"\312\3112\011}\322\241\326\020\310\252\304.\005\321"
 956      7DD2A1D6 
 956      10C8AAC4 
 956      2E05D1
 957 04f0 4C19A77C 		.ascii	"L\031\247|N\340\371\004\247_\371\200V\3774~,\352mv\341"
 957      4EE0F904 
 957      A75FF980 
 957      56FF347E 
 957      2CEA6D76 
 958 0505 BAEF4AE0 		.ascii	"\272\357J\340M\310\254T\015\204\002!\371\012\276\001"
 958      4DC8AC54 
 958      0D840221 
 958      F90ABE01 
 959 0515 7E040891 		.ascii	"~\004\010\221Q@\304\014\002)bH\010\0264\006\326\377"
 959      5140C40C 
 959      02296248 
 959      08163406 
 959      D6FF
 960 0527 8EA5A389 		.ascii	"\216\245\243\211\224\372\177-\216\301\003\004V\010\266"
 960      94FA7F2D 
 960      8EC10304 
 960      5608B6
 961 0536 1D163DE4 		.ascii	"\035\026=\344P\302\370\217\015=\324b\235\240\002"
 961      50C2F88F 
 961      0D3DD462 
 961      9DA002
 962              		.text
 963              		.section	.gnu.lto_.symbol_nodes.bb9b991538c342b8,"e",%progbits
ARM GAS  /tmp/ccc5bCAC.s 			page 28


 964 0000 28B52FFD 		.ascii	"(\265/\375 VE\002\000\304\003R\000\000\000\000\002\315"
 964      20564502 
 964      00C40352 
 964      00000000 
 964      02CD
 965 0012 037F0080 		.ascii	"\003\177\000\200\200\200\200\004\001\220\316\000\000"
 965      80808004 
 965      0190CE00 
 965      00
 966 001f 7F0000BA 		.ascii	"\177\000\000\272\220\202\002\316\003\177\001\360\377"
 966      908202CE 
 966      037F01F0 
 966      FF
 967 002c FFFF0305 		.ascii	"\377\377\003\005\312\003\002\301\204\001\000\000\000"
 967      CA0302C1 
 967      84010000 
 967      00
 968 0039 05CB0303 		.ascii	"\005\313\003\003\314\003\004\301\204\001\000\000\000"
 968      CC0304C1 
 968      84010000 
 968      00
 969 0046 0003002D 		.ascii	"\000\003\000-\231\002}fk\216\001"
 969      99027D66 
 969      6B8E01
 970              		.text
 971              		.section	.gnu.lto_.refs.bb9b991538c342b8,"e",%progbits
 972 0000 28B52FFD 		.ascii	"(\265/\375 +Y\001\000'\000\000\000\010\001\001\002\015"
 972      202B5901 
 972      00270000 
 972      00080101 
 972      020D
 973 0012 00010211 		.ascii	"\000\001\002\021\000\001\002\025\000\001\0029\000\001"
 973      00010215 
 973      00010239 
 973      0001
 974 0020 02C30000 		.ascii	"\002\303\000\000\000\003\311\000\000\000\002\314\000"
 974      0003C900 
 974      000002CC 
 974      00
 975 002d 000102CE 		.ascii	"\000\001\002\316\000\000\000"
 975      000000
 976              		.text
 977              		.section	.gnu.lto_.decls.bb9b991538c342b8,"e",%progbits
 978 0000 28B52FFD 		.ascii	"(\265/\375`\006\012\3051\000*Y\340\023C`\346Q\007#\361"
 978      60060AC5 
 978      31002A59 
 978      E0134360 
 978      E6510723 
 979 0015 7EA13485 		.ascii	"~\2414\2052\311'lI\021\334\330\030\276\333\344\015\003"
 979      32C9276C 
 979      4911DCD8 
 979      18BEDBE4 
 979      0D03
 980 0027 B686188E 		.ascii	"\266\206\030\216\3146\031\215@'l\014r0\364\353\220\015"
 980      CC36198D 
 980      40276C0C 
 980      7230F4EB 
ARM GAS  /tmp/ccc5bCAC.s 			page 29


 980      900D
 981 0039 FF3F4A41 		.ascii	"\377?JA5\"\015\206[N\246\333\276\236\275U%\332\001\014"
 981      35220D86 
 981      5B4EA6DB 
 981      BE9EBD55 
 981      25DA010C 
 982 004d 31D96E29 		.ascii	"1\331n)\245\011\001)\001.\001\377\355\373\234\323\177"
 982      A5090129 
 982      012E01FF 
 982      EDFB9CD3 
 982      7F
 983 005e 3A1F6CC8 		.ascii	":\037l\310\225\202\271s\372\312\347/\225\367[\256\376"
 983      9582B973 
 983      FACAE72F 
 983      95F75BAE 
 983      FE
 984 006f 5FFE4FC1 		.ascii	"_\376O\301\270\0120\377\003H\333\367\371O\237\353\311"
 984      B80A30FF 
 984      0348DBF7 
 984      F94F9FEB 
 984      C9
 985 0080 7CAE7632 		.ascii	"|\256v2\227\177\333\342>\274\362)m\277_\372q?\375\367"
 985      977FDBE2 
 985      3EBCF229 
 985      6DBF5FFA 
 985      713FFDF7 
 986 0094 39A5CBF7 		.ascii	"9\245\313\367\177g\264\313\370\323%\226\322\311\204"
 986      7F67B4CB 
 986      F8D32596 
 986      D2C984
 987 00a3 22F8A6F4 		.ascii	"\"\370\246\364\277\331B\373\233\377J\347[!=\335\226"
 987      BFD942FB 
 987      9BFF4AE7 
 987      5B213DDD 
 987      96
 988 00b4 43DE4D09 		.ascii	"C\336M\0117\340J\331\246|\376\277\212\377o\"i\033\355"
 988      37E04AD9 
 988      A67CFEBF 
 988      8AFF6F22 
 988      691BED
 989 00c7 99AF9486 		.ascii	"\231\257\224\2061\273\220\376\305\254\376\305~\300\377"
 989      31BB90FE 
 989      C5ACFEC5 
 989      7EC0FF
 990 00d6 2BBBC56A 		.ascii	"+\273\305jF\037\001\326\277\362\377\273x\314VA3\241"
 990      461F01D6 
 990      BFF2FFBB 
 990      78CC5641 
 990      33A1
 991 00e8 5F522B24 		.ascii	"_R+$\255\200\246U{\365b_\375\377\317\345\234\266\312"
 991      AD80A655 
 991      7BF5625F 
 991      FDFFCFE5 
 991      9CB6CA
 992 00fb 6EA16E72 		.ascii	"n\241nr\332g\225\207\266r\372\315\317b\202\375\235*"
 992      DA679587 
 992      B672FACD 
ARM GAS  /tmp/ccc5bCAC.s 			page 30


 992      CF6282FD 
 992      9D2A
 993 010d A54EE6FF 		.ascii	"\245N\346\3777\\\000\255\350 4\2562sZC`n\005\314m\324"
 993      375C00AD 
 993      E82034AE 
 993      32735A43 
 993      606E05CC 
 994 0123 48CC4DC4 		.ascii	"H\314M\304\314k\314\355\200\271\0370\263\004f\016S\304"
 994      CC6BCCED 
 994      80B91F30 
 994      B304660E 
 994      53C4
 995 0135 DC3A94CC 		.ascii	"\334:\224\314\314\306\0123\233a\346f\356%\314\334\206"
 995      CCC60A33 
 995      9B61E666 
 995      EE25CCDC 
 995      86
 996 0146 99CF30F3 		.ascii	"\231\3170\363\0313\2231\263\224\231\3230\363P]]]\035"
 996      19339331 
 996      B39499D3 
 996      30F3505D 
 996      5D5D1D
 997 0159 333B999D 		.ascii	"3;\231\235\210\371\262\001\255\326F\274\200tq\265\325"
 997      88F9B201 
 997      ADD646BC 
 997      807471B5 
 997      D5
 998 016a 00B9D710 		.ascii	"\000\271\327\020\341q\222\326\303\325^\033\361\034\251"
 998      E17192D6 
 998      C3D55E1B 
 998      F11CA9
 999 0179 EEAA6E23 		.ascii	"\356\252n#\232J\267\230,-\246\317\364\263\203\364\020"
 999      9A4AB798 
 999      2C2DA6CF 
 999      F4B383F4 
 999      10
 1000 018a 02F7CF68 		.ascii	"\002\367\317h\205\333\225\344L\313\214\321\013\335U"
 1000      85DB95E4 
 1000      4CCB8CD1 
 1000      0BDD55
 1001 0199 DB808C70 		.ascii	"\333\200\214p)\343*w\032s\217i2\377\010zcL\002\035q"
 1001      29E32A77 
 1001      1A738F69 
 1001      32FF087A 
 1001      634C021D 
 1002 01ae B5D180DC 		.ascii	"\265\321\200\334e\330\350\213\206\262\314\320\000\271"
 1002      65D8E88B 
 1002      86B2CCD0 
 1002      00B9
 1003 01bc 5AD4463C 		.ascii	"Z\324F<\365\373\210\307\322\270\253\262\215\350.\335"
 1003      F5FB88C7 
 1003      D2B8ABB2 
 1003      8DE82EDD 
 1004 01cc 65DC59BA 		.ascii	"e\334Y\272\254\317\372\351@\253\207\017\270\177\252"
 1004      ACCFFAE9 
 1004      40AB870F 
 1004      B87FAA
ARM GAS  /tmp/ccc5bCAC.s 			page 31


 1005 01db 5510F0A7 		.ascii	"U\020\360\247,-\214\253m\326`8\251\303p{\351/\254\222"
 1005      2C2D8CAB 
 1005      6DD66038 
 1005      A9C3707B 
 1005      E92FAC92 
 1006 01ef B53FF72F 		.ascii	"\265?\367/-rf!?[n\227;\211W\324I<\244>\342\251m\304"
 1006      2D726621 
 1006      3F5B6E97 
 1006      3B8957D4 
 1006      493CA43E 
 1007 0207 E356BB3D 		.ascii	"\343V\273=4\263\357$\236*GF\326\322\245\357\267\266"
 1007      34B3EF24 
 1007      9E2A4746 
 1007      D6D2A5EF 
 1007      B7B6
 1008 0219 A6843D14 		.ascii	"\246\204=\024:a\307\305\246\025\310Un\262;\304eD[\351"
 1008      3A61C7C5 
 1008      A615C855 
 1008      6EB23BC4 
 1008      65445BE9 
 1009 022d 31EE2B59 		.ascii	"1\356+Y\372JK\271\225\374\2254N\21621Zr\346\036\032"
 1009      FA4A4BB9 
 1009      95FC9534 
 1009      4E8E3231 
 1009      5A72E61E 
 1010 0242 9DD0C3FA 		.ascii	"\235\320\303\372\261&H\037n)sk\351-\234\347\300\277"
 1010      B126481F 
 1010      6E29736B 
 1010      E92D9CE7 
 1010      C0BF
 1011 0254 9FFF6F40 		.ascii	"\237\377o@\244\246L\224\210\253\276>\342y\033\361\004"
 1011      A4A64C94 
 1011      88ABBE3E 
 1011      E2791BF1 
 1011      04
 1012 0265 8CC0C2C0 		.ascii	"\214\300\302\300\257\337\300\021./\270>\000\317\374"
 1012      AFDFC011 
 1012      2E2FB83E 
 1012      00CFFC
 1013 0274 E179C4BC 		.ascii	"\341y\304\274\346\214\003\300e\005\307\215\253\214\364"
 1013      E68C03C0 
 1013      6505C78D 
 1013      AB8CF4
 1014 0283 CF5C2A7D 		.ascii	"\317\\*}\377\377\014U\366\264\256\272W\002\001K\312"
 1014      FFFF0C55 
 1014      F6B4AEBA 
 1014      5702014B 
 1014      CA
 1015 0294 003D7195 		.ascii	"\000=q\225wtW\016\220\2267n\345\365\004\372\2071{\324"
 1015      7774570E 
 1015      9096376E 
 1015      E5F504FA 
 1015      87317BD4 
 1016 02a8 7BB8D385 		.ascii	"{\270\323\205\370\226\357\360+\177z\226C]\313\233\316"
 1016      F896EFF0 
 1016      2B7F7A96 
 1016      435DCB9B 
ARM GAS  /tmp/ccc5bCAC.s 			page 32


 1016      CE
 1017 02b9 E54C27E2 		.ascii	"\345L'\342:|\210\033\361\037\036\304}8\020\347\341X"
 1017      3A7C881B 
 1017      F11F1EC4 
 1017      7D3810E7 
 1017      E158
 1018 02cb 5E84BD8B 		.ascii	"^\204\275\213\331\225\276dU\032\327\347\014\236<o\322"
 1018      D995BE64 
 1018      551AD7E7 
 1018      0C9E3C6F 
 1018      D2
 1019 02dc FC419333 		.ascii	"\374A\2233GP Ac\204\012M\221\233\303\022hP\225=pjc\354"
 1019      47502041 
 1019      63840A4D 
 1019      919BC312 
 1019      6850953D 
 1020 02f4 F0914367 		.ascii	"\360\221Cg\016\217\2366c\356\300\001\353\242\300Y\243"
 1020      0E8F9E36 
 1020      63EEC001 
 1020      EBA2C059 
 1020      A3
 1021 0305 234427D6 		.ascii	"#D'\326VG\016N\034B\030\230\273\315\315\317\236\267"
 1021      56470E4E 
 1021      1C421898 
 1021      BBCDCDCF 
 1021      9EB7
 1022 0317 3569FC34 		.ascii	"5i\3744\233\212\305\364\375V\221\264\260\1776\356/\314"
 1022      9B8AC5F4 
 1022      FD5691B4 
 1022      B07F36EE 
 1022      2FCC
 1023 0329 1DE75DCD 		.ascii	"\035\347]\315\247\331\274\271l\337\353\000\0334X\304"
 1023      A7D9BCB9 
 1023      6CDFEB00 
 1023      1B3458C4 
 1024 0339 E6FED928 		.ascii	"\346\376\331(P\240\220\200B\027\261z{\313\240\362\216"
 1024      50A09080 
 1024      4217B17A 
 1024      7BCBA0F2 
 1024      8E
 1025 034a CBE5B573 		.ascii	"\313\345\265s\264\\\336U\271\274\223ry\327\344\336\257"
 1025      B45CDE55 
 1025      B9BC9372 
 1025      79D7E4DE 
 1025      AF
 1026 035b CBBB21D7 		.ascii	"\313\273!\327\347\343\362.\353\"\3309/\357\376\262\317"
 1026      E7E3F22E 
 1026      EB22D839 
 1026      2FEFFEB2 
 1026      CF
 1027 036c 5DF6B79B 		.ascii	"]\366\267\233\324v\331\341\\%\265\313\216v;\230]\366"
 1027      D476D9E1 
 1027      5C25B5CB 
 1027      8E763B98 
 1027      5DF6
 1028 037e 2D977DCA 		.ascii	"-\227}\312ewr\331\014\354\262G/\243\271\217\273V\304"
 1028      657772D9 
ARM GAS  /tmp/ccc5bCAC.s 			page 33


 1028      0CECB247 
 1028      2FA3B98F 
 1028      BB56C4
 1029 0391 FB3116CD 		.ascii	"\3731\026\315\343*{\326e\265\26574Y\032M\267Q}\377g"
 1029      E32A7BD6 
 1029      65B5B537 
 1029      34591A4D 
 1029      B7517DFF 
 1030 03a6 D03015CA 		.ascii	"\3200\025\312\030\272\035\376iP$\256r\263a\3564\001"
 1030      18BA1DFE 
 1030      695024AE 
 1030      72B361EE 
 1030      3401
 1031 03b8 2E5827D6 		.ascii	".X'\326x\003*j]\207\001\030\306\205\252* \207\037\333"
 1031      78032A6A 
 1031      5D870118 
 1031      C685AA2A 
 1031      20871FDB 
 1032 03cc A2C69414 		.ascii	"\242\306\224\024\215\340\257\252J)\304\022\206\022P"
 1032      8DE0AFAA 
 1032      4A29C412 
 1032      861250
 1033 03db C41F14F1 		.ascii	"\304\037\024\361\307J\305\260\301:\375\210Ab\211\365"
 1033      C74AC5B0 
 1033      C13AFD88 
 1033      416289F5 
 1034 03eb 873CB236 		.ascii	"\207<\2626b\034\235:\014\211\353n\270\372p%\256\301"
 1034      621C9D3A 
 1034      0C89EB6E 
 1034      B8FA7025 
 1034      AEC1
 1035 03fd 21751802 		.ascii	"!u\030\002\304J\202\204\260\247\004|\002\261\006WUx"
 1035      C44A8284 
 1035      B0A7047C 
 1035      02B10657 
 1035      5578
 1036 040f 22D813C1 		.ascii	"\"\330\023\301\324\003.\015\241\210\303&!\323\035\232"
 1036      D4032E0D 
 1036      A188C326 
 1036      21D31D9A 
 1037 041f 78129E08 		.ascii	"x\022\236\010\362D0\361\200MB\246\236\360D\360\212`"
 1037      F24430F1 
 1037      804D42A6 
 1037      9EF044F0 
 1037      8A60
 1038 0431 BAC0A5A1 		.ascii	"\272\300\245\241\211\247\022\304&!\023\321P\030\\\327"
 1038      89A712C4 
 1038      262113D1 
 1038      50185CD7 
 1039 0441 A125A7A7 		.ascii	"\241%\247\247\024\303'\342\323\220h\270:5\251B\246\001"
 1039      14C327E2 
 1039      D39068B8 
 1039      3A35A942 
 1039      A601
 1040 0453 EC148B15 		.ascii	"\354\024\213\025PRH\366(l\022\3014 \031\265\204!I#F"
 1040      505248F6 
 1040      286C12C1 
ARM GAS  /tmp/ccc5bCAC.s 			page 34


 1040      342019B5 
 1040      84214923 
 1041 0468 8D5BC426 		.ascii	"\215[\304&W\2640\242\230!U\234Z\217\230\001\037\213"
 1041      57B430A2 
 1041      9821559C 
 1041      5A8F9801 
 1041      1F8B
 1042 047a C9628923 		.ascii	"\311b\211#k4\262Ib\224\261X$\321\202E\026\247\326\244"
 1042      6B34B249 
 1042      6294B158 
 1042      24D18245 
 1042      16A7D6A4 
 1043 048e 142BA378 		.ascii	"\024+\243x4F\025m\034Y\344O\306\013\034?\226\252\010"
 1043      3446156D 
 1043      1C59E44F 
 1043      C60B1C3F 
 1043      96AA08
 1044 04a1 E3E78159 		.ascii	"\343\347\201Yh`\321aE\006%\027\027\0300\007\340\212"
 1044      6860D161 
 1044      45062517 
 1044      17183007 
 1044      E08A
 1045 04b3 84C24488 		.ascii	"\204\302D\210+u\241\252J\351\305\022\006\252$2\012\371"
 1045      2B75A1AA 
 1045      4AE9C512 
 1045      06AA2432 
 1045      0AF9
 1046 04c5 933A127F 		.ascii	"\223:\022\177\354\261\270.H\306\240\021\244b\223\310"
 1046      ECB1B82E 
 1046      48C6A011 
 1046      A46293C8 
 1047 04d5 1B44008C 		.ascii	"\033D\000\214\2541eT\242\262P\305&\217E)\002Le\001\271"
 1047      AC316554 
 1047      A2B250C5 
 1047      268F4529 
 1047      024C6501 
 1048 04ea C106D571 		.ascii	"\301\006\325q\005\021\330\031\227c\243\305\353\253\317"
 1048      0511D819 
 1048      9763A3C5 
 1048      EBABCF
 1049 04f9 7A508A28 		.ascii	"zP\212()\343\355\021\377z\032\360\261\200\262\250At"
 1049      29E3ED11 
 1049      FF7A1AF0 
 1049      B180B2A8 
 1049      4174
 1050 050b 451092A1 		.ascii	"E\020\222\241@DD\244 M\322\001\300\002\241)\352\034"
 1050      404444A4 
 1050      204DD201 
 1050      C002A129 
 1050      EA1C
 1051 051d 12A0431D 		.ascii	"\022\240C\035I\361\342\222\244 \205\235\3753\310KU\214"
 1051      49F1E292 
 1051      A420859D 
 1051      FD33C84B 
 1051      558C
 1052 052f 9222ECF6 		.ascii	"\222\"\354\366\230w\204[D\214p\337)8\257`\311\\\274"
 1052      9877845B 
ARM GAS  /tmp/ccc5bCAC.s 			page 35


 1052      448C70DF 
 1052      2938AF60 
 1052      C95CBC
 1053 0542 9227032A 		.ascii	"\222'\003*~fc<A\365\304J\360\316\345U\005&\312g\320"
 1053      7E66633C 
 1053      41F5C44A 
 1053      F0CEE555 
 1053      0526CA67 
 1054 0557 5FB2C104 		.ascii	"_\262\301\004\267&\237\352gz\232\354RZ\004~i|cm-\260"
 1054      B7269FEA 
 1054      677A9AEC 
 1054      525A047E 
 1054      697C636D 
 1055 056d 10D05028 		.ascii	"\020\320P(\037`}\222\034\345\006\005h#Ue\227\321\221"
 1055      1F607D92 
 1055      1CE50605 
 1055      68235565 
 1055      97D191
 1056 0580 02199E93 		.ascii	"\002\031\236\223m.8-n\022\235\352\250\266y\327\355M"
 1056      6D2E382D 
 1056      6E129DEA 
 1056      A8B679D7 
 1056      ED4D
 1057 0592 BC2AE2EF 		.ascii	"\274*\342\357\016\361c\357\023\206\357{\336\007\334"
 1057      0EF163EF 
 1057      1386EF7B 
 1057      DE07DC
 1058 05a1 D7399A3B 		.ascii	"\3279\232;\344\017\363\3533\030\311pB\034B\005\221\\"
 1058      E40FF3EB 
 1058      3318C970 
 1058      421C4205 
 1058      915C
 1059 05b3 9F9EF58D 		.ascii	"\237\236\365\215\030z\364|\"wQ\232\344\333\034B\002"
 1059      187AF47C 
 1059      2277519A 
 1059      E4DB1C42 
 1059      02
 1060 05c4 89EE5C11 		.ascii	"\211\356\\\021^\356Mwn\206\225_\201\234\251\334\327"
 1060      5EEE4D77 
 1060      6E86955F 
 1060      819CA9DC 
 1060      D7
 1061 05d5 C2BB559E 		.ascii	"\302\273U\236&\246\217JD\311.x\366\015%\013:\372\014"
 1061      26A68F4A 
 1061      44C92E78 
 1061      F60D250B 
 1061      3AFA0C
 1062 05e8 81AE829F 		.ascii	"\201\256\202\237\260\262\264Zt6\301\262p?\216;\241\243"
 1062      B0B2B45A 
 1062      7436C1B2 
 1062      703F8E3B 
 1062      A1A3
 1063 05fa A058C693 		.ascii	"\240X\306\223e\234\210g\010\013\232J1\351\231\365\365"
 1063      659C8867 
 1063      080B9A4A 
 1063      31E999F5 
 1063      F5
ARM GAS  /tmp/ccc5bCAC.s 			page 36


 1064 060b E422F1F0 		.ascii	"\344\"\361\360yHjw0\264\361\201&\255\177\0214Ar9\272"
 1064      79486A77 
 1064      30B4F181 
 1064      26AD7F11 
 1064      34417239 
 1065 0620 9F5A9562 		.ascii	"\237Z\225b\257D:\366S)\025E\234\340\310\320.\277\365"
 1065      AF443AF6 
 1065      53291545 
 1065      9CE0C8D0 
 1065      2EBFF5
 1066 0633 8C846EB3 		.ascii	"\214\204n\263\371\037\337\010\347c.)s\257)"
 1066      F91FDF08 
 1066      E7632E29 
 1066      73AF29
 1067              		.text
 1068              		.section	.gnu.lto_.symtab.bb9b991538c342b8,"e",%progbits
 1069 0000 53797374 		.ascii	"SystemInit\000"
 1069      656D496E 
 1069      697400
 1070 000b 00       		.ascii	"\000"
 1071 000c 00       		.ascii	"\000"
 1072 000d 00       		.ascii	"\000"
 1073 000e 00000000 		.ascii	"\000\000\000\000\000\000\000\000"
 1073      00000000 
 1074 0016 C0000000 		.ascii	"\300\000\000\000"
 1075 001a 53797374 		.ascii	"SystemCoreClockUpdate\000"
 1075      656D436F 
 1075      7265436C 
 1075      6F636B55 
 1075      70646174 
 1076 0030 00       		.ascii	"\000"
 1077 0031 00       		.ascii	"\000"
 1078 0032 00       		.ascii	"\000"
 1079 0033 00000000 		.ascii	"\000\000\000\000\000\000\000\000"
 1079      00000000 
 1080 003b C2000000 		.ascii	"\302\000\000\000"
 1081 003f 53797374 		.ascii	"SystemCoreClock\000"
 1081      656D436F 
 1081      7265436C 
 1081      6F636B00 
 1082 004f 00       		.ascii	"\000"
 1083 0050 00       		.ascii	"\000"
 1084 0051 00       		.ascii	"\000"
 1085 0052 00000000 		.ascii	"\000\000\000\000\000\000\000\000"
 1085      00000000 
 1086 005a CB000000 		.ascii	"\313\000\000\000"
 1087 005e 41484250 		.ascii	"AHBPrescTable\000"
 1087      72657363 
 1087      5461626C 
 1087      6500
 1088 006c 00       		.ascii	"\000"
 1089 006d 00       		.ascii	"\000"
 1090 006e 00       		.ascii	"\000"
 1091 006f 00000000 		.ascii	"\000\000\000\000\000\000\000\000"
 1091      00000000 
 1092 0077 D4000000 		.ascii	"\324\000\000\000"
 1093 007b 41504250 		.ascii	"APBPrescTable\000"
ARM GAS  /tmp/ccc5bCAC.s 			page 37


 1093      72657363 
 1093      5461626C 
 1093      6500
 1094 0089 00       		.ascii	"\000"
 1095 008a 00       		.ascii	"\000"
 1096 008b 00       		.ascii	"\000"
 1097 008c 00000000 		.ascii	"\000\000\000\000\000\000\000\000"
 1097      00000000 
 1098 0094 DC000000 		.ascii	"\334\000\000\000"
 1099              		.text
 1100              		.section	.gnu.lto_.ext_symtab.bb9b991538c342b8,"e",%progbits
 1101 0000 01       		.ascii	"\001"
 1102 0001 01       		.ascii	"\001"
 1103 0002 00       		.ascii	"\000"
 1104 0003 01       		.ascii	"\001"
 1105 0004 00       		.ascii	"\000"
 1106 0005 02       		.ascii	"\002"
 1107 0006 00       		.ascii	"\000"
 1108 0007 02       		.ascii	"\002"
 1109 0008 00       		.ascii	"\000"
 1110 0009 02       		.ascii	"\002"
 1111 000a 00       		.ascii	"\000"
 1112              		.text
 1113              		.section	.gnu.lto_.opts,"e",%progbits
 1114 0000 272D666E 		.ascii	"'-fno-openmp' '-fno-openacc' '-fno-pie' '-fcf-prote"
 1114      6F2D6F70 
 1114      656E6D70 
 1114      2720272D 
 1114      666E6F2D 
 1115 0033 6374696F 		.ascii	"ction=none' '-g' '-mcpu=cortex-m0plus' '-mthumb' '-"
 1115      6E3D6E6F 
 1115      6E652720 
 1115      272D6727 
 1115      20272D6D 
 1116 0066 6D666C6F 		.ascii	"mfloat-abi=soft' '-mlibarch=armv6s-m' '-march=armv6"
 1116      61742D61 
 1116      62693D73 
 1116      6F667427 
 1116      20272D6D 
 1117 0099 732D6D27 		.ascii	"s-m' '-Og' '-fdata-sections' '-ffunction-sections' "
 1117      20272D4F 
 1117      67272027 
 1117      2D666461 
 1117      74612D73 
 1118 00cc 272D666C 		.ascii	"'-flto' '-Xassembler' '-a' '-Xassembler' '-ad' '-Xa"
 1118      746F2720 
 1118      272D5861 
 1118      7373656D 
 1118      626C6572 
 1119 00ff 7373656D 		.ascii	"ssembler' '-alms=build/debug/system_stm32g0xx.lst'\000"
 1119      626C6572 
 1119      2720272D 
 1119      616C6D73 
 1119      3D627569 
 1120              		.text
 1121              		.comm	__gnu_lto_slim,1,1
 1122              		.ident	"GCC: (Arm GNU Toolchain 14.2.Rel1 (Build arm-14.52)) 14.2.1 20241119"
ARM GAS  /tmp/ccc5bCAC.s 			page 38


ARM GAS  /tmp/ccc5bCAC.s 			page 39


DEFINED SYMBOLS
                            *ABS*:00000000 system_stm32g0xx.c
     /tmp/ccc5bCAC.s:24     .gnu.debuglto_.debug_info:00000000 system_stm32g0xx.c.f04a8b5b
                            *COM*:00000001 __gnu_lto_slim

NO UNDEFINED SYMBOLS
