ARM GAS  /tmp/ccT81r42.s 			page 1


   1              		.cpu cortex-m0plus
   2              		.arch armv6s-m
   3              		.fpu softvfp
   4              		.eabi_attribute 20, 1
   5              		.eabi_attribute 21, 1
   6              		.eabi_attribute 23, 3
   7              		.eabi_attribute 24, 1
   8              		.eabi_attribute 25, 1
   9              		.eabi_attribute 26, 1
  10              		.eabi_attribute 30, 1
  11              		.eabi_attribute 34, 0
  12              		.eabi_attribute 18, 4
  13              		.file	"Task_Launch.cpp"
  14              		.file 1 "/opt/arm-gnu-toolchain-14.2/arm-none-eabi/include/machine/_default_types.h"
  15              		.file 2 "/opt/arm-gnu-toolchain-14.2/arm-none-eabi/include/sys/_stdint.h"
  16              		.file 3 "Middlewares/Third_Party/FreeRTOS/Source/CMSIS_RTOS_V2/cmsis_os2.h"
  17              		.file 4 "Middlewares/Third_Party/FreeRTOS/Source/include/projdefs.h"
  18              		.file 5 "Middlewares/Third_Party/FreeRTOS/Source/portable/GCC/ARM_CM0/portmacro.h"
  19              		.file 6 "Middlewares/Third_Party/FreeRTOS/Source/include/task.h"
  20              		.file 7 "My_Top/Task/Task_Launch.cpp"
  21              		.section	.gnu.debuglto_.debug_info,"e",%progbits
  22              	.Ldebug_info0:
  23              		.hidden	Task_Launch.cpp.4e1bd3da
  24              		.weak	Task_Launch.cpp.4e1bd3da
  25              	Task_Launch.cpp.4e1bd3da:
  26 0000 E0020000 		.4byte	0x2e0
  27 0004 0500     		.2byte	0x5
  28 0006 01       		.byte	0x1
  29 0007 04       		.byte	0x4
  30 0008 00000000 		.4byte	.Ldebug_abbrev0
  31 000c 08       		.uleb128 0x8
  32 000d 36040000 		.4byte	.LASF81
  33 0011 21       		.byte	0x21
  34 0012 E1040000 		.4byte	.LASF82
  35 0016 00000000 		.4byte	.LASF83
  36 001a 00000000 		.4byte	.Ldebug_line0
  37 001e 02       		.uleb128 0x2
  38 001f 01       		.byte	0x1
  39 0020 06       		.byte	0x6
  40 0021 8A010000 		.4byte	.LASF0
  41 0025 02       		.uleb128 0x2
  42 0026 01       		.byte	0x1
  43 0027 08       		.byte	0x8
  44 0028 B2030000 		.4byte	.LASF1
  45 002c 02       		.uleb128 0x2
  46 002d 02       		.byte	0x2
  47 002e 05       		.byte	0x5
  48 002f 1E030000 		.4byte	.LASF2
  49 0033 04       		.uleb128 0x4
  50 0034 78050000 		.4byte	.LASF9
  51 0038 01       		.byte	0x1
  52 0039 39       		.byte	0x39
  53 003a 19       		.byte	0x19
  54 003b 3F000000 		.4byte	0x3f
  55 003f 02       		.uleb128 0x2
  56 0040 02       		.byte	0x2
  57 0041 07       		.byte	0x7
ARM GAS  /tmp/ccT81r42.s 			page 2


  58 0042 EF020000 		.4byte	.LASF3
  59 0046 02       		.uleb128 0x2
  60 0047 04       		.byte	0x4
  61 0048 05       		.byte	0x5
  62 0049 A5010000 		.4byte	.LASF4
  63 004d 02       		.uleb128 0x2
  64 004e 04       		.byte	0x4
  65 004f 07       		.byte	0x7
  66 0050 AE020000 		.4byte	.LASF5
  67 0054 02       		.uleb128 0x2
  68 0055 08       		.byte	0x8
  69 0056 05       		.byte	0x5
  70 0057 7C010000 		.4byte	.LASF6
  71 005b 02       		.uleb128 0x2
  72 005c 08       		.byte	0x8
  73 005d 07       		.byte	0x7
  74 005e 41010000 		.4byte	.LASF7
  75 0062 09       		.uleb128 0x9
  76 0063 04       		.byte	0x4
  77 0064 05       		.byte	0x5
  78 0065 696E7400 		.ascii	"int\000"
  79 0069 02       		.uleb128 0x2
  80 006a 04       		.byte	0x4
  81 006b 07       		.byte	0x7
  82 006c 90020000 		.4byte	.LASF8
  83 0070 04       		.uleb128 0x4
  84 0071 E2010000 		.4byte	.LASF10
  85 0075 02       		.byte	0x2
  86 0076 24       		.byte	0x24
  87 0077 14       		.byte	0x14
  88 0078 33000000 		.4byte	0x33
  89 007c 02       		.uleb128 0x2
  90 007d 08       		.byte	0x8
  91 007e 04       		.byte	0x4
  92 007f 49030000 		.4byte	.LASF11
  93 0083 0A       		.uleb128 0xa
  94 0084 05       		.byte	0x5
  95 0085 04       		.byte	0x4
  96 0086 62000000 		.4byte	0x62
  97 008a 03       		.byte	0x3
  98 008b 52       		.byte	0x52
  99 008c 0E       		.byte	0xe
 100 008d 83030000 		.4byte	.LASF84
 101 0091 D7010000 		.4byte	0x1d7
 102 0095 01       		.uleb128 0x1
 103 0096 28030000 		.4byte	.LASF12
 104 009a 00       		.byte	0
 105 009b 01       		.uleb128 0x1
 106 009c A3030000 		.4byte	.LASF13
 107 00a0 01       		.byte	0x1
 108 00a1 01       		.uleb128 0x1
 109 00a2 82020000 		.4byte	.LASF14
 110 00a6 08       		.byte	0x8
 111 00a7 01       		.uleb128 0x1
 112 00a8 DC030000 		.4byte	.LASF15
 113 00ac 09       		.byte	0x9
 114 00ad 01       		.uleb128 0x1
ARM GAS  /tmp/ccT81r42.s 			page 3


 115 00ae EB030000 		.4byte	.LASF16
 116 00b2 0A       		.byte	0xa
 117 00b3 01       		.uleb128 0x1
 118 00b4 FA030000 		.4byte	.LASF17
 119 00b8 0B       		.byte	0xb
 120 00b9 01       		.uleb128 0x1
 121 00ba 09040000 		.4byte	.LASF18
 122 00be 0C       		.byte	0xc
 123 00bf 01       		.uleb128 0x1
 124 00c0 18040000 		.4byte	.LASF19
 125 00c4 0D       		.byte	0xd
 126 00c5 01       		.uleb128 0x1
 127 00c6 27040000 		.4byte	.LASF20
 128 00ca 0E       		.byte	0xe
 129 00cb 01       		.uleb128 0x1
 130 00cc 02030000 		.4byte	.LASF21
 131 00d0 0F       		.byte	0xf
 132 00d1 01       		.uleb128 0x1
 133 00d2 02050000 		.4byte	.LASF22
 134 00d6 10       		.byte	0x10
 135 00d7 01       		.uleb128 0x1
 136 00d8 A0000000 		.4byte	.LASF23
 137 00dc 11       		.byte	0x11
 138 00dd 01       		.uleb128 0x1
 139 00de B7000000 		.4byte	.LASF24
 140 00e2 12       		.byte	0x12
 141 00e3 01       		.uleb128 0x1
 142 00e4 CE000000 		.4byte	.LASF25
 143 00e8 13       		.byte	0x13
 144 00e9 01       		.uleb128 0x1
 145 00ea E5000000 		.4byte	.LASF26
 146 00ee 14       		.byte	0x14
 147 00ef 01       		.uleb128 0x1
 148 00f0 FC000000 		.4byte	.LASF27
 149 00f4 15       		.byte	0x15
 150 00f5 01       		.uleb128 0x1
 151 00f6 13010000 		.4byte	.LASF28
 152 00fa 16       		.byte	0x16
 153 00fb 01       		.uleb128 0x1
 154 00fc 2A010000 		.4byte	.LASF29
 155 0100 17       		.byte	0x17
 156 0101 01       		.uleb128 0x1
 157 0102 92030000 		.4byte	.LASF30
 158 0106 18       		.byte	0x18
 159 0107 01       		.uleb128 0x1
 160 0108 F6010000 		.4byte	.LASF31
 161 010c 19       		.byte	0x19
 162 010d 01       		.uleb128 0x1
 163 010e 08020000 		.4byte	.LASF32
 164 0112 1A       		.byte	0x1a
 165 0113 01       		.uleb128 0x1
 166 0114 1A020000 		.4byte	.LASF33
 167 0118 1B       		.byte	0x1b
 168 0119 01       		.uleb128 0x1
 169 011a 2C020000 		.4byte	.LASF34
 170 011e 1C       		.byte	0x1c
 171 011f 01       		.uleb128 0x1
ARM GAS  /tmp/ccT81r42.s 			page 4


 172 0120 3E020000 		.4byte	.LASF35
 173 0124 1D       		.byte	0x1d
 174 0125 01       		.uleb128 0x1
 175 0126 50020000 		.4byte	.LASF36
 176 012a 1E       		.byte	0x1e
 177 012b 01       		.uleb128 0x1
 178 012c 62020000 		.4byte	.LASF37
 179 0130 1F       		.byte	0x1f
 180 0131 01       		.uleb128 0x1
 181 0132 D0020000 		.4byte	.LASF38
 182 0136 20       		.byte	0x20
 183 0137 01       		.uleb128 0x1
 184 0138 B9050000 		.4byte	.LASF39
 185 013c 21       		.byte	0x21
 186 013d 01       		.uleb128 0x1
 187 013e D0050000 		.4byte	.LASF40
 188 0142 22       		.byte	0x22
 189 0143 01       		.uleb128 0x1
 190 0144 E7050000 		.4byte	.LASF41
 191 0148 23       		.byte	0x23
 192 0149 01       		.uleb128 0x1
 193 014a FE050000 		.4byte	.LASF42
 194 014e 24       		.byte	0x24
 195 014f 01       		.uleb128 0x1
 196 0150 15060000 		.4byte	.LASF43
 197 0154 25       		.byte	0x25
 198 0155 01       		.uleb128 0x1
 199 0156 2C060000 		.4byte	.LASF44
 200 015a 26       		.byte	0x26
 201 015b 01       		.uleb128 0x1
 202 015c 43060000 		.4byte	.LASF45
 203 0160 27       		.byte	0x27
 204 0161 01       		.uleb128 0x1
 205 0162 96010000 		.4byte	.LASF46
 206 0166 28       		.byte	0x28
 207 0167 01       		.uleb128 0x1
 208 0168 D1040000 		.4byte	.LASF47
 209 016c 29       		.byte	0x29
 210 016d 01       		.uleb128 0x1
 211 016e 18050000 		.4byte	.LASF48
 212 0172 2A       		.byte	0x2a
 213 0173 01       		.uleb128 0x1
 214 0174 28050000 		.4byte	.LASF49
 215 0178 2B       		.byte	0x2b
 216 0179 01       		.uleb128 0x1
 217 017a 38050000 		.4byte	.LASF50
 218 017e 2C       		.byte	0x2c
 219 017f 01       		.uleb128 0x1
 220 0180 48050000 		.4byte	.LASF51
 221 0184 2D       		.byte	0x2d
 222 0185 01       		.uleb128 0x1
 223 0186 58050000 		.4byte	.LASF52
 224 018a 2E       		.byte	0x2e
 225 018b 01       		.uleb128 0x1
 226 018c 68050000 		.4byte	.LASF53
 227 0190 2F       		.byte	0x2f
 228 0191 01       		.uleb128 0x1
ARM GAS  /tmp/ccT81r42.s 			page 5


 229 0192 CF010000 		.4byte	.LASF54
 230 0196 30       		.byte	0x30
 231 0197 01       		.uleb128 0x1
 232 0198 3C000000 		.4byte	.LASF55
 233 019c 31       		.byte	0x31
 234 019d 01       		.uleb128 0x1
 235 019e 50000000 		.4byte	.LASF56
 236 01a2 32       		.byte	0x32
 237 01a3 01       		.uleb128 0x1
 238 01a4 64000000 		.4byte	.LASF57
 239 01a8 33       		.byte	0x33
 240 01a9 01       		.uleb128 0x1
 241 01aa 78000000 		.4byte	.LASF58
 242 01ae 34       		.byte	0x34
 243 01af 01       		.uleb128 0x1
 244 01b0 8C000000 		.4byte	.LASF59
 245 01b4 35       		.byte	0x35
 246 01b5 01       		.uleb128 0x1
 247 01b6 5A060000 		.4byte	.LASF60
 248 01ba 36       		.byte	0x36
 249 01bb 01       		.uleb128 0x1
 250 01bc 6E060000 		.4byte	.LASF61
 251 01c0 37       		.byte	0x37
 252 01c1 01       		.uleb128 0x1
 253 01c2 58010000 		.4byte	.LASF62
 254 01c6 38       		.byte	0x38
 255 01c7 0B       		.uleb128 0xb
 256 01c8 A9050000 		.4byte	.LASF63
 257 01cc 7F       		.sleb128 -1
 258 01cd 0C       		.uleb128 0xc
 259 01ce 70030000 		.4byte	.LASF64
 260 01d2 FFFFFF7F 		.4byte	0x7fffffff
 261 01d6 00       		.byte	0
 262 01d7 04       		.uleb128 0x4
 263 01d8 11030000 		.4byte	.LASF65
 264 01dc 03       		.byte	0x3
 265 01dd 88       		.byte	0x88
 266 01de 03       		.byte	0x3
 267 01df 83000000 		.4byte	0x83
 268 01e3 05       		.uleb128 0x5
 269 01e4 E8010000 		.4byte	0x1e8
 270 01e8 0D       		.uleb128 0xd
 271 01e9 F3010000 		.4byte	0x1f3
 272 01ed 03       		.uleb128 0x3
 273 01ee F3010000 		.4byte	0x1f3
 274 01f2 00       		.byte	0
 275 01f3 0E       		.uleb128 0xe
 276 01f4 04       		.byte	0x4
 277 01f5 05       		.uleb128 0x5
 278 01f6 01020000 		.4byte	0x201
 279 01fa 02       		.uleb128 0x2
 280 01fb 01       		.byte	0x1
 281 01fc 08       		.byte	0x8
 282 01fd FD040000 		.4byte	.LASF66
 283 0201 0F       		.uleb128 0xf
 284 0202 FA010000 		.4byte	0x1fa
 285 0206 04       		.uleb128 0x4
ARM GAS  /tmp/ccT81r42.s 			page 6


 286 0207 C2040000 		.4byte	.LASF67
 287 020b 04       		.byte	0x4
 288 020c 23       		.byte	0x23
 289 020d 10       		.byte	0x10
 290 020e E3010000 		.4byte	0x1e3
 291 0212 04       		.uleb128 0x4
 292 0213 EB010000 		.4byte	.LASF68
 293 0217 05       		.byte	0x5
 294 0218 38       		.byte	0x38
 295 0219 0E       		.byte	0xe
 296 021a 46000000 		.4byte	0x46
 297 021e 04       		.uleb128 0x4
 298 021f 82060000 		.4byte	.LASF69
 299 0223 05       		.byte	0x5
 300 0224 39       		.byte	0x39
 301 0225 17       		.byte	0x17
 302 0226 4D000000 		.4byte	0x4d
 303 022a 04       		.uleb128 0x4
 304 022b C2010000 		.4byte	.LASF70
 305 022f 06       		.byte	0x6
 306 0230 46       		.byte	0x46
 307 0231 25       		.byte	0x25
 308 0232 36020000 		.4byte	0x236
 309 0236 05       		.uleb128 0x5
 310 0237 3B020000 		.4byte	0x23b
 311 023b 10       		.uleb128 0x10
 312 023c AE010000 		.4byte	.LASF85
 313 0240 06       		.uleb128 0x6
 314 0241 C0030000 		.4byte	.LASF71
 315 0245 09       		.byte	0x9
 316 0246 2A020000 		.4byte	0x22a
 317 024a 06       		.uleb128 0x6
 318 024b D1030000 		.4byte	.LASF72
 319 024f 0A       		.byte	0xa
 320 0250 2A020000 		.4byte	0x22a
 321 0254 06       		.uleb128 0x6
 322 0255 83050000 		.4byte	.LASF73
 323 0259 0B       		.byte	0xb
 324 025a 2A020000 		.4byte	0x22a
 325 025e 07       		.uleb128 0x7
 326 025f E6020000 		.4byte	.LASF74
 327 0263 10       		.byte	0x10
 328 0264 74020000 		.4byte	.LASF76
 329 0268 72020000 		.4byte	0x272
 330 026c 03       		.uleb128 0x3
 331 026d F3010000 		.4byte	0x1f3
 332 0271 00       		.byte	0
 333 0272 07       		.uleb128 0x7
 334 0273 9F050000 		.4byte	.LASF75
 335 0277 0F       		.byte	0xf
 336 0278 61030000 		.4byte	.LASF77
 337 027c 86020000 		.4byte	0x286
 338 0280 03       		.uleb128 0x3
 339 0281 F3010000 		.4byte	0x1f3
 340 0285 00       		.byte	0
 341 0286 07       		.uleb128 0x7
 342 0287 C0020000 		.4byte	.LASF78
ARM GAS  /tmp/ccT81r42.s 			page 7


 343 028b 0E       		.byte	0xe
 344 028c 66010000 		.4byte	.LASF79
 345 0290 9A020000 		.4byte	0x29a
 346 0294 03       		.uleb128 0x3
 347 0295 F3010000 		.4byte	0x1f3
 348 0299 00       		.byte	0
 349 029a 11       		.uleb128 0x11
 350 029b 55030000 		.4byte	.LASF80
 351 029f 06       		.byte	0x6
 352 02a0 4A01     		.2byte	0x14a
 353 02a2 0D       		.byte	0xd
 354 02a3 12020000 		.4byte	0x212
 355 02a7 CA020000 		.4byte	0x2ca
 356 02ab 03       		.uleb128 0x3
 357 02ac 06020000 		.4byte	0x206
 358 02b0 03       		.uleb128 0x3
 359 02b1 F5010000 		.4byte	0x1f5
 360 02b5 03       		.uleb128 0x3
 361 02b6 70000000 		.4byte	0x70
 362 02ba 03       		.uleb128 0x3
 363 02bb F3010000 		.4byte	0x1f3
 364 02bf 03       		.uleb128 0x3
 365 02c0 1E020000 		.4byte	0x21e
 366 02c4 03       		.uleb128 0x3
 367 02c5 CA020000 		.4byte	0x2ca
 368 02c9 00       		.byte	0
 369 02ca 05       		.uleb128 0x5
 370 02cb 2A020000 		.4byte	0x22a
 371 02cf 12       		.uleb128 0x12
 372 02d0 9D020000 		.4byte	.LASF86
 373 02d4 07       		.byte	0x7
 374 02d5 1C       		.byte	0x1c
 375 02d6 11       		.byte	0x11
 376 02d7 13       		.uleb128 0x13
 377 02d8 92050000 		.4byte	.LASF87
 378 02dc 07       		.byte	0x7
 379 02dd 13       		.byte	0x13
 380 02de 06       		.byte	0x6
 381 02df 37030000 		.4byte	.LASF88
 382 02e3 00       		.byte	0
 383              		.section	.gnu.debuglto_.debug_abbrev,"e",%progbits
 384              	.Ldebug_abbrev0:
 385 0000 01       		.uleb128 0x1
 386 0001 28       		.uleb128 0x28
 387 0002 00       		.byte	0
 388 0003 03       		.uleb128 0x3
 389 0004 0E       		.uleb128 0xe
 390 0005 1C       		.uleb128 0x1c
 391 0006 0B       		.uleb128 0xb
 392 0007 00       		.byte	0
 393 0008 00       		.byte	0
 394 0009 02       		.uleb128 0x2
 395 000a 24       		.uleb128 0x24
 396 000b 00       		.byte	0
 397 000c 0B       		.uleb128 0xb
 398 000d 0B       		.uleb128 0xb
 399 000e 3E       		.uleb128 0x3e
ARM GAS  /tmp/ccT81r42.s 			page 8


 400 000f 0B       		.uleb128 0xb
 401 0010 03       		.uleb128 0x3
 402 0011 0E       		.uleb128 0xe
 403 0012 00       		.byte	0
 404 0013 00       		.byte	0
 405 0014 03       		.uleb128 0x3
 406 0015 05       		.uleb128 0x5
 407 0016 00       		.byte	0
 408 0017 49       		.uleb128 0x49
 409 0018 13       		.uleb128 0x13
 410 0019 00       		.byte	0
 411 001a 00       		.byte	0
 412 001b 04       		.uleb128 0x4
 413 001c 16       		.uleb128 0x16
 414 001d 00       		.byte	0
 415 001e 03       		.uleb128 0x3
 416 001f 0E       		.uleb128 0xe
 417 0020 3A       		.uleb128 0x3a
 418 0021 0B       		.uleb128 0xb
 419 0022 3B       		.uleb128 0x3b
 420 0023 0B       		.uleb128 0xb
 421 0024 39       		.uleb128 0x39
 422 0025 0B       		.uleb128 0xb
 423 0026 49       		.uleb128 0x49
 424 0027 13       		.uleb128 0x13
 425 0028 00       		.byte	0
 426 0029 00       		.byte	0
 427 002a 05       		.uleb128 0x5
 428 002b 0F       		.uleb128 0xf
 429 002c 00       		.byte	0
 430 002d 0B       		.uleb128 0xb
 431 002e 21       		.uleb128 0x21
 432 002f 04       		.sleb128 4
 433 0030 49       		.uleb128 0x49
 434 0031 13       		.uleb128 0x13
 435 0032 00       		.byte	0
 436 0033 00       		.byte	0
 437 0034 06       		.uleb128 0x6
 438 0035 34       		.uleb128 0x34
 439 0036 00       		.byte	0
 440 0037 03       		.uleb128 0x3
 441 0038 0E       		.uleb128 0xe
 442 0039 3A       		.uleb128 0x3a
 443 003a 21       		.uleb128 0x21
 444 003b 07       		.sleb128 7
 445 003c 3B       		.uleb128 0x3b
 446 003d 0B       		.uleb128 0xb
 447 003e 39       		.uleb128 0x39
 448 003f 21       		.uleb128 0x21
 449 0040 0E       		.sleb128 14
 450 0041 49       		.uleb128 0x49
 451 0042 13       		.uleb128 0x13
 452 0043 3F       		.uleb128 0x3f
 453 0044 19       		.uleb128 0x19
 454 0045 00       		.byte	0
 455 0046 00       		.byte	0
 456 0047 07       		.uleb128 0x7
ARM GAS  /tmp/ccT81r42.s 			page 9


 457 0048 2E       		.uleb128 0x2e
 458 0049 01       		.byte	0x1
 459 004a 3F       		.uleb128 0x3f
 460 004b 19       		.uleb128 0x19
 461 004c 03       		.uleb128 0x3
 462 004d 0E       		.uleb128 0xe
 463 004e 3A       		.uleb128 0x3a
 464 004f 21       		.uleb128 0x21
 465 0050 07       		.sleb128 7
 466 0051 3B       		.uleb128 0x3b
 467 0052 0B       		.uleb128 0xb
 468 0053 39       		.uleb128 0x39
 469 0054 21       		.uleb128 0x21
 470 0055 0D       		.sleb128 13
 471 0056 6E       		.uleb128 0x6e
 472 0057 0E       		.uleb128 0xe
 473 0058 3C       		.uleb128 0x3c
 474 0059 19       		.uleb128 0x19
 475 005a 01       		.uleb128 0x1
 476 005b 13       		.uleb128 0x13
 477 005c 00       		.byte	0
 478 005d 00       		.byte	0
 479 005e 08       		.uleb128 0x8
 480 005f 11       		.uleb128 0x11
 481 0060 01       		.byte	0x1
 482 0061 25       		.uleb128 0x25
 483 0062 0E       		.uleb128 0xe
 484 0063 13       		.uleb128 0x13
 485 0064 0B       		.uleb128 0xb
 486 0065 03       		.uleb128 0x3
 487 0066 0E       		.uleb128 0xe
 488 0067 1B       		.uleb128 0x1b
 489 0068 0E       		.uleb128 0xe
 490 0069 10       		.uleb128 0x10
 491 006a 17       		.uleb128 0x17
 492 006b 00       		.byte	0
 493 006c 00       		.byte	0
 494 006d 09       		.uleb128 0x9
 495 006e 24       		.uleb128 0x24
 496 006f 00       		.byte	0
 497 0070 0B       		.uleb128 0xb
 498 0071 0B       		.uleb128 0xb
 499 0072 3E       		.uleb128 0x3e
 500 0073 0B       		.uleb128 0xb
 501 0074 03       		.uleb128 0x3
 502 0075 08       		.uleb128 0x8
 503 0076 00       		.byte	0
 504 0077 00       		.byte	0
 505 0078 0A       		.uleb128 0xa
 506 0079 04       		.uleb128 0x4
 507 007a 01       		.byte	0x1
 508 007b 3E       		.uleb128 0x3e
 509 007c 0B       		.uleb128 0xb
 510 007d 0B       		.uleb128 0xb
 511 007e 0B       		.uleb128 0xb
 512 007f 49       		.uleb128 0x49
 513 0080 13       		.uleb128 0x13
ARM GAS  /tmp/ccT81r42.s 			page 10


 514 0081 3A       		.uleb128 0x3a
 515 0082 0B       		.uleb128 0xb
 516 0083 3B       		.uleb128 0x3b
 517 0084 0B       		.uleb128 0xb
 518 0085 39       		.uleb128 0x39
 519 0086 0B       		.uleb128 0xb
 520 0087 6E       		.uleb128 0x6e
 521 0088 0E       		.uleb128 0xe
 522 0089 01       		.uleb128 0x1
 523 008a 13       		.uleb128 0x13
 524 008b 00       		.byte	0
 525 008c 00       		.byte	0
 526 008d 0B       		.uleb128 0xb
 527 008e 28       		.uleb128 0x28
 528 008f 00       		.byte	0
 529 0090 03       		.uleb128 0x3
 530 0091 0E       		.uleb128 0xe
 531 0092 1C       		.uleb128 0x1c
 532 0093 0D       		.uleb128 0xd
 533 0094 00       		.byte	0
 534 0095 00       		.byte	0
 535 0096 0C       		.uleb128 0xc
 536 0097 28       		.uleb128 0x28
 537 0098 00       		.byte	0
 538 0099 03       		.uleb128 0x3
 539 009a 0E       		.uleb128 0xe
 540 009b 1C       		.uleb128 0x1c
 541 009c 06       		.uleb128 0x6
 542 009d 00       		.byte	0
 543 009e 00       		.byte	0
 544 009f 0D       		.uleb128 0xd
 545 00a0 15       		.uleb128 0x15
 546 00a1 01       		.byte	0x1
 547 00a2 01       		.uleb128 0x1
 548 00a3 13       		.uleb128 0x13
 549 00a4 00       		.byte	0
 550 00a5 00       		.byte	0
 551 00a6 0E       		.uleb128 0xe
 552 00a7 0F       		.uleb128 0xf
 553 00a8 00       		.byte	0
 554 00a9 0B       		.uleb128 0xb
 555 00aa 0B       		.uleb128 0xb
 556 00ab 00       		.byte	0
 557 00ac 00       		.byte	0
 558 00ad 0F       		.uleb128 0xf
 559 00ae 26       		.uleb128 0x26
 560 00af 00       		.byte	0
 561 00b0 49       		.uleb128 0x49
 562 00b1 13       		.uleb128 0x13
 563 00b2 00       		.byte	0
 564 00b3 00       		.byte	0
 565 00b4 10       		.uleb128 0x10
 566 00b5 13       		.uleb128 0x13
 567 00b6 00       		.byte	0
 568 00b7 03       		.uleb128 0x3
 569 00b8 0E       		.uleb128 0xe
 570 00b9 3C       		.uleb128 0x3c
ARM GAS  /tmp/ccT81r42.s 			page 11


 571 00ba 19       		.uleb128 0x19
 572 00bb 00       		.byte	0
 573 00bc 00       		.byte	0
 574 00bd 11       		.uleb128 0x11
 575 00be 2E       		.uleb128 0x2e
 576 00bf 01       		.byte	0x1
 577 00c0 3F       		.uleb128 0x3f
 578 00c1 19       		.uleb128 0x19
 579 00c2 03       		.uleb128 0x3
 580 00c3 0E       		.uleb128 0xe
 581 00c4 3A       		.uleb128 0x3a
 582 00c5 0B       		.uleb128 0xb
 583 00c6 3B       		.uleb128 0x3b
 584 00c7 05       		.uleb128 0x5
 585 00c8 39       		.uleb128 0x39
 586 00c9 0B       		.uleb128 0xb
 587 00ca 49       		.uleb128 0x49
 588 00cb 13       		.uleb128 0x13
 589 00cc 3C       		.uleb128 0x3c
 590 00cd 19       		.uleb128 0x19
 591 00ce 01       		.uleb128 0x1
 592 00cf 13       		.uleb128 0x13
 593 00d0 00       		.byte	0
 594 00d1 00       		.byte	0
 595 00d2 12       		.uleb128 0x12
 596 00d3 2E       		.uleb128 0x2e
 597 00d4 00       		.byte	0
 598 00d5 3F       		.uleb128 0x3f
 599 00d6 19       		.uleb128 0x19
 600 00d7 03       		.uleb128 0x3
 601 00d8 0E       		.uleb128 0xe
 602 00d9 3A       		.uleb128 0x3a
 603 00da 0B       		.uleb128 0xb
 604 00db 3B       		.uleb128 0x3b
 605 00dc 0B       		.uleb128 0xb
 606 00dd 39       		.uleb128 0x39
 607 00de 0B       		.uleb128 0xb
 608 00df 00       		.byte	0
 609 00e0 00       		.byte	0
 610 00e1 13       		.uleb128 0x13
 611 00e2 2E       		.uleb128 0x2e
 612 00e3 00       		.byte	0
 613 00e4 3F       		.uleb128 0x3f
 614 00e5 19       		.uleb128 0x19
 615 00e6 03       		.uleb128 0x3
 616 00e7 0E       		.uleb128 0xe
 617 00e8 3A       		.uleb128 0x3a
 618 00e9 0B       		.uleb128 0xb
 619 00ea 3B       		.uleb128 0x3b
 620 00eb 0B       		.uleb128 0xb
 621 00ec 39       		.uleb128 0x39
 622 00ed 0B       		.uleb128 0xb
 623 00ee 6E       		.uleb128 0x6e
 624 00ef 0E       		.uleb128 0xe
 625 00f0 00       		.byte	0
 626 00f1 00       		.byte	0
 627 00f2 00       		.byte	0
ARM GAS  /tmp/ccT81r42.s 			page 12


 628              		.section	.gnu.debuglto_.debug_line,"e",%progbits
 629              	.Ldebug_line0:
 630 0000 68000000 		.4byte	.LELT0-.LSLT0
 631              	.LSLT0:
 632 0004 0500     		.2byte	0x5
 633 0006 04       		.byte	0x4
 634 0007 00       		.byte	0
 635 0008 60000000 		.4byte	.LELTP0-.LASLTP0
 636              	.LASLTP0:
 637 000c 01       		.byte	0x1
 638 000d 01       		.byte	0x1
 639 000e 01       		.byte	0x1
 640 000f F6       		.byte	0xf6
 641 0010 F2       		.byte	0xf2
 642 0011 0D       		.byte	0xd
 643 0012 00       		.byte	0
 644 0013 01       		.byte	0x1
 645 0014 01       		.byte	0x1
 646 0015 01       		.byte	0x1
 647 0016 01       		.byte	0x1
 648 0017 00       		.byte	0
 649 0018 00       		.byte	0
 650 0019 00       		.byte	0
 651 001a 01       		.byte	0x1
 652 001b 00       		.byte	0
 653 001c 00       		.byte	0
 654 001d 01       		.byte	0x1
 655 001e 01       		.byte	0x1
 656 001f 01       		.uleb128 0x1
 657 0020 1F       		.uleb128 0x1f
 658 0021 07       		.uleb128 0x7
 659 0022 1A000000 		.4byte	.LASF89
 660 0026 C2000000 		.4byte	.LASF90
 661 002a 5B010000 		.4byte	.LASF91
 662 002e 79000000 		.4byte	.LASF92
 663 0032 8B010000 		.4byte	.LASF93
 664 0036 25010000 		.4byte	.LASF94
 665 003a 6D000000 		.4byte	.LASF95
 666 003e 02       		.byte	0x2
 667 003f 01       		.uleb128 0x1
 668 0040 1F       		.uleb128 0x1f
 669 0041 02       		.uleb128 0x2
 670 0042 0B       		.uleb128 0xb
 671 0043 08       		.uleb128 0x8
 672 0044 09010000 		.4byte	.LASF96
 673 0048 00       		.byte	0
 674 0049 F8000000 		.4byte	.LASF97
 675 004d 04       		.byte	0x4
 676 004e 00000000 		.4byte	.LASF98
 677 0052 05       		.byte	0x5
 678 0053 B6000000 		.4byte	.LASF99
 679 0057 01       		.byte	0x1
 680 0058 62000000 		.4byte	.LASF100
 681 005c 02       		.byte	0x2
 682 005d 56000000 		.4byte	.LASF101
 683 0061 03       		.byte	0x3
 684 0062 C5010000 		.4byte	.LASF102
ARM GAS  /tmp/ccT81r42.s 			page 13


 685 0066 02       		.byte	0x2
 686 0067 0A000000 		.4byte	.LASF103
 687 006b 06       		.byte	0x6
 688              	.LELTP0:
 689              	.LELT0:
 690              		.section	.gnu.debuglto_.debug_str,"eMS",%progbits,1
 691              	.LASF83:
 692 0000 2F686F6D 		.ascii	"/home/zgj/servo_project/zgj_project/ClosedLoop_Step"
 692      652F7A67 
 692      6A2F7365 
 692      72766F5F 
 692      70726F6A 
 693 0033 7065724D 		.ascii	"perMotor\000"
 693      6F746F72 
 693      00
 694              	.LASF55:
 695 003c 6F735072 		.ascii	"osPriorityRealtime1\000"
 695      696F7269 
 695      74795265 
 695      616C7469 
 695      6D653100 
 696              	.LASF56:
 697 0050 6F735072 		.ascii	"osPriorityRealtime2\000"
 697      696F7269 
 697      74795265 
 697      616C7469 
 697      6D653200 
 698              	.LASF57:
 699 0064 6F735072 		.ascii	"osPriorityRealtime3\000"
 699      696F7269 
 699      74795265 
 699      616C7469 
 699      6D653300 
 700              	.LASF58:
 701 0078 6F735072 		.ascii	"osPriorityRealtime4\000"
 701      696F7269 
 701      74795265 
 701      616C7469 
 701      6D653400 
 702              	.LASF59:
 703 008c 6F735072 		.ascii	"osPriorityRealtime5\000"
 703      696F7269 
 703      74795265 
 703      616C7469 
 703      6D653500 
 704              	.LASF23:
 705 00a0 6F735072 		.ascii	"osPriorityBelowNormal1\000"
 705      696F7269 
 705      74794265 
 705      6C6F774E 
 705      6F726D61 
 706              	.LASF24:
 707 00b7 6F735072 		.ascii	"osPriorityBelowNormal2\000"
 707      696F7269 
 707      74794265 
 707      6C6F774E 
 707      6F726D61 
ARM GAS  /tmp/ccT81r42.s 			page 14


 708              	.LASF25:
 709 00ce 6F735072 		.ascii	"osPriorityBelowNormal3\000"
 709      696F7269 
 709      74794265 
 709      6C6F774E 
 709      6F726D61 
 710              	.LASF26:
 711 00e5 6F735072 		.ascii	"osPriorityBelowNormal4\000"
 711      696F7269 
 711      74794265 
 711      6C6F774E 
 711      6F726D61 
 712              	.LASF27:
 713 00fc 6F735072 		.ascii	"osPriorityBelowNormal5\000"
 713      696F7269 
 713      74794265 
 713      6C6F774E 
 713      6F726D61 
 714              	.LASF28:
 715 0113 6F735072 		.ascii	"osPriorityBelowNormal6\000"
 715      696F7269 
 715      74794265 
 715      6C6F774E 
 715      6F726D61 
 716              	.LASF29:
 717 012a 6F735072 		.ascii	"osPriorityBelowNormal7\000"
 717      696F7269 
 717      74794265 
 717      6C6F774E 
 717      6F726D61 
 718              	.LASF7:
 719 0141 6C6F6E67 		.ascii	"long long unsigned int\000"
 719      206C6F6E 
 719      6720756E 
 719      7369676E 
 719      65642069 
 720              	.LASF62:
 721 0158 6F735072 		.ascii	"osPriorityISR\000"
 721      696F7269 
 721      74794953 
 721      5200
 722              	.LASF79:
 723 0166 5F5A3135 		.ascii	"_Z15Task_SystemInitPv\000"
 723      5461736B 
 723      5F537973 
 723      74656D49 
 723      6E697450 
 724              	.LASF6:
 725 017c 6C6F6E67 		.ascii	"long long int\000"
 725      206C6F6E 
 725      6720696E 
 725      7400
 726              	.LASF0:
 727 018a 7369676E 		.ascii	"signed char\000"
 727      65642063 
 727      68617200 
 728              	.LASF46:
ARM GAS  /tmp/ccT81r42.s 			page 15


 729 0196 6F735072 		.ascii	"osPriorityHigh\000"
 729      696F7269 
 729      74794869 
 729      676800
 730              	.LASF4:
 731 01a5 6C6F6E67 		.ascii	"long int\000"
 731      20696E74 
 731      00
 732              	.LASF85:
 733 01ae 74736B54 		.ascii	"tskTaskControlBlock\000"
 733      61736B43 
 733      6F6E7472 
 733      6F6C426C 
 733      6F636B00 
 734              	.LASF70:
 735 01c2 5461736B 		.ascii	"TaskHandle_t\000"
 735      48616E64 
 735      6C655F74 
 735      00
 736              	.LASF54:
 737 01cf 6F735072 		.ascii	"osPriorityRealtime\000"
 737      696F7269 
 737      74795265 
 737      616C7469 
 737      6D6500
 738              	.LASF10:
 739 01e2 75696E74 		.ascii	"uint16_t\000"
 739      31365F74 
 739      00
 740              	.LASF68:
 741 01eb 42617365 		.ascii	"BaseType_t\000"
 741      54797065 
 741      5F7400
 742              	.LASF31:
 743 01f6 6F735072 		.ascii	"osPriorityNormal1\000"
 743      696F7269 
 743      74794E6F 
 743      726D616C 
 743      3100
 744              	.LASF32:
 745 0208 6F735072 		.ascii	"osPriorityNormal2\000"
 745      696F7269 
 745      74794E6F 
 745      726D616C 
 745      3200
 746              	.LASF33:
 747 021a 6F735072 		.ascii	"osPriorityNormal3\000"
 747      696F7269 
 747      74794E6F 
 747      726D616C 
 747      3300
 748              	.LASF34:
 749 022c 6F735072 		.ascii	"osPriorityNormal4\000"
 749      696F7269 
 749      74794E6F 
 749      726D616C 
 749      3400
ARM GAS  /tmp/ccT81r42.s 			page 16


 750              	.LASF35:
 751 023e 6F735072 		.ascii	"osPriorityNormal5\000"
 751      696F7269 
 751      74794E6F 
 751      726D616C 
 751      3500
 752              	.LASF36:
 753 0250 6F735072 		.ascii	"osPriorityNormal6\000"
 753      696F7269 
 753      74794E6F 
 753      726D616C 
 753      3600
 754              	.LASF37:
 755 0262 6F735072 		.ascii	"osPriorityNormal7\000"
 755      696F7269 
 755      74794E6F 
 755      726D616C 
 755      3700
 756              	.LASF76:
 757 0274 5F5A3854 		.ascii	"_Z8Task_CLIPv\000"
 757      61736B5F 
 757      434C4950 
 757      7600
 758              	.LASF14:
 759 0282 6F735072 		.ascii	"osPriorityLow\000"
 759      696F7269 
 759      74794C6F 
 759      7700
 760              	.LASF8:
 761 0290 756E7369 		.ascii	"unsigned int\000"
 761      676E6564 
 761      20696E74 
 761      00
 762              	.LASF86:
 763 029d 4D435F53 		.ascii	"MC_ScheduleStart\000"
 763      63686564 
 763      756C6553 
 763      74617274 
 763      00
 764              	.LASF5:
 765 02ae 6C6F6E67 		.ascii	"long unsigned int\000"
 765      20756E73 
 765      69676E65 
 765      6420696E 
 765      7400
 766              	.LASF78:
 767 02c0 5461736B 		.ascii	"Task_SystemInit\000"
 767      5F537973 
 767      74656D49 
 767      6E697400 
 768              	.LASF38:
 769 02d0 6F735072 		.ascii	"osPriorityAboveNormal\000"
 769      696F7269 
 769      74794162 
 769      6F76654E 
 769      6F726D61 
 770              	.LASF74:
ARM GAS  /tmp/ccT81r42.s 			page 17


 771 02e6 5461736B 		.ascii	"Task_CLI\000"
 771      5F434C49 
 771      00
 772              	.LASF3:
 773 02ef 73686F72 		.ascii	"short unsigned int\000"
 773      7420756E 
 773      7369676E 
 773      65642069 
 773      6E7400
 774              	.LASF21:
 775 0302 6F735072 		.ascii	"osPriorityLow7\000"
 775      696F7269 
 775      74794C6F 
 775      773700
 776              	.LASF65:
 777 0311 6F735072 		.ascii	"osPriority_t\000"
 777      696F7269 
 777      74795F74 
 777      00
 778              	.LASF2:
 779 031e 73686F72 		.ascii	"short int\000"
 779      7420696E 
 779      7400
 780              	.LASF12:
 781 0328 6F735072 		.ascii	"osPriorityNone\000"
 781      696F7269 
 781      74794E6F 
 781      6E6500
 782              	.LASF88:
 783 0337 5F5A3132 		.ascii	"_Z12MC_TaskStartv\000"
 783      4D435F54 
 783      61736B53 
 783      74617274 
 783      7600
 784              	.LASF11:
 785 0349 6C6F6E67 		.ascii	"long double\000"
 785      20646F75 
 785      626C6500 
 786              	.LASF80:
 787 0355 78546173 		.ascii	"xTaskCreate\000"
 787      6B437265 
 787      61746500 
 788              	.LASF77:
 789 0361 5F5A3954 		.ascii	"_Z9Task_TestPv\000"
 789      61736B5F 
 789      54657374 
 789      507600
 790              	.LASF64:
 791 0370 6F735072 		.ascii	"osPriorityReserved\000"
 791      696F7269 
 791      74795265 
 791      73657276 
 791      656400
 792              	.LASF84:
 793 0383 31326F73 		.ascii	"12osPriority_t\000"
 793      5072696F 
 793      72697479 
ARM GAS  /tmp/ccT81r42.s 			page 18


 793      5F7400
 794              	.LASF30:
 795 0392 6F735072 		.ascii	"osPriorityNormal\000"
 795      696F7269 
 795      74794E6F 
 795      726D616C 
 795      00
 796              	.LASF13:
 797 03a3 6F735072 		.ascii	"osPriorityIdle\000"
 797      696F7269 
 797      74794964 
 797      6C6500
 798              	.LASF1:
 799 03b2 756E7369 		.ascii	"unsigned char\000"
 799      676E6564 
 799      20636861 
 799      7200
 800              	.LASF71:
 801 03c0 53797374 		.ascii	"SystemInitHandle\000"
 801      656D496E 
 801      69744861 
 801      6E646C65 
 801      00
 802              	.LASF72:
 803 03d1 54657374 		.ascii	"TestHandle\000"
 803      48616E64 
 803      6C6500
 804              	.LASF15:
 805 03dc 6F735072 		.ascii	"osPriorityLow1\000"
 805      696F7269 
 805      74794C6F 
 805      773100
 806              	.LASF16:
 807 03eb 6F735072 		.ascii	"osPriorityLow2\000"
 807      696F7269 
 807      74794C6F 
 807      773200
 808              	.LASF17:
 809 03fa 6F735072 		.ascii	"osPriorityLow3\000"
 809      696F7269 
 809      74794C6F 
 809      773300
 810              	.LASF18:
 811 0409 6F735072 		.ascii	"osPriorityLow4\000"
 811      696F7269 
 811      74794C6F 
 811      773400
 812              	.LASF19:
 813 0418 6F735072 		.ascii	"osPriorityLow5\000"
 813      696F7269 
 813      74794C6F 
 813      773500
 814              	.LASF20:
 815 0427 6F735072 		.ascii	"osPriorityLow6\000"
 815      696F7269 
 815      74794C6F 
 815      773600
ARM GAS  /tmp/ccT81r42.s 			page 19


 816              	.LASF81:
 817 0436 474E5520 		.ascii	"GNU C++17 14.2.1 20241119 -mcpu=cortex-m0plus -mthu"
 817      432B2B31 
 817      37203134 
 817      2E322E31 
 817      20323032 
 818 0469 6D62202D 		.ascii	"mb -mfloat-abi=soft -march=armv6s-m -g -gdwarf -ggd"
 818      6D666C6F 
 818      61742D61 
 818      62693D73 
 818      6F667420 
 819 049c 62202D4F 		.ascii	"b -Og -flto -fno-exceptions -fno-rtti\000"
 819      67202D66 
 819      6C746F20 
 819      2D666E6F 
 819      2D657863 
 820              	.LASF67:
 821 04c2 5461736B 		.ascii	"TaskFunction_t\000"
 821      46756E63 
 821      74696F6E 
 821      5F7400
 822              	.LASF47:
 823 04d1 6F735072 		.ascii	"osPriorityHigh1\000"
 823      696F7269 
 823      74794869 
 823      67683100 
 824              	.LASF82:
 825 04e1 4D795F54 		.ascii	"My_Top/Task/Task_Launch.cpp\000"
 825      6F702F54 
 825      61736B2F 
 825      5461736B 
 825      5F4C6175 
 826              	.LASF66:
 827 04fd 63686172 		.ascii	"char\000"
 827      00
 828              	.LASF22:
 829 0502 6F735072 		.ascii	"osPriorityBelowNormal\000"
 829      696F7269 
 829      74794265 
 829      6C6F774E 
 829      6F726D61 
 830              	.LASF48:
 831 0518 6F735072 		.ascii	"osPriorityHigh2\000"
 831      696F7269 
 831      74794869 
 831      67683200 
 832              	.LASF49:
 833 0528 6F735072 		.ascii	"osPriorityHigh3\000"
 833      696F7269 
 833      74794869 
 833      67683300 
 834              	.LASF50:
 835 0538 6F735072 		.ascii	"osPriorityHigh4\000"
 835      696F7269 
 835      74794869 
 835      67683400 
 836              	.LASF51:
ARM GAS  /tmp/ccT81r42.s 			page 20


 837 0548 6F735072 		.ascii	"osPriorityHigh5\000"
 837      696F7269 
 837      74794869 
 837      67683500 
 838              	.LASF52:
 839 0558 6F735072 		.ascii	"osPriorityHigh6\000"
 839      696F7269 
 839      74794869 
 839      67683600 
 840              	.LASF53:
 841 0568 6F735072 		.ascii	"osPriorityHigh7\000"
 841      696F7269 
 841      74794869 
 841      67683700 
 842              	.LASF9:
 843 0578 5F5F7569 		.ascii	"__uint16_t\000"
 843      6E743136 
 843      5F7400
 844              	.LASF73:
 845 0583 5461736B 		.ascii	"Task_CLIHandle\000"
 845      5F434C49 
 845      48616E64 
 845      6C6500
 846              	.LASF87:
 847 0592 4D435F54 		.ascii	"MC_TaskStart\000"
 847      61736B53 
 847      74617274 
 847      00
 848              	.LASF75:
 849 059f 5461736B 		.ascii	"Task_Test\000"
 849      5F546573 
 849      7400
 850              	.LASF63:
 851 05a9 6F735072 		.ascii	"osPriorityError\000"
 851      696F7269 
 851      74794572 
 851      726F7200 
 852              	.LASF39:
 853 05b9 6F735072 		.ascii	"osPriorityAboveNormal1\000"
 853      696F7269 
 853      74794162 
 853      6F76654E 
 853      6F726D61 
 854              	.LASF40:
 855 05d0 6F735072 		.ascii	"osPriorityAboveNormal2\000"
 855      696F7269 
 855      74794162 
 855      6F76654E 
 855      6F726D61 
 856              	.LASF41:
 857 05e7 6F735072 		.ascii	"osPriorityAboveNormal3\000"
 857      696F7269 
 857      74794162 
 857      6F76654E 
 857      6F726D61 
 858              	.LASF42:
 859 05fe 6F735072 		.ascii	"osPriorityAboveNormal4\000"
ARM GAS  /tmp/ccT81r42.s 			page 21


 859      696F7269 
 859      74794162 
 859      6F76654E 
 859      6F726D61 
 860              	.LASF43:
 861 0615 6F735072 		.ascii	"osPriorityAboveNormal5\000"
 861      696F7269 
 861      74794162 
 861      6F76654E 
 861      6F726D61 
 862              	.LASF44:
 863 062c 6F735072 		.ascii	"osPriorityAboveNormal6\000"
 863      696F7269 
 863      74794162 
 863      6F76654E 
 863      6F726D61 
 864              	.LASF45:
 865 0643 6F735072 		.ascii	"osPriorityAboveNormal7\000"
 865      696F7269 
 865      74794162 
 865      6F76654E 
 865      6F726D61 
 866              	.LASF60:
 867 065a 6F735072 		.ascii	"osPriorityRealtime6\000"
 867      696F7269 
 867      74795265 
 867      616C7469 
 867      6D653600 
 868              	.LASF61:
 869 066e 6F735072 		.ascii	"osPriorityRealtime7\000"
 869      696F7269 
 869      74795265 
 869      616C7469 
 869      6D653700 
 870              	.LASF69:
 871 0682 55426173 		.ascii	"UBaseType_t\000"
 871      65547970 
 871      655F7400 
 872              		.section	.gnu.debuglto_.debug_line_str,"eMS",%progbits,1
 873              	.LASF98:
 874 0000 5F737464 		.ascii	"_stdint.h\000"
 874      696E742E 
 874      6800
 875              	.LASF103:
 876 000a 5461736B 		.ascii	"Task_Launch.cpp\000"
 876      5F4C6175 
 876      6E63682E 
 876      63707000 
 877              	.LASF89:
 878 001a 2F686F6D 		.ascii	"/home/zgj/servo_project/zgj_project/ClosedLoop_Step"
 878      652F7A67 
 878      6A2F7365 
 878      72766F5F 
 878      70726F6A 
 879 004d 7065724D 		.ascii	"perMotor\000"
 879      6F746F72 
 879      00
ARM GAS  /tmp/ccT81r42.s 			page 22


 880              	.LASF101:
 881 0056 706F7274 		.ascii	"portmacro.h\000"
 881      6D616372 
 881      6F2E6800 
 882              	.LASF100:
 883 0062 70726F6A 		.ascii	"projdefs.h\000"
 883      64656673 
 883      2E6800
 884              	.LASF95:
 885 006d 4D795F54 		.ascii	"My_Top/Task\000"
 885      6F702F54 
 885      61736B00 
 886              	.LASF92:
 887 0079 4D696464 		.ascii	"Middlewares/Third_Party/FreeRTOS/Source/portable/GC"
 887      6C657761 
 887      7265732F 
 887      54686972 
 887      645F5061 
 888 00ac 432F4152 		.ascii	"C/ARM_CM0\000"
 888      4D5F434D 
 888      3000
 889              	.LASF99:
 890 00b6 636D7369 		.ascii	"cmsis_os2.h\000"
 890      735F6F73 
 890      322E6800 
 891              	.LASF90:
 892 00c2 4D696464 		.ascii	"Middlewares/Third_Party/FreeRTOS/Source/CMSIS_RTOS_"
 892      6C657761 
 892      7265732F 
 892      54686972 
 892      645F5061 
 893 00f5 563200   		.ascii	"V2\000"
 894              	.LASF97:
 895 00f8 5F646566 		.ascii	"_default_types.h\000"
 895      61756C74 
 895      5F747970 
 895      65732E68 
 895      00
 896              	.LASF96:
 897 0109 4D795F54 		.ascii	"My_Top/Task/Task_Launch.cpp\000"
 897      6F702F54 
 897      61736B2F 
 897      5461736B 
 897      5F4C6175 
 898              	.LASF94:
 899 0125 2F6F7074 		.ascii	"/opt/arm-gnu-toolchain-14.2/arm-none-eabi/include/s"
 899      2F61726D 
 899      2D676E75 
 899      2D746F6F 
 899      6C636861 
 900 0158 797300   		.ascii	"ys\000"
 901              	.LASF91:
 902 015b 4D696464 		.ascii	"Middlewares/Third_Party/FreeRTOS/Source/include\000"
 902      6C657761 
 902      7265732F 
 902      54686972 
 902      645F5061 
ARM GAS  /tmp/ccT81r42.s 			page 23


 903              	.LASF93:
 904 018b 2F6F7074 		.ascii	"/opt/arm-gnu-toolchain-14.2/arm-none-eabi/include/m"
 904      2F61726D 
 904      2D676E75 
 904      2D746F6F 
 904      6C636861 
 905 01be 61636869 		.ascii	"achine\000"
 905      6E6500
 906              	.LASF102:
 907 01c5 7461736B 		.ascii	"task.h\000"
 907      2E6800
 908              		.text
 909              		.section	.gnu.lto_.odr_types.c0bc8544fdf82e61,"e",%progbits
 910 0000 28B52FFD 		.ascii	"(\265/\375 \351u\006\000\262\014/0`M\323\001\220\004"
 910      20E97506 
 910      00B20C2F 
 910      30604DD3 
 910      019004
 911 0013 8CA012F1 		.ascii	"\214\240\022\361\2329!d@\020A[:\232,\331\312\266di\333"
 911      9A392164 
 911      4010415B 
 911      3A9A2CD9 
 911      CAB66469 
 912 0028 CD91DB5A 		.ascii	"\315\221\333Z\217g\006;\302k\345\277\325'\006\321yQ"
 912      8F67063B 
 912      C26BE5BF 
 912      D52706D1 
 912      7951
 913 003a E9B1653A 		.ascii	"\351\261e:!T\346\353vxU\221\025\333#\276\32657\361T"
 913      2154E6EB 
 913      76785591 
 913      15DB23BE 
 913      D63537F1 
 914 004f FC0CD134 		.ascii	"\374\014\3214\232\037\005\0049NO\233\347\227\361\012"
 914      9A1F0504 
 914      394E4F9B 
 914      E797F10A 
 915 005f C2E83028 		.ascii	"\302\3500(o\257\303\227\362\355 \271\033\001?\267z\240"
 915      6FAFC397 
 915      F2ED20B9 
 915      1B013FB7 
 915      7AA0
 916 0071 A44BEBE8 		.ascii	"\244K\353\350\324\262\204\026\203?\033%]\332-;\265\006"
 916      D4B28416 
 916      833F1B25 
 916      5DDA2D3B 
 916      B506
 917 0083 ED6B6F89 		.ascii	"\355ko\211\217d\305\216\317bV\346{V\342\005\220\037"
 917      8F64C58E 
 917      CF6256E6 
 917      7B56E205 
 917      901F
 918 0095 B406B479 		.ascii	"\264\006\264y/\034.\240\363\352\327\356p\035\371W\356"
 918      2F1C2EA0 
 918      F3EAD7EE 
 918      701DF957 
 918      EE
ARM GAS  /tmp/ccT81r42.s 			page 24


 919 00a6 0B09040D 		.ascii	"\013\011\004\015\312I\011G\007\003\371\330\3600!I\031"
 919      CA490947 
 919      0703F9D8 
 919      F0302149 
 919      19
 920 00b7 1101608C 		.ascii	"\021\001`\214\002c\314\2012\246\011`LCT\325 \005\000"
 920      0263CC81 
 920      32A60960 
 920      4C4354D5 
 920      200500
 921 00ca F452E0CC 		.ascii	"\364R\340\314\3219\003\253\316\013\007P\004"
 921      D13903AB 
 921      CE0B0750 
 921      04
 922              		.text
 923              		.section	.gnu.lto_.profile.c0bc8544fdf82e61,"e",%progbits
 924 0000 28B52FFD 		.ascii	"(\265/\375 \0061\000\000\002\000\000\000\000\000"
 924      20063100 
 924      00020000 
 924      000000
 925              		.text
 926              		.section	.gnu.lto_.inline.c0bc8544fdf82e61,"e",%progbits
 927 0000 28B52FFD 		.ascii	"(\265/\375 \222E\002\0004\003\206\000\002\000\000\030"
 927      20924502 
 927      00340386 
 927      00020000 
 927      18
 928 0011 80808090 		.ascii	"\200\200\200\220\003h\001\201\200\200\200~\000\000\006"
 928      03680181 
 928      8080807E 
 928      000006
 929 0020 80808080 		.ascii	"\200\200\200\200\002d\002\000\000\007\020\000\000\000"
 929      02640200 
 929      00071000 
 929      0000
 930 002e 06000000 		.ascii	"\006\000\000\000\001\000\004\003f\001\012\000\000\000"
 930      01000403 
 930      66010A00 
 930      0000
 931 003c 00000700 		.ascii	"\000\000\007\000]\004N\302\212\325\004\322b\234M\253"
 931      5D044EC2 
 931      8AD504D2 
 931      629C4DAB 
 932 004c 30DB8441 		.ascii	"0\333\204A\033"
 932      1B
 933              		.text
 934              		.section	.gnu.lto_.jmpfuncs.c0bc8544fdf82e61,"e",%progbits
 935 0000 28B52FFD 		.ascii	"(\265/\375 \030\215\000\000H\014\000\002\000\007\000"
 935      20188D00 
 935      00480C00 
 935      02000700 
 936 0010 00000002 		.ascii	"\000\000\000\002\000@\340\015`\001"
 936      0040E00D 
 936      6001
 937              		.text
 938              		.section	.gnu.lto_.pureconst.c0bc8544fdf82e61,"e",%progbits
 939 0000 28B52FFD 		.ascii	"(\265/\375 \013Y\000\000\007\000\000\000\002\000\230"
ARM GAS  /tmp/ccT81r42.s 			page 25


 939      200B5900 
 939      00070000 
 939      00020098 
 940 0010 04079804 		.ascii	"\004\007\230\004"
 941              		.text
 942              		.section	.gnu.lto_.ipa_modref.c0bc8544fdf82e61,"e",%progbits
 943 0000 28B52FFD 		.ascii	"(\265/\375 \016E\000\000\020\002\000\001\000\034\300"
 943      200E4500 
 943      00100200 
 943      01001CC0 
 944 0010 02       		.ascii	"\002"
 945              		.text
 946              		.section	.gnu.lto_.lto.c0bc8544fdf82e61,"e",%progbits
 947 0000 0E000000 		.ascii	"\016\000\000\000\001\000\001\000"
 947      01000100 
 948              		.text
 949              		.section	.gnu.lto__Z12MC_TaskStartv.3.c0bc8544fdf82e61,"e",%progbits
 950 0000 28B52FFD 		.ascii	"(\265/\375`)\001E\014\000\006\225PB O\234\016\240D\002"
 950      60290145 
 950      0C000695 
 950      5042204F 
 950      9C0EA044 
 951 0015 80C84484 		.ascii	"\200\310D\204\342\251LO\352\234:8\015\301\225\332\012"
 951      E2A94C4F 
 951      EA9C3A38 
 951      0DC195DA 
 951      0A
 952 0026 D9085420 		.ascii	"\331\010T \025\324\221\241>;\346)\362\\wo\320\355\342"
 952      15D491A1 
 952      3E3BE629 
 952      F25C776F 
 952      D0EDE2
 953 0039 87AD0AFC 		.ascii	"\207\255\012\374\373\314\200k~5XJ\004\005\202\317\220"
 953      FBCC806B 
 953      7E35584A 
 953      040582CF 
 953      90
 954 004a BFF1ADED 		.ascii	"\277\361\255\355\235R:\000;\000C\000\3665S\\\014w=\314"
 954      9D523A00 
 954      3B004300 
 954      F635535C 
 954      0C773DCC 
 955 005e 1859912B 		.ascii	"\030Y\221+$\204\355Sl\262cD\330X\253\305\010\220\221"
 955      2484ED53 
 955      6CB26344 
 955      D858ABC5 
 955      089091
 956 0071 DD45303F 		.ascii	"\335E0?\334ti\362\337\361\000)\325\351RC\301\356Z\246"
 956      DC7469F2 
 956      DFF10029 
 956      D5E95243 
 956      C1EE5AA6 
 957 0085 541CEE79 		.ascii	"T\034\356y\333\005l\223\354k\010\362\342/\237\223\374"
 957      DB056C93 
 957      EC6B08F2 
 957      E22F9F93 
 957      FC
ARM GAS  /tmp/ccT81r42.s 			page 26


 958 0096 AABC4AB2 		.ascii	"\252\274J\262[\373\012\222\217\367\370\026\254v\303"
 958      5BFB0A92 
 958      8FF7F816 
 958      AC76C3
 959 00a5 8B232C7C 		.ascii	"\213#,|P\371\365\221T\302vQ\027m\014\031\344E\013\330"
 959      50F9F591 
 959      54C27651 
 959      176D0C19 
 959      E4450BD8 
 960 00b9 D80E1365 		.ascii	"\330\016\023e\003\035/V\312\360\307I\316\225o\355\344"
 960      031D2F56 
 960      CAF0C749 
 960      CE956FED 
 960      E4
 961 00ca 085F069A 		.ascii	"\010_\006\232p!\243\\\365d\026\333\037{k'\307\004\206"
 961      7021A35C 
 961      F56416DB 
 961      1F7B6B27 
 961      C70486
 962 00dd 086A6E08 		.ascii	"\010jn\010a\301\340(\276\242A\002\007X(\202\340\002"
 962      61C1E028 
 962      BEA24102 
 962      07582882 
 962      E002
 963 00ef 448536E0 		.ascii	"D\2056\340\"\376\361':\226\015\013=\324\003\200\374"
 963      22FEF127 
 963      3A960D0B 
 963      3DD40380 
 963      FC
 964 0100 78135C65 		.ascii	"x\023\\eu\022/\361\361A\374r\210\013\306d.\332\304\340"
 964      75122FF1 
 964      F141FC72 
 964      880BC664 
 964      2EDAC4E0 
 965 0114 473997C1 		.ascii	"G9\227\301\217\010\303Q\360+m(\356\272\355\200g\023"
 965      8F08C351 
 965      F02B6D28 
 965      EEBAED80 
 965      6713
 966 0126 8D3A192D 		.ascii	"\215:\031-\364u8YW9ZIC\300^\005\253\306\243]G\301\215"
 966      F4753859 
 966      57395A49 
 966      43C05E05 
 966      ABC6A35D 
 967 013d D6D59A91 		.ascii	"\326\325\232\221@\277J\341\002n\024T\275N\253\026<\032"
 967      40BF4AE1 
 967      026E1454 
 967      BD4EAB16 
 967      3C1A
 968 014f 1D002F15 		.ascii	"\035\000/\025\216(\367_\012\240&\036\"\005\376\242\267"
 968      8E28F75F 
 968      0AA0261E 
 968      2205FEA2 
 968      B7
 969 0160 C0708033 		.ascii	"\300p\2003\310\342\013c\0002\300\020\270\016T\006`\001"
 969      C8E20B63 
 969      0032C010 
ARM GAS  /tmp/ccT81r42.s 			page 27


 969      B80E5406 
 969      6001
 970 0172 FC203330 		.ascii	"\374 30F\230\341\0360\004\256\203\312\320\020\022#\302"
 970      4698E11E 
 970      3004AE83 
 970      CAD01012 
 970      23C2
 971 0184 88AD315C 		.ascii	"\210\2551\\!\214\227!\304\345X\264\223\014"
 971      218C9721 
 971      C4E558B4 
 971      930C
 972              		.text
 973              		.section	.gnu.lto_MC_ScheduleStart.4.c0bc8544fdf82e61,"e",%progbits
 974 0000 28B52FFD 		.ascii	"(\265/\375`\007\000-\007\000\002\21515Po\322\001\020"
 974      6007002D 
 974      0700028D 
 974      3135506F 
 974      D20110
 975 0013 4208C262 		.ascii	"B\010\302b\246Y\210\265>+\240t\256\364\300\255\377h"
 975      A65988B5 
 975      3E2BA074 
 975      AEF4C0AD 
 975      FF68
 976 0025 B3281F60 		.ascii	"\263(\037`\214\354,=k37\262\371\227I\305K\211k\277\275"
 976      8CEC2C3D 
 976      6B3337B2 
 976      F99749C5 
 976      4B896BBF 
 977 003a 51A2563C 		.ascii	"Q\242V<P\023\271e\012g\256\022:\225\305\005'\363&,\316"
 977      5013B965 
 977      0A67AE12 
 977      3A95C505 
 977      27F3262C 
 978 004f C6F16E5E 		.ascii	"\306\361n^\206\306\340q\257\325D\310\014/\207\307\273"
 978      86C6E071 
 978      AFD544C8 
 978      0C2F87C7 
 978      BB
 979 0060 9908682D 		.ascii	"\231\010h-E\303UA\317F~\213\021\241\345<\022\032\016"
 979      45C35541 
 979      CF467E8B 
 979      11A1E53C 
 979      121A0E
 980 0073 566CC72D 		.ascii	"Vl\307-\374/uR\255$\001\030SH;\256\355\337\370\264\364"
 980      FC2F7552 
 980      AD240118 
 980      53483BAE 
 980      EDDFF8B4 
 981 0088 788E8870 		.ascii	"x\216\210ph\350\010/-\335N/\201\232\222<\251V\322\257"
 981      68E8082F 
 981      2DDD4E2F 
 981      819A923C 
 981      A956D2AF 
 982 009c 79622130 		.ascii	"yb!0\351\016\211\311\332\004\260r\362?\007\216\375."
 982      E90E89C9 
 982      DA04B072 
 982      F23F078E 
ARM GAS  /tmp/ccT81r42.s 			page 28


 982      FD2E
 983 00ae 1020CD59 		.ascii	"\020 \315Y\212J\326\335\012Z\222X6\354\231(Y \032\201"
 983      8A4AD6DD 
 983      0A5A9258 
 983      36EC9928 
 983      59201A81 
 984 00c2 B2053074 		.ascii	"\262\0050t\367\233h\364\221\327\374\177\360\377\341"
 984      F79B68F4 
 984      91D7FC7F 
 984      F0FFE1
 985 00d1 FF270A00 		.ascii	"\377'\012\000D\021\377R\0005\361\004\0378Y\270\2575"
 985      4411FF52 
 985      0035F104 
 985      1F3859B8 
 985      AF35
 986 00e3 862B84F1 		.ascii	"\206+\204\3612\204\270\034\213v\222\001"
 986      3284B81C 
 986      8B769201 
 987              		.text
 988              		.section	.gnu.lto_.symbol_nodes.c0bc8544fdf82e61,"e",%progbits
 989 0000 28B52FFD 		.ascii	"(\265/\375 \347U\003\000\322\004\021\034\260%\351\014"
 989      20E75503 
 989      00D20411 
 989      1CB025E9 
 989      0C
 990 0011 64610375 		.ascii	"da\003uPHr\212d\023\3170\270\026\014'x&\204\020\262"
 990      5048728A 
 990      6413CF30 
 990      B8160C27 
 990      78268410 
 991 0026 B74C010B 		.ascii	"\267L\001\013\243\353Q5\244o%4\010\213\0353\230J\017"
 991      A3EB5135 
 991      A46F2534 
 991      088B1D33 
 991      984A0F
 992 0039 5195619B 		.ascii	"Q\225a\233L\362\203@\361\3647b\025\217\217\254\226\314"
 992      4CF28340 
 992      F1F43762 
 992      158F8FAC 
 992      96CC
 993 004b CCF1EC1F 		.ascii	"\314\361\354\037\020\017\000`h\227\202-\205U5\016\\"
 993      100F0060 
 993      6897822D 
 993      8555350E 
 993      5C
 994 005c 02E67130 		.ascii	"\002\346q0\237\200\001\0030\200\213\001\214\243\266"
 994      9F800103 
 994      30808B01 
 994      8CA3B6
 995 006b F85CFA53 		.ascii	"\370\\\372S0e\200\014"
 995      3065800C 
 996              		.text
 997              		.section	.gnu.lto_.refs.c0bc8544fdf82e61,"e",%progbits
 998 0000 28B52FFD 		.ascii	"(\265/\375 \037\371\000\000\033\000\000\000\006\000"
 998      201FF900 
 998      001B0000 
 998      000600
ARM GAS  /tmp/ccT81r42.s 			page 29


 999 000f 02010200 		.ascii	"\002\001\002\000\002\002\002\000\002\003\004\000\002"
 999      02020200 
 999      02030400 
 999      02
 1000 001c 04040002 		.ascii	"\004\004\000\002\005\006\000\002\006\006\000\000"
 1000      05060002 
 1000      06060000 
 1001              		.text
 1002              		.section	.gnu.lto_.decls.c0bc8544fdf82e61,"e",%progbits
 1003 0000 28B52FFD 		.ascii	"(\265/\375`:\011]5\000\252`d\025E`^R\007\2675\036\224"
 1003      603A095D 
 1003      3500AA60 
 1003      64154560 
 1003      5E5207B7 
 1004 0017 C6573863 		.ascii	"\306W8c\034\317\203)+8\347\264\0012\324\017S\315\356"
 1004      1CCF8329 
 1004      2B38E7B4 
 1004      0132D40F 
 1004      53CDEE
 1005 002a A959366B 		.ascii	"\251Y6k[\014\253\"\254\331\3525\016\213K\027\324W\263"
 1005      5B0CAB22 
 1005      ACD9EA35 
 1005      0E8B4B17 
 1005      D457B3
 1006 003d 4CC106E0 		.ascii	"L\301\006\340\223dSA\346\371\022\322\200\201\345A\214"
 1006      93645341 
 1006      E6F912D2 
 1006      8081E541 
 1006      8C
 1007 004e CD5D6965 		.ascii	"\315]ieJ\001\034\001H\001F\001\271\215\376\273\273\221"
 1007      4A011C01 
 1007      48014601 
 1007      B98DFEBB 
 1007      BB91
 1008 0060 FE9549D7 		.ascii	"\376\225I\327\350\377\233\377\357\0331\241\337d\276"
 1008      E8FF9BFF 
 1008      EF1B31A1 
 1008      DF64BE
 1009 006f 17D7FAF4 		.ascii	"\027\327\372\364\302L\350\273\315O\272\353\277Z\376"
 1009      C24CE8BB 
 1009      CD4FBAEB 
 1009      BF5AFE
 1010 007e 9FFC877A 		.ascii	"\237\374\207zi\005`*\377\205\236\357\033\341\207\276"
 1010      6905602A 
 1010      FF859EEF 
 1010      1BE187BE 
 1011 008e 5653F95A 		.ascii	"VS\371Z\316T&\177\205\223\353\360n\363\371\276\377\363"
 1011      CE54267F 
 1011      8593EBF0 
 1011      6EF3F9BE 
 1011      FFF3
 1012 00a0 E51EFA6F 		.ascii	"\345\036\372o\304|&\037\3773}t\031\037\232\314r\231"
 1012      C47C261F 
 1012      FF337D74 
 1012      191F9ACC 
 1012      7299
 1013 00b2 4A67815F 		.ascii	"Jg\201_>\377\227\257\323\177\371\3572\337\012\251\031"
ARM GAS  /tmp/ccT81r42.s 			page 30


 1013      3EFF97AF 
 1013      D37FF9EF 
 1013      32DF0AA9 
 1013      19
 1014 00c3 97E4FA38 		.ascii	"\227\344\37287\012\340\312\205s\233\377\257\342\377"
 1014      370AE0CA 
 1014      85739BFF 
 1014      AFE2FF
 1015 00d2 97435E4F 		.ascii	"\227C^O{\345\273O'\312.\244\1770\253\177\260\007\360"
 1015      7BE5BB4F 
 1015      27CA2EA4 
 1015      7F30AB7F 
 1015      B007F0
 1016 00e5 FFAEBF59 		.ascii	"\377\256\277YK\037_ \353\337\375\377.U\371\036p\245"
 1016      4B1F5F20 
 1016      EBDFFDFF 
 1016      2E55F91E 
 1016      70A5
 1017 00f7 53C8D36A 		.ascii	"S\310\323j\310;\264\264z\257\036L\210\377\377k1\241"
 1017      C83BB4B4 
 1017      7AAF1E4C 
 1017      88FFFF6B 
 1017      31A1
 1018 0109 AFEBAF33 		.ascii	"\257\353\2573\356\355m\206\275\323]\350/\337\206\322"
 1018      EEED6D86 
 1018      BDD35DE8 
 1018      2FDF86D2 
 1019 0119 EB57A8FB 		.ascii	"\353W\250\373d*\377\337\243\2747\316m\010\316\335\375"
 1019      642AFFDF 
 1019      A3BC37CE 
 1019      6D08CEDD 
 1019      FD
 1020 012a F401B9DB 		.ascii	"\364\001\271\333\305\374\250\333\005\370P\267\013\375"
 1020      C5FCA8DB 
 1020      05F850B7 
 1020      0BFD
 1021 0138 E9EEB4B6 		.ascii	"\351\356\264\266\356~\323\335s\272]\355\366^\236\351"
 1021      EE7ED3DD 
 1021      73BA5DED 
 1021      F65E9EE9 
 1022 0148 AFDBADBA 		.ascii	"\257\333\255\272\373\256\273\331\272[Mw\243\351\356"
 1022      FBAEBBD9 
 1022      BA5B4D77 
 1022      A3E9EE
 1023 0157 B5EE26D3 		.ascii	"\265\356&\323\335j\335]\326\335d\335\015\324\335f\272"
 1023      DD6ADD5D 
 1023      D6DD64DD 
 1023      0DD4DD66 
 1023      BA
 1024 0168 9B379D4E 		.ascii	"\2337\235N\247\335\375\325\215\011t\373\212\001Ij\323"
 1024      A7DDFDD5 
 1024      8D0974FB 
 1024      8A01496A 
 1024      D3
 1025 0179 B91B5016 		.ascii	"\271\033P\026\215\2673\234\325x|\271a\326\326^\0306"
 1025      8DB7339C 
 1025      D5787CB9 
ARM GAS  /tmp/ccT81r42.s 			page 31


 1025      61D6D65E 
 1025      1836
 1026 018b 3627F323 		.ascii	"6'\363#.\367%\215\006\301\235\005Q\302e\315d\202\355"
 1026      2EF7258D 
 1026      06C19D05 
 1026      51C265CD 
 1026      6482ED
 1027 019e 6AD44CE9 		.ascii	"j\324L\351]q\245\271\232\262f6g\320\244\341'o^\354\226"
 1027      5D71A5B9 
 1027      9AB26636 
 1027      67D0A4E1 
 1027      276F5EEC 
 1028 01b3 ACCD0BB2 		.ascii	"\254\315\013\262\346\263`\373\332\232\253\205\360\250"
 1028      E6B360FB 
 1028      DA9AAB85 
 1028      F0A8
 1029 01c1 142CEA93 		.ascii	"\024,\352\223\353\263&\317\326\232\347\306\220\301\022"
 1029      EBB326CF 
 1029      D69AE7C6 
 1029      90C112
 1030 01d0 A7EEBD81 		.ascii	"\247\356\275\201s\363\260\326\306}\326\374\014\266w"
 1030      73F3B0D6 
 1030      C67DD6FC 
 1030      0CB677
 1031 01df 19F32EAE 		.ascii	"\031\363.\256\206\337\007\002\003\012\227\233\364\233"
 1031      86DF0702 
 1031      030A979B 
 1031      F49B
 1032 01ed 6720A83D 		.ascii	"g \250=\314\200Lq\3664\177R%\356\015\347\306w\326n\017"
 1032      CC804C71 
 1032      F6347F52 
 1032      25EE0DE7 
 1032      C677D66E 
 1033 0202 D3ED667E 		.ascii	"\323\355f~\346hXH\363\245\377O\001=\254\27042/\375\305"
 1033      E6685848 
 1033      F3A5FF4F 
 1033      013DACB8 
 1033      34322FFD 
 1034 0217 D17A68D9 		.ascii	"\321zh\331e$L\372\377h\016\246\237\312\007\032(r3f\346"
 1034      65244CFA 
 1034      FF680EA6 
 1034      9FCA071A 
 1034      28723366 
 1035 022c 27E7C65E 		.ascii	"'\347\306^k\343\254\025\311\177j\366>ko\031\334\002"
 1035      6BE3AC15 
 1035      C97F6AF6 
 1035      3E6B6F19 
 1035      DC02
 1036 023e F5B2A4D5 		.ascii	"\365\262\244\325\215\326]\211\376;\035\360\274\264u"
 1036      8DD65D89 
 1036      FE3B1DF0 
 1036      BCB475
 1037 024d 6D3997F6 		.ascii	"m9\227\3662\336\232\232\0301\234\233\256\351`\267W\012"
 1037      32DE9A9A 
 1037      18319C9B 
 1037      AEE960B7 
 1037      570A
ARM GAS  /tmp/ccT81r42.s 			page 32


 1038 025f 1ACEED74 		.ascii	"\032\316\355t\326\3662k\317L\320\253\270\225v\2611\307"
 1038      D6F6326B 
 1038      CF4CD0AB 
 1038      B89576B1 
 1038      31C7
 1039 0271 E2649D7C 		.ascii	"\342d\235|\376\225\345\217\213\024\007\036\351;\235"
 1039      FE95E58F 
 1039      8B14071E 
 1039      E93B9D
 1040 0280 0E80DCD8 		.ascii	"\016\200\334\330\024\231A\327\236\305\237]g\300\177"
 1040      149941D7 
 1040      9EC59F5D 
 1040      67C07F
 1041 028f DDFF2B00 		.ascii	"\335\377+\000B\243\346\243\007\316F\376S\261\037\251"
 1041      42A3E6A3 
 1041      07CE46FE 
 1041      53B11FA9 
 1042 029f 3DB50E05 		.ascii	"=\265\016\005\257t\005\255\177\014\035am\004\253Q\320"
 1042      AF7405AD 
 1042      7F0C1D61 
 1042      6D04AB51 
 1042      D0
 1043 02b0 777768FE 		.ascii	"wwh\376\332\335\230rAZVml8\3120)\035\320\035h\030\020"
 1043      DADD9872 
 1043      415A566D 
 1043      6C38CA30 
 1043      291DD01D 
 1044 02c7 9C1BD7E8 		.ascii	"\234\033\327\350\30640\226\317\371\2168\345\260\301"
 1044      C6343096 
 1044      CFF98E38 
 1044      E5B0C1
 1045 02d6 39C97F6A 		.ascii	"9\311\177j\317\217T7Sj\314\304_A\224[Wx)$\327\305\344"
 1045      CF8F5437 
 1045      536ACCC4 
 1045      5F41945B 
 1045      57782924 
 1046 02ed 0B5DAEC1 		.ascii	"\013]\256\301\007L\017\316\215gtc+\254\364\271\011\312"
 1046      074C0FCE 
 1046      8D677463 
 1046      2BACF4B9 
 1046      09CA
 1047 02ff 2FC09B4E 		.ascii	"/\300\233Na\2728\367\031\377\251B~\244bW\251q\262\217"
 1047      61BA38F7 
 1047      19FFA942 
 1047      7EA46257 
 1047      A971B28F 
 1048 0313 809C5578 		.ascii	"\200\234Ux\2748\0075\376\276\343\315\035Y\223\342\334"
 1048      BC380735 
 1048      FEBEE3CD 
 1048      1D5993E2 
 1048      DC
 1049 0324 EB0AB6B5 		.ascii	"\353\012\266\265\371\235\013y Dk`F\302\244\371MJ\225"
 1049      F99D0B79 
 1049      20446B60 
 1049      46C2A4F9 
 1049      4D4A95
 1050 0337 1F7BDAEF 		.ascii	"\037{\332\357\374\217J\304\314\010\030\316\316\307\373"
ARM GAS  /tmp/ccT81r42.s 			page 33


 1050      FC8F4AC4 
 1050      CC0818CE 
 1050      CEC7FB
 1051 0346 B4CFFDAC 		.ascii	"\264\317\375\254]\\\250\224\341\334\331\306\012\343"
 1051      5D5CA894 
 1051      E1DCD9C6 
 1051      0AE3
 1052 0354 7DAACFA7 		.ascii	"}\252\317\247z\036\227\3029\203\222\301\331\355\210"
 1052      7A1E97C2 
 1052      398392C1 
 1052      D9ED88
 1053 0363 9A902591 		.ascii	"\232\220%\221\336\351)\013*2\004,\010\316^\307\353z"
 1053      DEE9290B 
 1053      2A32042C 
 1053      08CE5EC7 
 1053      EB7A
 1054 0375 735D72B0 		.ascii	"s]r\260\325\321\215\271V\311;o\224\207\346Ec\013g\227"
 1054      D5D18DB9 
 1054      56C93B6F 
 1054      9487E645 
 1054      630B6797 
 1055 0389 F368FB9C 		.ascii	"\363h\373\234\343i\012\027\332\237m>\372\377\364\271"
 1055      E3690A17 
 1055      DA9F6D3E 
 1055      FAFFF4B9 
 1056 0399 057EFE93 		.ascii	"\005~\376\223>\207\333\355\334\361\271\"w\006\356\014"
 1056      3E87DBED 
 1056      DCF1B922 
 1056      7706EE0C 
 1057 03a9 80AAD81B 		.ascii	"\200\252\330\0331;kn\336\236\265yv\253\307q\237\035"
 1057      313B6B6E 
 1057      DE9EB579 
 1057      76ABC771 
 1057      9F1D
 1058 03bb 981F26CE 		.ascii	"\230\037&\316\036\347r\272\201\317\301d\357\327\015"
 1058      1EE772BA 
 1058      81CFC164 
 1058      EFD70D
 1059 03ca E14052F7 		.ascii	"\341@R\367\336Y\333\033\250\274\351\324\033\250\016"
 1059      DE59DB1B 
 1059      A8BCE9D4 
 1059      1BA80E
 1060 03d9 D774B218 		.ascii	"\327t\262\030/\273\0328{\033\207\023wG\003\007\316\356"
 1060      2FBB1A38 
 1060      7B1B8713 
 1060      77470307 
 1060      CEEE
 1061 03eb C6DF3AC9 		.ascii	"\306\337:\311\337t\326\362\026\365\320\200\221\"u\263"
 1061      DF74D6F2 
 1061      16F5D080 
 1061      912275B3 
 1062 03fb B627A945 		.ascii	"\266'\251E\323\351t\352\001A\255p\252\010\325\022\247"
 1062      D3E974EA 
 1062      0141AD70 
 1062      AA08D512 
 1062      A7
 1063 040c A83E1C87 		.ascii	"\250>\034\207O\304L\364V\210A\251\235\202\242Z[!k\214"
ARM GAS  /tmp/ccT81r42.s 			page 34


 1063      4FC44CF4 
 1063      568841A9 
 1063      9D82A25A 
 1063      5B216B8C 
 1064 0420 11649143 		.ascii	"\021d\221C\017(\204\330v\310\036\227`\010\261QTN\354"
 1064      0F2884D8 
 1064      76C81E97 
 1064      6008B151 
 1064      544EEC
 1065 0433 13B149B8 		.ascii	"\023\261I\270\304dD\264V\231\0201bIC\012!\200 \240*"
 1065      C46444B4 
 1065      56991031 
 1065      6249430A 
 1065      218020A0 
 1066 0448 132D920D 		.ascii	"\023-\222\015\0127\244\020\022\265\302\241~\222\340"
 1066      0A37A410 
 1066      12B5C2A1 
 1066      7E92E0
 1067 0457 02396C81 		.ascii	"\0029l\201\254\023U\024q\012\012\310\022\217T\305&`"
 1067      AC135514 
 1067      710A0AC8 
 1067      128F54C5 
 1067      2660
 1068 0469 5389E009 		.ascii	"S\211\340\011\226=~\000\306h\217C\023B\247#\324S\020"
 1068      963D7E00 
 1068      C6688F43 
 1068      1342A723 
 1068      D45310
 1069 047c 88648FC3 		.ascii	"\210d\217\303\027l\224\223\023\024S\206#\027\304b\224"
 1069      176C9493 
 1069      13145386 
 1069      2317C462 
 1069      94
 1070 048d 87A8E2B1 		.ascii	"\207\250\342\261\235*.\271@\266\033\224~l\224\323\324"
 1070      9D2A2EB9 
 1070      40B61B94 
 1070      7E6C94D3 
 1070      D4
 1071 049e 30845151 		.ascii	"0\204QQ\225\211\026jJ\204\024\333\"c4]PJ!\374u\202>"
 1071      9589166A 
 1071      4A8414DB 
 1071      2263345D 
 1071      504A21FC 
 1072 04b5 16DB22D3 		.ascii	"\026\333\"\323\2215\032\331\266Ih,\026G8\261\310b\324"
 1072      91351AD9 
 1072      B649682C 
 1072      164738B1 
 1072      C862D4
 1073 04c8 524B645B 		.ascii	"RKd[\024\217Fa\261\352\310\"\201-X\310\000\262R\305"
 1073      148F4661 
 1073      B1EAC822 
 1073      812D58C8 
 1073      00B252C5 
 1074 04dc 272087A1 		.ascii	"' \207\241\036:UpZ\241\304Z\220`\2403(=x\260\204\204"
 1074      1E3A5570 
 1074      5AA1C45A 
 1074      9060A033 
ARM GAS  /tmp/ccT81r42.s 			page 35


 1074      283D78B0 
 1075 04f2 82048820 		.ascii	"\202\004\210 \243\221(\341\2118E5\034!\004\032\213A"
 1075      A39128E1 
 1075      89384535 
 1075      1C21041A 
 1075      8B41
 1076 0504 610C2604 		.ascii	"a\014&\004U\355q\3306\271@\016\203\302%&\012J)\204\001"
 1076      55ED71D8 
 1076      36B9400E 
 1076      83C22526 
 1076      0A4A2984 
 1077 0519 1A491565 		.ascii	"\032I\025e\234 \025\001\006\333\036\213D\242\226\212"
 1077      9C201501 
 1077      06DB1E8B 
 1077      44A2968A 
 1078 0529 80C45025 		.ascii	"\200\304P%u\034\002u7\336\341d\330\216\312\027\270-"
 1078      751C0275 
 1078      37DEE164 
 1078      D88ECA17 
 1078      B82D
 1079 053b 1D3EBA27 		.ascii	"\035>\272'k\\\353\030\026\2350\234\033\347\350\306M"
 1079      6B5CEB18 
 1079      169D309C 
 1079      1BE7E8C6 
 1079      4D
 1080 054c ACA5BA5F 		.ascii	"\254\245\272_XQp\356.\376S\201n(5\306\361\026\006F\013"
 1080      585170EE 
 1080      2EFE5381 
 1080      6E2835C6 
 1080      F1160646 
 1081 0561 CEAB8DC6 		.ascii	"\316\253\215\306Y\001\200\243\250Q(f\024d\004\021\231"
 1081      590180A3 
 1081      A8512866 
 1081      14640411 
 1081      99
 1082 0572 2911D134 		.ascii	")\021\3214I\007\200\242\241\263\352\021\220\251\223"
 1082      490780A2 
 1082      A1B3EA11 
 1082      90A993
 1083 0581 A6484A9A 		.ascii	"\246HJ\232a\317M9Z\224\310UZ\323\247\024\020K\033\013"
 1083      61CF4D39 
 1083      5A94C855 
 1083      5AD3A714 
 1083      104B1B0B 
 1084 0595 AB3BC191 		.ascii	"\253;\301\221U{\333\032\354k\202\265\351\251N\020\002"
 1084      557BDB1A 
 1084      EC6B82B5 
 1084      E9A94E10 
 1084      02
 1085 05a6 9D577721 		.ascii	"\235Ww!2\203\034V~tQ\006^\362)\357fD\266\260\246N\350"
 1085      32831C56 
 1085      7E745106 
 1085      5EF229EF 
 1085      6644B6B0 
 1086 05bd DD3BE3E9 		.ascii	"\335;\343\351\202y\012\362\253\200f0!\205E\372\024\210"
 1086      82790AF2 
 1086      AB806630 
ARM GAS  /tmp/ccT81r42.s 			page 36


 1086      218545FA 
 1086      1488
 1087 05cf 30B84B39 		.ascii	"0\270K9\365\273\300\232e\030E\301\016\234\350G\222\027"
 1087      F5BBC09A 
 1087      651845C1 
 1087      0E9CE847 
 1087      9217
 1088 05e1 DA7CCA60 		.ascii	"\332|\312`\307\366Fw\266\223\031b\217v\377\272&\273"
 1088      C7F64677 
 1088      B6931962 
 1088      8F76FFBA 
 1088      26BB
 1089 05f3 E00E05AA 		.ascii	"\340\016\005\252c\311\260\015\261@\221Fb\214 \377\334"
 1089      63C9B00D 
 1089      B1409146 
 1089      628C20FF 
 1089      DC
 1090 0604 654B792F 		.ascii	"eKy/\310Z\003\376\265\370\343\374\306\316n\362zt\306"
 1090      C85A03FE 
 1090      B5F8E3FC 
 1090      C6CE6EF2 
 1090      7A74C6
 1091 0617 A49460BE 		.ascii	"\244\224`\276\011\306\037m\243\302D\337\213\"+m\237"
 1091      09C61F6D 
 1091      A3C244DF 
 1091      8B222B6D 
 1091      9F
 1092 0628 66FC9173 		.ascii	"f\374\221s\240\267\256:\013\017Nz\202\361D\334\355\263"
 1092      A0B7AE3A 
 1092      0B0F4E7A 
 1092      82F144DC 
 1092      EDB3
 1093 063a 3B3EE46E 		.ascii	";>\344nif\275\211+\274a?\251\\Or\236f\200\330I\364X"
 1093      6966BD89 
 1093      2BBC613F 
 1093      A95C4F72 
 1093      9E6680D8 
 1094 0651 C74CE3DA 		.ascii	"\307L\343\332\245\015\246\304\326\224!\030\222^t\034"
 1094      A50DA6C4 
 1094      D6942118 
 1094      925E741C 
 1095 0661 75D0651D 		.ascii	"u\320e\035\370\345\016\014a\303\232\211`W\257'\237g"
 1095      F8E50E0C 
 1095      61C39A89 
 1095      6057AF27 
 1095      9F67
 1096 0673 C90D529D 		.ascii	"\311\015R\235\342 \036\352\251$\216j \221\026p\\\200"
 1096      E2201EEA 
 1096      A9248E6A 
 1096      20911670 
 1096      5C80
 1097 0685 B844926B 		.ascii	"\270D\222k}\350Y\177\015\2254\010\320\277\240\272\355"
 1097      7DE8597F 
 1097      0D953408 
 1097      D0BFA0BA 
 1097      ED
 1098 0696 7ED3204D 		.ascii	"~\323 M%\227\310\311\227\206~5I\372\222r\276\366\351"
ARM GAS  /tmp/ccT81r42.s 			page 37


 1098      2597C8C9 
 1098      97867E35 
 1098      49FA9272 
 1098      BEF6E9
 1099 06a9 B9CAF903 		.ascii	"\271\312\371\003\271\223<\211\025\217\204U"
 1099      B9933C89 
 1099      158F8455 
 1100              		.text
 1101              		.section	.gnu.lto_.symtab.c0bc8544fdf82e61,"e",%progbits
 1102 0000 5F5A3132 		.ascii	"_Z12MC_TaskStartv\000"
 1102      4D435F54 
 1102      61736B53 
 1102      74617274 
 1102      7600
 1103 0012 00       		.ascii	"\000"
 1104 0013 00       		.ascii	"\000"
 1105 0014 00       		.ascii	"\000"
 1106 0015 00000000 		.ascii	"\000\000\000\000\000\000\000\000"
 1106      00000000 
 1107 001d C1000000 		.ascii	"\301\000\000\000"
 1108 0021 53797374 		.ascii	"SystemInitHandle\000"
 1108      656D496E 
 1108      69744861 
 1108      6E646C65 
 1108      00
 1109 0032 00       		.ascii	"\000"
 1110 0033 00       		.ascii	"\000"
 1111 0034 00       		.ascii	"\000"
 1112 0035 00000000 		.ascii	"\000\000\000\000\000\000\000\000"
 1112      00000000 
 1113 003d D1000000 		.ascii	"\321\000\000\000"
 1114 0041 54657374 		.ascii	"TestHandle\000"
 1114      48616E64 
 1114      6C6500
 1115 004c 00       		.ascii	"\000"
 1116 004d 00       		.ascii	"\000"
 1117 004e 00       		.ascii	"\000"
 1118 004f 00000000 		.ascii	"\000\000\000\000\000\000\000\000"
 1118      00000000 
 1119 0057 D6000000 		.ascii	"\326\000\000\000"
 1120 005b 5461736B 		.ascii	"Task_CLIHandle\000"
 1120      5F434C49 
 1120      48616E64 
 1120      6C6500
 1121 006a 00       		.ascii	"\000"
 1122 006b 00       		.ascii	"\000"
 1123 006c 00       		.ascii	"\000"
 1124 006d 00000000 		.ascii	"\000\000\000\000\000\000\000\000"
 1124      00000000 
 1125 0075 DB000000 		.ascii	"\333\000\000\000"
 1126 0079 4D435F53 		.ascii	"MC_ScheduleStart\000"
 1126      63686564 
 1126      756C6553 
 1126      74617274 
 1126      00
 1127 008a 00       		.ascii	"\000"
 1128 008b 00       		.ascii	"\000"
ARM GAS  /tmp/ccT81r42.s 			page 38


 1129 008c 00       		.ascii	"\000"
 1130 008d 00000000 		.ascii	"\000\000\000\000\000\000\000\000"
 1130      00000000 
 1131 0095 DD000000 		.ascii	"\335\000\000\000"
 1132 0099 5F5A3135 		.ascii	"_Z15Task_SystemInitPv\000"
 1132      5461736B 
 1132      5F537973 
 1132      74656D49 
 1132      6E697450 
 1133 00af 00       		.ascii	"\000"
 1134 00b0 02       		.ascii	"\002"
 1135 00b1 00       		.ascii	"\000"
 1136 00b2 00000000 		.ascii	"\000\000\000\000\000\000\000\000"
 1136      00000000 
 1137 00ba C6000000 		.ascii	"\306\000\000\000"
 1138 00be 5F5A3954 		.ascii	"_Z9Task_TestPv\000"
 1138      61736B5F 
 1138      54657374 
 1138      507600
 1139 00cd 00       		.ascii	"\000"
 1140 00ce 02       		.ascii	"\002"
 1141 00cf 00       		.ascii	"\000"
 1142 00d0 00000000 		.ascii	"\000\000\000\000\000\000\000\000"
 1142      00000000 
 1143 00d8 D4000000 		.ascii	"\324\000\000\000"
 1144 00dc 5F5A3854 		.ascii	"_Z8Task_CLIPv\000"
 1144      61736B5F 
 1144      434C4950 
 1144      7600
 1145 00ea 00       		.ascii	"\000"
 1146 00eb 02       		.ascii	"\002"
 1147 00ec 00       		.ascii	"\000"
 1148 00ed 00000000 		.ascii	"\000\000\000\000\000\000\000\000"
 1148      00000000 
 1149 00f5 D9000000 		.ascii	"\331\000\000\000"
 1150 00f9 78546173 		.ascii	"xTaskCreate\000"
 1150      6B437265 
 1150      61746500 
 1151 0105 00       		.ascii	"\000"
 1152 0106 02       		.ascii	"\002"
 1153 0107 00       		.ascii	"\000"
 1154 0108 00000000 		.ascii	"\000\000\000\000\000\000\000\000"
 1154      00000000 
 1155 0110 FE000000 		.ascii	"\376\000\000\000"
 1156              		.text
 1157              		.section	.gnu.lto_.ext_symtab.c0bc8544fdf82e61,"e",%progbits
 1158 0000 01       		.ascii	"\001"
 1159 0001 01       		.ascii	"\001"
 1160 0002 00       		.ascii	"\000"
 1161 0003 02       		.ascii	"\002"
 1162 0004 01       		.ascii	"\001"
 1163 0005 02       		.ascii	"\002"
 1164 0006 01       		.ascii	"\001"
 1165 0007 02       		.ascii	"\002"
 1166 0008 01       		.ascii	"\001"
 1167 0009 01       		.ascii	"\001"
 1168 000a 00       		.ascii	"\000"
ARM GAS  /tmp/ccT81r42.s 			page 39


 1169 000b 01       		.ascii	"\001"
 1170 000c 00       		.ascii	"\000"
 1171 000d 01       		.ascii	"\001"
 1172 000e 00       		.ascii	"\000"
 1173 000f 01       		.ascii	"\001"
 1174 0010 00       		.ascii	"\000"
 1175 0011 01       		.ascii	"\001"
 1176 0012 00       		.ascii	"\000"
 1177              		.text
 1178              		.section	.gnu.lto_.opts,"e",%progbits
 1179 0000 272D666E 		.ascii	"'-fno-openmp' '-fno-openacc' '-fno-pie' '-fcf-prote"
 1179      6F2D6F70 
 1179      656E6D70 
 1179      2720272D 
 1179      666E6F2D 
 1180 0033 6374696F 		.ascii	"ction=none' '-g' '-mcpu=cortex-m0plus' '-mthumb' '-"
 1180      6E3D6E6F 
 1180      6E652720 
 1180      272D6727 
 1180      20272D6D 
 1181 0066 6D666C6F 		.ascii	"mfloat-abi=soft' '-mlibarch=armv6s-m' '-march=armv6"
 1181      61742D61 
 1181      62693D73 
 1181      6F667427 
 1181      20272D6D 
 1182 0099 732D6D27 		.ascii	"s-m' '-Og' '-flto' '-fno-exceptions' '-Xassembler' "
 1182      20272D4F 
 1182      67272027 
 1182      2D666C74 
 1182      6F272027 
 1183 00cc 272D6127 		.ascii	"'-a' '-Xassembler' '-ad' '-Xassembler' '-alms=build"
 1183      20272D58 
 1183      61737365 
 1183      6D626C65 
 1183      72272027 
 1184 00ff 2F646562 		.ascii	"/debug/Task_Launch.lst'\000"
 1184      75672F54 
 1184      61736B5F 
 1184      4C61756E 
 1184      63682E6C 
 1185              		.text
 1186              		.comm	__gnu_lto_slim,1,1
 1187              		.ident	"GCC: (Arm GNU Toolchain 14.2.Rel1 (Build arm-14.52)) 14.2.1 20241119"
ARM GAS  /tmp/ccT81r42.s 			page 40


DEFINED SYMBOLS
                            *ABS*:00000000 Task_Launch.cpp
     /tmp/ccT81r42.s:25     .gnu.debuglto_.debug_info:00000000 Task_Launch.cpp.4e1bd3da
                            *COM*:00000001 __gnu_lto_slim

NO UNDEFINED SYMBOLS
