ARM GAS  /tmp/ccu83UAD.s 			page 1


   1              		.cpu cortex-m0plus
   2              		.arch armv6s-m
   3              		.fpu softvfp
   4              		.eabi_attribute 20, 1
   5              		.eabi_attribute 21, 1
   6              		.eabi_attribute 23, 3
   7              		.eabi_attribute 24, 1
   8              		.eabi_attribute 25, 1
   9              		.eabi_attribute 26, 1
  10              		.eabi_attribute 30, 1
  11              		.eabi_attribute 34, 0
  12              		.eabi_attribute 18, 4
  13              		.file	"wave_generator.cpp"
  14              		.text
  15              	.Ltext0:
  16              		.cfi_sections	.debug_frame
  17              		.file 1 "Lib/compute/wave/wave_generator.cpp"
  18              		.align	1
  19              		.syntax unified
  20              		.code	16
  21              		.thumb_func
  23              	f1:
  24              	.LVL0:
  25              	.LFB965:
  26              		.file 2 "Lib/compute/fast_sin.h"
   1:Lib/compute/fast_sin.h **** //
   2:Lib/compute/fast_sin.h **** // Created by czt on 2023/1/30.
   3:Lib/compute/fast_sin.h **** //
   4:Lib/compute/fast_sin.h **** // refer to
   5:Lib/compute/fast_sin.h **** // https://github.com/samhocevar/lolremez/wiki/Tutorial-4-of-5%3A-fixing-lower-order-parameters
   6:Lib/compute/fast_sin.h **** 
   7:Lib/compute/fast_sin.h **** #ifndef FAST_SIN_H
   8:Lib/compute/fast_sin.h **** #define FAST_SIN_H
   9:Lib/compute/fast_sin.h **** 
  10:Lib/compute/fast_sin.h **** #define MF_PI (3.1415926f)
  11:Lib/compute/fast_sin.h **** 
  12:Lib/compute/fast_sin.h **** #ifdef __cplusplus
  13:Lib/compute/fast_sin.h **** extern "C"
  14:Lib/compute/fast_sin.h **** {
  15:Lib/compute/fast_sin.h **** #endif
  16:Lib/compute/fast_sin.h **** 
  17:Lib/compute/fast_sin.h **** // lolremez --float --degree 5 --range "1e-50:pi*pi"
  18:Lib/compute/fast_sin.h **** // "(sin(sqrt(x))-sqrt(x))/(x*sqrt(x))" "1/(x*sqrt(x))"
  19:Lib/compute/fast_sin.h **** // Estimated max error: 1.455468e-9
  20:Lib/compute/fast_sin.h **** static inline float f1(float x)
  21:Lib/compute/fast_sin.h **** {
  27              		.loc 2 21 1 view -0
  28              		.cfi_startproc
  29              		@ args = 0, pretend = 0, frame = 0
  30              		@ frame_needed = 0, uses_anonymous_args = 0
  31              		.loc 2 21 1 is_stmt 0 view .LVU1
  32 0000 10B5     		push	{r4, lr}
  33              		.cfi_def_cfa_offset 8
  34              		.cfi_offset 4, -8
  35              		.cfi_offset 14, -4
  36 0002 041C     		adds	r4, r0, #0
  22:Lib/compute/fast_sin.h ****     float u = 1.3528548e-10f;
ARM GAS  /tmp/ccu83UAD.s 			page 2


  37              		.loc 2 22 5 is_stmt 1 view .LVU2
  38              	.LVL1:
  23:Lib/compute/fast_sin.h ****     u = u * x + -2.4703144e-08f;
  39              		.loc 2 23 5 view .LVU3
  40              		.loc 2 23 11 is_stmt 0 view .LVU4
  41 0004 1149     		ldr	r1, .L2
  42 0006 FFF7FEFF 		bl	__aeabi_fmul
  43              	.LVL2:
  44              		.loc 2 23 7 view .LVU5
  45 000a 1149     		ldr	r1, .L2+4
  46 000c FFF7FEFF 		bl	__aeabi_fsub
  47              	.LVL3:
  48 0010 011C     		adds	r1, r0, #0
  49              	.LVL4:
  24:Lib/compute/fast_sin.h ****     u = u * x + 2.7532926e-06f;
  50              		.loc 2 24 5 is_stmt 1 view .LVU6
  51              		.loc 2 24 11 is_stmt 0 view .LVU7
  52 0012 201C     		adds	r0, r4, #0
  53              	.LVL5:
  54              		.loc 2 24 11 view .LVU8
  55 0014 FFF7FEFF 		bl	__aeabi_fmul
  56              	.LVL6:
  57              		.loc 2 24 7 view .LVU9
  58 0018 0E49     		ldr	r1, .L2+8
  59 001a FFF7FEFF 		bl	__aeabi_fadd
  60              	.LVL7:
  61 001e 011C     		adds	r1, r0, #0
  62              	.LVL8:
  25:Lib/compute/fast_sin.h ****     u = u * x + -0.00019840381f;
  63              		.loc 2 25 5 is_stmt 1 view .LVU10
  64              		.loc 2 25 11 is_stmt 0 view .LVU11
  65 0020 201C     		adds	r0, r4, #0
  66              	.LVL9:
  67              		.loc 2 25 11 view .LVU12
  68 0022 FFF7FEFF 		bl	__aeabi_fmul
  69              	.LVL10:
  70              		.loc 2 25 7 view .LVU13
  71 0026 0C49     		ldr	r1, .L2+12
  72 0028 FFF7FEFF 		bl	__aeabi_fsub
  73              	.LVL11:
  74 002c 011C     		adds	r1, r0, #0
  75              	.LVL12:
  26:Lib/compute/fast_sin.h ****     u = u * x + 0.0083333179f;
  76              		.loc 2 26 5 is_stmt 1 view .LVU14
  77              		.loc 2 26 11 is_stmt 0 view .LVU15
  78 002e 201C     		adds	r0, r4, #0
  79              	.LVL13:
  80              		.loc 2 26 11 view .LVU16
  81 0030 FFF7FEFF 		bl	__aeabi_fmul
  82              	.LVL14:
  83              		.loc 2 26 7 view .LVU17
  84 0034 0949     		ldr	r1, .L2+16
  85 0036 FFF7FEFF 		bl	__aeabi_fadd
  86              	.LVL15:
  87 003a 011C     		adds	r1, r0, #0
  88              	.LVL16:
  27:Lib/compute/fast_sin.h ****     return u * x + -0.16666666f;
ARM GAS  /tmp/ccu83UAD.s 			page 3


  89              		.loc 2 27 5 is_stmt 1 view .LVU18
  90              		.loc 2 27 14 is_stmt 0 view .LVU19
  91 003c 201C     		adds	r0, r4, #0
  92              	.LVL17:
  93              		.loc 2 27 14 view .LVU20
  94 003e FFF7FEFF 		bl	__aeabi_fmul
  95              	.LVL18:
  96              		.loc 2 27 21 view .LVU21
  97 0042 0749     		ldr	r1, .L2+20
  98 0044 FFF7FEFF 		bl	__aeabi_fsub
  99              	.LVL19:
  28:Lib/compute/fast_sin.h **** }
 100              		.loc 2 28 1 view .LVU22
 101              		@ sp needed
 102              	.LVL20:
 103              		.loc 2 28 1 view .LVU23
 104 0048 10BD     		pop	{r4, pc}
 105              	.L3:
 106 004a C046     		.align	2
 107              	.L2:
 108 004c 7ABF142F 		.word	789888890
 109 0050 CA32D432 		.word	852767434
 110 0054 35C53836 		.word	909690165
 111 0058 9E0A5039 		.word	961546910
 112 005c 7888083C 		.word	1007192184
 113 0060 AAAA2A3E 		.word	1042983594
 114              		.cfi_endproc
 115              	.LFE965:
 117              		.align	1
 118              		.syntax unified
 119              		.code	16
 120              		.thumb_func
 122              	fast_sin:
 123              	.LVL21:
 124              	.LFB967:
  29:Lib/compute/fast_sin.h **** 
  30:Lib/compute/fast_sin.h **** // lolremez --float --degree 5 --range "1e-50:pi*pi" "(cos(sqrt(x))-1)/x"
  31:Lib/compute/fast_sin.h **** // "1/x"
  32:Lib/compute/fast_sin.h **** // Estimated max error: 1.1846383e-8
  33:Lib/compute/fast_sin.h **** static inline float f2(float x)
  34:Lib/compute/fast_sin.h **** {
  35:Lib/compute/fast_sin.h ****     float u = 1.7290616e-09f;
  36:Lib/compute/fast_sin.h ****     u = u * x + -2.7093486e-07f;
  37:Lib/compute/fast_sin.h ****     u = u * x + 2.4771643e-05f;
  38:Lib/compute/fast_sin.h ****     u = u * x + -0.0013887906f;
  39:Lib/compute/fast_sin.h ****     u = u * x + 0.041666519f;
  40:Lib/compute/fast_sin.h ****     return u * x + -0.49999991f;
  41:Lib/compute/fast_sin.h **** }
  42:Lib/compute/fast_sin.h **** 
  43:Lib/compute/fast_sin.h **** static inline float fast_sin(float x)
  44:Lib/compute/fast_sin.h **** {
 125              		.loc 2 44 1 is_stmt 1 view -0
 126              		.cfi_startproc
 127              		@ args = 0, pretend = 0, frame = 0
 128              		@ frame_needed = 0, uses_anonymous_args = 0
 129              		.loc 2 44 1 is_stmt 0 view .LVU25
 130 0064 70B5     		push	{r4, r5, r6, lr}
ARM GAS  /tmp/ccu83UAD.s 			page 4


 131              		.cfi_def_cfa_offset 16
 132              		.cfi_offset 4, -16
 133              		.cfi_offset 5, -12
 134              		.cfi_offset 6, -8
 135              		.cfi_offset 14, -4
 136 0066 041C     		adds	r4, r0, #0
  45:Lib/compute/fast_sin.h ****     // si = (int)(x / pi)
  46:Lib/compute/fast_sin.h ****     int si = (int)(x * 0.31830988f);
 137              		.loc 2 46 5 is_stmt 1 view .LVU26
 138              		.loc 2 46 22 is_stmt 0 view .LVU27
 139 0068 1A49     		ldr	r1, .L11
 140 006a FFF7FEFF 		bl	__aeabi_fmul
 141              	.LVL22:
 142              		.loc 2 46 9 view .LVU28
 143 006e FFF7FEFF 		bl	__aeabi_f2iz
 144              	.LVL23:
 145 0072 0500     		movs	r5, r0
 146              	.LVL24:
  47:Lib/compute/fast_sin.h ****     x = x - (float)si * MF_PI;
 147              		.loc 2 47 5 is_stmt 1 view .LVU29
 148              		.loc 2 47 13 is_stmt 0 view .LVU30
 149 0074 FFF7FEFF 		bl	__aeabi_i2f
 150              	.LVL25:
 151              		.loc 2 47 23 view .LVU31
 152 0078 1749     		ldr	r1, .L11+4
 153 007a FFF7FEFF 		bl	__aeabi_fmul
 154              	.LVL26:
 155 007e 011C     		adds	r1, r0, #0
 156              		.loc 2 47 7 view .LVU32
 157 0080 201C     		adds	r0, r4, #0
 158 0082 FFF7FEFF 		bl	__aeabi_fsub
 159              	.LVL27:
 160 0086 041C     		adds	r4, r0, #0
 161              	.LVL28:
  48:Lib/compute/fast_sin.h ****     if (si & 1)
 162              		.loc 2 48 5 is_stmt 1 view .LVU33
 163 0088 ED07     		lsls	r5, r5, #31
 164 008a 09D5     		bpl	.L5
 165              	.LVL29:
  49:Lib/compute/fast_sin.h ****     {
  50:Lib/compute/fast_sin.h ****         x = x > 0.0f ? x - MF_PI : x + MF_PI;
 166              		.loc 2 50 9 view .LVU34
 167              		.loc 2 50 22 is_stmt 0 view .LVU35
 168 008c 0021     		movs	r1, #0
 169 008e FFF7FEFF 		bl	__aeabi_fcmpgt
 170              	.LVL30:
 171              		.loc 2 50 22 view .LVU36
 172 0092 0028     		cmp	r0, #0
 173 0094 18D0     		beq	.L9
 174              		.loc 2 50 22 discriminator 1 view .LVU37
 175 0096 1049     		ldr	r1, .L11+4
 176 0098 201C     		adds	r0, r4, #0
 177 009a FFF7FEFF 		bl	__aeabi_fsub
 178              	.LVL31:
 179 009e 041C     		adds	r4, r0, #0
 180              	.LVL32:
 181              	.L5:
ARM GAS  /tmp/ccu83UAD.s 			page 5


  51:Lib/compute/fast_sin.h ****     }
  52:Lib/compute/fast_sin.h ****     return x + x * x * x * f1(x * x);
 182              		.loc 2 52 5 is_stmt 1 view .LVU38
 183              		.loc 2 52 18 is_stmt 0 view .LVU39
 184 00a0 211C     		adds	r1, r4, #0
 185 00a2 201C     		adds	r0, r4, #0
 186 00a4 FFF7FEFF 		bl	__aeabi_fmul
 187              	.LVL33:
 188 00a8 051C     		adds	r5, r0, #0
 189              		.loc 2 52 22 view .LVU40
 190 00aa 211C     		adds	r1, r4, #0
 191 00ac FFF7FEFF 		bl	__aeabi_fmul
 192              	.LVL34:
 193 00b0 061C     		adds	r6, r0, #0
 194              		.loc 2 52 30 view .LVU41
 195 00b2 281C     		adds	r0, r5, #0
 196 00b4 FFF7A4FF 		bl	f1
 197              	.LVL35:
 198 00b8 011C     		adds	r1, r0, #0
 199              		.loc 2 52 26 discriminator 1 view .LVU42
 200 00ba 301C     		adds	r0, r6, #0
 201 00bc FFF7FEFF 		bl	__aeabi_fmul
 202              	.LVL36:
 203              		.loc 2 52 36 discriminator 1 view .LVU43
 204 00c0 211C     		adds	r1, r4, #0
 205 00c2 FFF7FEFF 		bl	__aeabi_fadd
 206              	.LVL37:
  53:Lib/compute/fast_sin.h **** }
 207              		.loc 2 53 1 view .LVU44
 208              		@ sp needed
 209              	.LVL38:
 210              		.loc 2 53 1 view .LVU45
 211 00c6 70BD     		pop	{r4, r5, r6, pc}
 212              	.LVL39:
 213              	.L9:
  50:Lib/compute/fast_sin.h ****     }
 214              		.loc 2 50 22 discriminator 2 view .LVU46
 215 00c8 0349     		ldr	r1, .L11+4
 216 00ca 201C     		adds	r0, r4, #0
 217 00cc FFF7FEFF 		bl	__aeabi_fadd
 218              	.LVL40:
 219 00d0 041C     		adds	r4, r0, #0
 220              	.LVL41:
  50:Lib/compute/fast_sin.h ****     }
 221              		.loc 2 50 22 discriminator 2 view .LVU47
 222 00d2 E5E7     		b	.L5
 223              	.L12:
 224              		.align	2
 225              	.L11:
 226 00d4 83F9A23E 		.word	1050868099
 227 00d8 DA0F4940 		.word	1078530010
 228              		.cfi_endproc
 229              	.LFE967:
 231              		.align	1
 232              		.global	_ZN13WaveGenerator14_update_statusEt
 233              		.syntax unified
 234              		.code	16
ARM GAS  /tmp/ccu83UAD.s 			page 6


 235              		.thumb_func
 237              	_ZN13WaveGenerator14_update_statusEt:
 238              	.LVL42:
 239              	.LFB995:
   1:Lib/compute/wave/wave_generator.cpp **** #include "wave_generator.hpp"
   2:Lib/compute/wave/wave_generator.cpp **** 
   3:Lib/compute/wave/wave_generator.cpp **** void WaveGenerator::_update_status(uint16_t delta_tick)
   4:Lib/compute/wave/wave_generator.cpp **** {
 240              		.loc 1 4 1 is_stmt 1 view -0
 241              		.cfi_startproc
 242              		@ args = 0, pretend = 0, frame = 0
 243              		@ frame_needed = 0, uses_anonymous_args = 0
 244              		.loc 1 4 1 is_stmt 0 view .LVU49
 245 00dc 10B5     		push	{r4, lr}
 246              		.cfi_def_cfa_offset 8
 247              		.cfi_offset 4, -8
 248              		.cfi_offset 14, -4
 249 00de 0400     		movs	r4, r0
 250 00e0 0B00     		movs	r3, r1
   5:Lib/compute/wave/wave_generator.cpp ****     if (_current_tick == 0)
 251              		.loc 1 5 5 is_stmt 1 view .LVU50
 252              		.loc 1 5 9 is_stmt 0 view .LVU51
 253 00e2 0088     		ldrh	r0, [r0]
 254              	.LVL43:
 255              		.loc 1 5 5 view .LVU52
 256 00e4 0028     		cmp	r0, #0
 257 00e6 07D1     		bne	.L14
   6:Lib/compute/wave/wave_generator.cpp ****     {
   7:Lib/compute/wave/wave_generator.cpp ****         _wave_type = _new_wave_type;
 258              		.loc 1 7 9 is_stmt 1 view .LVU53
 259              		.loc 1 7 22 is_stmt 0 view .LVU54
 260 00e8 E269     		ldr	r2, [r4, #28]
 261              		.loc 1 7 20 view .LVU55
 262 00ea A261     		str	r2, [r4, #24]
   8:Lib/compute/wave/wave_generator.cpp ****         _period_tick = _new_period_tick;
 263              		.loc 1 8 9 is_stmt 1 view .LVU56
 264              		.loc 1 8 24 is_stmt 0 view .LVU57
 265 00ec A289     		ldrh	r2, [r4, #12]
 266              		.loc 1 8 22 view .LVU58
 267 00ee 6280     		strh	r2, [r4, #2]
   9:Lib/compute/wave/wave_generator.cpp ****         _gain = _new_gain;
 268              		.loc 1 9 9 is_stmt 1 view .LVU59
 269              		.loc 1 9 17 is_stmt 0 view .LVU60
 270 00f0 2269     		ldr	r2, [r4, #16]
 271              		.loc 1 9 15 view .LVU61
 272 00f2 6260     		str	r2, [r4, #4]
  10:Lib/compute/wave/wave_generator.cpp ****         _offset = _new_offset;
 273              		.loc 1 10 9 is_stmt 1 view .LVU62
 274              		.loc 1 10 19 is_stmt 0 view .LVU63
 275 00f4 6269     		ldr	r2, [r4, #20]
 276              		.loc 1 10 17 view .LVU64
 277 00f6 A260     		str	r2, [r4, #8]
 278              	.L14:
  11:Lib/compute/wave/wave_generator.cpp ****     }
  12:Lib/compute/wave/wave_generator.cpp **** 
  13:Lib/compute/wave/wave_generator.cpp ****     _current_tick = (_current_tick < _period_tick)
 279              		.loc 1 13 5 is_stmt 1 view .LVU65
ARM GAS  /tmp/ccu83UAD.s 			page 7


 280              		.loc 1 13 38 is_stmt 0 view .LVU66
 281 00f8 6188     		ldrh	r1, [r4, #2]
 282              	.LVL44:
 283              		.loc 1 13 19 view .LVU67
 284 00fa 8842     		cmp	r0, r1
 285 00fc 05D2     		bcs	.L16
  14:Lib/compute/wave/wave_generator.cpp ****                         ? ((_current_tick + delta_tick) % _period_tick)
 286              		.loc 1 14 43 view .LVU68
 287 00fe C018     		adds	r0, r0, r3
 288              		.loc 1 14 57 view .LVU69
 289 0100 FFF7FEFF 		bl	__aeabi_idivmod
 290              	.LVL45:
  13:Lib/compute/wave/wave_generator.cpp ****                         ? ((_current_tick + delta_tick) % _period_tick)
 291              		.loc 1 13 19 discriminator 1 view .LVU70
 292 0104 89B2     		uxth	r1, r1
 293              	.L15:
  13:Lib/compute/wave/wave_generator.cpp ****                         ? ((_current_tick + delta_tick) % _period_tick)
 294              		.loc 1 13 19 discriminator 4 view .LVU71
 295 0106 2180     		strh	r1, [r4]
  15:Lib/compute/wave/wave_generator.cpp ****                         : 0;
  16:Lib/compute/wave/wave_generator.cpp **** }
 296              		.loc 1 16 1 view .LVU72
 297              		@ sp needed
 298              	.LVL46:
 299              		.loc 1 16 1 view .LVU73
 300 0108 10BD     		pop	{r4, pc}
 301              	.LVL47:
 302              	.L16:
  13:Lib/compute/wave/wave_generator.cpp ****                         ? ((_current_tick + delta_tick) % _period_tick)
 303              		.loc 1 13 19 discriminator 2 view .LVU74
 304 010a 0021     		movs	r1, #0
 305 010c FBE7     		b	.L15
 306              		.cfi_endproc
 307              	.LFE995:
 309              		.align	1
 310              		.global	_ZN13WaveGenerator19_generate_sine_waveEv
 311              		.syntax unified
 312              		.code	16
 313              		.thumb_func
 315              	_ZN13WaveGenerator19_generate_sine_waveEv:
 316              	.LVL48:
 317              	.LFB996:
  17:Lib/compute/wave/wave_generator.cpp **** 
  18:Lib/compute/wave/wave_generator.cpp **** float WaveGenerator::_generate_sine_wave(void)
  19:Lib/compute/wave/wave_generator.cpp **** {
 318              		.loc 1 19 1 is_stmt 1 view -0
 319              		.cfi_startproc
 320              		@ args = 0, pretend = 0, frame = 0
 321              		@ frame_needed = 0, uses_anonymous_args = 0
 322              		.loc 1 19 1 is_stmt 0 view .LVU76
 323 010e 70B5     		push	{r4, r5, r6, lr}
 324              		.cfi_def_cfa_offset 16
 325              		.cfi_offset 4, -16
 326              		.cfi_offset 5, -12
 327              		.cfi_offset 6, -8
 328              		.cfi_offset 14, -4
 329 0110 0400     		movs	r4, r0
ARM GAS  /tmp/ccu83UAD.s 			page 8


  20:Lib/compute/wave/wave_generator.cpp ****     float ret_val;
 330              		.loc 1 20 5 is_stmt 1 view .LVU77
  21:Lib/compute/wave/wave_generator.cpp **** 
  22:Lib/compute/wave/wave_generator.cpp ****     ret_val = _gain * fast_sin(_current_tick * M_2PI / _period_tick) + _offset;
 331              		.loc 1 22 5 view .LVU78
 332              		.loc 1 22 15 is_stmt 0 view .LVU79
 333 0112 4668     		ldr	r6, [r0, #4]
 334              		.loc 1 22 32 view .LVU80
 335 0114 0088     		ldrh	r0, [r0]
 336              	.LVL49:
 337              		.loc 1 22 46 view .LVU81
 338 0116 FFF7FEFF 		bl	__aeabi_i2f
 339              	.LVL50:
 340 011a 0A49     		ldr	r1, .L18
 341 011c FFF7FEFF 		bl	__aeabi_fmul
 342              	.LVL51:
 343 0120 051C     		adds	r5, r0, #0
 344              		.loc 1 22 56 view .LVU82
 345 0122 6088     		ldrh	r0, [r4, #2]
 346              		.loc 1 22 31 view .LVU83
 347 0124 FFF7FEFF 		bl	__aeabi_i2f
 348              	.LVL52:
 349 0128 011C     		adds	r1, r0, #0
 350 012a 281C     		adds	r0, r5, #0
 351 012c FFF7FEFF 		bl	__aeabi_fdiv
 352              	.LVL53:
 353 0130 FFF798FF 		bl	fast_sin
 354              	.LVL54:
 355 0134 011C     		adds	r1, r0, #0
 356              		.loc 1 22 21 discriminator 1 view .LVU84
 357 0136 301C     		adds	r0, r6, #0
 358 0138 FFF7FEFF 		bl	__aeabi_fmul
 359              	.LVL55:
 360              		.loc 1 22 72 discriminator 1 view .LVU85
 361 013c A168     		ldr	r1, [r4, #8]
 362              		.loc 1 22 13 discriminator 1 view .LVU86
 363 013e FFF7FEFF 		bl	__aeabi_fadd
 364              	.LVL56:
  23:Lib/compute/wave/wave_generator.cpp **** 
  24:Lib/compute/wave/wave_generator.cpp ****     return ret_val;
 365              		.loc 1 24 5 is_stmt 1 view .LVU87
  25:Lib/compute/wave/wave_generator.cpp **** }
 366              		.loc 1 25 1 is_stmt 0 view .LVU88
 367              		@ sp needed
 368              	.LVL57:
 369              		.loc 1 25 1 view .LVU89
 370 0142 70BD     		pop	{r4, r5, r6, pc}
 371              	.L19:
 372              		.align	2
 373              	.L18:
 374 0144 DB0FC940 		.word	1086918619
 375              		.cfi_endproc
 376              	.LFE996:
 378              		.align	1
 379              		.global	_ZN13WaveGenerator21_generate_square_waveEv
 380              		.syntax unified
 381              		.code	16
ARM GAS  /tmp/ccu83UAD.s 			page 9


 382              		.thumb_func
 384              	_ZN13WaveGenerator21_generate_square_waveEv:
 385              	.LVL58:
 386              	.LFB997:
  26:Lib/compute/wave/wave_generator.cpp **** 
  27:Lib/compute/wave/wave_generator.cpp **** float WaveGenerator::_generate_square_wave(void)
  28:Lib/compute/wave/wave_generator.cpp **** {
 387              		.loc 1 28 1 is_stmt 1 view -0
 388              		.cfi_startproc
 389              		@ args = 0, pretend = 0, frame = 0
 390              		@ frame_needed = 0, uses_anonymous_args = 0
 391              		.loc 1 28 1 is_stmt 0 view .LVU91
 392 0148 10B5     		push	{r4, lr}
 393              		.cfi_def_cfa_offset 8
 394              		.cfi_offset 4, -8
 395              		.cfi_offset 14, -4
 396 014a 0300     		movs	r3, r0
  29:Lib/compute/wave/wave_generator.cpp ****     float ret_val;
 397              		.loc 1 29 5 is_stmt 1 view .LVU92
  30:Lib/compute/wave/wave_generator.cpp **** 
  31:Lib/compute/wave/wave_generator.cpp ****     if (_current_tick < (_period_tick / 2))
 398              		.loc 1 31 5 view .LVU93
 399              		.loc 1 31 9 is_stmt 0 view .LVU94
 400 014c 0188     		ldrh	r1, [r0]
 401              		.loc 1 31 26 view .LVU95
 402 014e 4288     		ldrh	r2, [r0, #2]
 403              		.loc 1 31 39 view .LVU96
 404 0150 5208     		lsrs	r2, r2, #1
 405              		.loc 1 31 5 view .LVU97
 406 0152 9142     		cmp	r1, r2
 407 0154 04D2     		bcs	.L21
  32:Lib/compute/wave/wave_generator.cpp ****     {
  33:Lib/compute/wave/wave_generator.cpp ****         ret_val = -_gain + _offset;
 408              		.loc 1 33 9 is_stmt 1 view .LVU98
 409              		.loc 1 33 28 is_stmt 0 view .LVU99
 410 0156 8068     		ldr	r0, [r0, #8]
 411              	.LVL59:
 412              		.loc 1 33 20 view .LVU100
 413 0158 5968     		ldr	r1, [r3, #4]
 414              		.loc 1 33 17 view .LVU101
 415 015a FFF7FEFF 		bl	__aeabi_fsub
 416              	.LVL60:
 417              	.L20:
  34:Lib/compute/wave/wave_generator.cpp ****     }
  35:Lib/compute/wave/wave_generator.cpp ****     else
  36:Lib/compute/wave/wave_generator.cpp ****     {
  37:Lib/compute/wave/wave_generator.cpp ****         ret_val = _gain + _offset;
  38:Lib/compute/wave/wave_generator.cpp ****     }
  39:Lib/compute/wave/wave_generator.cpp **** 
  40:Lib/compute/wave/wave_generator.cpp ****     return ret_val;
  41:Lib/compute/wave/wave_generator.cpp **** }
 418              		.loc 1 41 1 view .LVU102
 419              		@ sp needed
 420 015e 10BD     		pop	{r4, pc}
 421              	.LVL61:
 422              	.L21:
  37:Lib/compute/wave/wave_generator.cpp ****     }
ARM GAS  /tmp/ccu83UAD.s 			page 10


 423              		.loc 1 37 9 is_stmt 1 view .LVU103
  37:Lib/compute/wave/wave_generator.cpp ****     }
 424              		.loc 1 37 19 is_stmt 0 view .LVU104
 425 0160 4068     		ldr	r0, [r0, #4]
 426              	.LVL62:
  37:Lib/compute/wave/wave_generator.cpp ****     }
 427              		.loc 1 37 27 view .LVU105
 428 0162 9968     		ldr	r1, [r3, #8]
  37:Lib/compute/wave/wave_generator.cpp ****     }
 429              		.loc 1 37 17 view .LVU106
 430 0164 FFF7FEFF 		bl	__aeabi_fadd
 431              	.LVL63:
  40:Lib/compute/wave/wave_generator.cpp **** }
 432              		.loc 1 40 5 is_stmt 1 view .LVU107
  40:Lib/compute/wave/wave_generator.cpp **** }
 433              		.loc 1 40 12 is_stmt 0 view .LVU108
 434 0168 F9E7     		b	.L20
 435              		.cfi_endproc
 436              	.LFE997:
 438              		.align	1
 439              		.global	_ZN13WaveGenerator23_generate_triangle_waveEv
 440              		.syntax unified
 441              		.code	16
 442              		.thumb_func
 444              	_ZN13WaveGenerator23_generate_triangle_waveEv:
 445              	.LVL64:
 446              	.LFB998:
  42:Lib/compute/wave/wave_generator.cpp **** 
  43:Lib/compute/wave/wave_generator.cpp **** float WaveGenerator::_generate_triangle_wave(void)
  44:Lib/compute/wave/wave_generator.cpp **** {
 447              		.loc 1 44 1 is_stmt 1 view -0
 448              		.cfi_startproc
 449              		@ args = 0, pretend = 0, frame = 0
 450              		@ frame_needed = 0, uses_anonymous_args = 0
 451              		.loc 1 44 1 is_stmt 0 view .LVU110
 452 016a F8B5     		push	{r3, r4, r5, r6, r7, lr}
 453              		.cfi_def_cfa_offset 24
 454              		.cfi_offset 3, -24
 455              		.cfi_offset 4, -20
 456              		.cfi_offset 5, -16
 457              		.cfi_offset 6, -12
 458              		.cfi_offset 7, -8
 459              		.cfi_offset 14, -4
 460 016c 0400     		movs	r4, r0
  45:Lib/compute/wave/wave_generator.cpp ****     float ret_val;
 461              		.loc 1 45 5 is_stmt 1 view .LVU111
  46:Lib/compute/wave/wave_generator.cpp **** 
  47:Lib/compute/wave/wave_generator.cpp ****     if (_current_tick < (_period_tick / 2))
 462              		.loc 1 47 5 view .LVU112
 463              		.loc 1 47 9 is_stmt 0 view .LVU113
 464 016e 0088     		ldrh	r0, [r0]
 465              	.LVL65:
 466              		.loc 1 47 26 view .LVU114
 467 0170 6588     		ldrh	r5, [r4, #2]
 468              		.loc 1 47 39 view .LVU115
 469 0172 6B08     		lsrs	r3, r5, #1
 470              		.loc 1 47 5 view .LVU116
ARM GAS  /tmp/ccu83UAD.s 			page 11


 471 0174 9842     		cmp	r0, r3
 472 0176 1AD2     		bcs	.L24
  48:Lib/compute/wave/wave_generator.cpp ****     {
  49:Lib/compute/wave/wave_generator.cpp ****         ret_val = _gain * (4.0f * _current_tick / _period_tick - 1.0f) + _offset;
 473              		.loc 1 49 9 is_stmt 1 view .LVU117
 474              		.loc 1 49 19 is_stmt 0 view .LVU118
 475 0178 6668     		ldr	r6, [r4, #4]
 476              		.loc 1 49 33 view .LVU119
 477 017a FFF7FEFF 		bl	__aeabi_i2f
 478              	.LVL66:
 479 017e 8121     		movs	r1, #129
 480 0180 C905     		lsls	r1, r1, #23
 481 0182 FFF7FEFF 		bl	__aeabi_fmul
 482              	.LVL67:
 483 0186 071C     		adds	r7, r0, #0
 484              		.loc 1 49 49 view .LVU120
 485 0188 2800     		movs	r0, r5
 486 018a FFF7FEFF 		bl	__aeabi_i2f
 487              	.LVL68:
 488 018e 011C     		adds	r1, r0, #0
 489 0190 381C     		adds	r0, r7, #0
 490 0192 FFF7FEFF 		bl	__aeabi_fdiv
 491              	.LVL69:
 492              		.loc 1 49 64 view .LVU121
 493 0196 FE21     		movs	r1, #254
 494 0198 8905     		lsls	r1, r1, #22
 495 019a FFF7FEFF 		bl	__aeabi_fsub
 496              	.LVL70:
 497 019e 011C     		adds	r1, r0, #0
 498              		.loc 1 49 25 view .LVU122
 499 01a0 301C     		adds	r0, r6, #0
 500 01a2 FFF7FEFF 		bl	__aeabi_fmul
 501              	.LVL71:
 502              		.loc 1 49 74 view .LVU123
 503 01a6 A168     		ldr	r1, [r4, #8]
 504              		.loc 1 49 17 view .LVU124
 505 01a8 FFF7FEFF 		bl	__aeabi_fadd
 506              	.LVL72:
 507              	.L23:
  50:Lib/compute/wave/wave_generator.cpp ****     }
  51:Lib/compute/wave/wave_generator.cpp ****     else
  52:Lib/compute/wave/wave_generator.cpp ****     {
  53:Lib/compute/wave/wave_generator.cpp ****         ret_val = _gain * (4.0f * (_period_tick - _current_tick) / _period_tick - 1.0f) + _offset;
  54:Lib/compute/wave/wave_generator.cpp ****     }
  55:Lib/compute/wave/wave_generator.cpp **** 
  56:Lib/compute/wave/wave_generator.cpp ****     return ret_val;
  57:Lib/compute/wave/wave_generator.cpp **** }
 508              		.loc 1 57 1 view .LVU125
 509              		@ sp needed
 510              	.LVL73:
 511              		.loc 1 57 1 view .LVU126
 512 01ac F8BD     		pop	{r3, r4, r5, r6, r7, pc}
 513              	.LVL74:
 514              	.L24:
  53:Lib/compute/wave/wave_generator.cpp ****     }
 515              		.loc 1 53 9 is_stmt 1 view .LVU127
  53:Lib/compute/wave/wave_generator.cpp ****     }
ARM GAS  /tmp/ccu83UAD.s 			page 12


 516              		.loc 1 53 19 is_stmt 0 view .LVU128
 517 01ae 6668     		ldr	r6, [r4, #4]
  53:Lib/compute/wave/wave_generator.cpp ****     }
 518              		.loc 1 53 49 view .LVU129
 519 01b0 281A     		subs	r0, r5, r0
  53:Lib/compute/wave/wave_generator.cpp ****     }
 520              		.loc 1 53 33 view .LVU130
 521 01b2 FFF7FEFF 		bl	__aeabi_i2f
 522              	.LVL75:
 523 01b6 8121     		movs	r1, #129
 524 01b8 C905     		lsls	r1, r1, #23
 525 01ba FFF7FEFF 		bl	__aeabi_fmul
 526              	.LVL76:
 527 01be 071C     		adds	r7, r0, #0
  53:Lib/compute/wave/wave_generator.cpp ****     }
 528              		.loc 1 53 66 view .LVU131
 529 01c0 2800     		movs	r0, r5
 530 01c2 FFF7FEFF 		bl	__aeabi_i2f
 531              	.LVL77:
 532 01c6 011C     		adds	r1, r0, #0
 533 01c8 381C     		adds	r0, r7, #0
 534 01ca FFF7FEFF 		bl	__aeabi_fdiv
 535              	.LVL78:
  53:Lib/compute/wave/wave_generator.cpp ****     }
 536              		.loc 1 53 81 view .LVU132
 537 01ce FE21     		movs	r1, #254
 538 01d0 8905     		lsls	r1, r1, #22
 539 01d2 FFF7FEFF 		bl	__aeabi_fsub
 540              	.LVL79:
 541 01d6 011C     		adds	r1, r0, #0
  53:Lib/compute/wave/wave_generator.cpp ****     }
 542              		.loc 1 53 25 view .LVU133
 543 01d8 301C     		adds	r0, r6, #0
 544 01da FFF7FEFF 		bl	__aeabi_fmul
 545              	.LVL80:
  53:Lib/compute/wave/wave_generator.cpp ****     }
 546              		.loc 1 53 91 view .LVU134
 547 01de A168     		ldr	r1, [r4, #8]
  53:Lib/compute/wave/wave_generator.cpp ****     }
 548              		.loc 1 53 17 view .LVU135
 549 01e0 FFF7FEFF 		bl	__aeabi_fadd
 550              	.LVL81:
  56:Lib/compute/wave/wave_generator.cpp **** }
 551              		.loc 1 56 5 is_stmt 1 view .LVU136
  56:Lib/compute/wave/wave_generator.cpp **** }
 552              		.loc 1 56 12 is_stmt 0 view .LVU137
 553 01e4 E2E7     		b	.L23
 554              		.cfi_endproc
 555              	.LFE998:
 557              		.align	1
 558              		.global	_ZN13WaveGenerator23_generate_sawtooth_waveEv
 559              		.syntax unified
 560              		.code	16
 561              		.thumb_func
 563              	_ZN13WaveGenerator23_generate_sawtooth_waveEv:
 564              	.LVL82:
 565              	.LFB999:
ARM GAS  /tmp/ccu83UAD.s 			page 13


  58:Lib/compute/wave/wave_generator.cpp **** 
  59:Lib/compute/wave/wave_generator.cpp **** float WaveGenerator::_generate_sawtooth_wave(void)
  60:Lib/compute/wave/wave_generator.cpp **** {
 566              		.loc 1 60 1 is_stmt 1 view -0
 567              		.cfi_startproc
 568              		@ args = 0, pretend = 0, frame = 0
 569              		@ frame_needed = 0, uses_anonymous_args = 0
 570              		.loc 1 60 1 is_stmt 0 view .LVU139
 571 01e6 70B5     		push	{r4, r5, r6, lr}
 572              		.cfi_def_cfa_offset 16
 573              		.cfi_offset 4, -16
 574              		.cfi_offset 5, -12
 575              		.cfi_offset 6, -8
 576              		.cfi_offset 14, -4
 577 01e8 0400     		movs	r4, r0
  61:Lib/compute/wave/wave_generator.cpp ****     float ret_val;
 578              		.loc 1 61 5 is_stmt 1 view .LVU140
  62:Lib/compute/wave/wave_generator.cpp **** 
  63:Lib/compute/wave/wave_generator.cpp ****     ret_val = _gain * (2.0f * _current_tick / _period_tick - 1.0f) + _offset;
 579              		.loc 1 63 5 view .LVU141
 580              		.loc 1 63 15 is_stmt 0 view .LVU142
 581 01ea 4568     		ldr	r5, [r0, #4]
 582              		.loc 1 63 31 view .LVU143
 583 01ec 0088     		ldrh	r0, [r0]
 584              	.LVL83:
 585              		.loc 1 63 29 view .LVU144
 586 01ee FFF7FEFF 		bl	__aeabi_i2f
 587              	.LVL84:
 588 01f2 011C     		adds	r1, r0, #0
 589 01f4 FFF7FEFF 		bl	__aeabi_fadd
 590              	.LVL85:
 591 01f8 061C     		adds	r6, r0, #0
 592              		.loc 1 63 47 view .LVU145
 593 01fa 6088     		ldrh	r0, [r4, #2]
 594              		.loc 1 63 45 view .LVU146
 595 01fc FFF7FEFF 		bl	__aeabi_i2f
 596              	.LVL86:
 597 0200 011C     		adds	r1, r0, #0
 598 0202 301C     		adds	r0, r6, #0
 599 0204 FFF7FEFF 		bl	__aeabi_fdiv
 600              	.LVL87:
 601              		.loc 1 63 60 view .LVU147
 602 0208 FE21     		movs	r1, #254
 603 020a 8905     		lsls	r1, r1, #22
 604 020c FFF7FEFF 		bl	__aeabi_fsub
 605              	.LVL88:
 606 0210 011C     		adds	r1, r0, #0
 607              		.loc 1 63 21 view .LVU148
 608 0212 281C     		adds	r0, r5, #0
 609 0214 FFF7FEFF 		bl	__aeabi_fmul
 610              	.LVL89:
 611              		.loc 1 63 70 view .LVU149
 612 0218 A168     		ldr	r1, [r4, #8]
 613              		.loc 1 63 13 view .LVU150
 614 021a FFF7FEFF 		bl	__aeabi_fadd
 615              	.LVL90:
  64:Lib/compute/wave/wave_generator.cpp **** 
ARM GAS  /tmp/ccu83UAD.s 			page 14


  65:Lib/compute/wave/wave_generator.cpp ****     return ret_val;
 616              		.loc 1 65 5 is_stmt 1 view .LVU151
  66:Lib/compute/wave/wave_generator.cpp **** }
 617              		.loc 1 66 1 is_stmt 0 view .LVU152
 618              		@ sp needed
 619              	.LVL91:
 620              		.loc 1 66 1 view .LVU153
 621 021e 70BD     		pop	{r4, r5, r6, pc}
 622              		.cfi_endproc
 623              	.LFE999:
 625              		.align	1
 626              		.global	_ZN13WaveGenerator19_generate_step_waveEv
 627              		.syntax unified
 628              		.code	16
 629              		.thumb_func
 631              	_ZN13WaveGenerator19_generate_step_waveEv:
 632              	.LVL92:
 633              	.LFB1000:
  67:Lib/compute/wave/wave_generator.cpp **** 
  68:Lib/compute/wave/wave_generator.cpp **** float WaveGenerator::_generate_step_wave(void)
  69:Lib/compute/wave/wave_generator.cpp **** {
 634              		.loc 1 69 1 is_stmt 1 view -0
 635              		.cfi_startproc
 636              		@ args = 0, pretend = 0, frame = 0
 637              		@ frame_needed = 0, uses_anonymous_args = 0
 638              		.loc 1 69 1 is_stmt 0 view .LVU155
 639 0220 70B5     		push	{r4, r5, r6, lr}
 640              		.cfi_def_cfa_offset 16
 641              		.cfi_offset 4, -16
 642              		.cfi_offset 5, -12
 643              		.cfi_offset 6, -8
 644              		.cfi_offset 14, -4
 645 0222 0400     		movs	r4, r0
  70:Lib/compute/wave/wave_generator.cpp ****     if (_step_table == nullptr || _step_table_size == 0)
 646              		.loc 1 70 5 is_stmt 1 view .LVU156
 647              		.loc 1 70 9 is_stmt 0 view .LVU157
 648 0224 056A     		ldr	r5, [r0, #32]
 649              		.loc 1 70 5 view .LVU158
 650 0226 002D     		cmp	r5, #0
 651 0228 14D0     		beq	.L29
 652              		.loc 1 70 35 discriminator 1 view .LVU159
 653 022a 818C     		ldrh	r1, [r0, #36]
 654              		.loc 1 70 32 discriminator 1 view .LVU160
 655 022c 0029     		cmp	r1, #0
 656 022e 13D0     		beq	.L30
  71:Lib/compute/wave/wave_generator.cpp ****     {
  72:Lib/compute/wave/wave_generator.cpp ****         return 0.0f;
  73:Lib/compute/wave/wave_generator.cpp ****     }
  74:Lib/compute/wave/wave_generator.cpp ****     int index = _current_tick / (_period_tick / _step_table_size);
 657              		.loc 1 74 5 is_stmt 1 view .LVU161
 658              		.loc 1 74 17 is_stmt 0 view .LVU162
 659 0230 0688     		ldrh	r6, [r0]
 660              		.loc 1 74 34 view .LVU163
 661 0232 4088     		ldrh	r0, [r0, #2]
 662              	.LVL93:
 663              		.loc 1 74 47 view .LVU164
 664 0234 FFF7FEFF 		bl	__aeabi_uidiv
ARM GAS  /tmp/ccu83UAD.s 			page 15


 665              	.LVL94:
 666 0238 81B2     		uxth	r1, r0
 667              		.loc 1 74 31 view .LVU165
 668 023a 3000     		movs	r0, r6
 669 023c FFF7FEFF 		bl	__aeabi_uidiv
 670              	.LVL95:
 671 0240 83B2     		uxth	r3, r0
 672              	.LVL96:
  75:Lib/compute/wave/wave_generator.cpp **** 
  76:Lib/compute/wave/wave_generator.cpp ****     return _gain * _step_table[index] + _offset;
 673              		.loc 1 76 5 is_stmt 1 view .LVU166
 674              		.loc 1 76 12 is_stmt 0 view .LVU167
 675 0242 6068     		ldr	r0, [r4, #4]
 676              		.loc 1 76 37 view .LVU168
 677 0244 9B00     		lsls	r3, r3, #2
 678              	.LVL97:
 679              		.loc 1 76 37 view .LVU169
 680 0246 5959     		ldr	r1, [r3, r5]
 681              		.loc 1 76 18 view .LVU170
 682 0248 FFF7FEFF 		bl	__aeabi_fmul
 683              	.LVL98:
 684              		.loc 1 76 41 view .LVU171
 685 024c A168     		ldr	r1, [r4, #8]
 686 024e FFF7FEFF 		bl	__aeabi_fadd
 687              	.LVL99:
 688              	.L27:
  77:Lib/compute/wave/wave_generator.cpp **** }
 689              		.loc 1 77 1 view .LVU172
 690              		@ sp needed
 691              	.LVL100:
 692              		.loc 1 77 1 view .LVU173
 693 0252 70BD     		pop	{r4, r5, r6, pc}
 694              	.LVL101:
 695              	.L29:
  72:Lib/compute/wave/wave_generator.cpp ****     }
 696              		.loc 1 72 16 view .LVU174
 697 0254 0020     		movs	r0, #0
 698              	.LVL102:
  72:Lib/compute/wave/wave_generator.cpp ****     }
 699              		.loc 1 72 16 view .LVU175
 700 0256 FCE7     		b	.L27
 701              	.LVL103:
 702              	.L30:
  72:Lib/compute/wave/wave_generator.cpp ****     }
 703              		.loc 1 72 16 view .LVU176
 704 0258 0020     		movs	r0, #0
 705              	.LVL104:
  72:Lib/compute/wave/wave_generator.cpp ****     }
 706              		.loc 1 72 16 view .LVU177
 707 025a FAE7     		b	.L27
 708              		.cfi_endproc
 709              	.LFE1000:
 711              		.align	1
 712              		.global	_ZN13WaveGenerator20_generate_const_waveEv
 713              		.syntax unified
 714              		.code	16
 715              		.thumb_func
ARM GAS  /tmp/ccu83UAD.s 			page 16


 717              	_ZN13WaveGenerator20_generate_const_waveEv:
 718              	.LVL105:
 719              	.LFB1001:
  78:Lib/compute/wave/wave_generator.cpp **** 
  79:Lib/compute/wave/wave_generator.cpp **** float WaveGenerator::_generate_const_wave(void)
  80:Lib/compute/wave/wave_generator.cpp **** {
 720              		.loc 1 80 1 is_stmt 1 view -0
 721              		.cfi_startproc
 722              		@ args = 0, pretend = 0, frame = 0
 723              		@ frame_needed = 0, uses_anonymous_args = 0
 724              		@ link register save eliminated.
  81:Lib/compute/wave/wave_generator.cpp ****     return _gain;
 725              		.loc 1 81 5 view .LVU179
 726              		.loc 1 81 12 is_stmt 0 discriminator 1 view .LVU180
 727 025c 4068     		ldr	r0, [r0, #4]
 728              	.LVL106:
  82:Lib/compute/wave/wave_generator.cpp **** }
 729              		.loc 1 82 1 view .LVU181
 730              		@ sp needed
 731 025e 7047     		bx	lr
 732              		.cfi_endproc
 733              	.LFE1001:
 735              		.align	1
 736              		.global	_ZN13WaveGenerator4nextEt
 737              		.syntax unified
 738              		.code	16
 739              		.thumb_func
 741              	_ZN13WaveGenerator4nextEt:
 742              	.LVL107:
 743              	.LFB1002:
  83:Lib/compute/wave/wave_generator.cpp **** 
  84:Lib/compute/wave/wave_generator.cpp **** float WaveGenerator::next(uint16_t delta_tick)
  85:Lib/compute/wave/wave_generator.cpp **** {
 744              		.loc 1 85 1 is_stmt 1 view -0
 745              		.cfi_startproc
 746              		@ args = 0, pretend = 0, frame = 0
 747              		@ frame_needed = 0, uses_anonymous_args = 0
 748              		.loc 1 85 1 is_stmt 0 view .LVU183
 749 0260 10B5     		push	{r4, lr}
 750              		.cfi_def_cfa_offset 8
 751              		.cfi_offset 4, -8
 752              		.cfi_offset 14, -4
 753 0262 0400     		movs	r4, r0
  86:Lib/compute/wave/wave_generator.cpp ****     float ret_val = 0.0f;
 754              		.loc 1 86 5 is_stmt 1 view .LVU184
 755              	.LVL108:
  87:Lib/compute/wave/wave_generator.cpp **** 
  88:Lib/compute/wave/wave_generator.cpp ****     _update_status(delta_tick);
 756              		.loc 1 88 5 view .LVU185
 757              		.loc 1 88 19 is_stmt 0 view .LVU186
 758 0264 FFF7FEFF 		bl	_ZN13WaveGenerator14_update_statusEt
 759              	.LVL109:
  89:Lib/compute/wave/wave_generator.cpp **** 
  90:Lib/compute/wave/wave_generator.cpp ****     switch (_wave_type)
 760              		.loc 1 90 5 is_stmt 1 view .LVU187
 761              		.loc 1 90 13 is_stmt 0 view .LVU188
 762 0268 A369     		ldr	r3, [r4, #24]
ARM GAS  /tmp/ccu83UAD.s 			page 17


 763              		.loc 1 90 5 view .LVU189
 764 026a 062B     		cmp	r3, #6
 765 026c 1BD8     		bhi	.L41
 766 026e 9B00     		lsls	r3, r3, #2
 767 0270 0E4A     		ldr	r2, .L42
 768 0272 D358     		ldr	r3, [r2, r3]
 769 0274 9F46     		mov	pc, r3
 770              		.section	.rodata
 771              		.align	2
 772              	.L35:
 773 0000 A6020000 		.word	.L41
 774 0004 76020000 		.word	.L40
 775 0008 7E020000 		.word	.L39
 776 000c 86020000 		.word	.L38
 777 0010 8E020000 		.word	.L37
 778 0014 96020000 		.word	.L36
 779 0018 9E020000 		.word	.L34
 780              		.text
 781              	.L40:
  91:Lib/compute/wave/wave_generator.cpp ****     {
  92:Lib/compute/wave/wave_generator.cpp ****     case WaveType::NONE:
  93:Lib/compute/wave/wave_generator.cpp ****         ret_val = 0.0f;
  94:Lib/compute/wave/wave_generator.cpp ****         break;
  95:Lib/compute/wave/wave_generator.cpp ****     case WaveType::SINE:
 782              		.loc 1 95 5 is_stmt 1 view .LVU190
  96:Lib/compute/wave/wave_generator.cpp ****         ret_val = _generate_sine_wave();
 783              		.loc 1 96 9 view .LVU191
 784              		.loc 1 96 38 is_stmt 0 view .LVU192
 785 0276 2000     		movs	r0, r4
 786 0278 FFF7FEFF 		bl	_ZN13WaveGenerator19_generate_sine_waveEv
 787              	.LVL110:
  97:Lib/compute/wave/wave_generator.cpp ****         break;
 788              		.loc 1 97 9 is_stmt 1 view .LVU193
 789              	.L32:
  98:Lib/compute/wave/wave_generator.cpp ****     case WaveType::SQUARE:
  99:Lib/compute/wave/wave_generator.cpp ****         ret_val = _generate_square_wave();
 100:Lib/compute/wave/wave_generator.cpp ****         break;
 101:Lib/compute/wave/wave_generator.cpp ****     case WaveType::TRIANGLE:
 102:Lib/compute/wave/wave_generator.cpp ****         ret_val = _generate_triangle_wave();
 103:Lib/compute/wave/wave_generator.cpp ****         break;
 104:Lib/compute/wave/wave_generator.cpp ****     case WaveType::SAWTOOTH:
 105:Lib/compute/wave/wave_generator.cpp ****         ret_val = _generate_sawtooth_wave();
 106:Lib/compute/wave/wave_generator.cpp ****         break;
 107:Lib/compute/wave/wave_generator.cpp ****     case WaveType::STEP:
 108:Lib/compute/wave/wave_generator.cpp ****         ret_val = _generate_step_wave();
 109:Lib/compute/wave/wave_generator.cpp ****         break;
 110:Lib/compute/wave/wave_generator.cpp ****     case WaveType::CONST:
 111:Lib/compute/wave/wave_generator.cpp ****         ret_val = _generate_const_wave();
 112:Lib/compute/wave/wave_generator.cpp ****         break;
 113:Lib/compute/wave/wave_generator.cpp ****     default:
 114:Lib/compute/wave/wave_generator.cpp ****         ret_val = 0.0f;
 115:Lib/compute/wave/wave_generator.cpp ****         break;
 116:Lib/compute/wave/wave_generator.cpp ****     }
 117:Lib/compute/wave/wave_generator.cpp **** 
 118:Lib/compute/wave/wave_generator.cpp ****     return ret_val;
 119:Lib/compute/wave/wave_generator.cpp **** }...
 790              		.loc 1 119 1 is_stmt 0 view .LVU194
ARM GAS  /tmp/ccu83UAD.s 			page 18


 791              		@ sp needed
 792              	.LVL111:
 793              		.loc 1 119 1 view .LVU195
 794 027c 10BD     		pop	{r4, pc}
 795              	.LVL112:
 796              	.L39:
  98:Lib/compute/wave/wave_generator.cpp ****     case WaveType::SQUARE:
 797              		.loc 1 98 5 is_stmt 1 view .LVU196
  99:Lib/compute/wave/wave_generator.cpp ****         ret_val = _generate_square_wave();
 798              		.loc 1 99 9 view .LVU197
  99:Lib/compute/wave/wave_generator.cpp ****         ret_val = _generate_square_wave();
 799              		.loc 1 99 40 is_stmt 0 view .LVU198
 800 027e 2000     		movs	r0, r4
 801 0280 FFF7FEFF 		bl	_ZN13WaveGenerator21_generate_square_waveEv
 802              	.LVL113:
 100:Lib/compute/wave/wave_generator.cpp ****         break;
 803              		.loc 1 100 9 is_stmt 1 view .LVU199
 804 0284 FAE7     		b	.L32
 805              	.LVL114:
 806              	.L38:
 101:Lib/compute/wave/wave_generator.cpp ****     case WaveType::TRIANGLE:
 807              		.loc 1 101 5 view .LVU200
 102:Lib/compute/wave/wave_generator.cpp ****         ret_val = _generate_triangle_wave();
 808              		.loc 1 102 9 view .LVU201
 102:Lib/compute/wave/wave_generator.cpp ****         ret_val = _generate_triangle_wave();
 809              		.loc 1 102 42 is_stmt 0 view .LVU202
 810 0286 2000     		movs	r0, r4
 811 0288 FFF7FEFF 		bl	_ZN13WaveGenerator23_generate_triangle_waveEv
 812              	.LVL115:
 103:Lib/compute/wave/wave_generator.cpp ****         break;
 813              		.loc 1 103 9 is_stmt 1 view .LVU203
 814 028c F6E7     		b	.L32
 815              	.LVL116:
 816              	.L37:
 104:Lib/compute/wave/wave_generator.cpp ****     case WaveType::SAWTOOTH:
 817              		.loc 1 104 5 view .LVU204
 105:Lib/compute/wave/wave_generator.cpp ****         ret_val = _generate_sawtooth_wave();
 818              		.loc 1 105 9 view .LVU205
 105:Lib/compute/wave/wave_generator.cpp ****         ret_val = _generate_sawtooth_wave();
 819              		.loc 1 105 42 is_stmt 0 view .LVU206
 820 028e 2000     		movs	r0, r4
 821 0290 FFF7FEFF 		bl	_ZN13WaveGenerator23_generate_sawtooth_waveEv
 822              	.LVL117:
 106:Lib/compute/wave/wave_generator.cpp ****         break;
 823              		.loc 1 106 9 is_stmt 1 view .LVU207
 824 0294 F2E7     		b	.L32
 825              	.LVL118:
 826              	.L36:
 107:Lib/compute/wave/wave_generator.cpp ****     case WaveType::STEP:
 827              		.loc 1 107 5 view .LVU208
 108:Lib/compute/wave/wave_generator.cpp ****         ret_val = _generate_step_wave();
 828              		.loc 1 108 9 view .LVU209
 108:Lib/compute/wave/wave_generator.cpp ****         ret_val = _generate_step_wave();
 829              		.loc 1 108 38 is_stmt 0 view .LVU210
 830 0296 2000     		movs	r0, r4
 831 0298 FFF7FEFF 		bl	_ZN13WaveGenerator19_generate_step_waveEv
 832              	.LVL119:
ARM GAS  /tmp/ccu83UAD.s 			page 19


 109:Lib/compute/wave/wave_generator.cpp ****         break;
 833              		.loc 1 109 9 is_stmt 1 view .LVU211
 834 029c EEE7     		b	.L32
 835              	.LVL120:
 836              	.L34:
 110:Lib/compute/wave/wave_generator.cpp ****     case WaveType::CONST:
 837              		.loc 1 110 5 view .LVU212
 111:Lib/compute/wave/wave_generator.cpp ****         ret_val = _generate_const_wave();
 838              		.loc 1 111 9 view .LVU213
 111:Lib/compute/wave/wave_generator.cpp ****         ret_val = _generate_const_wave();
 839              		.loc 1 111 39 is_stmt 0 view .LVU214
 840 029e 2000     		movs	r0, r4
 841 02a0 FFF7FEFF 		bl	_ZN13WaveGenerator20_generate_const_waveEv
 842              	.LVL121:
 112:Lib/compute/wave/wave_generator.cpp ****         break;
 843              		.loc 1 112 9 is_stmt 1 view .LVU215
 844 02a4 EAE7     		b	.L32
 845              	.LVL122:
 846              	.L41:
  90:Lib/compute/wave/wave_generator.cpp ****     switch (_wave_type)
 847              		.loc 1 90 5 is_stmt 0 view .LVU216
 848 02a6 0020     		movs	r0, #0
 118:Lib/compute/wave/wave_generator.cpp ****     return ret_val;
 849              		.loc 1 118 5 is_stmt 1 view .LVU217
 118:Lib/compute/wave/wave_generator.cpp ****     return ret_val;
 850              		.loc 1 118 12 is_stmt 0 view .LVU218
 851 02a8 E8E7     		b	.L32
 852              	.L43:
 853 02aa C046     		.align	2
 854              	.L42:
 855 02ac 00000000 		.word	.L35
 856              		.cfi_endproc
 857              	.LFE1002:
 859              	.Letext0:
 860              		.file 3 "/opt/arm-gnu-toolchain-14.2/arm-none-eabi/include/machine/_default_types.h"
 861              		.file 4 "/opt/arm-gnu-toolchain-14.2/arm-none-eabi/include/sys/_stdint.h"
 862              		.file 5 "/opt/arm-gnu-toolchain-14.2/arm-none-eabi/include/c++/14.2.1/cmath"
 863              		.file 6 "/opt/arm-gnu-toolchain-14.2/arm-none-eabi/include/c++/14.2.1/type_traits"
 864              		.file 7 "/opt/arm-gnu-toolchain-14.2/arm-none-eabi/include/c++/14.2.1/debug/debug.h"
 865              		.file 8 "/opt/arm-gnu-toolchain-14.2/arm-none-eabi/include/c++/14.2.1/bits/std_abs.h"
 866              		.file 9 "/opt/arm-gnu-toolchain-14.2/arm-none-eabi/include/c++/14.2.1/bits/predefined_ops.h"
 867              		.file 10 "/opt/arm-gnu-toolchain-14.2/arm-none-eabi/include/math.h"
 868              		.file 11 "/opt/arm-gnu-toolchain-14.2/arm-none-eabi/include/c++/14.2.1/arm-none-eabi/thumb/v6-m/no
 869              		.file 12 "/opt/arm-gnu-toolchain-14.2/arm-none-eabi/include/c++/14.2.1/math.h"
 870              		.file 13 "Lib/compute/wave/wave_generator.hpp"
ARM GAS  /tmp/ccu83UAD.s 			page 20


DEFINED SYMBOLS
                            *ABS*:00000000 wave_generator.cpp
     /tmp/ccu83UAD.s:18     .text:00000000 $t
     /tmp/ccu83UAD.s:23     .text:00000000 f1
     /tmp/ccu83UAD.s:108    .text:0000004c $d
     /tmp/ccu83UAD.s:117    .text:00000064 $t
     /tmp/ccu83UAD.s:122    .text:00000064 fast_sin
     /tmp/ccu83UAD.s:226    .text:000000d4 $d
     /tmp/ccu83UAD.s:231    .text:000000dc $t
     /tmp/ccu83UAD.s:237    .text:000000dc _ZN13WaveGenerator14_update_statusEt
     /tmp/ccu83UAD.s:315    .text:0000010e _ZN13WaveGenerator19_generate_sine_waveEv
     /tmp/ccu83UAD.s:374    .text:00000144 $d
     /tmp/ccu83UAD.s:378    .text:00000148 $t
     /tmp/ccu83UAD.s:384    .text:00000148 _ZN13WaveGenerator21_generate_square_waveEv
     /tmp/ccu83UAD.s:444    .text:0000016a _ZN13WaveGenerator23_generate_triangle_waveEv
     /tmp/ccu83UAD.s:563    .text:000001e6 _ZN13WaveGenerator23_generate_sawtooth_waveEv
     /tmp/ccu83UAD.s:631    .text:00000220 _ZN13WaveGenerator19_generate_step_waveEv
     /tmp/ccu83UAD.s:717    .text:0000025c _ZN13WaveGenerator20_generate_const_waveEv
     /tmp/ccu83UAD.s:741    .text:00000260 _ZN13WaveGenerator4nextEt
     /tmp/ccu83UAD.s:771    .rodata:00000000 $d
     /tmp/ccu83UAD.s:855    .text:000002ac $d

UNDEFINED SYMBOLS
__aeabi_fmul
__aeabi_fsub
__aeabi_fadd
__aeabi_f2iz
__aeabi_i2f
__aeabi_fcmpgt
__aeabi_idivmod
__aeabi_fdiv
__aeabi_uidiv
