ARM GAS  /tmp/ccojPQXy.s 			page 1


   1              		.cpu cortex-m0plus
   2              		.arch armv6s-m
   3              		.fpu softvfp
   4              		.eabi_attribute 20, 1
   5              		.eabi_attribute 21, 1
   6              		.eabi_attribute 23, 3
   7              		.eabi_attribute 24, 1
   8              		.eabi_attribute 25, 1
   9              		.eabi_attribute 26, 1
  10              		.eabi_attribute 30, 1
  11              		.eabi_attribute 34, 0
  12              		.eabi_attribute 18, 4
  13              		.file	"xlink_common.c"
  14              		.file 1 "/opt/arm-gnu-toolchain-14.2/arm-none-eabi/include/machine/_default_types.h"
  15              		.file 2 "/opt/arm-gnu-toolchain-14.2/arm-none-eabi/include/sys/_stdint.h"
  16              		.file 3 "Lib/protocol/xlink/xlink_define.h"
  17              		.file 4 "Lib/protocol/xlink/xlink_common.h"
  18              		.file 5 "Lib/protocol/xlink/xlink_common.c"
  19              		.section	.gnu.debuglto_.debug_info,"e",%progbits
  20              	.Ldebug_info0:
  21              		.hidden	xlink_common.c.933aae3d
  22              		.weak	xlink_common.c.933aae3d
  23              	xlink_common.c.933aae3d:
  24 0000 62020000 		.4byte	0x262
  25 0004 0500     		.2byte	0x5
  26 0006 01       		.byte	0x1
  27 0007 04       		.byte	0x4
  28 0008 00000000 		.4byte	.Ldebug_abbrev0
  29 000c 0C       		.uleb128 0xc
  30 000d 34010000 		.4byte	.LASF51
  31 0011 1D       		.byte	0x1d
  32 0012 C7020000 		.4byte	.LASF52
  33 0016 F0020000 		.4byte	.LASF53
  34 001a 00000000 		.4byte	.Ldebug_line0
  35 001e 0D       		.uleb128 0xd
  36 001f 04       		.byte	0x4
  37 0020 05       		.byte	0x5
  38 0021 696E7400 		.ascii	"int\000"
  39 0025 02       		.uleb128 0x2
  40 0026 04       		.byte	0x4
  41 0027 07       		.byte	0x7
  42 0028 8B020000 		.4byte	.LASF0
  43 002c 02       		.uleb128 0x2
  44 002d 08       		.byte	0x8
  45 002e 05       		.byte	0x5
  46 002f 63030000 		.4byte	.LASF1
  47 0033 02       		.uleb128 0x2
  48 0034 08       		.byte	0x8
  49 0035 04       		.byte	0x4
  50 0036 2C030000 		.4byte	.LASF2
  51 003a 02       		.uleb128 0x2
  52 003b 01       		.byte	0x1
  53 003c 06       		.byte	0x6
  54 003d 2D040000 		.4byte	.LASF3
  55 0041 03       		.uleb128 0x3
  56 0042 18000000 		.4byte	.LASF6
  57 0046 01       		.byte	0x1
ARM GAS  /tmp/ccojPQXy.s 			page 2


  58 0047 2B       		.byte	0x2b
  59 0048 18       		.byte	0x18
  60 0049 4D000000 		.4byte	0x4d
  61 004d 02       		.uleb128 0x2
  62 004e 01       		.byte	0x1
  63 004f 08       		.byte	0x8
  64 0050 FC000000 		.4byte	.LASF4
  65 0054 02       		.uleb128 0x2
  66 0055 02       		.byte	0x2
  67 0056 05       		.byte	0x5
  68 0057 B7030000 		.4byte	.LASF5
  69 005b 03       		.uleb128 0x3
  70 005c 0E020000 		.4byte	.LASF7
  71 0060 01       		.byte	0x1
  72 0061 39       		.byte	0x39
  73 0062 19       		.byte	0x19
  74 0063 67000000 		.4byte	0x67
  75 0067 02       		.uleb128 0x2
  76 0068 02       		.byte	0x2
  77 0069 07       		.byte	0x7
  78 006a 58000000 		.4byte	.LASF8
  79 006e 02       		.uleb128 0x2
  80 006f 04       		.byte	0x4
  81 0070 05       		.byte	0x5
  82 0071 4F000000 		.4byte	.LASF9
  83 0075 03       		.uleb128 0x3
  84 0076 3C020000 		.4byte	.LASF10
  85 007a 01       		.byte	0x1
  86 007b 4F       		.byte	0x4f
  87 007c 19       		.byte	0x19
  88 007d 81000000 		.4byte	0x81
  89 0081 02       		.uleb128 0x2
  90 0082 04       		.byte	0x4
  91 0083 07       		.byte	0x7
  92 0084 C8010000 		.4byte	.LASF11
  93 0088 02       		.uleb128 0x2
  94 0089 08       		.byte	0x8
  95 008a 07       		.byte	0x7
  96 008b 98020000 		.4byte	.LASF12
  97 008f 03       		.uleb128 0x3
  98 0090 AF020000 		.4byte	.LASF13
  99 0094 02       		.byte	0x2
 100 0095 18       		.byte	0x18
 101 0096 13       		.byte	0x13
 102 0097 41000000 		.4byte	0x41
 103 009b 03       		.uleb128 0x3
 104 009c C1030000 		.4byte	.LASF14
 105 00a0 02       		.byte	0x2
 106 00a1 24       		.byte	0x24
 107 00a2 14       		.byte	0x14
 108 00a3 5B000000 		.4byte	0x5b
 109 00a7 03       		.uleb128 0x3
 110 00a8 F8030000 		.4byte	.LASF15
 111 00ac 02       		.byte	0x2
 112 00ad 30       		.byte	0x30
 113 00ae 14       		.byte	0x14
 114 00af 75000000 		.4byte	0x75
ARM GAS  /tmp/ccojPQXy.s 			page 3


 115 00b3 02       		.uleb128 0x2
 116 00b4 01       		.byte	0x1
 117 00b5 08       		.byte	0x8
 118 00b6 81030000 		.4byte	.LASF16
 119 00ba 06       		.uleb128 0x6
 120 00bb 4D000000 		.4byte	0x4d
 121 00bf 0D       		.byte	0xd
 122 00c0 E3000000 		.4byte	0xe3
 123 00c4 01       		.uleb128 0x1
 124 00c5 47020000 		.4byte	.LASF17
 125 00c9 00       		.byte	0
 126 00ca 01       		.uleb128 0x1
 127 00cb 53030000 		.4byte	.LASF18
 128 00cf 01       		.byte	0x1
 129 00d0 01       		.uleb128 0x1
 130 00d1 86000000 		.4byte	.LASF19
 131 00d5 02       		.byte	0x2
 132 00d6 01       		.uleb128 0x1
 133 00d7 71030000 		.4byte	.LASF20
 134 00db 03       		.byte	0x3
 135 00dc 01       		.uleb128 0x1
 136 00dd CC000000 		.4byte	.LASF21
 137 00e1 04       		.byte	0x4
 138 00e2 00       		.byte	0
 139 00e3 06       		.uleb128 0x6
 140 00e4 4D000000 		.4byte	0x4d
 141 00e8 16       		.byte	0x16
 142 00e9 36010000 		.4byte	0x136
 143 00ed 01       		.uleb128 0x1
 144 00ee F5010000 		.4byte	.LASF22
 145 00f2 00       		.byte	0
 146 00f3 01       		.uleb128 0x1
 147 00f4 57020000 		.4byte	.LASF23
 148 00f8 01       		.byte	0x1
 149 00f9 01       		.uleb128 0x1
 150 00fa 0A010000 		.4byte	.LASF24
 151 00fe 02       		.byte	0x2
 152 00ff 01       		.uleb128 0x1
 153 0100 38030000 		.4byte	.LASF25
 154 0104 03       		.byte	0x3
 155 0105 01       		.uleb128 0x1
 156 0106 6B000000 		.4byte	.LASF26
 157 010a 04       		.byte	0x4
 158 010b 01       		.uleb128 0x1
 159 010c 12040000 		.4byte	.LASF27
 160 0110 05       		.byte	0x5
 161 0111 01       		.uleb128 0x1
 162 0112 DA010000 		.4byte	.LASF28
 163 0116 06       		.byte	0x6
 164 0117 01       		.uleb128 0x1
 165 0118 6E020000 		.4byte	.LASF29
 166 011c 07       		.byte	0x7
 167 011d 01       		.uleb128 0x1
 168 011e 2A000000 		.4byte	.LASF30
 169 0122 08       		.byte	0x8
 170 0123 01       		.uleb128 0x1
 171 0124 86030000 		.4byte	.LASF31
ARM GAS  /tmp/ccojPQXy.s 			page 4


 172 0128 09       		.byte	0x9
 173 0129 01       		.uleb128 0x1
 174 012a CA030000 		.4byte	.LASF32
 175 012e 0A       		.byte	0xa
 176 012f 01       		.uleb128 0x1
 177 0130 DE000000 		.4byte	.LASF33
 178 0134 0B       		.byte	0xb
 179 0135 00       		.byte	0
 180 0136 03       		.uleb128 0x3
 181 0137 E4030000 		.4byte	.LASF34
 182 013b 03       		.byte	0x3
 183 013c 23       		.byte	0x23
 184 013d 03       		.byte	0x3
 185 013e E3000000 		.4byte	0xe3
 186 0142 06       		.uleb128 0x6
 187 0143 4D000000 		.4byte	0x4d
 188 0147 26       		.byte	0x26
 189 0148 65010000 		.4byte	0x165
 190 014c 01       		.uleb128 0x1
 191 014d AB000000 		.4byte	.LASF35
 192 0151 00       		.byte	0
 193 0152 01       		.uleb128 0x1
 194 0153 01040000 		.4byte	.LASF36
 195 0157 01       		.byte	0x1
 196 0158 01       		.uleb128 0x1
 197 0159 42040000 		.4byte	.LASF37
 198 015d 02       		.byte	0x2
 199 015e 01       		.uleb128 0x1
 200 015f 00000000 		.4byte	.LASF38
 201 0163 03       		.byte	0x3
 202 0164 00       		.byte	0
 203 0165 03       		.uleb128 0x3
 204 0166 24010000 		.4byte	.LASF39
 205 016a 03       		.byte	0x3
 206 016b 2B       		.byte	0x2b
 207 016c 03       		.byte	0x3
 208 016d 42010000 		.4byte	0x142
 209 0171 0E       		.uleb128 0xe
 210 0172 0C       		.byte	0xc
 211 0173 03       		.byte	0x3
 212 0174 2D       		.byte	0x2d
 213 0175 09       		.byte	0x9
 214 0176 C3010000 		.4byte	0x1c3
 215 017a 04       		.uleb128 0x4
 216 017b 22000000 		.4byte	.LASF40
 217 017f 2F       		.byte	0x2f
 218 0180 0D       		.byte	0xd
 219 0181 8F000000 		.4byte	0x8f
 220 0185 00       		.byte	0
 221 0186 04       		.uleb128 0x4
 222 0187 49000000 		.4byte	.LASF41
 223 018b 30       		.byte	0x30
 224 018c 19       		.byte	0x19
 225 018d 36010000 		.4byte	0x136
 226 0191 01       		.byte	0x1
 227 0192 04       		.uleb128 0x4
 228 0193 C4000000 		.4byte	.LASF42
ARM GAS  /tmp/ccojPQXy.s 			page 5


 229 0197 31       		.byte	0x31
 230 0198 15       		.byte	0x15
 231 0199 65010000 		.4byte	0x165
 232 019d 02       		.byte	0x2
 233 019e 04       		.uleb128 0x4
 234 019f 39040000 		.4byte	.LASF43
 235 01a3 32       		.byte	0x32
 236 01a4 0D       		.byte	0xd
 237 01a5 8F000000 		.4byte	0x8f
 238 01a9 03       		.byte	0x3
 239 01aa 04       		.uleb128 0x4
 240 01ab A4000000 		.4byte	.LASF44
 241 01af 33       		.byte	0x33
 242 01b0 0E       		.byte	0xe
 243 01b1 A7000000 		.4byte	0xa7
 244 01b5 04       		.byte	0x4
 245 01b6 04       		.uleb128 0x4
 246 01b7 E9020000 		.4byte	.LASF45
 247 01bb 34       		.byte	0x34
 248 01bc 0E       		.byte	0xe
 249 01bd A7000000 		.4byte	0xa7
 250 01c1 08       		.byte	0x8
 251 01c2 00       		.byte	0
 252 01c3 03       		.uleb128 0x3
 253 01c4 19020000 		.4byte	.LASF46
 254 01c8 03       		.byte	0x3
 255 01c9 35       		.byte	0x35
 256 01ca 03       		.byte	0x3
 257 01cb 71010000 		.4byte	0x171
 258 01cf 03       		.uleb128 0x3
 259 01d0 A4030000 		.4byte	.LASF47
 260 01d4 04       		.byte	0x4
 261 01d5 0E       		.byte	0xe
 262 01d6 13       		.byte	0x13
 263 01d7 DB010000 		.4byte	0x1db
 264 01db 0A       		.uleb128 0xa
 265 01dc E0010000 		.4byte	0x1e0
 266 01e0 0F       		.uleb128 0xf
 267 01e1 8F000000 		.4byte	0x8f
 268 01e5 F4010000 		.4byte	0x1f4
 269 01e9 0B       		.uleb128 0xb
 270 01ea F4010000 		.4byte	0x1f4
 271 01ee 0B       		.uleb128 0xb
 272 01ef 9B000000 		.4byte	0x9b
 273 01f3 00       		.byte	0
 274 01f4 0A       		.uleb128 0xa
 275 01f5 8F000000 		.4byte	0x8f
 276 01f9 07       		.uleb128 0x7
 277 01fa 8F000000 		.4byte	0x8f
 278 01fe 0F020000 		.4byte	0x20f
 279 0202 05       		.uleb128 0x5
 280 0203 25000000 		.4byte	0x25
 281 0207 03       		.byte	0x3
 282 0208 05       		.uleb128 0x5
 283 0209 25000000 		.4byte	0x25
 284 020d 57       		.byte	0x57
 285 020e 00       		.byte	0
ARM GAS  /tmp/ccojPQXy.s 			page 6


 286 020f 08       		.uleb128 0x8
 287 0210 96000000 		.4byte	.LASF48
 288 0214 10       		.byte	0x10
 289 0215 10       		.byte	0x10
 290 0216 F9010000 		.4byte	0x1f9
 291 021a 07       		.uleb128 0x7
 292 021b C3010000 		.4byte	0x1c3
 293 021f 2A020000 		.4byte	0x22a
 294 0223 05       		.uleb128 0x5
 295 0224 25000000 		.4byte	0x25
 296 0228 03       		.byte	0x3
 297 0229 00       		.byte	0
 298 022a 08       		.uleb128 0x8
 299 022b B7020000 		.4byte	.LASF49
 300 022f 11       		.byte	0x11
 301 0230 17       		.byte	0x17
 302 0231 1A020000 		.4byte	0x21a
 303 0235 07       		.uleb128 0x7
 304 0236 CF010000 		.4byte	0x1cf
 305 023a 45020000 		.4byte	0x245
 306 023e 05       		.uleb128 0x5
 307 023f 25000000 		.4byte	0x25
 308 0243 03       		.byte	0x3
 309 0244 00       		.byte	0
 310 0245 08       		.uleb128 0x8
 311 0246 28020000 		.4byte	.LASF50
 312 024a 12       		.byte	0x12
 313 024b 1B       		.byte	0x1b
 314 024c 35020000 		.4byte	0x235
 315 0250 09       		.uleb128 0x9
 316 0251 0F020000 		.4byte	0x20f
 317 0255 03       		.byte	0x3
 318 0256 09       		.byte	0x9
 319 0257 09       		.uleb128 0x9
 320 0258 2A020000 		.4byte	0x22a
 321 025c 04       		.byte	0x4
 322 025d 10       		.byte	0x10
 323 025e 09       		.uleb128 0x9
 324 025f 45020000 		.4byte	0x245
 325 0263 0A       		.byte	0xa
 326 0264 14       		.byte	0x14
 327 0265 00       		.byte	0
 328              		.section	.gnu.debuglto_.debug_abbrev,"e",%progbits
 329              	.Ldebug_abbrev0:
 330 0000 01       		.uleb128 0x1
 331 0001 28       		.uleb128 0x28
 332 0002 00       		.byte	0
 333 0003 03       		.uleb128 0x3
 334 0004 0E       		.uleb128 0xe
 335 0005 1C       		.uleb128 0x1c
 336 0006 0B       		.uleb128 0xb
 337 0007 00       		.byte	0
 338 0008 00       		.byte	0
 339 0009 02       		.uleb128 0x2
 340 000a 24       		.uleb128 0x24
 341 000b 00       		.byte	0
 342 000c 0B       		.uleb128 0xb
ARM GAS  /tmp/ccojPQXy.s 			page 7


 343 000d 0B       		.uleb128 0xb
 344 000e 3E       		.uleb128 0x3e
 345 000f 0B       		.uleb128 0xb
 346 0010 03       		.uleb128 0x3
 347 0011 0E       		.uleb128 0xe
 348 0012 00       		.byte	0
 349 0013 00       		.byte	0
 350 0014 03       		.uleb128 0x3
 351 0015 16       		.uleb128 0x16
 352 0016 00       		.byte	0
 353 0017 03       		.uleb128 0x3
 354 0018 0E       		.uleb128 0xe
 355 0019 3A       		.uleb128 0x3a
 356 001a 0B       		.uleb128 0xb
 357 001b 3B       		.uleb128 0x3b
 358 001c 0B       		.uleb128 0xb
 359 001d 39       		.uleb128 0x39
 360 001e 0B       		.uleb128 0xb
 361 001f 49       		.uleb128 0x49
 362 0020 13       		.uleb128 0x13
 363 0021 00       		.byte	0
 364 0022 00       		.byte	0
 365 0023 04       		.uleb128 0x4
 366 0024 0D       		.uleb128 0xd
 367 0025 00       		.byte	0
 368 0026 03       		.uleb128 0x3
 369 0027 0E       		.uleb128 0xe
 370 0028 3A       		.uleb128 0x3a
 371 0029 21       		.uleb128 0x21
 372 002a 03       		.sleb128 3
 373 002b 3B       		.uleb128 0x3b
 374 002c 0B       		.uleb128 0xb
 375 002d 39       		.uleb128 0x39
 376 002e 0B       		.uleb128 0xb
 377 002f 49       		.uleb128 0x49
 378 0030 13       		.uleb128 0x13
 379 0031 38       		.uleb128 0x38
 380 0032 0B       		.uleb128 0xb
 381 0033 00       		.byte	0
 382 0034 00       		.byte	0
 383 0035 05       		.uleb128 0x5
 384 0036 21       		.uleb128 0x21
 385 0037 00       		.byte	0
 386 0038 49       		.uleb128 0x49
 387 0039 13       		.uleb128 0x13
 388 003a 2F       		.uleb128 0x2f
 389 003b 0B       		.uleb128 0xb
 390 003c 00       		.byte	0
 391 003d 00       		.byte	0
 392 003e 06       		.uleb128 0x6
 393 003f 04       		.uleb128 0x4
 394 0040 01       		.byte	0x1
 395 0041 3E       		.uleb128 0x3e
 396 0042 21       		.uleb128 0x21
 397 0043 07       		.sleb128 7
 398 0044 0B       		.uleb128 0xb
 399 0045 21       		.uleb128 0x21
ARM GAS  /tmp/ccojPQXy.s 			page 8


 400 0046 01       		.sleb128 1
 401 0047 49       		.uleb128 0x49
 402 0048 13       		.uleb128 0x13
 403 0049 3A       		.uleb128 0x3a
 404 004a 21       		.uleb128 0x21
 405 004b 03       		.sleb128 3
 406 004c 3B       		.uleb128 0x3b
 407 004d 0B       		.uleb128 0xb
 408 004e 39       		.uleb128 0x39
 409 004f 21       		.uleb128 0x21
 410 0050 01       		.sleb128 1
 411 0051 01       		.uleb128 0x1
 412 0052 13       		.uleb128 0x13
 413 0053 00       		.byte	0
 414 0054 00       		.byte	0
 415 0055 07       		.uleb128 0x7
 416 0056 01       		.uleb128 0x1
 417 0057 01       		.byte	0x1
 418 0058 49       		.uleb128 0x49
 419 0059 13       		.uleb128 0x13
 420 005a 01       		.uleb128 0x1
 421 005b 13       		.uleb128 0x13
 422 005c 00       		.byte	0
 423 005d 00       		.byte	0
 424 005e 08       		.uleb128 0x8
 425 005f 34       		.uleb128 0x34
 426 0060 00       		.byte	0
 427 0061 03       		.uleb128 0x3
 428 0062 0E       		.uleb128 0xe
 429 0063 3A       		.uleb128 0x3a
 430 0064 21       		.uleb128 0x21
 431 0065 04       		.sleb128 4
 432 0066 3B       		.uleb128 0x3b
 433 0067 0B       		.uleb128 0xb
 434 0068 39       		.uleb128 0x39
 435 0069 0B       		.uleb128 0xb
 436 006a 49       		.uleb128 0x49
 437 006b 13       		.uleb128 0x13
 438 006c 3F       		.uleb128 0x3f
 439 006d 19       		.uleb128 0x19
 440 006e 3C       		.uleb128 0x3c
 441 006f 19       		.uleb128 0x19
 442 0070 00       		.byte	0
 443 0071 00       		.byte	0
 444 0072 09       		.uleb128 0x9
 445 0073 34       		.uleb128 0x34
 446 0074 00       		.byte	0
 447 0075 47       		.uleb128 0x47
 448 0076 13       		.uleb128 0x13
 449 0077 3A       		.uleb128 0x3a
 450 0078 21       		.uleb128 0x21
 451 0079 05       		.sleb128 5
 452 007a 3B       		.uleb128 0x3b
 453 007b 0B       		.uleb128 0xb
 454 007c 39       		.uleb128 0x39
 455 007d 0B       		.uleb128 0xb
 456 007e 00       		.byte	0
ARM GAS  /tmp/ccojPQXy.s 			page 9


 457 007f 00       		.byte	0
 458 0080 0A       		.uleb128 0xa
 459 0081 0F       		.uleb128 0xf
 460 0082 00       		.byte	0
 461 0083 0B       		.uleb128 0xb
 462 0084 21       		.uleb128 0x21
 463 0085 04       		.sleb128 4
 464 0086 49       		.uleb128 0x49
 465 0087 13       		.uleb128 0x13
 466 0088 00       		.byte	0
 467 0089 00       		.byte	0
 468 008a 0B       		.uleb128 0xb
 469 008b 05       		.uleb128 0x5
 470 008c 00       		.byte	0
 471 008d 49       		.uleb128 0x49
 472 008e 13       		.uleb128 0x13
 473 008f 00       		.byte	0
 474 0090 00       		.byte	0
 475 0091 0C       		.uleb128 0xc
 476 0092 11       		.uleb128 0x11
 477 0093 01       		.byte	0x1
 478 0094 25       		.uleb128 0x25
 479 0095 0E       		.uleb128 0xe
 480 0096 13       		.uleb128 0x13
 481 0097 0B       		.uleb128 0xb
 482 0098 03       		.uleb128 0x3
 483 0099 0E       		.uleb128 0xe
 484 009a 1B       		.uleb128 0x1b
 485 009b 0E       		.uleb128 0xe
 486 009c 10       		.uleb128 0x10
 487 009d 17       		.uleb128 0x17
 488 009e 00       		.byte	0
 489 009f 00       		.byte	0
 490 00a0 0D       		.uleb128 0xd
 491 00a1 24       		.uleb128 0x24
 492 00a2 00       		.byte	0
 493 00a3 0B       		.uleb128 0xb
 494 00a4 0B       		.uleb128 0xb
 495 00a5 3E       		.uleb128 0x3e
 496 00a6 0B       		.uleb128 0xb
 497 00a7 03       		.uleb128 0x3
 498 00a8 08       		.uleb128 0x8
 499 00a9 00       		.byte	0
 500 00aa 00       		.byte	0
 501 00ab 0E       		.uleb128 0xe
 502 00ac 13       		.uleb128 0x13
 503 00ad 01       		.byte	0x1
 504 00ae 0B       		.uleb128 0xb
 505 00af 0B       		.uleb128 0xb
 506 00b0 3A       		.uleb128 0x3a
 507 00b1 0B       		.uleb128 0xb
 508 00b2 3B       		.uleb128 0x3b
 509 00b3 0B       		.uleb128 0xb
 510 00b4 39       		.uleb128 0x39
 511 00b5 0B       		.uleb128 0xb
 512 00b6 01       		.uleb128 0x1
 513 00b7 13       		.uleb128 0x13
ARM GAS  /tmp/ccojPQXy.s 			page 10


 514 00b8 00       		.byte	0
 515 00b9 00       		.byte	0
 516 00ba 0F       		.uleb128 0xf
 517 00bb 15       		.uleb128 0x15
 518 00bc 01       		.byte	0x1
 519 00bd 27       		.uleb128 0x27
 520 00be 19       		.uleb128 0x19
 521 00bf 49       		.uleb128 0x49
 522 00c0 13       		.uleb128 0x13
 523 00c1 01       		.uleb128 0x1
 524 00c2 13       		.uleb128 0x13
 525 00c3 00       		.byte	0
 526 00c4 00       		.byte	0
 527 00c5 00       		.byte	0
 528              		.section	.gnu.debuglto_.debug_line,"e",%progbits
 529              	.Ldebug_line0:
 530 0000 52000000 		.4byte	.LELT0-.LSLT0
 531              	.LSLT0:
 532 0004 0500     		.2byte	0x5
 533 0006 04       		.byte	0x4
 534 0007 00       		.byte	0
 535 0008 4A000000 		.4byte	.LELTP0-.LASLTP0
 536              	.LASLTP0:
 537 000c 01       		.byte	0x1
 538 000d 01       		.byte	0x1
 539 000e 01       		.byte	0x1
 540 000f F6       		.byte	0xf6
 541 0010 F2       		.byte	0xf2
 542 0011 0D       		.byte	0xd
 543 0012 00       		.byte	0
 544 0013 01       		.byte	0x1
 545 0014 01       		.byte	0x1
 546 0015 01       		.byte	0x1
 547 0016 01       		.byte	0x1
 548 0017 00       		.byte	0
 549 0018 00       		.byte	0
 550 0019 00       		.byte	0
 551 001a 01       		.byte	0x1
 552 001b 00       		.byte	0
 553 001c 00       		.byte	0
 554 001d 01       		.byte	0x1
 555 001e 01       		.byte	0x1
 556 001f 01       		.uleb128 0x1
 557 0020 1F       		.uleb128 0x1f
 558 0021 04       		.uleb128 0x4
 559 0022 ED000000 		.4byte	.LASF54
 560 0026 78000000 		.4byte	.LASF55
 561 002a 8B000000 		.4byte	.LASF56
 562 002e 0F000000 		.4byte	.LASF57
 563 0032 02       		.byte	0x2
 564 0033 01       		.uleb128 0x1
 565 0034 1F       		.uleb128 0x1f
 566 0035 02       		.uleb128 0x2
 567 0036 0B       		.uleb128 0xb
 568 0037 06       		.uleb128 0x6
 569 0038 45000000 		.4byte	.LASF58
 570 003c 00       		.byte	0
ARM GAS  /tmp/ccojPQXy.s 			page 11


 571 003d 67000000 		.4byte	.LASF59
 572 0041 02       		.byte	0x2
 573 0042 E3000000 		.4byte	.LASF60
 574 0046 03       		.byte	0x3
 575 0047 C5000000 		.4byte	.LASF61
 576 004b 01       		.byte	0x1
 577 004c 00000000 		.4byte	.LASF62
 578 0050 01       		.byte	0x1
 579 0051 D4000000 		.4byte	.LASF63
 580 0055 01       		.byte	0x1
 581              	.LELTP0:
 582              	.LELT0:
 583              		.section	.gnu.debuglto_.debug_str,"eMS",%progbits,1
 584              	.LASF38:
 585 0000 584C494E 		.ascii	"XLINK_FRAMING_BAD_FRAME\000"
 585      4B5F4652 
 585      414D494E 
 585      475F4241 
 585      445F4652 
 586              	.LASF6:
 587 0018 5F5F7569 		.ascii	"__uint8_t\000"
 587      6E74385F 
 587      7400
 588              	.LASF40:
 589 0022 6368616E 		.ascii	"channel\000"
 589      6E656C00 
 590              	.LASF30:
 591 002a 584C494E 		.ascii	"XLINK_PARSE_STATE_GOT_DATA_LEN\000"
 591      4B5F5041 
 591      5253455F 
 591      53544154 
 591      455F474F 
 592              	.LASF41:
 593 0049 73746174 		.ascii	"state\000"
 593      6500
 594              	.LASF9:
 595 004f 6C6F6E67 		.ascii	"long int\000"
 595      20696E74 
 595      00
 596              	.LASF8:
 597 0058 73686F72 		.ascii	"short unsigned int\000"
 597      7420756E 
 597      7369676E 
 597      65642069 
 597      6E7400
 598              	.LASF26:
 599 006b 584C494E 		.ascii	"XLINK_PARSE_STATE_GOT_SCID\000"
 599      4B5F5041 
 599      5253455F 
 599      53544154 
 599      455F474F 
 600              	.LASF19:
 601 0086 584C494E 		.ascii	"XLINK_CHANNEL_2\000"
 601      4B5F4348 
 601      414E4E45 
 601      4C5F3200 
 602              	.LASF48:
ARM GAS  /tmp/ccojPQXy.s 			page 12


 603 0096 5F786C5F 		.ascii	"_xl_rx_buffer\000"
 603      72785F62 
 603      75666665 
 603      7200
 604              	.LASF44:
 605 00a4 72785F63 		.ascii	"rx_cnt\000"
 605      6E7400
 606              	.LASF35:
 607 00ab 584C494E 		.ascii	"XLINK_FRAMING_INCOMPLETE\000"
 607      4B5F4652 
 607      414D494E 
 607      475F494E 
 607      434F4D50 
 608              	.LASF42:
 609 00c4 6672616D 		.ascii	"framing\000"
 609      696E6700 
 610              	.LASF21:
 611 00cc 584C494E 		.ascii	"XLINK_CHANNEL_MAX\000"
 611      4B5F4348 
 611      414E4E45 
 611      4C5F4D41 
 611      5800
 612              	.LASF33:
 613 00de 584C494E 		.ascii	"XLINK_PARSE_STATE_GOT_BAD_CRC\000"
 613      4B5F5041 
 613      5253455F 
 613      53544154 
 613      455F474F 
 614              	.LASF4:
 615 00fc 756E7369 		.ascii	"unsigned char\000"
 615      676E6564 
 615      20636861 
 615      7200
 616              	.LASF24:
 617 010a 584C494E 		.ascii	"XLINK_PARSE_STATE_GOT_STX\000"
 617      4B5F5041 
 617      5253455F 
 617      53544154 
 617      455F474F 
 618              	.LASF39:
 619 0124 786C696E 		.ascii	"xlink_framing_t\000"
 619      6B5F6672 
 619      616D696E 
 619      675F7400 
 620              	.LASF51:
 621 0134 474E5520 		.ascii	"GNU C17 14.2.1 20241119 -mcpu=cortex-m0plus -mthumb"
 621      43313720 
 621      31342E32 
 621      2E312032 
 621      30323431 
 622 0167 202D6D66 		.ascii	" -mfloat-abi=soft -march=armv6s-m -g -gdwarf -ggdb "
 622      6C6F6174 
 622      2D616269 
 622      3D736F66 
 622      74202D6D 
 623 019a 2D4F6720 		.ascii	"-Og -fdata-sections -ffunction-sections -flto\000"
 623      2D666461 
ARM GAS  /tmp/ccojPQXy.s 			page 13


 623      74612D73 
 623      65637469 
 623      6F6E7320 
 624              	.LASF11:
 625 01c8 6C6F6E67 		.ascii	"long unsigned int\000"
 625      20756E73 
 625      69676E65 
 625      6420696E 
 625      7400
 626              	.LASF28:
 627 01da 584C494E 		.ascii	"XLINK_PARSE_STATE_GOT_TCID\000"
 627      4B5F5041 
 627      5253455F 
 627      53544154 
 627      455F474F 
 628              	.LASF22:
 629 01f5 584C494E 		.ascii	"XLINK_PARSE_STATE_UNINIT\000"
 629      4B5F5041 
 629      5253455F 
 629      53544154 
 629      455F554E 
 630              	.LASF7:
 631 020e 5F5F7569 		.ascii	"__uint16_t\000"
 631      6E743136 
 631      5F7400
 632              	.LASF46:
 633 0219 786C696E 		.ascii	"xlink_status_t\000"
 633      6B5F7374 
 633      61747573 
 633      5F7400
 634              	.LASF50:
 635 0228 5F786C5F 		.ascii	"_xl_chan_write_func\000"
 635      6368616E 
 635      5F777269 
 635      74655F66 
 635      756E6300 
 636              	.LASF10:
 637 023c 5F5F7569 		.ascii	"__uint32_t\000"
 637      6E743332 
 637      5F7400
 638              	.LASF17:
 639 0247 584C494E 		.ascii	"XLINK_CHANNEL_0\000"
 639      4B5F4348 
 639      414E4E45 
 639      4C5F3000 
 640              	.LASF23:
 641 0257 584C494E 		.ascii	"XLINK_PARSE_STATE_IDLE\000"
 641      4B5F5041 
 641      5253455F 
 641      53544154 
 641      455F4944 
 642              	.LASF29:
 643 026e 584C494E 		.ascii	"XLINK_PARSE_STATE_GOT_MSG_ID\000"
 643      4B5F5041 
 643      5253455F 
 643      53544154 
 643      455F474F 
ARM GAS  /tmp/ccojPQXy.s 			page 14


 644              	.LASF0:
 645 028b 756E7369 		.ascii	"unsigned int\000"
 645      676E6564 
 645      20696E74 
 645      00
 646              	.LASF12:
 647 0298 6C6F6E67 		.ascii	"long long unsigned int\000"
 647      206C6F6E 
 647      6720756E 
 647      7369676E 
 647      65642069 
 648              	.LASF13:
 649 02af 75696E74 		.ascii	"uint8_t\000"
 649      385F7400 
 650              	.LASF49:
 651 02b7 5F786C5F 		.ascii	"_xl_chan_status\000"
 651      6368616E 
 651      5F737461 
 651      74757300 
 652              	.LASF52:
 653 02c7 4C69622F 		.ascii	"Lib/protocol/xlink/xlink_common.c\000"
 653      70726F74 
 653      6F636F6C 
 653      2F786C69 
 653      6E6B2F78 
 654              	.LASF45:
 655 02e9 74785F63 		.ascii	"tx_cnt\000"
 655      6E7400
 656              	.LASF53:
 657 02f0 2F686F6D 		.ascii	"/home/zgj/servo_project/zgj_project/ClosedLoop_Step"
 657      652F7A67 
 657      6A2F7365 
 657      72766F5F 
 657      70726F6A 
 658 0323 7065724D 		.ascii	"perMotor\000"
 658      6F746F72 
 658      00
 659              	.LASF2:
 660 032c 6C6F6E67 		.ascii	"long double\000"
 660      20646F75 
 660      626C6500 
 661              	.LASF25:
 662 0338 584C494E 		.ascii	"XLINK_PARSE_STATE_GOT_SSID\000"
 662      4B5F5041 
 662      5253455F 
 662      53544154 
 662      455F474F 
 663              	.LASF18:
 664 0353 584C494E 		.ascii	"XLINK_CHANNEL_1\000"
 664      4B5F4348 
 664      414E4E45 
 664      4C5F3100 
 665              	.LASF1:
 666 0363 6C6F6E67 		.ascii	"long long int\000"
 666      206C6F6E 
 666      6720696E 
 666      7400
ARM GAS  /tmp/ccojPQXy.s 			page 15


 667              	.LASF20:
 668 0371 584C494E 		.ascii	"XLINK_CHANNEL_3\000"
 668      4B5F4348 
 668      414E4E45 
 668      4C5F3300 
 669              	.LASF16:
 670 0381 63686172 		.ascii	"char\000"
 670      00
 671              	.LASF31:
 672 0386 584C494E 		.ascii	"XLINK_PARSE_STATE_GOT_PAYLOAD\000"
 672      4B5F5041 
 672      5253455F 
 672      53544154 
 672      455F474F 
 673              	.LASF47:
 674 03a4 786C696E 		.ascii	"xlink_write_func_t\000"
 674      6B5F7772 
 674      6974655F 
 674      66756E63 
 674      5F7400
 675              	.LASF5:
 676 03b7 73686F72 		.ascii	"short int\000"
 676      7420696E 
 676      7400
 677              	.LASF14:
 678 03c1 75696E74 		.ascii	"uint16_t\000"
 678      31365F74 
 678      00
 679              	.LASF32:
 680 03ca 584C494E 		.ascii	"XLINK_PARSE_STATE_GOT_CRC\000"
 680      4B5F5041 
 680      5253455F 
 680      53544154 
 680      455F474F 
 681              	.LASF34:
 682 03e4 786C696E 		.ascii	"xlink_parse_state_t\000"
 682      6B5F7061 
 682      7273655F 
 682      73746174 
 682      655F7400 
 683              	.LASF15:
 684 03f8 75696E74 		.ascii	"uint32_t\000"
 684      33325F74 
 684      00
 685              	.LASF36:
 686 0401 584C494E 		.ascii	"XLINK_FRAMING_OK\000"
 686      4B5F4652 
 686      414D494E 
 686      475F4F4B 
 686      00
 687              	.LASF27:
 688 0412 584C494E 		.ascii	"XLINK_PARSE_STATE_GOT_TSID\000"
 688      4B5F5041 
 688      5253455F 
 688      53544154 
 688      455F474F 
 689              	.LASF3:
ARM GAS  /tmp/ccojPQXy.s 			page 16


 690 042d 7369676E 		.ascii	"signed char\000"
 690      65642063 
 690      68617200 
 691              	.LASF43:
 692 0439 64617461 		.ascii	"data_pos\000"
 692      5F706F73 
 692      00
 693              	.LASF37:
 694 0442 584C494E 		.ascii	"XLINK_FRAMING_BAD_CRC\000"
 694      4B5F4652 
 694      414D494E 
 694      475F4241 
 694      445F4352 
 695              		.section	.gnu.debuglto_.debug_line_str,"eMS",%progbits,1
 696              	.LASF62:
 697 0000 786C696E 		.ascii	"xlink_common.h\000"
 697      6B5F636F 
 697      6D6D6F6E 
 697      2E6800
 698              	.LASF57:
 699 000f 2F6F7074 		.ascii	"/opt/arm-gnu-toolchain-14.2/arm-none-eabi/include/s"
 699      2F61726D 
 699      2D676E75 
 699      2D746F6F 
 699      6C636861 
 700 0042 797300   		.ascii	"ys\000"
 701              	.LASF58:
 702 0045 4C69622F 		.ascii	"Lib/protocol/xlink/xlink_common.c\000"
 702      70726F74 
 702      6F636F6C 
 702      2F786C69 
 702      6E6B2F78 
 703              	.LASF59:
 704 0067 5F646566 		.ascii	"_default_types.h\000"
 704      61756C74 
 704      5F747970 
 704      65732E68 
 704      00
 705              	.LASF55:
 706 0078 4C69622F 		.ascii	"Lib/protocol/xlink\000"
 706      70726F74 
 706      6F636F6C 
 706      2F786C69 
 706      6E6B00
 707              	.LASF56:
 708 008b 2F6F7074 		.ascii	"/opt/arm-gnu-toolchain-14.2/arm-none-eabi/include/m"
 708      2F61726D 
 708      2D676E75 
 708      2D746F6F 
 708      6C636861 
 709 00be 61636869 		.ascii	"achine\000"
 709      6E6500
 710              	.LASF61:
 711 00c5 786C696E 		.ascii	"xlink_define.h\000"
 711      6B5F6465 
 711      66696E65 
 711      2E6800
ARM GAS  /tmp/ccojPQXy.s 			page 17


 712              	.LASF63:
 713 00d4 786C696E 		.ascii	"xlink_common.c\000"
 713      6B5F636F 
 713      6D6D6F6E 
 713      2E6300
 714              	.LASF60:
 715 00e3 5F737464 		.ascii	"_stdint.h\000"
 715      696E742E 
 715      6800
 716              	.LASF54:
 717 00ed 2F686F6D 		.ascii	"/home/zgj/servo_project/zgj_project/ClosedLoop_Step"
 717      652F7A67 
 717      6A2F7365 
 717      72766F5F 
 717      70726F6A 
 718 0120 7065724D 		.ascii	"perMotor\000"
 718      6F746F72 
 718      00
 719              		.text
 720              		.section	.gnu.lto_.profile.73c9f951a87239d9,"e",%progbits
 721 0000 28B52FFD 		.ascii	"(\265/\375 \0061\000\000\002\000\000\000\000\000"
 721      20063100 
 721      00020000 
 721      000000
 722              		.text
 723              		.section	.gnu.lto_.inline.73c9f951a87239d9,"e",%progbits
 724 0000 28B52FFD 		.ascii	"(\265/\375 \016E\000\000\020\002\000\001\000\034\300"
 724      200E4500 
 724      00100200 
 724      01001CC0 
 725 0010 02       		.ascii	"\002"
 726              		.text
 727              		.section	.gnu.lto_.jmpfuncs.73c9f951a87239d9,"e",%progbits
 728 0000 28B52FFD 		.ascii	"(\265/\375 \016E\000\000\020\002\000\001\000\034\300"
 728      200E4500 
 728      00100200 
 728      01001CC0 
 729 0010 02       		.ascii	"\002"
 730              		.text
 731              		.section	.gnu.lto_.pureconst.73c9f951a87239d9,"e",%progbits
 732 0000 28B52FFD 		.ascii	"(\265/\375 \005)\000\000\001\000\000\000\000"
 732      20052900 
 732      00010000 
 732      0000
 733              		.text
 734              		.section	.gnu.lto_.ipa_modref.73c9f951a87239d9,"e",%progbits
 735 0000 28B52FFD 		.ascii	"(\265/\375 \016E\000\000\020\002\000\001\000\034\300"
 735      200E4500 
 735      00100200 
 735      01001CC0 
 736 0010 02       		.ascii	"\002"
 737              		.text
 738              		.section	.gnu.lto_.lto.73c9f951a87239d9,"e",%progbits
 739 0000 0E000000 		.ascii	"\016\000\000\000\001\000\001\000"
 739      01000100 
 740              		.text
 741              		.section	.gnu.lto__xl_chan_status.13.73c9f951a87239d9,"e",%progbits
ARM GAS  /tmp/ccojPQXy.s 			page 18


 742 0000 28B52FFD 		.ascii	"(\265/\375 \270]\003\000\224\004\253\000\000\000\001"
 742      20B85D03 
 742      009404AB 
 742      00000001 
 743 0010 00050106 		.ascii	"\000\005\001\006(\001\177}\001\001\005\001\006\035\001"
 743      28017F7D 
 743      01010501 
 743      061D01
 744 001f 03050140 		.ascii	"\003\005\001@\202\210\200\240\001{y\274\001w\273\001"
 744      828880A0 
 744      017B79BC 
 744      0177BB01 
 745 002f 75BA0173 		.ascii	"u\272\001s\271\001q\271\025\006\035\001\002\277\002"
 745      B90171B9 
 745      15061D01 
 745      02BF02
 746 003e 01C21DC4 		.ascii	"\001\302\035\304\200\001o3\305\0014\303\001\301\001"
 746      80016F33 
 746      C50134C3 
 746      01C101
 747 004d C001BE01 		.ascii	"\300\001\276\001\275\001\000\016\0009\003\200sEP\354"
 747      BD01000E 
 747      00390380 
 747      734550EC 
 748 005d 21388018 		.ascii	"!8\200\030X\001\355\001\317\216\332\004\306\020\224"
 748      5801ED01 
 748      CF8EDA04 
 748      C61094
 749 006c 11D02265 		.ascii	"\021\320\"ei\014\024\001"
 749      690C1401 
 750              		.text
 751              		.section	.gnu.lto_.symbol_nodes.73c9f951a87239d9,"e",%progbits
 752 0000 28B52FFD 		.ascii	"(\265/\375 !\365\000\000\260\035\000\000\000\000\005"
 752      2021F500 
 752      00B01D00 
 752      00000005 
 753 0010 0E00C184 		.ascii	"\016\000\301\204\001\015\001\014\002\301\204\001\000"
 753      010D010C 
 753      02C18401 
 753      00
 754 001d 00000002 		.ascii	"\000\000\000\002\000 1\255\342\005"
 754      002031AD 
 754      E205
 755              		.text
 756              		.section	.gnu.lto_.refs.73c9f951a87239d9,"e",%progbits
 757 0000 28B52FFD 		.ascii	"(\265/\375 \005)\000\000\001\000\000\000\000"
 757      20052900 
 757      00010000 
 757      0000
 758              		.text
 759              		.section	.gnu.lto_.decls.73c9f951a87239d9,"e",%progbits
 760 0000 28B52FFD 		.ascii	"(\265/\375`1\005\035!\000\226<\324G\220\230Nc\347\007"
 760      6031051D 
 760      2100963C 
 760      D4479098 
 760      4E63E707 
 761 0014 86328452 		.ascii	"\2062\204Rb\273o\207\2334\036>\014\220\253\275\015\273"
ARM GAS  /tmp/ccojPQXy.s 			page 19


 761      62BB6F87 
 761      9B341E3E 
 761      0C90ABBD 
 761      0DBB
 762 0026 70C0E879 		.ascii	"p\300\350y9:\"!\367t\247\366\375\326\212F\307\342\275"
 762      393A2221 
 762      F774A7F6 
 762      FDD68A46 
 762      C7E2BD
 763 0039 27CE8CA0 		.ascii	"'\316\214\240\353p_\005\017\231pS\275\313\340\321\373"
 763      EB705F05 
 763      0F997053 
 763      BDCBE0D1 
 763      FB
 764 004a 5AA038A0 		.ascii	"Z\2408\240\310i\277\337_\246\024\247\000\302\000\305"
 764      C869BFDF 
 764      5FA614A7 
 764      00C200C5 
 765 005a 0047722D 		.ascii	"\000Gr-[\243\311(`f\012\013\271\325\222\317\272\021"
 765      5BA3C928 
 765      60660A0B 
 765      B9D592CF 
 765      BA11
 766 006c DFFC887D 		.ascii	"\337\374\210}\200|\343\330e\343yb\274\226\264\214\351"
 766      807CE3D8 
 766      65E37962 
 766      BC96B48C 
 766      E9
 767 007d DF945F7F 		.ascii	"\337\224_\177Sz\313\211\304H\321\335xa\311\017\271\321"
 767      537ACB89 
 767      C448D1DD 
 767      7861C90F 
 767      B9D1
 768 008f 38B7F2AF 		.ascii	"8\267\362\257\216ek\005u\335\3565\362f\230p\270AY\262"
 768      8E656B05 
 768      75DDEE35 
 768      F2669870 
 768      B84159B2 
 769 00a3 E6BED25A 		.ascii	"\346\276\322Z\323\307)_\326\3658\345\357}e\315{\345"
 769      D3C7295F 
 769      D6F538E5 
 769      EF7D65CD 
 769      7BE5
 770 00b5 A77AFC20 		.ascii	"\247z\374 \366\201\234\252G^A\335\270{/\257\\b\261\025"
 770      F6819CAA 
 770      475E41DD 
 770      B87B2FAF 
 770      5C62B115 
 771 00c9 664903F7 		.ascii	"fI\003\367\225\344{\345\313{\245\3557\333k\266\325l"
 771      95E47BE5 
 771      CB7BA5ED 
 771      37DB6BB6 
 771      D56C
 772 00db 67B1ADC5 		.ascii	"g\261\255\305v\232m7\333e\266\307l\003\260\257f\377"
 772      769A6D37 
 772      DB65B6C7 
 772      6C03B0AF 
ARM GAS  /tmp/ccojPQXy.s 			page 20


 772      66FF
 773 00ed B6E16C73 		.ascii	"\266\341ls\331~\261\355e\333\256\353\272\332\256`\177"
 773      D97EB1ED 
 773      65DBAEEB 
 773      BADAAE60 
 773      7F
 774 00fe 854D7A08 		.ascii	"\205Mz\010\026\273\257\234\2312\273\225g\201\271]E\231"
 774      16BBAF9C 
 774      9932BB95 
 774      6781B95D 
 774      4599
 775 0110 D138994C 		.ascii	"\3218\231LZ\016\032YL\346\251\330>@7\037t(\261\335k"
 775      5A0E1A59 
 775      4CE6A9D8 
 775      3E40371F 
 775      7428B1DD 
 776 0125 DCCDAC57 		.ascii	"\334\315\254W\314\\X\322v\205\351\327\2316\367\225\217"
 776      CC5C58D2 
 776      7685E9D7 
 776      9936F795 
 776      8F
 777 0136 7230E75C 		.ascii	"r0\347\\\212\255\022\235\033\223%\3757\323\317)y\353"
 777      8AAD129D 
 777      1B9325FD 
 777      37D3CF29 
 777      79EB
 778 0148 BAAECF29 		.ascii	"\272\256\317)\3755\323\344y\230I\206\241?\376[\\\337"
 778      FD35D3E4 
 778      79984986 
 778      A13FFE5B 
 778      5CDF
 779 015a FAF1C2BD 		.ascii	"\372\361\302\275PR\273\024sLsq\267\311I\001L\221\026"
 779      5052BB14 
 779      734C7371 
 779      B7C94901 
 779      4C9116
 780 016d 544E2C39 		.ascii	"TN,9\203\372N\314\300\352.\360\003\323\011\314\037\315"
 780      83FA4ECC 
 780      C0EA2EF0 
 780      03D309CC 
 780      1FCD
 781 017f 1312764D 		.ascii	"\023\022vM\226\316\276,\351\037\355\013y\325\233\274"
 781      96CEBE2C 
 781      E91FED0B 
 781      79D59BBC 
 782 018f E95EA57B 		.ascii	"\351^\245{\257\315K\014\254\243\321\222g\262{\212\242"
 782      AFCD4B0C 
 782      ACA3D192 
 782      67B27B8A 
 782      A2
 783 01a0 02B3A47B 		.ascii	"\002\263\244{\246\375%J\234l\354(K\342+\361\265\006"
 783      A6FD254A 
 783      9C6CEC28 
 783      4BE22BF1 
 783      B506
 784 01b2 DC7BD363 		.ascii	"\334{\323c\272o\226|\221#\011@\005\255j\207%\355\346"
 784      BA6F967C 
ARM GAS  /tmp/ccojPQXy.s 			page 21


 784      91230940 
 784      05AD6A87 
 784      25EDE6
 785 01c5 57F38404 		.ascii	"W\363\204\004\036\217\031Qd\253\375\270\313\275\216"
 785      1E8F1951 
 785      64ABFDB8 
 785      CBBD8E
 786 01d4 6646589C 		.ascii	"fFX\234\224%\375:\373]Nw-\236\000dstd\226\2041\336W"
 786      9425FD3A 
 786      FB5D4E77 
 786      2D9E0064 
 786      73746496 
 787 01ec FA8B4B8F 		.ascii	"\372\213K\217?\347kBqfI{\275W\022\260b\357\225\244\027"
 787      3FE76B42 
 787      7166497B 
 787      BD5712B0 
 787      62EF95A4 
 788 0201 FA1F7F17 		.ascii	"\372\037\177\027\327\273\016w\341bX\222\221\006\001"
 788      D7BB0E77 
 788      E1625892 
 788      910601
 789 0210 CB079C7D 		.ascii	"\313\007\234}\257\177\375Mf\310\324\013,K\336\255\300"
 789      AF7FFD4D 
 789      66C8D40B 
 789      2C4BDEAD 
 789      C0
 790 0221 CE0A0654 		.ascii	"\316\012\006T\022\232i\240\262_);\262M\021\273\226\330"
 790      129A69A0 
 790      B25F293B 
 790      B24D11BB 
 790      96D8
 791 0233 1B5796AF 		.ascii	"\033W\226\257]\313\331\276\345j~\233},G3i\364\261\306"
 791      5DCBD9BE 
 791      E56A7E9B 
 791      7D2C4733 
 791      69F4B1C6 
 792 0247 5E6582D1 		.ascii	"^e\202\321\351c=\266\376$\355ad\013\000\367\312}\351"
 792      E9633DB6 
 792      FE24ED61 
 792      640B00F7 
 792      CA7DE9
 793 025a 3895DDD3 		.ascii	"8\225\335\323v(\017\233`<r6\271.\377\330=o\373\331\265"
 793      76280F9B 
 793      603C7236 
 793      B92EFFD8 
 793      3D6FFBD9 
 794 026f AC8A2B76 		.ascii	"\254\212+v\237\216\252\244\304~\277\002\277\337\357"
 794      9F8EAAA4 
 794      C47EBF02 
 794      BFDFEF
 795 027e 07A31623 		.ascii	"\007\243\026#k\213\206\264\2652\003DTH\350\010\304\211"
 795      6B8B86B4 
 795      B5320344 
 795      5448E808 
 795      C489
 796 0290 44DCA967 		.ascii	"D\334\251g\361\210\306C:\250\220H\010\015R\313\"T\030"
 796      F188C643 
ARM GAS  /tmp/ccojPQXy.s 			page 22


 796      3AA89048 
 796      080D52CB 
 796      225418
 797 02a3 A39E285A 		.ascii	"\243\236(Z$\002\207=\024F=y!\204DF@\242PL1\035\236@"
 797      2402873D 
 797      14463D79 
 797      21844446 
 797      40A2504C 
 798 02bb 151864AA 		.ascii	"\025\030d\252\247\317\217*\014\236H\304\262x\244\002"
 798      A7CF8F2A 
 798      0C9E48C4 
 798      B278A402 
 799 02cb D522CF08 		.ascii	"\325\"\317\010LL\325T\003\021\035\016Q\225\3039L\323"
 799      4C4CD554 
 799      03111D0E 
 799      5195C339 
 799      4CD3
 800 02dd 0C416831 		.ascii	"\014Ah1-\242\240\006Q\021)qx\246$\210hqGD\010\023;\250"
 800      2DA2A006 
 800      51112971 
 800      78A62488 
 800      68714744 
 801 02f5 513AB413 		.ascii	"Q:\264\023\301A?(\020\370\363\343@\307\306\014z(\030"
 801      C1413F28 
 801      10F8F3E3 
 801      40C7C60C 
 801      7A2818
 802 0308 E8B0C182 		.ascii	"\350\260\301\202\031\324\021\246FFi\360\334)J\203\251"
 802      19D411A6 
 802      464669F0 
 802      DC294A83 
 802      A9
 803 0319 9A12873B 		.ascii	"\232\022\207; \2102\034\020\002\207\202g\021\322\331"
 803      2088321C 
 803      10028782 
 803      6711D2D9 
 804 0329 53CFA0F0 		.ascii	"S\317\240\360H\350DU\"b\211s\204\220\250\010I\200z6"
 804      48E84455 
 804      22628973 
 804      8490A808 
 804      49807A36 
 805 033d 8851CF05 		.ascii	"\210Q\317\005=\252\220\350\3104yD\277\336&q\331\244"
 805      3DAA90E8 
 805      C8347944 
 805      BFDE2671 
 805      D9A4
 806 034f AF64CDBD 		.ascii	"\257d\315\275Y6\330v*\250\236\242p\011X\250\201\034"
 806      5936D876 
 806      2AA89EA2 
 806      700958A8 
 806      811C
 807 0361 E6902484 		.ascii	"\346\220$\204\210T\311\004\"\032\2475`\002\2211,\017"
 807      8854C904 
 807      221AA735 
 807      60029131 
 807      2C0F
 808 0373 1180AD72 		.ascii	"\021\200\255r\250H\013\013\213\365\330\016\237\245\372"
ARM GAS  /tmp/ccojPQXy.s 			page 23


 808      A8480B0B 
 808      8BF5D80E 
 808      9FA5FA
 809 0382 84844C21 		.ascii	"\204\204L!H\026J\211pS\360\211\272?\214\310\325Z$\373"
 809      48164A89 
 809      7053F089 
 809      BA3F8CC8 
 809      D55A24FB 
 810 0396 1476832A 		.ascii	"\024v\203*\302(\\cU!\376\033\206#\300\265\332\234\341"
 810      C2285C63 
 810      5521FE1B 
 810      8623C0B5 
 810      DA9CE1
 811 03a9 3425C656 		.ascii	"4%\306V\2525\371\234^.Y\014\276V\316\274w\313h\213\272"
 811      AA35F99C 
 811      5E2E590C 
 811      BE56CEBC 
 811      77CB688B 
 812 03be 0819CE7E 		.ascii	"\010\031\316~R\304\015(\361I\232&\037.CH\362 WC\271"
 812      52C40D28 
 812      F1499A26 
 812      1F2E4348 
 812      F2205743 
 813 03d3 4B59FE26 		.ascii	"KY\376&\271@\326\245\206\345\370\262i\377\003\002\330"
 813      B940D6A5 
 813      86E5F8B2 
 813      69FF0302 
 813      D8
 814 03e4 965F4DDD 		.ascii	"\226_M\335\006\312\240\261\341\036\0222\370\236\235"
 814      06CAA0B1 
 814      E11E1232 
 814      F89E9D
 815 03f3 7782E786 		.ascii	"w\202\347\206c\271\024A\303\372*\012\227:\0036\306\314"
 815      63B91441 
 815      C3FA2A0A 
 815      973A0336 
 815      C6CC
 816 0405 F61A74D5 		.ascii	"\366\032t\325\213\2134\275\205\031G\215\236\341-\242"
 816      8B8B34BD 
 816      8519478D 
 816      9EE12DA2 
 817 0415 69F62CB5 		.ascii	"i\366,\265\337|0\201iu\315d\254\222\2376K\272D\225\010"
 817      DF7C3081 
 817      6975CD64 
 817      AC929F36 
 817      4BBA4495 
 818 042a 71AE02   		.ascii	"q\256\002"
 819              		.text
 820              		.section	.gnu.lto_.symtab.73c9f951a87239d9,"e",%progbits
 821 0000 5F786C5F 		.ascii	"_xl_chan_write_func\000"
 821      6368616E 
 821      5F777269 
 821      74655F66 
 821      756E6300 
 822 0014 00       		.ascii	"\000"
 823 0015 00       		.ascii	"\000"
 824 0016 00       		.ascii	"\000"
ARM GAS  /tmp/ccojPQXy.s 			page 24


 825 0017 00000000 		.ascii	"\000\000\000\000\000\000\000\000"
 825      00000000 
 826 001f D4000000 		.ascii	"\324\000\000\000"
 827 0023 5F786C5F 		.ascii	"_xl_chan_status\000"
 827      6368616E 
 827      5F737461 
 827      74757300 
 828 0033 00       		.ascii	"\000"
 829 0034 00       		.ascii	"\000"
 830 0035 00       		.ascii	"\000"
 831 0036 00000000 		.ascii	"\000\000\000\000\000\000\000\000"
 831      00000000 
 832 003e F6000000 		.ascii	"\366\000\000\000"
 833 0042 5F786C5F 		.ascii	"_xl_rx_buffer\000"
 833      72785F62 
 833      75666665 
 833      7200
 834 0050 00       		.ascii	"\000"
 835 0051 00       		.ascii	"\000"
 836 0052 00       		.ascii	"\000"
 837 0053 00000000 		.ascii	"\000\000\000\000\000\000\000\000"
 837      00000000 
 838 005b 01010000 		.ascii	"\001\001\000\000"
 839              		.text
 840              		.section	.gnu.lto_.ext_symtab.73c9f951a87239d9,"e",%progbits
 841 0000 01       		.ascii	"\001"
 842 0001 02       		.ascii	"\002"
 843 0002 01       		.ascii	"\001"
 844 0003 02       		.ascii	"\002"
 845 0004 00       		.ascii	"\000"
 846 0005 02       		.ascii	"\002"
 847 0006 01       		.ascii	"\001"
 848              		.text
 849              		.section	.gnu.lto_.opts,"e",%progbits
 850 0000 272D666E 		.ascii	"'-fno-openmp' '-fno-openacc' '-fno-pie' '-fcf-prote"
 850      6F2D6F70 
 850      656E6D70 
 850      2720272D 
 850      666E6F2D 
 851 0033 6374696F 		.ascii	"ction=none' '-g' '-mcpu=cortex-m0plus' '-mthumb' '-"
 851      6E3D6E6F 
 851      6E652720 
 851      272D6727 
 851      20272D6D 
 852 0066 6D666C6F 		.ascii	"mfloat-abi=soft' '-mlibarch=armv6s-m' '-march=armv6"
 852      61742D61 
 852      62693D73 
 852      6F667427 
 852      20272D6D 
 853 0099 732D6D27 		.ascii	"s-m' '-Og' '-fdata-sections' '-ffunction-sections' "
 853      20272D4F 
 853      67272027 
 853      2D666461 
 853      74612D73 
 854 00cc 272D666C 		.ascii	"'-flto' '-Xassembler' '-a' '-Xassembler' '-ad' '-Xa"
 854      746F2720 
 854      272D5861 
ARM GAS  /tmp/ccojPQXy.s 			page 25


 854      7373656D 
 854      626C6572 
 855 00ff 7373656D 		.ascii	"ssembler' '-alms=build/debug/xlink_common.lst'\000"
 855      626C6572 
 855      2720272D 
 855      616C6D73 
 855      3D627569 
 856              		.text
 857              		.comm	__gnu_lto_slim,1,1
 858              		.ident	"GCC: (Arm GNU Toolchain 14.2.Rel1 (Build arm-14.52)) 14.2.1 20241119"
ARM GAS  /tmp/ccojPQXy.s 			page 26


DEFINED SYMBOLS
                            *ABS*:00000000 xlink_common.c
     /tmp/ccojPQXy.s:23     .gnu.debuglto_.debug_info:00000000 xlink_common.c.933aae3d
                            *COM*:00000001 __gnu_lto_slim

NO UNDEFINED SYMBOLS
